[2023-11-17T20:12:01.168+0000] {processor.py:153} INFO - Started process (PID=13144) to work on /usr/local/python/3.10.8/lib/python3.10/site-packages/airflow/example_dags/example_latest_only_with_trigger.py
[2023-11-17T20:12:01.169+0000] {processor.py:743} INFO - Processing file /usr/local/python/3.10.8/lib/python3.10/site-packages/airflow/example_dags/example_latest_only_with_trigger.py for tasks to queue
[2023-11-17T20:12:01.169+0000] {logging_mixin.py:137} INFO - [2023-11-17T20:12:01.169+0000] {dagbag.py:538} INFO - Filling up the DagBag from /usr/local/python/3.10.8/lib/python3.10/site-packages/airflow/example_dags/example_latest_only_with_trigger.py
[2023-11-17T20:12:01.183+0000] {processor.py:753} INFO - DAG(s) dict_keys(['latest_only_with_trigger']) retrieved from /usr/local/python/3.10.8/lib/python3.10/site-packages/airflow/example_dags/example_latest_only_with_trigger.py
[2023-11-17T20:12:01.326+0000] {logging_mixin.py:137} INFO - [2023-11-17T20:12:01.325+0000] {manager.py:504} INFO - Created Permission View: can edit on DAG:latest_only_with_trigger
[2023-11-17T20:12:01.357+0000] {logging_mixin.py:137} INFO - [2023-11-17T20:12:01.357+0000] {manager.py:504} INFO - Created Permission View: can delete on DAG:latest_only_with_trigger
[2023-11-17T20:12:01.388+0000] {logging_mixin.py:137} INFO - [2023-11-17T20:12:01.387+0000] {manager.py:504} INFO - Created Permission View: can read on DAG:latest_only_with_trigger
[2023-11-17T20:12:01.388+0000] {logging_mixin.py:137} INFO - [2023-11-17T20:12:01.388+0000] {dag.py:2690} INFO - Sync 1 DAGs
[2023-11-17T20:12:01.396+0000] {logging_mixin.py:137} INFO - [2023-11-17T20:12:01.396+0000] {dag.py:2711} INFO - Creating ORM DAG for latest_only_with_trigger
[2023-11-17T20:12:01.404+0000] {logging_mixin.py:137} INFO - [2023-11-17T20:12:01.404+0000] {dag.py:3437} INFO - Setting next_dagrun for latest_only_with_trigger to 2023-11-17T16:12:01.403993+00:00, run_after=2023-11-17T20:12:01.403993+00:00
[2023-11-17T20:12:01.450+0000] {processor.py:175} INFO - Processing /usr/local/python/3.10.8/lib/python3.10/site-packages/airflow/example_dags/example_latest_only_with_trigger.py took 0.284 seconds
[2023-11-17T20:12:43.486+0000] {processor.py:153} INFO - Started process (PID=13425) to work on /usr/local/python/3.10.8/lib/python3.10/site-packages/airflow/example_dags/example_latest_only_with_trigger.py
[2023-11-17T20:12:43.487+0000] {processor.py:743} INFO - Processing file /usr/local/python/3.10.8/lib/python3.10/site-packages/airflow/example_dags/example_latest_only_with_trigger.py for tasks to queue
[2023-11-17T20:12:43.487+0000] {logging_mixin.py:137} INFO - [2023-11-17T20:12:43.487+0000] {dagbag.py:538} INFO - Filling up the DagBag from /usr/local/python/3.10.8/lib/python3.10/site-packages/airflow/example_dags/example_latest_only_with_trigger.py
[2023-11-17T20:12:43.498+0000] {processor.py:753} INFO - DAG(s) dict_keys(['latest_only_with_trigger']) retrieved from /usr/local/python/3.10.8/lib/python3.10/site-packages/airflow/example_dags/example_latest_only_with_trigger.py
[2023-11-17T20:12:43.513+0000] {logging_mixin.py:137} INFO - [2023-11-17T20:12:43.513+0000] {dag.py:2690} INFO - Sync 1 DAGs
[2023-11-17T20:12:43.528+0000] {logging_mixin.py:137} INFO - [2023-11-17T20:12:43.528+0000] {dag.py:3437} INFO - Setting next_dagrun for latest_only_with_trigger to 2023-11-17T16:12:43.528230+00:00, run_after=2023-11-17T20:12:43.528230+00:00
[2023-11-17T20:12:43.567+0000] {processor.py:175} INFO - Processing /usr/local/python/3.10.8/lib/python3.10/site-packages/airflow/example_dags/example_latest_only_with_trigger.py took 0.084 seconds
[2023-11-17T20:13:23.839+0000] {processor.py:153} INFO - Started process (PID=13705) to work on /usr/local/python/3.10.8/lib/python3.10/site-packages/airflow/example_dags/example_latest_only_with_trigger.py
[2023-11-17T20:13:23.840+0000] {processor.py:743} INFO - Processing file /usr/local/python/3.10.8/lib/python3.10/site-packages/airflow/example_dags/example_latest_only_with_trigger.py for tasks to queue
[2023-11-17T20:13:23.841+0000] {logging_mixin.py:137} INFO - [2023-11-17T20:13:23.840+0000] {dagbag.py:538} INFO - Filling up the DagBag from /usr/local/python/3.10.8/lib/python3.10/site-packages/airflow/example_dags/example_latest_only_with_trigger.py
[2023-11-17T20:13:23.853+0000] {processor.py:753} INFO - DAG(s) dict_keys(['latest_only_with_trigger']) retrieved from /usr/local/python/3.10.8/lib/python3.10/site-packages/airflow/example_dags/example_latest_only_with_trigger.py
[2023-11-17T20:13:23.867+0000] {logging_mixin.py:137} INFO - [2023-11-17T20:13:23.867+0000] {dag.py:2690} INFO - Sync 1 DAGs
[2023-11-17T20:13:23.883+0000] {logging_mixin.py:137} INFO - [2023-11-17T20:13:23.883+0000] {dag.py:3437} INFO - Setting next_dagrun for latest_only_with_trigger to 2023-11-17T16:13:23.882759+00:00, run_after=2023-11-17T20:13:23.882759+00:00
[2023-11-17T20:13:23.923+0000] {processor.py:175} INFO - Processing /usr/local/python/3.10.8/lib/python3.10/site-packages/airflow/example_dags/example_latest_only_with_trigger.py took 0.085 seconds
[2023-11-17T20:14:02.770+0000] {processor.py:153} INFO - Started process (PID=14025) to work on /usr/local/python/3.10.8/lib/python3.10/site-packages/airflow/example_dags/example_latest_only_with_trigger.py
[2023-11-17T20:14:02.771+0000] {processor.py:743} INFO - Processing file /usr/local/python/3.10.8/lib/python3.10/site-packages/airflow/example_dags/example_latest_only_with_trigger.py for tasks to queue
[2023-11-17T20:14:02.772+0000] {logging_mixin.py:137} INFO - [2023-11-17T20:14:02.771+0000] {dagbag.py:538} INFO - Filling up the DagBag from /usr/local/python/3.10.8/lib/python3.10/site-packages/airflow/example_dags/example_latest_only_with_trigger.py
[2023-11-17T20:14:02.783+0000] {processor.py:753} INFO - DAG(s) dict_keys(['latest_only_with_trigger']) retrieved from /usr/local/python/3.10.8/lib/python3.10/site-packages/airflow/example_dags/example_latest_only_with_trigger.py
[2023-11-17T20:14:02.797+0000] {logging_mixin.py:137} INFO - [2023-11-17T20:14:02.797+0000] {dag.py:2690} INFO - Sync 1 DAGs
[2023-11-17T20:14:02.812+0000] {logging_mixin.py:137} INFO - [2023-11-17T20:14:02.812+0000] {dag.py:3437} INFO - Setting next_dagrun for latest_only_with_trigger to 2023-11-17T16:14:02.812198+00:00, run_after=2023-11-17T20:14:02.812198+00:00
[2023-11-17T20:14:02.852+0000] {processor.py:175} INFO - Processing /usr/local/python/3.10.8/lib/python3.10/site-packages/airflow/example_dags/example_latest_only_with_trigger.py took 0.085 seconds
[2023-11-17T20:14:42.514+0000] {processor.py:153} INFO - Started process (PID=14372) to work on /usr/local/python/3.10.8/lib/python3.10/site-packages/airflow/example_dags/example_latest_only_with_trigger.py
[2023-11-17T20:14:42.515+0000] {processor.py:743} INFO - Processing file /usr/local/python/3.10.8/lib/python3.10/site-packages/airflow/example_dags/example_latest_only_with_trigger.py for tasks to queue
[2023-11-17T20:14:42.515+0000] {logging_mixin.py:137} INFO - [2023-11-17T20:14:42.515+0000] {dagbag.py:538} INFO - Filling up the DagBag from /usr/local/python/3.10.8/lib/python3.10/site-packages/airflow/example_dags/example_latest_only_with_trigger.py
[2023-11-17T20:14:42.528+0000] {processor.py:753} INFO - DAG(s) dict_keys(['latest_only_with_trigger']) retrieved from /usr/local/python/3.10.8/lib/python3.10/site-packages/airflow/example_dags/example_latest_only_with_trigger.py
[2023-11-17T20:14:42.542+0000] {logging_mixin.py:137} INFO - [2023-11-17T20:14:42.542+0000] {dag.py:2690} INFO - Sync 1 DAGs
[2023-11-17T20:14:42.557+0000] {logging_mixin.py:137} INFO - [2023-11-17T20:14:42.557+0000] {dag.py:3437} INFO - Setting next_dagrun for latest_only_with_trigger to 2023-11-17T16:14:42.556834+00:00, run_after=2023-11-17T20:14:42.556834+00:00
[2023-11-17T20:14:42.600+0000] {processor.py:175} INFO - Processing /usr/local/python/3.10.8/lib/python3.10/site-packages/airflow/example_dags/example_latest_only_with_trigger.py took 0.088 seconds
[2023-11-17T20:15:25.715+0000] {processor.py:153} INFO - Started process (PID=14778) to work on /usr/local/python/3.10.8/lib/python3.10/site-packages/airflow/example_dags/example_latest_only_with_trigger.py
[2023-11-17T20:15:25.716+0000] {processor.py:743} INFO - Processing file /usr/local/python/3.10.8/lib/python3.10/site-packages/airflow/example_dags/example_latest_only_with_trigger.py for tasks to queue
[2023-11-17T20:15:25.716+0000] {logging_mixin.py:137} INFO - [2023-11-17T20:15:25.716+0000] {dagbag.py:538} INFO - Filling up the DagBag from /usr/local/python/3.10.8/lib/python3.10/site-packages/airflow/example_dags/example_latest_only_with_trigger.py
[2023-11-17T20:15:25.728+0000] {processor.py:753} INFO - DAG(s) dict_keys(['latest_only_with_trigger']) retrieved from /usr/local/python/3.10.8/lib/python3.10/site-packages/airflow/example_dags/example_latest_only_with_trigger.py
[2023-11-17T20:15:25.741+0000] {logging_mixin.py:137} INFO - [2023-11-17T20:15:25.741+0000] {dag.py:2690} INFO - Sync 1 DAGs
[2023-11-17T20:15:25.756+0000] {logging_mixin.py:137} INFO - [2023-11-17T20:15:25.756+0000] {dag.py:3437} INFO - Setting next_dagrun for latest_only_with_trigger to 2023-11-17T16:15:25.756107+00:00, run_after=2023-11-17T20:15:25.756107+00:00
[2023-11-17T20:15:25.797+0000] {processor.py:175} INFO - Processing /usr/local/python/3.10.8/lib/python3.10/site-packages/airflow/example_dags/example_latest_only_with_trigger.py took 0.084 seconds
[2023-11-17T20:16:06.346+0000] {processor.py:153} INFO - Started process (PID=15208) to work on /usr/local/python/3.10.8/lib/python3.10/site-packages/airflow/example_dags/example_latest_only_with_trigger.py
[2023-11-17T20:16:06.346+0000] {processor.py:743} INFO - Processing file /usr/local/python/3.10.8/lib/python3.10/site-packages/airflow/example_dags/example_latest_only_with_trigger.py for tasks to queue
[2023-11-17T20:16:06.347+0000] {logging_mixin.py:137} INFO - [2023-11-17T20:16:06.347+0000] {dagbag.py:538} INFO - Filling up the DagBag from /usr/local/python/3.10.8/lib/python3.10/site-packages/airflow/example_dags/example_latest_only_with_trigger.py
[2023-11-17T20:16:06.358+0000] {processor.py:753} INFO - DAG(s) dict_keys(['latest_only_with_trigger']) retrieved from /usr/local/python/3.10.8/lib/python3.10/site-packages/airflow/example_dags/example_latest_only_with_trigger.py
[2023-11-17T20:16:06.371+0000] {logging_mixin.py:137} INFO - [2023-11-17T20:16:06.371+0000] {dag.py:2690} INFO - Sync 1 DAGs
[2023-11-17T20:16:06.387+0000] {logging_mixin.py:137} INFO - [2023-11-17T20:16:06.387+0000] {dag.py:3437} INFO - Setting next_dagrun for latest_only_with_trigger to 2023-11-17T16:16:06.387430+00:00, run_after=2023-11-17T20:16:06.387430+00:00
[2023-11-17T20:16:06.426+0000] {processor.py:175} INFO - Processing /usr/local/python/3.10.8/lib/python3.10/site-packages/airflow/example_dags/example_latest_only_with_trigger.py took 0.083 seconds
[2023-11-17T20:16:45.880+0000] {processor.py:153} INFO - Started process (PID=15659) to work on /usr/local/python/3.10.8/lib/python3.10/site-packages/airflow/example_dags/example_latest_only_with_trigger.py
[2023-11-17T20:16:45.881+0000] {processor.py:743} INFO - Processing file /usr/local/python/3.10.8/lib/python3.10/site-packages/airflow/example_dags/example_latest_only_with_trigger.py for tasks to queue
[2023-11-17T20:16:45.882+0000] {logging_mixin.py:137} INFO - [2023-11-17T20:16:45.881+0000] {dagbag.py:538} INFO - Filling up the DagBag from /usr/local/python/3.10.8/lib/python3.10/site-packages/airflow/example_dags/example_latest_only_with_trigger.py
[2023-11-17T20:16:45.893+0000] {processor.py:753} INFO - DAG(s) dict_keys(['latest_only_with_trigger']) retrieved from /usr/local/python/3.10.8/lib/python3.10/site-packages/airflow/example_dags/example_latest_only_with_trigger.py
[2023-11-17T20:16:45.909+0000] {logging_mixin.py:137} INFO - [2023-11-17T20:16:45.909+0000] {dag.py:2690} INFO - Sync 1 DAGs
[2023-11-17T20:16:45.925+0000] {logging_mixin.py:137} INFO - [2023-11-17T20:16:45.925+0000] {dag.py:3437} INFO - Setting next_dagrun for latest_only_with_trigger to 2023-11-17T16:16:45.925013+00:00, run_after=2023-11-17T20:16:45.925013+00:00
[2023-11-17T20:16:45.963+0000] {processor.py:175} INFO - Processing /usr/local/python/3.10.8/lib/python3.10/site-packages/airflow/example_dags/example_latest_only_with_trigger.py took 0.086 seconds
[2023-11-17T20:17:28.190+0000] {processor.py:153} INFO - Started process (PID=16075) to work on /usr/local/python/3.10.8/lib/python3.10/site-packages/airflow/example_dags/example_latest_only_with_trigger.py
[2023-11-17T20:17:28.191+0000] {processor.py:743} INFO - Processing file /usr/local/python/3.10.8/lib/python3.10/site-packages/airflow/example_dags/example_latest_only_with_trigger.py for tasks to queue
[2023-11-17T20:17:28.191+0000] {logging_mixin.py:137} INFO - [2023-11-17T20:17:28.191+0000] {dagbag.py:538} INFO - Filling up the DagBag from /usr/local/python/3.10.8/lib/python3.10/site-packages/airflow/example_dags/example_latest_only_with_trigger.py
[2023-11-17T20:17:28.203+0000] {processor.py:753} INFO - DAG(s) dict_keys(['latest_only_with_trigger']) retrieved from /usr/local/python/3.10.8/lib/python3.10/site-packages/airflow/example_dags/example_latest_only_with_trigger.py
[2023-11-17T20:17:28.218+0000] {logging_mixin.py:137} INFO - [2023-11-17T20:17:28.218+0000] {dag.py:2690} INFO - Sync 1 DAGs
[2023-11-17T20:17:28.233+0000] {logging_mixin.py:137} INFO - [2023-11-17T20:17:28.233+0000] {dag.py:3437} INFO - Setting next_dagrun for latest_only_with_trigger to 2023-11-17T16:17:28.232923+00:00, run_after=2023-11-17T20:17:28.232923+00:00
[2023-11-17T20:17:28.271+0000] {processor.py:175} INFO - Processing /usr/local/python/3.10.8/lib/python3.10/site-packages/airflow/example_dags/example_latest_only_with_trigger.py took 0.084 seconds
