[2023-11-17T20:12:10.228+0000] {processor.py:153} INFO - Started process (PID=13205) to work on /usr/local/python/3.10.8/lib/python3.10/site-packages/airflow/example_dags/example_branch_labels.py
[2023-11-17T20:12:10.228+0000] {processor.py:743} INFO - Processing file /usr/local/python/3.10.8/lib/python3.10/site-packages/airflow/example_dags/example_branch_labels.py for tasks to queue
[2023-11-17T20:12:10.229+0000] {logging_mixin.py:137} INFO - [2023-11-17T20:12:10.229+0000] {dagbag.py:538} INFO - Filling up the DagBag from /usr/local/python/3.10.8/lib/python3.10/site-packages/airflow/example_dags/example_branch_labels.py
[2023-11-17T20:12:10.242+0000] {processor.py:753} INFO - DAG(s) dict_keys(['example_branch_labels']) retrieved from /usr/local/python/3.10.8/lib/python3.10/site-packages/airflow/example_dags/example_branch_labels.py
[2023-11-17T20:12:10.387+0000] {logging_mixin.py:137} INFO - [2023-11-17T20:12:10.387+0000] {manager.py:504} INFO - Created Permission View: can edit on DAG:example_branch_labels
[2023-11-17T20:12:10.423+0000] {logging_mixin.py:137} INFO - [2023-11-17T20:12:10.422+0000] {manager.py:504} INFO - Created Permission View: can delete on DAG:example_branch_labels
[2023-11-17T20:12:10.453+0000] {logging_mixin.py:137} INFO - [2023-11-17T20:12:10.453+0000] {manager.py:504} INFO - Created Permission View: can read on DAG:example_branch_labels
[2023-11-17T20:12:10.454+0000] {logging_mixin.py:137} INFO - [2023-11-17T20:12:10.453+0000] {dag.py:2690} INFO - Sync 1 DAGs
[2023-11-17T20:12:10.462+0000] {logging_mixin.py:137} INFO - [2023-11-17T20:12:10.462+0000] {dag.py:2711} INFO - Creating ORM DAG for example_branch_labels
[2023-11-17T20:12:10.470+0000] {logging_mixin.py:137} INFO - [2023-11-17T20:12:10.470+0000] {dag.py:3437} INFO - Setting next_dagrun for example_branch_labels to 2023-11-16T00:00:00+00:00, run_after=2023-11-17T00:00:00+00:00
[2023-11-17T20:12:10.515+0000] {processor.py:175} INFO - Processing /usr/local/python/3.10.8/lib/python3.10/site-packages/airflow/example_dags/example_branch_labels.py took 0.289 seconds
[2023-11-17T20:12:51.197+0000] {processor.py:153} INFO - Started process (PID=13487) to work on /usr/local/python/3.10.8/lib/python3.10/site-packages/airflow/example_dags/example_branch_labels.py
[2023-11-17T20:12:51.198+0000] {processor.py:743} INFO - Processing file /usr/local/python/3.10.8/lib/python3.10/site-packages/airflow/example_dags/example_branch_labels.py for tasks to queue
[2023-11-17T20:12:51.198+0000] {logging_mixin.py:137} INFO - [2023-11-17T20:12:51.198+0000] {dagbag.py:538} INFO - Filling up the DagBag from /usr/local/python/3.10.8/lib/python3.10/site-packages/airflow/example_dags/example_branch_labels.py
[2023-11-17T20:12:51.210+0000] {processor.py:753} INFO - DAG(s) dict_keys(['example_branch_labels']) retrieved from /usr/local/python/3.10.8/lib/python3.10/site-packages/airflow/example_dags/example_branch_labels.py
[2023-11-17T20:12:51.226+0000] {logging_mixin.py:137} INFO - [2023-11-17T20:12:51.226+0000] {dag.py:2690} INFO - Sync 1 DAGs
[2023-11-17T20:12:51.242+0000] {logging_mixin.py:137} INFO - [2023-11-17T20:12:51.242+0000] {dag.py:3437} INFO - Setting next_dagrun for example_branch_labels to 2023-11-16T00:00:00+00:00, run_after=2023-11-17T00:00:00+00:00
[2023-11-17T20:12:51.278+0000] {processor.py:175} INFO - Processing /usr/local/python/3.10.8/lib/python3.10/site-packages/airflow/example_dags/example_branch_labels.py took 0.084 seconds
[2023-11-17T20:13:30.231+0000] {processor.py:153} INFO - Started process (PID=13754) to work on /usr/local/python/3.10.8/lib/python3.10/site-packages/airflow/example_dags/example_branch_labels.py
[2023-11-17T20:13:30.232+0000] {processor.py:743} INFO - Processing file /usr/local/python/3.10.8/lib/python3.10/site-packages/airflow/example_dags/example_branch_labels.py for tasks to queue
[2023-11-17T20:13:30.232+0000] {logging_mixin.py:137} INFO - [2023-11-17T20:13:30.232+0000] {dagbag.py:538} INFO - Filling up the DagBag from /usr/local/python/3.10.8/lib/python3.10/site-packages/airflow/example_dags/example_branch_labels.py
[2023-11-17T20:13:30.246+0000] {processor.py:753} INFO - DAG(s) dict_keys(['example_branch_labels']) retrieved from /usr/local/python/3.10.8/lib/python3.10/site-packages/airflow/example_dags/example_branch_labels.py
[2023-11-17T20:13:30.261+0000] {logging_mixin.py:137} INFO - [2023-11-17T20:13:30.260+0000] {dag.py:2690} INFO - Sync 1 DAGs
[2023-11-17T20:13:30.278+0000] {logging_mixin.py:137} INFO - [2023-11-17T20:13:30.278+0000] {dag.py:3437} INFO - Setting next_dagrun for example_branch_labels to 2023-11-16T00:00:00+00:00, run_after=2023-11-17T00:00:00+00:00
[2023-11-17T20:13:30.325+0000] {processor.py:175} INFO - Processing /usr/local/python/3.10.8/lib/python3.10/site-packages/airflow/example_dags/example_branch_labels.py took 0.096 seconds
[2023-11-17T20:14:09.675+0000] {processor.py:153} INFO - Started process (PID=14107) to work on /usr/local/python/3.10.8/lib/python3.10/site-packages/airflow/example_dags/example_branch_labels.py
[2023-11-17T20:14:09.676+0000] {processor.py:743} INFO - Processing file /usr/local/python/3.10.8/lib/python3.10/site-packages/airflow/example_dags/example_branch_labels.py for tasks to queue
[2023-11-17T20:14:09.676+0000] {logging_mixin.py:137} INFO - [2023-11-17T20:14:09.676+0000] {dagbag.py:538} INFO - Filling up the DagBag from /usr/local/python/3.10.8/lib/python3.10/site-packages/airflow/example_dags/example_branch_labels.py
[2023-11-17T20:14:09.689+0000] {processor.py:753} INFO - DAG(s) dict_keys(['example_branch_labels']) retrieved from /usr/local/python/3.10.8/lib/python3.10/site-packages/airflow/example_dags/example_branch_labels.py
[2023-11-17T20:14:09.704+0000] {logging_mixin.py:137} INFO - [2023-11-17T20:14:09.704+0000] {dag.py:2690} INFO - Sync 1 DAGs
[2023-11-17T20:14:09.723+0000] {logging_mixin.py:137} INFO - [2023-11-17T20:14:09.723+0000] {dag.py:3437} INFO - Setting next_dagrun for example_branch_labels to 2023-11-16T00:00:00+00:00, run_after=2023-11-17T00:00:00+00:00
[2023-11-17T20:14:09.762+0000] {processor.py:175} INFO - Processing /usr/local/python/3.10.8/lib/python3.10/site-packages/airflow/example_dags/example_branch_labels.py took 0.089 seconds
[2023-11-17T20:14:51.780+0000] {processor.py:153} INFO - Started process (PID=14468) to work on /usr/local/python/3.10.8/lib/python3.10/site-packages/airflow/example_dags/example_branch_labels.py
[2023-11-17T20:14:51.781+0000] {processor.py:743} INFO - Processing file /usr/local/python/3.10.8/lib/python3.10/site-packages/airflow/example_dags/example_branch_labels.py for tasks to queue
[2023-11-17T20:14:51.781+0000] {logging_mixin.py:137} INFO - [2023-11-17T20:14:51.781+0000] {dagbag.py:538} INFO - Filling up the DagBag from /usr/local/python/3.10.8/lib/python3.10/site-packages/airflow/example_dags/example_branch_labels.py
[2023-11-17T20:14:51.794+0000] {processor.py:753} INFO - DAG(s) dict_keys(['example_branch_labels']) retrieved from /usr/local/python/3.10.8/lib/python3.10/site-packages/airflow/example_dags/example_branch_labels.py
[2023-11-17T20:14:51.808+0000] {logging_mixin.py:137} INFO - [2023-11-17T20:14:51.808+0000] {dag.py:2690} INFO - Sync 1 DAGs
[2023-11-17T20:14:51.835+0000] {logging_mixin.py:137} INFO - [2023-11-17T20:14:51.835+0000] {dag.py:3437} INFO - Setting next_dagrun for example_branch_labels to 2023-11-16T00:00:00+00:00, run_after=2023-11-17T00:00:00+00:00
[2023-11-17T20:14:51.878+0000] {processor.py:175} INFO - Processing /usr/local/python/3.10.8/lib/python3.10/site-packages/airflow/example_dags/example_branch_labels.py took 0.100 seconds
[2023-11-17T20:15:34.923+0000] {processor.py:153} INFO - Started process (PID=14893) to work on /usr/local/python/3.10.8/lib/python3.10/site-packages/airflow/example_dags/example_branch_labels.py
[2023-11-17T20:15:34.924+0000] {processor.py:743} INFO - Processing file /usr/local/python/3.10.8/lib/python3.10/site-packages/airflow/example_dags/example_branch_labels.py for tasks to queue
[2023-11-17T20:15:34.924+0000] {logging_mixin.py:137} INFO - [2023-11-17T20:15:34.924+0000] {dagbag.py:538} INFO - Filling up the DagBag from /usr/local/python/3.10.8/lib/python3.10/site-packages/airflow/example_dags/example_branch_labels.py
[2023-11-17T20:15:34.937+0000] {processor.py:753} INFO - DAG(s) dict_keys(['example_branch_labels']) retrieved from /usr/local/python/3.10.8/lib/python3.10/site-packages/airflow/example_dags/example_branch_labels.py
[2023-11-17T20:15:34.951+0000] {logging_mixin.py:137} INFO - [2023-11-17T20:15:34.951+0000] {dag.py:2690} INFO - Sync 1 DAGs
[2023-11-17T20:15:34.968+0000] {logging_mixin.py:137} INFO - [2023-11-17T20:15:34.967+0000] {dag.py:3437} INFO - Setting next_dagrun for example_branch_labels to 2023-11-16T00:00:00+00:00, run_after=2023-11-17T00:00:00+00:00
[2023-11-17T20:15:35.006+0000] {processor.py:175} INFO - Processing /usr/local/python/3.10.8/lib/python3.10/site-packages/airflow/example_dags/example_branch_labels.py took 0.085 seconds
[2023-11-17T20:16:15.596+0000] {processor.py:153} INFO - Started process (PID=15325) to work on /usr/local/python/3.10.8/lib/python3.10/site-packages/airflow/example_dags/example_branch_labels.py
[2023-11-17T20:16:15.611+0000] {processor.py:743} INFO - Processing file /usr/local/python/3.10.8/lib/python3.10/site-packages/airflow/example_dags/example_branch_labels.py for tasks to queue
[2023-11-17T20:16:15.611+0000] {logging_mixin.py:137} INFO - [2023-11-17T20:16:15.611+0000] {dagbag.py:538} INFO - Filling up the DagBag from /usr/local/python/3.10.8/lib/python3.10/site-packages/airflow/example_dags/example_branch_labels.py
[2023-11-17T20:16:15.663+0000] {processor.py:753} INFO - DAG(s) dict_keys(['example_branch_labels']) retrieved from /usr/local/python/3.10.8/lib/python3.10/site-packages/airflow/example_dags/example_branch_labels.py
[2023-11-17T20:16:15.742+0000] {logging_mixin.py:137} INFO - [2023-11-17T20:16:15.742+0000] {dag.py:2690} INFO - Sync 1 DAGs
[2023-11-17T20:16:15.841+0000] {logging_mixin.py:137} INFO - [2023-11-17T20:16:15.841+0000] {dag.py:3437} INFO - Setting next_dagrun for example_branch_labels to 2023-11-16T00:00:00+00:00, run_after=2023-11-17T00:00:00+00:00
[2023-11-17T20:16:15.955+0000] {processor.py:175} INFO - Processing /usr/local/python/3.10.8/lib/python3.10/site-packages/airflow/example_dags/example_branch_labels.py took 0.362 seconds
[2023-11-17T20:16:56.627+0000] {processor.py:153} INFO - Started process (PID=15749) to work on /usr/local/python/3.10.8/lib/python3.10/site-packages/airflow/example_dags/example_branch_labels.py
[2023-11-17T20:16:56.627+0000] {processor.py:743} INFO - Processing file /usr/local/python/3.10.8/lib/python3.10/site-packages/airflow/example_dags/example_branch_labels.py for tasks to queue
[2023-11-17T20:16:56.628+0000] {logging_mixin.py:137} INFO - [2023-11-17T20:16:56.628+0000] {dagbag.py:538} INFO - Filling up the DagBag from /usr/local/python/3.10.8/lib/python3.10/site-packages/airflow/example_dags/example_branch_labels.py
[2023-11-17T20:16:56.640+0000] {processor.py:753} INFO - DAG(s) dict_keys(['example_branch_labels']) retrieved from /usr/local/python/3.10.8/lib/python3.10/site-packages/airflow/example_dags/example_branch_labels.py
[2023-11-17T20:16:56.655+0000] {logging_mixin.py:137} INFO - [2023-11-17T20:16:56.655+0000] {dag.py:2690} INFO - Sync 1 DAGs
[2023-11-17T20:16:56.674+0000] {logging_mixin.py:137} INFO - [2023-11-17T20:16:56.674+0000] {dag.py:3437} INFO - Setting next_dagrun for example_branch_labels to 2023-11-16T00:00:00+00:00, run_after=2023-11-17T00:00:00+00:00
[2023-11-17T20:16:56.718+0000] {processor.py:175} INFO - Processing /usr/local/python/3.10.8/lib/python3.10/site-packages/airflow/example_dags/example_branch_labels.py took 0.094 seconds
[2023-11-17T20:17:42.481+0000] {processor.py:153} INFO - Started process (PID=16224) to work on /usr/local/python/3.10.8/lib/python3.10/site-packages/airflow/example_dags/example_branch_labels.py
[2023-11-17T20:17:42.481+0000] {processor.py:743} INFO - Processing file /usr/local/python/3.10.8/lib/python3.10/site-packages/airflow/example_dags/example_branch_labels.py for tasks to queue
[2023-11-17T20:17:42.482+0000] {logging_mixin.py:137} INFO - [2023-11-17T20:17:42.482+0000] {dagbag.py:538} INFO - Filling up the DagBag from /usr/local/python/3.10.8/lib/python3.10/site-packages/airflow/example_dags/example_branch_labels.py
[2023-11-17T20:17:42.495+0000] {processor.py:753} INFO - DAG(s) dict_keys(['example_branch_labels']) retrieved from /usr/local/python/3.10.8/lib/python3.10/site-packages/airflow/example_dags/example_branch_labels.py
[2023-11-17T20:17:42.509+0000] {logging_mixin.py:137} INFO - [2023-11-17T20:17:42.509+0000] {dag.py:2690} INFO - Sync 1 DAGs
[2023-11-17T20:17:42.526+0000] {logging_mixin.py:137} INFO - [2023-11-17T20:17:42.526+0000] {dag.py:3437} INFO - Setting next_dagrun for example_branch_labels to 2023-11-16T00:00:00+00:00, run_after=2023-11-17T00:00:00+00:00
[2023-11-17T20:17:42.564+0000] {processor.py:175} INFO - Processing /usr/local/python/3.10.8/lib/python3.10/site-packages/airflow/example_dags/example_branch_labels.py took 0.086 seconds
