[2023-11-17T20:12:03.530+0000] {processor.py:153} INFO - Started process (PID=13152) to work on /usr/local/python/3.10.8/lib/python3.10/site-packages/airflow/example_dags/example_python_operator.py
[2023-11-17T20:12:03.531+0000] {processor.py:743} INFO - Processing file /usr/local/python/3.10.8/lib/python3.10/site-packages/airflow/example_dags/example_python_operator.py for tasks to queue
[2023-11-17T20:12:03.531+0000] {logging_mixin.py:137} INFO - [2023-11-17T20:12:03.531+0000] {dagbag.py:538} INFO - Filling up the DagBag from /usr/local/python/3.10.8/lib/python3.10/site-packages/airflow/example_dags/example_python_operator.py
[2023-11-17T20:12:03.547+0000] {logging_mixin.py:137} INFO - [2023-11-17T20:12:03.547+0000] {taskmixin.py:205} WARNING - Dependency <Task(_PythonDecoratedOperator): print_the_context>, log_sql_query already registered for DAG: example_python_operator
[2023-11-17T20:12:03.547+0000] {logging_mixin.py:137} INFO - [2023-11-17T20:12:03.547+0000] {taskmixin.py:205} WARNING - Dependency <Task(_PythonDecoratedOperator): log_sql_query>, print_the_context already registered for DAG: example_python_operator
[2023-11-17T20:12:03.548+0000] {logging_mixin.py:137} INFO - [2023-11-17T20:12:03.548+0000] {taskmixin.py:205} WARNING - Dependency <Task(_PythonDecoratedOperator): print_the_context>, log_sql_query already registered for DAG: example_python_operator
[2023-11-17T20:12:03.548+0000] {logging_mixin.py:137} INFO - [2023-11-17T20:12:03.548+0000] {taskmixin.py:205} WARNING - Dependency <Task(_PythonDecoratedOperator): log_sql_query>, print_the_context already registered for DAG: example_python_operator
[2023-11-17T20:12:03.548+0000] {logging_mixin.py:137} INFO - [2023-11-17T20:12:03.548+0000] {taskmixin.py:205} WARNING - Dependency <Task(_PythonDecoratedOperator): print_the_context>, log_sql_query already registered for DAG: example_python_operator
[2023-11-17T20:12:03.548+0000] {logging_mixin.py:137} INFO - [2023-11-17T20:12:03.548+0000] {taskmixin.py:205} WARNING - Dependency <Task(_PythonDecoratedOperator): log_sql_query>, print_the_context already registered for DAG: example_python_operator
[2023-11-17T20:12:03.549+0000] {logging_mixin.py:137} INFO - [2023-11-17T20:12:03.549+0000] {taskmixin.py:205} WARNING - Dependency <Task(_PythonDecoratedOperator): print_the_context>, log_sql_query already registered for DAG: example_python_operator
[2023-11-17T20:12:03.549+0000] {logging_mixin.py:137} INFO - [2023-11-17T20:12:03.549+0000] {taskmixin.py:205} WARNING - Dependency <Task(_PythonDecoratedOperator): log_sql_query>, print_the_context already registered for DAG: example_python_operator
[2023-11-17T20:12:03.557+0000] {processor.py:753} INFO - DAG(s) dict_keys(['example_python_operator']) retrieved from /usr/local/python/3.10.8/lib/python3.10/site-packages/airflow/example_dags/example_python_operator.py
[2023-11-17T20:12:03.701+0000] {logging_mixin.py:137} INFO - [2023-11-17T20:12:03.701+0000] {manager.py:504} INFO - Created Permission View: can edit on DAG:example_python_operator
[2023-11-17T20:12:03.739+0000] {logging_mixin.py:137} INFO - [2023-11-17T20:12:03.738+0000] {manager.py:504} INFO - Created Permission View: can delete on DAG:example_python_operator
[2023-11-17T20:12:03.773+0000] {logging_mixin.py:137} INFO - [2023-11-17T20:12:03.772+0000] {manager.py:504} INFO - Created Permission View: can read on DAG:example_python_operator
[2023-11-17T20:12:03.773+0000] {logging_mixin.py:137} INFO - [2023-11-17T20:12:03.773+0000] {dag.py:2690} INFO - Sync 1 DAGs
[2023-11-17T20:12:03.781+0000] {logging_mixin.py:137} INFO - [2023-11-17T20:12:03.781+0000] {dag.py:2711} INFO - Creating ORM DAG for example_python_operator
[2023-11-17T20:12:03.791+0000] {logging_mixin.py:137} INFO - [2023-11-17T20:12:03.791+0000] {dag.py:3437} INFO - Setting next_dagrun for example_python_operator to None, run_after=None
[2023-11-17T20:12:03.837+0000] {processor.py:175} INFO - Processing /usr/local/python/3.10.8/lib/python3.10/site-packages/airflow/example_dags/example_python_operator.py took 0.309 seconds
[2023-11-17T20:12:45.864+0000] {processor.py:153} INFO - Started process (PID=13440) to work on /usr/local/python/3.10.8/lib/python3.10/site-packages/airflow/example_dags/example_python_operator.py
[2023-11-17T20:12:45.865+0000] {processor.py:743} INFO - Processing file /usr/local/python/3.10.8/lib/python3.10/site-packages/airflow/example_dags/example_python_operator.py for tasks to queue
[2023-11-17T20:12:45.865+0000] {logging_mixin.py:137} INFO - [2023-11-17T20:12:45.865+0000] {dagbag.py:538} INFO - Filling up the DagBag from /usr/local/python/3.10.8/lib/python3.10/site-packages/airflow/example_dags/example_python_operator.py
[2023-11-17T20:12:45.883+0000] {logging_mixin.py:137} INFO - [2023-11-17T20:12:45.882+0000] {taskmixin.py:205} WARNING - Dependency <Task(_PythonDecoratedOperator): print_the_context>, log_sql_query already registered for DAG: example_python_operator
[2023-11-17T20:12:45.883+0000] {logging_mixin.py:137} INFO - [2023-11-17T20:12:45.883+0000] {taskmixin.py:205} WARNING - Dependency <Task(_PythonDecoratedOperator): log_sql_query>, print_the_context already registered for DAG: example_python_operator
[2023-11-17T20:12:45.883+0000] {logging_mixin.py:137} INFO - [2023-11-17T20:12:45.883+0000] {taskmixin.py:205} WARNING - Dependency <Task(_PythonDecoratedOperator): print_the_context>, log_sql_query already registered for DAG: example_python_operator
[2023-11-17T20:12:45.884+0000] {logging_mixin.py:137} INFO - [2023-11-17T20:12:45.884+0000] {taskmixin.py:205} WARNING - Dependency <Task(_PythonDecoratedOperator): log_sql_query>, print_the_context already registered for DAG: example_python_operator
[2023-11-17T20:12:45.884+0000] {logging_mixin.py:137} INFO - [2023-11-17T20:12:45.884+0000] {taskmixin.py:205} WARNING - Dependency <Task(_PythonDecoratedOperator): print_the_context>, log_sql_query already registered for DAG: example_python_operator
[2023-11-17T20:12:45.884+0000] {logging_mixin.py:137} INFO - [2023-11-17T20:12:45.884+0000] {taskmixin.py:205} WARNING - Dependency <Task(_PythonDecoratedOperator): log_sql_query>, print_the_context already registered for DAG: example_python_operator
[2023-11-17T20:12:45.885+0000] {logging_mixin.py:137} INFO - [2023-11-17T20:12:45.885+0000] {taskmixin.py:205} WARNING - Dependency <Task(_PythonDecoratedOperator): print_the_context>, log_sql_query already registered for DAG: example_python_operator
[2023-11-17T20:12:45.885+0000] {logging_mixin.py:137} INFO - [2023-11-17T20:12:45.885+0000] {taskmixin.py:205} WARNING - Dependency <Task(_PythonDecoratedOperator): log_sql_query>, print_the_context already registered for DAG: example_python_operator
[2023-11-17T20:12:45.892+0000] {processor.py:753} INFO - DAG(s) dict_keys(['example_python_operator']) retrieved from /usr/local/python/3.10.8/lib/python3.10/site-packages/airflow/example_dags/example_python_operator.py
[2023-11-17T20:12:45.914+0000] {logging_mixin.py:137} INFO - [2023-11-17T20:12:45.914+0000] {dag.py:2690} INFO - Sync 1 DAGs
[2023-11-17T20:12:45.937+0000] {logging_mixin.py:137} INFO - [2023-11-17T20:12:45.937+0000] {dag.py:3437} INFO - Setting next_dagrun for example_python_operator to None, run_after=None
[2023-11-17T20:12:45.982+0000] {processor.py:175} INFO - Processing /usr/local/python/3.10.8/lib/python3.10/site-packages/airflow/example_dags/example_python_operator.py took 0.121 seconds
[2023-11-17T20:13:26.106+0000] {processor.py:153} INFO - Started process (PID=13713) to work on /usr/local/python/3.10.8/lib/python3.10/site-packages/airflow/example_dags/example_python_operator.py
[2023-11-17T20:13:26.106+0000] {processor.py:743} INFO - Processing file /usr/local/python/3.10.8/lib/python3.10/site-packages/airflow/example_dags/example_python_operator.py for tasks to queue
[2023-11-17T20:13:26.107+0000] {logging_mixin.py:137} INFO - [2023-11-17T20:13:26.107+0000] {dagbag.py:538} INFO - Filling up the DagBag from /usr/local/python/3.10.8/lib/python3.10/site-packages/airflow/example_dags/example_python_operator.py
[2023-11-17T20:13:26.123+0000] {logging_mixin.py:137} INFO - [2023-11-17T20:13:26.123+0000] {taskmixin.py:205} WARNING - Dependency <Task(_PythonDecoratedOperator): print_the_context>, log_sql_query already registered for DAG: example_python_operator
[2023-11-17T20:13:26.123+0000] {logging_mixin.py:137} INFO - [2023-11-17T20:13:26.123+0000] {taskmixin.py:205} WARNING - Dependency <Task(_PythonDecoratedOperator): log_sql_query>, print_the_context already registered for DAG: example_python_operator
[2023-11-17T20:13:26.124+0000] {logging_mixin.py:137} INFO - [2023-11-17T20:13:26.124+0000] {taskmixin.py:205} WARNING - Dependency <Task(_PythonDecoratedOperator): print_the_context>, log_sql_query already registered for DAG: example_python_operator
[2023-11-17T20:13:26.125+0000] {logging_mixin.py:137} INFO - [2023-11-17T20:13:26.125+0000] {taskmixin.py:205} WARNING - Dependency <Task(_PythonDecoratedOperator): log_sql_query>, print_the_context already registered for DAG: example_python_operator
[2023-11-17T20:13:26.126+0000] {logging_mixin.py:137} INFO - [2023-11-17T20:13:26.125+0000] {taskmixin.py:205} WARNING - Dependency <Task(_PythonDecoratedOperator): print_the_context>, log_sql_query already registered for DAG: example_python_operator
[2023-11-17T20:13:26.126+0000] {logging_mixin.py:137} INFO - [2023-11-17T20:13:26.126+0000] {taskmixin.py:205} WARNING - Dependency <Task(_PythonDecoratedOperator): log_sql_query>, print_the_context already registered for DAG: example_python_operator
[2023-11-17T20:13:26.127+0000] {logging_mixin.py:137} INFO - [2023-11-17T20:13:26.127+0000] {taskmixin.py:205} WARNING - Dependency <Task(_PythonDecoratedOperator): print_the_context>, log_sql_query already registered for DAG: example_python_operator
[2023-11-17T20:13:26.127+0000] {logging_mixin.py:137} INFO - [2023-11-17T20:13:26.127+0000] {taskmixin.py:205} WARNING - Dependency <Task(_PythonDecoratedOperator): log_sql_query>, print_the_context already registered for DAG: example_python_operator
[2023-11-17T20:13:26.136+0000] {processor.py:753} INFO - DAG(s) dict_keys(['example_python_operator']) retrieved from /usr/local/python/3.10.8/lib/python3.10/site-packages/airflow/example_dags/example_python_operator.py
[2023-11-17T20:13:26.151+0000] {logging_mixin.py:137} INFO - [2023-11-17T20:13:26.151+0000] {dag.py:2690} INFO - Sync 1 DAGs
[2023-11-17T20:13:26.165+0000] {logging_mixin.py:137} INFO - [2023-11-17T20:13:26.165+0000] {dag.py:3437} INFO - Setting next_dagrun for example_python_operator to None, run_after=None
[2023-11-17T20:13:26.204+0000] {processor.py:175} INFO - Processing /usr/local/python/3.10.8/lib/python3.10/site-packages/airflow/example_dags/example_python_operator.py took 0.100 seconds
[2023-11-17T20:14:04.400+0000] {processor.py:153} INFO - Started process (PID=14045) to work on /usr/local/python/3.10.8/lib/python3.10/site-packages/airflow/example_dags/example_python_operator.py
[2023-11-17T20:14:04.402+0000] {processor.py:743} INFO - Processing file /usr/local/python/3.10.8/lib/python3.10/site-packages/airflow/example_dags/example_python_operator.py for tasks to queue
[2023-11-17T20:14:04.403+0000] {logging_mixin.py:137} INFO - [2023-11-17T20:14:04.403+0000] {dagbag.py:538} INFO - Filling up the DagBag from /usr/local/python/3.10.8/lib/python3.10/site-packages/airflow/example_dags/example_python_operator.py
[2023-11-17T20:14:04.421+0000] {logging_mixin.py:137} INFO - [2023-11-17T20:14:04.421+0000] {taskmixin.py:205} WARNING - Dependency <Task(_PythonDecoratedOperator): print_the_context>, log_sql_query already registered for DAG: example_python_operator
[2023-11-17T20:14:04.421+0000] {logging_mixin.py:137} INFO - [2023-11-17T20:14:04.421+0000] {taskmixin.py:205} WARNING - Dependency <Task(_PythonDecoratedOperator): log_sql_query>, print_the_context already registered for DAG: example_python_operator
[2023-11-17T20:14:04.421+0000] {logging_mixin.py:137} INFO - [2023-11-17T20:14:04.421+0000] {taskmixin.py:205} WARNING - Dependency <Task(_PythonDecoratedOperator): print_the_context>, log_sql_query already registered for DAG: example_python_operator
[2023-11-17T20:14:04.422+0000] {logging_mixin.py:137} INFO - [2023-11-17T20:14:04.422+0000] {taskmixin.py:205} WARNING - Dependency <Task(_PythonDecoratedOperator): log_sql_query>, print_the_context already registered for DAG: example_python_operator
[2023-11-17T20:14:04.422+0000] {logging_mixin.py:137} INFO - [2023-11-17T20:14:04.422+0000] {taskmixin.py:205} WARNING - Dependency <Task(_PythonDecoratedOperator): print_the_context>, log_sql_query already registered for DAG: example_python_operator
[2023-11-17T20:14:04.422+0000] {logging_mixin.py:137} INFO - [2023-11-17T20:14:04.422+0000] {taskmixin.py:205} WARNING - Dependency <Task(_PythonDecoratedOperator): log_sql_query>, print_the_context already registered for DAG: example_python_operator
[2023-11-17T20:14:04.423+0000] {logging_mixin.py:137} INFO - [2023-11-17T20:14:04.423+0000] {taskmixin.py:205} WARNING - Dependency <Task(_PythonDecoratedOperator): print_the_context>, log_sql_query already registered for DAG: example_python_operator
[2023-11-17T20:14:04.423+0000] {logging_mixin.py:137} INFO - [2023-11-17T20:14:04.423+0000] {taskmixin.py:205} WARNING - Dependency <Task(_PythonDecoratedOperator): log_sql_query>, print_the_context already registered for DAG: example_python_operator
[2023-11-17T20:14:04.430+0000] {processor.py:753} INFO - DAG(s) dict_keys(['example_python_operator']) retrieved from /usr/local/python/3.10.8/lib/python3.10/site-packages/airflow/example_dags/example_python_operator.py
[2023-11-17T20:14:04.448+0000] {logging_mixin.py:137} INFO - [2023-11-17T20:14:04.448+0000] {dag.py:2690} INFO - Sync 1 DAGs
[2023-11-17T20:14:04.467+0000] {logging_mixin.py:137} INFO - [2023-11-17T20:14:04.467+0000] {dag.py:3437} INFO - Setting next_dagrun for example_python_operator to None, run_after=None
[2023-11-17T20:14:04.506+0000] {processor.py:175} INFO - Processing /usr/local/python/3.10.8/lib/python3.10/site-packages/airflow/example_dags/example_python_operator.py took 0.108 seconds
[2023-11-17T20:14:46.518+0000] {processor.py:153} INFO - Started process (PID=14412) to work on /usr/local/python/3.10.8/lib/python3.10/site-packages/airflow/example_dags/example_python_operator.py
[2023-11-17T20:14:46.526+0000] {processor.py:743} INFO - Processing file /usr/local/python/3.10.8/lib/python3.10/site-packages/airflow/example_dags/example_python_operator.py for tasks to queue
[2023-11-17T20:14:46.526+0000] {logging_mixin.py:137} INFO - [2023-11-17T20:14:46.526+0000] {dagbag.py:538} INFO - Filling up the DagBag from /usr/local/python/3.10.8/lib/python3.10/site-packages/airflow/example_dags/example_python_operator.py
[2023-11-17T20:14:46.547+0000] {logging_mixin.py:137} INFO - [2023-11-17T20:14:46.547+0000] {taskmixin.py:205} WARNING - Dependency <Task(_PythonDecoratedOperator): print_the_context>, log_sql_query already registered for DAG: example_python_operator
[2023-11-17T20:14:46.547+0000] {logging_mixin.py:137} INFO - [2023-11-17T20:14:46.547+0000] {taskmixin.py:205} WARNING - Dependency <Task(_PythonDecoratedOperator): log_sql_query>, print_the_context already registered for DAG: example_python_operator
[2023-11-17T20:14:46.548+0000] {logging_mixin.py:137} INFO - [2023-11-17T20:14:46.548+0000] {taskmixin.py:205} WARNING - Dependency <Task(_PythonDecoratedOperator): print_the_context>, log_sql_query already registered for DAG: example_python_operator
[2023-11-17T20:14:46.548+0000] {logging_mixin.py:137} INFO - [2023-11-17T20:14:46.548+0000] {taskmixin.py:205} WARNING - Dependency <Task(_PythonDecoratedOperator): log_sql_query>, print_the_context already registered for DAG: example_python_operator
[2023-11-17T20:14:46.548+0000] {logging_mixin.py:137} INFO - [2023-11-17T20:14:46.548+0000] {taskmixin.py:205} WARNING - Dependency <Task(_PythonDecoratedOperator): print_the_context>, log_sql_query already registered for DAG: example_python_operator
[2023-11-17T20:14:46.548+0000] {logging_mixin.py:137} INFO - [2023-11-17T20:14:46.548+0000] {taskmixin.py:205} WARNING - Dependency <Task(_PythonDecoratedOperator): log_sql_query>, print_the_context already registered for DAG: example_python_operator
[2023-11-17T20:14:46.549+0000] {logging_mixin.py:137} INFO - [2023-11-17T20:14:46.549+0000] {taskmixin.py:205} WARNING - Dependency <Task(_PythonDecoratedOperator): print_the_context>, log_sql_query already registered for DAG: example_python_operator
[2023-11-17T20:14:46.549+0000] {logging_mixin.py:137} INFO - [2023-11-17T20:14:46.549+0000] {taskmixin.py:205} WARNING - Dependency <Task(_PythonDecoratedOperator): log_sql_query>, print_the_context already registered for DAG: example_python_operator
[2023-11-17T20:14:46.556+0000] {processor.py:753} INFO - DAG(s) dict_keys(['example_python_operator']) retrieved from /usr/local/python/3.10.8/lib/python3.10/site-packages/airflow/example_dags/example_python_operator.py
[2023-11-17T20:14:46.578+0000] {logging_mixin.py:137} INFO - [2023-11-17T20:14:46.578+0000] {dag.py:2690} INFO - Sync 1 DAGs
[2023-11-17T20:14:46.602+0000] {logging_mixin.py:137} INFO - [2023-11-17T20:14:46.602+0000] {dag.py:3437} INFO - Setting next_dagrun for example_python_operator to None, run_after=None
[2023-11-17T20:14:46.650+0000] {processor.py:175} INFO - Processing /usr/local/python/3.10.8/lib/python3.10/site-packages/airflow/example_dags/example_python_operator.py took 0.135 seconds
[2023-11-17T20:15:29.754+0000] {processor.py:153} INFO - Started process (PID=14827) to work on /usr/local/python/3.10.8/lib/python3.10/site-packages/airflow/example_dags/example_python_operator.py
[2023-11-17T20:15:29.755+0000] {processor.py:743} INFO - Processing file /usr/local/python/3.10.8/lib/python3.10/site-packages/airflow/example_dags/example_python_operator.py for tasks to queue
[2023-11-17T20:15:29.755+0000] {logging_mixin.py:137} INFO - [2023-11-17T20:15:29.755+0000] {dagbag.py:538} INFO - Filling up the DagBag from /usr/local/python/3.10.8/lib/python3.10/site-packages/airflow/example_dags/example_python_operator.py
[2023-11-17T20:15:29.772+0000] {logging_mixin.py:137} INFO - [2023-11-17T20:15:29.772+0000] {taskmixin.py:205} WARNING - Dependency <Task(_PythonDecoratedOperator): print_the_context>, log_sql_query already registered for DAG: example_python_operator
[2023-11-17T20:15:29.772+0000] {logging_mixin.py:137} INFO - [2023-11-17T20:15:29.772+0000] {taskmixin.py:205} WARNING - Dependency <Task(_PythonDecoratedOperator): log_sql_query>, print_the_context already registered for DAG: example_python_operator
[2023-11-17T20:15:29.773+0000] {logging_mixin.py:137} INFO - [2023-11-17T20:15:29.773+0000] {taskmixin.py:205} WARNING - Dependency <Task(_PythonDecoratedOperator): print_the_context>, log_sql_query already registered for DAG: example_python_operator
[2023-11-17T20:15:29.773+0000] {logging_mixin.py:137} INFO - [2023-11-17T20:15:29.773+0000] {taskmixin.py:205} WARNING - Dependency <Task(_PythonDecoratedOperator): log_sql_query>, print_the_context already registered for DAG: example_python_operator
[2023-11-17T20:15:29.774+0000] {logging_mixin.py:137} INFO - [2023-11-17T20:15:29.774+0000] {taskmixin.py:205} WARNING - Dependency <Task(_PythonDecoratedOperator): print_the_context>, log_sql_query already registered for DAG: example_python_operator
[2023-11-17T20:15:29.774+0000] {logging_mixin.py:137} INFO - [2023-11-17T20:15:29.774+0000] {taskmixin.py:205} WARNING - Dependency <Task(_PythonDecoratedOperator): log_sql_query>, print_the_context already registered for DAG: example_python_operator
[2023-11-17T20:15:29.774+0000] {logging_mixin.py:137} INFO - [2023-11-17T20:15:29.774+0000] {taskmixin.py:205} WARNING - Dependency <Task(_PythonDecoratedOperator): print_the_context>, log_sql_query already registered for DAG: example_python_operator
[2023-11-17T20:15:29.775+0000] {logging_mixin.py:137} INFO - [2023-11-17T20:15:29.774+0000] {taskmixin.py:205} WARNING - Dependency <Task(_PythonDecoratedOperator): log_sql_query>, print_the_context already registered for DAG: example_python_operator
[2023-11-17T20:15:29.781+0000] {processor.py:753} INFO - DAG(s) dict_keys(['example_python_operator']) retrieved from /usr/local/python/3.10.8/lib/python3.10/site-packages/airflow/example_dags/example_python_operator.py
[2023-11-17T20:15:29.797+0000] {logging_mixin.py:137} INFO - [2023-11-17T20:15:29.797+0000] {dag.py:2690} INFO - Sync 1 DAGs
[2023-11-17T20:15:29.812+0000] {logging_mixin.py:137} INFO - [2023-11-17T20:15:29.812+0000] {dag.py:3437} INFO - Setting next_dagrun for example_python_operator to None, run_after=None
[2023-11-17T20:15:29.851+0000] {processor.py:175} INFO - Processing /usr/local/python/3.10.8/lib/python3.10/site-packages/airflow/example_dags/example_python_operator.py took 0.099 seconds
[2023-11-17T20:16:10.345+0000] {processor.py:153} INFO - Started process (PID=15242) to work on /usr/local/python/3.10.8/lib/python3.10/site-packages/airflow/example_dags/example_python_operator.py
[2023-11-17T20:16:10.345+0000] {processor.py:743} INFO - Processing file /usr/local/python/3.10.8/lib/python3.10/site-packages/airflow/example_dags/example_python_operator.py for tasks to queue
[2023-11-17T20:16:10.346+0000] {logging_mixin.py:137} INFO - [2023-11-17T20:16:10.346+0000] {dagbag.py:538} INFO - Filling up the DagBag from /usr/local/python/3.10.8/lib/python3.10/site-packages/airflow/example_dags/example_python_operator.py
[2023-11-17T20:16:10.363+0000] {logging_mixin.py:137} INFO - [2023-11-17T20:16:10.363+0000] {taskmixin.py:205} WARNING - Dependency <Task(_PythonDecoratedOperator): print_the_context>, log_sql_query already registered for DAG: example_python_operator
[2023-11-17T20:16:10.363+0000] {logging_mixin.py:137} INFO - [2023-11-17T20:16:10.363+0000] {taskmixin.py:205} WARNING - Dependency <Task(_PythonDecoratedOperator): log_sql_query>, print_the_context already registered for DAG: example_python_operator
[2023-11-17T20:16:10.364+0000] {logging_mixin.py:137} INFO - [2023-11-17T20:16:10.363+0000] {taskmixin.py:205} WARNING - Dependency <Task(_PythonDecoratedOperator): print_the_context>, log_sql_query already registered for DAG: example_python_operator
[2023-11-17T20:16:10.364+0000] {logging_mixin.py:137} INFO - [2023-11-17T20:16:10.364+0000] {taskmixin.py:205} WARNING - Dependency <Task(_PythonDecoratedOperator): log_sql_query>, print_the_context already registered for DAG: example_python_operator
[2023-11-17T20:16:10.364+0000] {logging_mixin.py:137} INFO - [2023-11-17T20:16:10.364+0000] {taskmixin.py:205} WARNING - Dependency <Task(_PythonDecoratedOperator): print_the_context>, log_sql_query already registered for DAG: example_python_operator
[2023-11-17T20:16:10.364+0000] {logging_mixin.py:137} INFO - [2023-11-17T20:16:10.364+0000] {taskmixin.py:205} WARNING - Dependency <Task(_PythonDecoratedOperator): log_sql_query>, print_the_context already registered for DAG: example_python_operator
[2023-11-17T20:16:10.365+0000] {logging_mixin.py:137} INFO - [2023-11-17T20:16:10.365+0000] {taskmixin.py:205} WARNING - Dependency <Task(_PythonDecoratedOperator): print_the_context>, log_sql_query already registered for DAG: example_python_operator
[2023-11-17T20:16:10.365+0000] {logging_mixin.py:137} INFO - [2023-11-17T20:16:10.365+0000] {taskmixin.py:205} WARNING - Dependency <Task(_PythonDecoratedOperator): log_sql_query>, print_the_context already registered for DAG: example_python_operator
[2023-11-17T20:16:10.372+0000] {processor.py:753} INFO - DAG(s) dict_keys(['example_python_operator']) retrieved from /usr/local/python/3.10.8/lib/python3.10/site-packages/airflow/example_dags/example_python_operator.py
[2023-11-17T20:16:10.387+0000] {logging_mixin.py:137} INFO - [2023-11-17T20:16:10.387+0000] {dag.py:2690} INFO - Sync 1 DAGs
[2023-11-17T20:16:10.402+0000] {logging_mixin.py:137} INFO - [2023-11-17T20:16:10.402+0000] {dag.py:3437} INFO - Setting next_dagrun for example_python_operator to None, run_after=None
[2023-11-17T20:16:10.440+0000] {processor.py:175} INFO - Processing /usr/local/python/3.10.8/lib/python3.10/site-packages/airflow/example_dags/example_python_operator.py took 0.098 seconds
[2023-11-17T20:16:49.593+0000] {processor.py:153} INFO - Started process (PID=15684) to work on /usr/local/python/3.10.8/lib/python3.10/site-packages/airflow/example_dags/example_python_operator.py
[2023-11-17T20:16:49.593+0000] {processor.py:743} INFO - Processing file /usr/local/python/3.10.8/lib/python3.10/site-packages/airflow/example_dags/example_python_operator.py for tasks to queue
[2023-11-17T20:16:49.594+0000] {logging_mixin.py:137} INFO - [2023-11-17T20:16:49.594+0000] {dagbag.py:538} INFO - Filling up the DagBag from /usr/local/python/3.10.8/lib/python3.10/site-packages/airflow/example_dags/example_python_operator.py
[2023-11-17T20:16:49.609+0000] {logging_mixin.py:137} INFO - [2023-11-17T20:16:49.609+0000] {taskmixin.py:205} WARNING - Dependency <Task(_PythonDecoratedOperator): print_the_context>, log_sql_query already registered for DAG: example_python_operator
[2023-11-17T20:16:49.609+0000] {logging_mixin.py:137} INFO - [2023-11-17T20:16:49.609+0000] {taskmixin.py:205} WARNING - Dependency <Task(_PythonDecoratedOperator): log_sql_query>, print_the_context already registered for DAG: example_python_operator
[2023-11-17T20:16:49.610+0000] {logging_mixin.py:137} INFO - [2023-11-17T20:16:49.610+0000] {taskmixin.py:205} WARNING - Dependency <Task(_PythonDecoratedOperator): print_the_context>, log_sql_query already registered for DAG: example_python_operator
[2023-11-17T20:16:49.610+0000] {logging_mixin.py:137} INFO - [2023-11-17T20:16:49.610+0000] {taskmixin.py:205} WARNING - Dependency <Task(_PythonDecoratedOperator): log_sql_query>, print_the_context already registered for DAG: example_python_operator
[2023-11-17T20:16:49.611+0000] {logging_mixin.py:137} INFO - [2023-11-17T20:16:49.610+0000] {taskmixin.py:205} WARNING - Dependency <Task(_PythonDecoratedOperator): print_the_context>, log_sql_query already registered for DAG: example_python_operator
[2023-11-17T20:16:49.611+0000] {logging_mixin.py:137} INFO - [2023-11-17T20:16:49.611+0000] {taskmixin.py:205} WARNING - Dependency <Task(_PythonDecoratedOperator): log_sql_query>, print_the_context already registered for DAG: example_python_operator
[2023-11-17T20:16:49.611+0000] {logging_mixin.py:137} INFO - [2023-11-17T20:16:49.611+0000] {taskmixin.py:205} WARNING - Dependency <Task(_PythonDecoratedOperator): print_the_context>, log_sql_query already registered for DAG: example_python_operator
[2023-11-17T20:16:49.611+0000] {logging_mixin.py:137} INFO - [2023-11-17T20:16:49.611+0000] {taskmixin.py:205} WARNING - Dependency <Task(_PythonDecoratedOperator): log_sql_query>, print_the_context already registered for DAG: example_python_operator
[2023-11-17T20:16:49.619+0000] {processor.py:753} INFO - DAG(s) dict_keys(['example_python_operator']) retrieved from /usr/local/python/3.10.8/lib/python3.10/site-packages/airflow/example_dags/example_python_operator.py
[2023-11-17T20:16:49.635+0000] {logging_mixin.py:137} INFO - [2023-11-17T20:16:49.635+0000] {dag.py:2690} INFO - Sync 1 DAGs
[2023-11-17T20:16:49.650+0000] {logging_mixin.py:137} INFO - [2023-11-17T20:16:49.650+0000] {dag.py:3437} INFO - Setting next_dagrun for example_python_operator to None, run_after=None
[2023-11-17T20:16:49.689+0000] {processor.py:175} INFO - Processing /usr/local/python/3.10.8/lib/python3.10/site-packages/airflow/example_dags/example_python_operator.py took 0.099 seconds
[2023-11-17T20:17:30.606+0000] {processor.py:153} INFO - Started process (PID=16113) to work on /usr/local/python/3.10.8/lib/python3.10/site-packages/airflow/example_dags/example_python_operator.py
[2023-11-17T20:17:30.606+0000] {processor.py:743} INFO - Processing file /usr/local/python/3.10.8/lib/python3.10/site-packages/airflow/example_dags/example_python_operator.py for tasks to queue
[2023-11-17T20:17:30.608+0000] {logging_mixin.py:137} INFO - [2023-11-17T20:17:30.608+0000] {dagbag.py:538} INFO - Filling up the DagBag from /usr/local/python/3.10.8/lib/python3.10/site-packages/airflow/example_dags/example_python_operator.py
[2023-11-17T20:17:30.630+0000] {logging_mixin.py:137} INFO - [2023-11-17T20:17:30.629+0000] {taskmixin.py:205} WARNING - Dependency <Task(_PythonDecoratedOperator): print_the_context>, log_sql_query already registered for DAG: example_python_operator
[2023-11-17T20:17:30.630+0000] {logging_mixin.py:137} INFO - [2023-11-17T20:17:30.630+0000] {taskmixin.py:205} WARNING - Dependency <Task(_PythonDecoratedOperator): log_sql_query>, print_the_context already registered for DAG: example_python_operator
[2023-11-17T20:17:30.631+0000] {logging_mixin.py:137} INFO - [2023-11-17T20:17:30.631+0000] {taskmixin.py:205} WARNING - Dependency <Task(_PythonDecoratedOperator): print_the_context>, log_sql_query already registered for DAG: example_python_operator
[2023-11-17T20:17:30.631+0000] {logging_mixin.py:137} INFO - [2023-11-17T20:17:30.631+0000] {taskmixin.py:205} WARNING - Dependency <Task(_PythonDecoratedOperator): log_sql_query>, print_the_context already registered for DAG: example_python_operator
[2023-11-17T20:17:30.632+0000] {logging_mixin.py:137} INFO - [2023-11-17T20:17:30.632+0000] {taskmixin.py:205} WARNING - Dependency <Task(_PythonDecoratedOperator): print_the_context>, log_sql_query already registered for DAG: example_python_operator
[2023-11-17T20:17:30.632+0000] {logging_mixin.py:137} INFO - [2023-11-17T20:17:30.632+0000] {taskmixin.py:205} WARNING - Dependency <Task(_PythonDecoratedOperator): log_sql_query>, print_the_context already registered for DAG: example_python_operator
[2023-11-17T20:17:30.633+0000] {logging_mixin.py:137} INFO - [2023-11-17T20:17:30.633+0000] {taskmixin.py:205} WARNING - Dependency <Task(_PythonDecoratedOperator): print_the_context>, log_sql_query already registered for DAG: example_python_operator
[2023-11-17T20:17:30.633+0000] {logging_mixin.py:137} INFO - [2023-11-17T20:17:30.633+0000] {taskmixin.py:205} WARNING - Dependency <Task(_PythonDecoratedOperator): log_sql_query>, print_the_context already registered for DAG: example_python_operator
[2023-11-17T20:17:30.645+0000] {processor.py:753} INFO - DAG(s) dict_keys(['example_python_operator']) retrieved from /usr/local/python/3.10.8/lib/python3.10/site-packages/airflow/example_dags/example_python_operator.py
[2023-11-17T20:17:30.669+0000] {logging_mixin.py:137} INFO - [2023-11-17T20:17:30.669+0000] {dag.py:2690} INFO - Sync 1 DAGs
[2023-11-17T20:17:30.708+0000] {logging_mixin.py:137} INFO - [2023-11-17T20:17:30.708+0000] {dag.py:3437} INFO - Setting next_dagrun for example_python_operator to None, run_after=None
[2023-11-17T20:17:30.755+0000] {processor.py:175} INFO - Processing /usr/local/python/3.10.8/lib/python3.10/site-packages/airflow/example_dags/example_python_operator.py took 0.152 seconds
