[2023-11-17T20:12:08.757+0000] {processor.py:153} INFO - Started process (PID=13192) to work on /usr/local/python/3.10.8/lib/python3.10/site-packages/airflow/example_dags/example_complex.py
[2023-11-17T20:12:08.758+0000] {processor.py:743} INFO - Processing file /usr/local/python/3.10.8/lib/python3.10/site-packages/airflow/example_dags/example_complex.py for tasks to queue
[2023-11-17T20:12:08.758+0000] {logging_mixin.py:137} INFO - [2023-11-17T20:12:08.758+0000] {dagbag.py:538} INFO - Filling up the DagBag from /usr/local/python/3.10.8/lib/python3.10/site-packages/airflow/example_dags/example_complex.py
[2023-11-17T20:12:08.768+0000] {logging_mixin.py:137} INFO - [2023-11-17T20:12:08.767+0000] {taskmixin.py:205} WARNING - Dependency <Task(BashOperator): create_entry_group>, delete_entry_group already registered for DAG: example_complex
[2023-11-17T20:12:08.768+0000] {logging_mixin.py:137} INFO - [2023-11-17T20:12:08.768+0000] {taskmixin.py:205} WARNING - Dependency <Task(BashOperator): delete_entry_group>, create_entry_group already registered for DAG: example_complex
[2023-11-17T20:12:08.768+0000] {logging_mixin.py:137} INFO - [2023-11-17T20:12:08.768+0000] {taskmixin.py:205} WARNING - Dependency <Task(BashOperator): create_entry_gcs>, delete_entry already registered for DAG: example_complex
[2023-11-17T20:12:08.768+0000] {logging_mixin.py:137} INFO - [2023-11-17T20:12:08.768+0000] {taskmixin.py:205} WARNING - Dependency <Task(BashOperator): delete_entry>, create_entry_gcs already registered for DAG: example_complex
[2023-11-17T20:12:08.768+0000] {logging_mixin.py:137} INFO - [2023-11-17T20:12:08.768+0000] {taskmixin.py:205} WARNING - Dependency <Task(BashOperator): create_tag>, delete_tag already registered for DAG: example_complex
[2023-11-17T20:12:08.769+0000] {logging_mixin.py:137} INFO - [2023-11-17T20:12:08.769+0000] {taskmixin.py:205} WARNING - Dependency <Task(BashOperator): delete_tag>, create_tag already registered for DAG: example_complex
[2023-11-17T20:12:08.777+0000] {processor.py:753} INFO - DAG(s) dict_keys(['example_complex']) retrieved from /usr/local/python/3.10.8/lib/python3.10/site-packages/airflow/example_dags/example_complex.py
[2023-11-17T20:12:08.925+0000] {logging_mixin.py:137} INFO - [2023-11-17T20:12:08.925+0000] {manager.py:504} INFO - Created Permission View: can edit on DAG:example_complex
[2023-11-17T20:12:08.963+0000] {logging_mixin.py:137} INFO - [2023-11-17T20:12:08.963+0000] {manager.py:504} INFO - Created Permission View: can delete on DAG:example_complex
[2023-11-17T20:12:08.997+0000] {logging_mixin.py:137} INFO - [2023-11-17T20:12:08.996+0000] {manager.py:504} INFO - Created Permission View: can read on DAG:example_complex
[2023-11-17T20:12:08.997+0000] {logging_mixin.py:137} INFO - [2023-11-17T20:12:08.997+0000] {dag.py:2690} INFO - Sync 1 DAGs
[2023-11-17T20:12:09.014+0000] {logging_mixin.py:137} INFO - [2023-11-17T20:12:09.014+0000] {dag.py:2711} INFO - Creating ORM DAG for example_complex
[2023-11-17T20:12:09.022+0000] {logging_mixin.py:137} INFO - [2023-11-17T20:12:09.022+0000] {dag.py:3437} INFO - Setting next_dagrun for example_complex to None, run_after=None
[2023-11-17T20:12:09.069+0000] {processor.py:175} INFO - Processing /usr/local/python/3.10.8/lib/python3.10/site-packages/airflow/example_dags/example_complex.py took 0.314 seconds
[2023-11-17T20:12:50.634+0000] {processor.py:153} INFO - Started process (PID=13480) to work on /usr/local/python/3.10.8/lib/python3.10/site-packages/airflow/example_dags/example_complex.py
[2023-11-17T20:12:50.635+0000] {processor.py:743} INFO - Processing file /usr/local/python/3.10.8/lib/python3.10/site-packages/airflow/example_dags/example_complex.py for tasks to queue
[2023-11-17T20:12:50.635+0000] {logging_mixin.py:137} INFO - [2023-11-17T20:12:50.635+0000] {dagbag.py:538} INFO - Filling up the DagBag from /usr/local/python/3.10.8/lib/python3.10/site-packages/airflow/example_dags/example_complex.py
[2023-11-17T20:12:50.645+0000] {logging_mixin.py:137} INFO - [2023-11-17T20:12:50.645+0000] {taskmixin.py:205} WARNING - Dependency <Task(BashOperator): create_entry_group>, delete_entry_group already registered for DAG: example_complex
[2023-11-17T20:12:50.645+0000] {logging_mixin.py:137} INFO - [2023-11-17T20:12:50.645+0000] {taskmixin.py:205} WARNING - Dependency <Task(BashOperator): delete_entry_group>, create_entry_group already registered for DAG: example_complex
[2023-11-17T20:12:50.646+0000] {logging_mixin.py:137} INFO - [2023-11-17T20:12:50.645+0000] {taskmixin.py:205} WARNING - Dependency <Task(BashOperator): create_entry_gcs>, delete_entry already registered for DAG: example_complex
[2023-11-17T20:12:50.646+0000] {logging_mixin.py:137} INFO - [2023-11-17T20:12:50.646+0000] {taskmixin.py:205} WARNING - Dependency <Task(BashOperator): delete_entry>, create_entry_gcs already registered for DAG: example_complex
[2023-11-17T20:12:50.646+0000] {logging_mixin.py:137} INFO - [2023-11-17T20:12:50.646+0000] {taskmixin.py:205} WARNING - Dependency <Task(BashOperator): create_tag>, delete_tag already registered for DAG: example_complex
[2023-11-17T20:12:50.646+0000] {logging_mixin.py:137} INFO - [2023-11-17T20:12:50.646+0000] {taskmixin.py:205} WARNING - Dependency <Task(BashOperator): delete_tag>, create_tag already registered for DAG: example_complex
[2023-11-17T20:12:50.654+0000] {processor.py:753} INFO - DAG(s) dict_keys(['example_complex']) retrieved from /usr/local/python/3.10.8/lib/python3.10/site-packages/airflow/example_dags/example_complex.py
[2023-11-17T20:12:50.672+0000] {logging_mixin.py:137} INFO - [2023-11-17T20:12:50.672+0000] {dag.py:2690} INFO - Sync 1 DAGs
[2023-11-17T20:12:50.687+0000] {logging_mixin.py:137} INFO - [2023-11-17T20:12:50.687+0000] {dag.py:3437} INFO - Setting next_dagrun for example_complex to None, run_after=None
[2023-11-17T20:12:50.725+0000] {processor.py:175} INFO - Processing /usr/local/python/3.10.8/lib/python3.10/site-packages/airflow/example_dags/example_complex.py took 0.092 seconds
[2023-11-17T20:13:28.995+0000] {processor.py:153} INFO - Started process (PID=13729) to work on /usr/local/python/3.10.8/lib/python3.10/site-packages/airflow/example_dags/example_complex.py
[2023-11-17T20:13:28.996+0000] {processor.py:743} INFO - Processing file /usr/local/python/3.10.8/lib/python3.10/site-packages/airflow/example_dags/example_complex.py for tasks to queue
[2023-11-17T20:13:28.996+0000] {logging_mixin.py:137} INFO - [2023-11-17T20:13:28.996+0000] {dagbag.py:538} INFO - Filling up the DagBag from /usr/local/python/3.10.8/lib/python3.10/site-packages/airflow/example_dags/example_complex.py
[2023-11-17T20:13:29.007+0000] {logging_mixin.py:137} INFO - [2023-11-17T20:13:29.007+0000] {taskmixin.py:205} WARNING - Dependency <Task(BashOperator): create_entry_group>, delete_entry_group already registered for DAG: example_complex
[2023-11-17T20:13:29.007+0000] {logging_mixin.py:137} INFO - [2023-11-17T20:13:29.007+0000] {taskmixin.py:205} WARNING - Dependency <Task(BashOperator): delete_entry_group>, create_entry_group already registered for DAG: example_complex
[2023-11-17T20:13:29.007+0000] {logging_mixin.py:137} INFO - [2023-11-17T20:13:29.007+0000] {taskmixin.py:205} WARNING - Dependency <Task(BashOperator): create_entry_gcs>, delete_entry already registered for DAG: example_complex
[2023-11-17T20:13:29.007+0000] {logging_mixin.py:137} INFO - [2023-11-17T20:13:29.007+0000] {taskmixin.py:205} WARNING - Dependency <Task(BashOperator): delete_entry>, create_entry_gcs already registered for DAG: example_complex
[2023-11-17T20:13:29.008+0000] {logging_mixin.py:137} INFO - [2023-11-17T20:13:29.008+0000] {taskmixin.py:205} WARNING - Dependency <Task(BashOperator): create_tag>, delete_tag already registered for DAG: example_complex
[2023-11-17T20:13:29.008+0000] {logging_mixin.py:137} INFO - [2023-11-17T20:13:29.008+0000] {taskmixin.py:205} WARNING - Dependency <Task(BashOperator): delete_tag>, create_tag already registered for DAG: example_complex
[2023-11-17T20:13:29.015+0000] {processor.py:753} INFO - DAG(s) dict_keys(['example_complex']) retrieved from /usr/local/python/3.10.8/lib/python3.10/site-packages/airflow/example_dags/example_complex.py
[2023-11-17T20:13:29.034+0000] {logging_mixin.py:137} INFO - [2023-11-17T20:13:29.034+0000] {dag.py:2690} INFO - Sync 1 DAGs
[2023-11-17T20:13:29.050+0000] {logging_mixin.py:137} INFO - [2023-11-17T20:13:29.049+0000] {dag.py:3437} INFO - Setting next_dagrun for example_complex to None, run_after=None
[2023-11-17T20:13:29.091+0000] {processor.py:175} INFO - Processing /usr/local/python/3.10.8/lib/python3.10/site-packages/airflow/example_dags/example_complex.py took 0.097 seconds
[2023-11-17T20:14:09.273+0000] {processor.py:153} INFO - Started process (PID=14100) to work on /usr/local/python/3.10.8/lib/python3.10/site-packages/airflow/example_dags/example_complex.py
[2023-11-17T20:14:09.274+0000] {processor.py:743} INFO - Processing file /usr/local/python/3.10.8/lib/python3.10/site-packages/airflow/example_dags/example_complex.py for tasks to queue
[2023-11-17T20:14:09.274+0000] {logging_mixin.py:137} INFO - [2023-11-17T20:14:09.274+0000] {dagbag.py:538} INFO - Filling up the DagBag from /usr/local/python/3.10.8/lib/python3.10/site-packages/airflow/example_dags/example_complex.py
[2023-11-17T20:14:09.284+0000] {logging_mixin.py:137} INFO - [2023-11-17T20:14:09.284+0000] {taskmixin.py:205} WARNING - Dependency <Task(BashOperator): create_entry_group>, delete_entry_group already registered for DAG: example_complex
[2023-11-17T20:14:09.284+0000] {logging_mixin.py:137} INFO - [2023-11-17T20:14:09.284+0000] {taskmixin.py:205} WARNING - Dependency <Task(BashOperator): delete_entry_group>, create_entry_group already registered for DAG: example_complex
[2023-11-17T20:14:09.284+0000] {logging_mixin.py:137} INFO - [2023-11-17T20:14:09.284+0000] {taskmixin.py:205} WARNING - Dependency <Task(BashOperator): create_entry_gcs>, delete_entry already registered for DAG: example_complex
[2023-11-17T20:14:09.284+0000] {logging_mixin.py:137} INFO - [2023-11-17T20:14:09.284+0000] {taskmixin.py:205} WARNING - Dependency <Task(BashOperator): delete_entry>, create_entry_gcs already registered for DAG: example_complex
[2023-11-17T20:14:09.285+0000] {logging_mixin.py:137} INFO - [2023-11-17T20:14:09.285+0000] {taskmixin.py:205} WARNING - Dependency <Task(BashOperator): create_tag>, delete_tag already registered for DAG: example_complex
[2023-11-17T20:14:09.285+0000] {logging_mixin.py:137} INFO - [2023-11-17T20:14:09.285+0000] {taskmixin.py:205} WARNING - Dependency <Task(BashOperator): delete_tag>, create_tag already registered for DAG: example_complex
[2023-11-17T20:14:09.291+0000] {processor.py:753} INFO - DAG(s) dict_keys(['example_complex']) retrieved from /usr/local/python/3.10.8/lib/python3.10/site-packages/airflow/example_dags/example_complex.py
[2023-11-17T20:14:09.309+0000] {logging_mixin.py:137} INFO - [2023-11-17T20:14:09.309+0000] {dag.py:2690} INFO - Sync 1 DAGs
[2023-11-17T20:14:09.324+0000] {logging_mixin.py:137} INFO - [2023-11-17T20:14:09.324+0000] {dag.py:3437} INFO - Setting next_dagrun for example_complex to None, run_after=None
[2023-11-17T20:14:09.366+0000] {processor.py:175} INFO - Processing /usr/local/python/3.10.8/lib/python3.10/site-packages/airflow/example_dags/example_complex.py took 0.094 seconds
[2023-11-17T20:14:51.128+0000] {processor.py:153} INFO - Started process (PID=14441) to work on /usr/local/python/3.10.8/lib/python3.10/site-packages/airflow/example_dags/example_complex.py
[2023-11-17T20:14:51.129+0000] {processor.py:743} INFO - Processing file /usr/local/python/3.10.8/lib/python3.10/site-packages/airflow/example_dags/example_complex.py for tasks to queue
[2023-11-17T20:14:51.130+0000] {logging_mixin.py:137} INFO - [2023-11-17T20:14:51.130+0000] {dagbag.py:538} INFO - Filling up the DagBag from /usr/local/python/3.10.8/lib/python3.10/site-packages/airflow/example_dags/example_complex.py
[2023-11-17T20:14:51.143+0000] {logging_mixin.py:137} INFO - [2023-11-17T20:14:51.142+0000] {taskmixin.py:205} WARNING - Dependency <Task(BashOperator): create_entry_group>, delete_entry_group already registered for DAG: example_complex
[2023-11-17T20:14:51.143+0000] {logging_mixin.py:137} INFO - [2023-11-17T20:14:51.143+0000] {taskmixin.py:205} WARNING - Dependency <Task(BashOperator): delete_entry_group>, create_entry_group already registered for DAG: example_complex
[2023-11-17T20:14:51.143+0000] {logging_mixin.py:137} INFO - [2023-11-17T20:14:51.143+0000] {taskmixin.py:205} WARNING - Dependency <Task(BashOperator): create_entry_gcs>, delete_entry already registered for DAG: example_complex
[2023-11-17T20:14:51.143+0000] {logging_mixin.py:137} INFO - [2023-11-17T20:14:51.143+0000] {taskmixin.py:205} WARNING - Dependency <Task(BashOperator): delete_entry>, create_entry_gcs already registered for DAG: example_complex
[2023-11-17T20:14:51.143+0000] {logging_mixin.py:137} INFO - [2023-11-17T20:14:51.143+0000] {taskmixin.py:205} WARNING - Dependency <Task(BashOperator): create_tag>, delete_tag already registered for DAG: example_complex
[2023-11-17T20:14:51.144+0000] {logging_mixin.py:137} INFO - [2023-11-17T20:14:51.144+0000] {taskmixin.py:205} WARNING - Dependency <Task(BashOperator): delete_tag>, create_tag already registered for DAG: example_complex
[2023-11-17T20:14:51.151+0000] {processor.py:753} INFO - DAG(s) dict_keys(['example_complex']) retrieved from /usr/local/python/3.10.8/lib/python3.10/site-packages/airflow/example_dags/example_complex.py
[2023-11-17T20:14:51.170+0000] {logging_mixin.py:137} INFO - [2023-11-17T20:14:51.170+0000] {dag.py:2690} INFO - Sync 1 DAGs
[2023-11-17T20:14:51.185+0000] {logging_mixin.py:137} INFO - [2023-11-17T20:14:51.185+0000] {dag.py:3437} INFO - Setting next_dagrun for example_complex to None, run_after=None
[2023-11-17T20:14:51.225+0000] {processor.py:175} INFO - Processing /usr/local/python/3.10.8/lib/python3.10/site-packages/airflow/example_dags/example_complex.py took 0.100 seconds
[2023-11-17T20:15:33.754+0000] {processor.py:153} INFO - Started process (PID=14870) to work on /usr/local/python/3.10.8/lib/python3.10/site-packages/airflow/example_dags/example_complex.py
[2023-11-17T20:15:33.754+0000] {processor.py:743} INFO - Processing file /usr/local/python/3.10.8/lib/python3.10/site-packages/airflow/example_dags/example_complex.py for tasks to queue
[2023-11-17T20:15:33.755+0000] {logging_mixin.py:137} INFO - [2023-11-17T20:15:33.755+0000] {dagbag.py:538} INFO - Filling up the DagBag from /usr/local/python/3.10.8/lib/python3.10/site-packages/airflow/example_dags/example_complex.py
[2023-11-17T20:15:33.764+0000] {logging_mixin.py:137} INFO - [2023-11-17T20:15:33.764+0000] {taskmixin.py:205} WARNING - Dependency <Task(BashOperator): create_entry_group>, delete_entry_group already registered for DAG: example_complex
[2023-11-17T20:15:33.764+0000] {logging_mixin.py:137} INFO - [2023-11-17T20:15:33.764+0000] {taskmixin.py:205} WARNING - Dependency <Task(BashOperator): delete_entry_group>, create_entry_group already registered for DAG: example_complex
[2023-11-17T20:15:33.764+0000] {logging_mixin.py:137} INFO - [2023-11-17T20:15:33.764+0000] {taskmixin.py:205} WARNING - Dependency <Task(BashOperator): create_entry_gcs>, delete_entry already registered for DAG: example_complex
[2023-11-17T20:15:33.765+0000] {logging_mixin.py:137} INFO - [2023-11-17T20:15:33.765+0000] {taskmixin.py:205} WARNING - Dependency <Task(BashOperator): delete_entry>, create_entry_gcs already registered for DAG: example_complex
[2023-11-17T20:15:33.765+0000] {logging_mixin.py:137} INFO - [2023-11-17T20:15:33.765+0000] {taskmixin.py:205} WARNING - Dependency <Task(BashOperator): create_tag>, delete_tag already registered for DAG: example_complex
[2023-11-17T20:15:33.765+0000] {logging_mixin.py:137} INFO - [2023-11-17T20:15:33.765+0000] {taskmixin.py:205} WARNING - Dependency <Task(BashOperator): delete_tag>, create_tag already registered for DAG: example_complex
[2023-11-17T20:15:33.772+0000] {processor.py:753} INFO - DAG(s) dict_keys(['example_complex']) retrieved from /usr/local/python/3.10.8/lib/python3.10/site-packages/airflow/example_dags/example_complex.py
[2023-11-17T20:15:33.791+0000] {logging_mixin.py:137} INFO - [2023-11-17T20:15:33.791+0000] {dag.py:2690} INFO - Sync 1 DAGs
[2023-11-17T20:15:33.807+0000] {logging_mixin.py:137} INFO - [2023-11-17T20:15:33.806+0000] {dag.py:3437} INFO - Setting next_dagrun for example_complex to None, run_after=None
[2023-11-17T20:15:33.846+0000] {processor.py:175} INFO - Processing /usr/local/python/3.10.8/lib/python3.10/site-packages/airflow/example_dags/example_complex.py took 0.094 seconds
[2023-11-17T20:16:14.342+0000] {processor.py:153} INFO - Started process (PID=15309) to work on /usr/local/python/3.10.8/lib/python3.10/site-packages/airflow/example_dags/example_complex.py
[2023-11-17T20:16:14.343+0000] {processor.py:743} INFO - Processing file /usr/local/python/3.10.8/lib/python3.10/site-packages/airflow/example_dags/example_complex.py for tasks to queue
[2023-11-17T20:16:14.344+0000] {logging_mixin.py:137} INFO - [2023-11-17T20:16:14.343+0000] {dagbag.py:538} INFO - Filling up the DagBag from /usr/local/python/3.10.8/lib/python3.10/site-packages/airflow/example_dags/example_complex.py
[2023-11-17T20:16:14.353+0000] {logging_mixin.py:137} INFO - [2023-11-17T20:16:14.353+0000] {taskmixin.py:205} WARNING - Dependency <Task(BashOperator): create_entry_group>, delete_entry_group already registered for DAG: example_complex
[2023-11-17T20:16:14.353+0000] {logging_mixin.py:137} INFO - [2023-11-17T20:16:14.353+0000] {taskmixin.py:205} WARNING - Dependency <Task(BashOperator): delete_entry_group>, create_entry_group already registered for DAG: example_complex
[2023-11-17T20:16:14.353+0000] {logging_mixin.py:137} INFO - [2023-11-17T20:16:14.353+0000] {taskmixin.py:205} WARNING - Dependency <Task(BashOperator): create_entry_gcs>, delete_entry already registered for DAG: example_complex
[2023-11-17T20:16:14.353+0000] {logging_mixin.py:137} INFO - [2023-11-17T20:16:14.353+0000] {taskmixin.py:205} WARNING - Dependency <Task(BashOperator): delete_entry>, create_entry_gcs already registered for DAG: example_complex
[2023-11-17T20:16:14.354+0000] {logging_mixin.py:137} INFO - [2023-11-17T20:16:14.353+0000] {taskmixin.py:205} WARNING - Dependency <Task(BashOperator): create_tag>, delete_tag already registered for DAG: example_complex
[2023-11-17T20:16:14.354+0000] {logging_mixin.py:137} INFO - [2023-11-17T20:16:14.354+0000] {taskmixin.py:205} WARNING - Dependency <Task(BashOperator): delete_tag>, create_tag already registered for DAG: example_complex
[2023-11-17T20:16:14.360+0000] {processor.py:753} INFO - DAG(s) dict_keys(['example_complex']) retrieved from /usr/local/python/3.10.8/lib/python3.10/site-packages/airflow/example_dags/example_complex.py
[2023-11-17T20:16:14.381+0000] {logging_mixin.py:137} INFO - [2023-11-17T20:16:14.381+0000] {dag.py:2690} INFO - Sync 1 DAGs
[2023-11-17T20:16:14.396+0000] {logging_mixin.py:137} INFO - [2023-11-17T20:16:14.396+0000] {dag.py:3437} INFO - Setting next_dagrun for example_complex to None, run_after=None
[2023-11-17T20:16:14.438+0000] {processor.py:175} INFO - Processing /usr/local/python/3.10.8/lib/python3.10/site-packages/airflow/example_dags/example_complex.py took 0.098 seconds
[2023-11-17T20:16:55.393+0000] {processor.py:153} INFO - Started process (PID=15730) to work on /usr/local/python/3.10.8/lib/python3.10/site-packages/airflow/example_dags/example_complex.py
[2023-11-17T20:16:55.394+0000] {processor.py:743} INFO - Processing file /usr/local/python/3.10.8/lib/python3.10/site-packages/airflow/example_dags/example_complex.py for tasks to queue
[2023-11-17T20:16:55.394+0000] {logging_mixin.py:137} INFO - [2023-11-17T20:16:55.394+0000] {dagbag.py:538} INFO - Filling up the DagBag from /usr/local/python/3.10.8/lib/python3.10/site-packages/airflow/example_dags/example_complex.py
[2023-11-17T20:16:55.408+0000] {logging_mixin.py:137} INFO - [2023-11-17T20:16:55.407+0000] {taskmixin.py:205} WARNING - Dependency <Task(BashOperator): create_entry_group>, delete_entry_group already registered for DAG: example_complex
[2023-11-17T20:16:55.408+0000] {logging_mixin.py:137} INFO - [2023-11-17T20:16:55.408+0000] {taskmixin.py:205} WARNING - Dependency <Task(BashOperator): delete_entry_group>, create_entry_group already registered for DAG: example_complex
[2023-11-17T20:16:55.408+0000] {logging_mixin.py:137} INFO - [2023-11-17T20:16:55.408+0000] {taskmixin.py:205} WARNING - Dependency <Task(BashOperator): create_entry_gcs>, delete_entry already registered for DAG: example_complex
[2023-11-17T20:16:55.408+0000] {logging_mixin.py:137} INFO - [2023-11-17T20:16:55.408+0000] {taskmixin.py:205} WARNING - Dependency <Task(BashOperator): delete_entry>, create_entry_gcs already registered for DAG: example_complex
[2023-11-17T20:16:55.409+0000] {logging_mixin.py:137} INFO - [2023-11-17T20:16:55.409+0000] {taskmixin.py:205} WARNING - Dependency <Task(BashOperator): create_tag>, delete_tag already registered for DAG: example_complex
[2023-11-17T20:16:55.409+0000] {logging_mixin.py:137} INFO - [2023-11-17T20:16:55.409+0000] {taskmixin.py:205} WARNING - Dependency <Task(BashOperator): delete_tag>, create_tag already registered for DAG: example_complex
[2023-11-17T20:16:55.419+0000] {processor.py:753} INFO - DAG(s) dict_keys(['example_complex']) retrieved from /usr/local/python/3.10.8/lib/python3.10/site-packages/airflow/example_dags/example_complex.py
[2023-11-17T20:16:55.451+0000] {logging_mixin.py:137} INFO - [2023-11-17T20:16:55.451+0000] {dag.py:2690} INFO - Sync 1 DAGs
[2023-11-17T20:16:55.472+0000] {logging_mixin.py:137} INFO - [2023-11-17T20:16:55.472+0000] {dag.py:3437} INFO - Setting next_dagrun for example_complex to None, run_after=None
[2023-11-17T20:16:55.514+0000] {processor.py:175} INFO - Processing /usr/local/python/3.10.8/lib/python3.10/site-packages/airflow/example_dags/example_complex.py took 0.123 seconds
[2023-11-17T20:17:41.250+0000] {processor.py:153} INFO - Started process (PID=16220) to work on /usr/local/python/3.10.8/lib/python3.10/site-packages/airflow/example_dags/example_complex.py
[2023-11-17T20:17:41.251+0000] {processor.py:743} INFO - Processing file /usr/local/python/3.10.8/lib/python3.10/site-packages/airflow/example_dags/example_complex.py for tasks to queue
[2023-11-17T20:17:41.251+0000] {logging_mixin.py:137} INFO - [2023-11-17T20:17:41.251+0000] {dagbag.py:538} INFO - Filling up the DagBag from /usr/local/python/3.10.8/lib/python3.10/site-packages/airflow/example_dags/example_complex.py
[2023-11-17T20:17:41.274+0000] {logging_mixin.py:137} INFO - [2023-11-17T20:17:41.273+0000] {taskmixin.py:205} WARNING - Dependency <Task(BashOperator): create_entry_group>, delete_entry_group already registered for DAG: example_complex
[2023-11-17T20:17:41.274+0000] {logging_mixin.py:137} INFO - [2023-11-17T20:17:41.274+0000] {taskmixin.py:205} WARNING - Dependency <Task(BashOperator): delete_entry_group>, create_entry_group already registered for DAG: example_complex
[2023-11-17T20:17:41.274+0000] {logging_mixin.py:137} INFO - [2023-11-17T20:17:41.274+0000] {taskmixin.py:205} WARNING - Dependency <Task(BashOperator): create_entry_gcs>, delete_entry already registered for DAG: example_complex
[2023-11-17T20:17:41.275+0000] {logging_mixin.py:137} INFO - [2023-11-17T20:17:41.274+0000] {taskmixin.py:205} WARNING - Dependency <Task(BashOperator): delete_entry>, create_entry_gcs already registered for DAG: example_complex
[2023-11-17T20:17:41.275+0000] {logging_mixin.py:137} INFO - [2023-11-17T20:17:41.275+0000] {taskmixin.py:205} WARNING - Dependency <Task(BashOperator): create_tag>, delete_tag already registered for DAG: example_complex
[2023-11-17T20:17:41.275+0000] {logging_mixin.py:137} INFO - [2023-11-17T20:17:41.275+0000] {taskmixin.py:205} WARNING - Dependency <Task(BashOperator): delete_tag>, create_tag already registered for DAG: example_complex
[2023-11-17T20:17:41.285+0000] {processor.py:753} INFO - DAG(s) dict_keys(['example_complex']) retrieved from /usr/local/python/3.10.8/lib/python3.10/site-packages/airflow/example_dags/example_complex.py
[2023-11-17T20:17:41.304+0000] {logging_mixin.py:137} INFO - [2023-11-17T20:17:41.304+0000] {dag.py:2690} INFO - Sync 1 DAGs
[2023-11-17T20:17:41.319+0000] {logging_mixin.py:137} INFO - [2023-11-17T20:17:41.319+0000] {dag.py:3437} INFO - Setting next_dagrun for example_complex to None, run_after=None
[2023-11-17T20:17:41.360+0000] {processor.py:175} INFO - Processing /usr/local/python/3.10.8/lib/python3.10/site-packages/airflow/example_dags/example_complex.py took 0.113 seconds
