[2023-11-17T20:11:51.338+0000] {processor.py:153} INFO - Started process (PID=13076) to work on /usr/local/python/3.10.8/lib/python3.10/site-packages/airflow/example_dags/example_nested_branch_dag.py
[2023-11-17T20:11:51.339+0000] {processor.py:743} INFO - Processing file /usr/local/python/3.10.8/lib/python3.10/site-packages/airflow/example_dags/example_nested_branch_dag.py for tasks to queue
[2023-11-17T20:11:51.339+0000] {logging_mixin.py:137} INFO - [2023-11-17T20:11:51.339+0000] {dagbag.py:538} INFO - Filling up the DagBag from /usr/local/python/3.10.8/lib/python3.10/site-packages/airflow/example_dags/example_nested_branch_dag.py
[2023-11-17T20:11:51.361+0000] {processor.py:753} INFO - DAG(s) dict_keys(['example_nested_branch_dag']) retrieved from /usr/local/python/3.10.8/lib/python3.10/site-packages/airflow/example_dags/example_nested_branch_dag.py
[2023-11-17T20:11:51.502+0000] {logging_mixin.py:137} INFO - [2023-11-17T20:11:51.502+0000] {manager.py:504} INFO - Created Permission View: can edit on DAG:example_nested_branch_dag
[2023-11-17T20:11:51.533+0000] {logging_mixin.py:137} INFO - [2023-11-17T20:11:51.533+0000] {manager.py:504} INFO - Created Permission View: can delete on DAG:example_nested_branch_dag
[2023-11-17T20:11:51.562+0000] {logging_mixin.py:137} INFO - [2023-11-17T20:11:51.562+0000] {manager.py:504} INFO - Created Permission View: can read on DAG:example_nested_branch_dag
[2023-11-17T20:11:51.563+0000] {logging_mixin.py:137} INFO - [2023-11-17T20:11:51.562+0000] {dag.py:2690} INFO - Sync 1 DAGs
[2023-11-17T20:11:51.570+0000] {logging_mixin.py:137} INFO - [2023-11-17T20:11:51.570+0000] {dag.py:2711} INFO - Creating ORM DAG for example_nested_branch_dag
[2023-11-17T20:11:51.578+0000] {logging_mixin.py:137} INFO - [2023-11-17T20:11:51.578+0000] {dag.py:3437} INFO - Setting next_dagrun for example_nested_branch_dag to 2023-11-16T00:00:00+00:00, run_after=2023-11-17T00:00:00+00:00
[2023-11-17T20:11:51.624+0000] {processor.py:175} INFO - Processing /usr/local/python/3.10.8/lib/python3.10/site-packages/airflow/example_dags/example_nested_branch_dag.py took 0.287 seconds
[2023-11-17T20:12:36.764+0000] {processor.py:153} INFO - Started process (PID=13376) to work on /usr/local/python/3.10.8/lib/python3.10/site-packages/airflow/example_dags/example_nested_branch_dag.py
[2023-11-17T20:12:36.764+0000] {processor.py:743} INFO - Processing file /usr/local/python/3.10.8/lib/python3.10/site-packages/airflow/example_dags/example_nested_branch_dag.py for tasks to queue
[2023-11-17T20:12:36.765+0000] {logging_mixin.py:137} INFO - [2023-11-17T20:12:36.765+0000] {dagbag.py:538} INFO - Filling up the DagBag from /usr/local/python/3.10.8/lib/python3.10/site-packages/airflow/example_dags/example_nested_branch_dag.py
[2023-11-17T20:12:36.789+0000] {processor.py:753} INFO - DAG(s) dict_keys(['example_nested_branch_dag']) retrieved from /usr/local/python/3.10.8/lib/python3.10/site-packages/airflow/example_dags/example_nested_branch_dag.py
[2023-11-17T20:12:36.803+0000] {logging_mixin.py:137} INFO - [2023-11-17T20:12:36.803+0000] {dag.py:2690} INFO - Sync 1 DAGs
[2023-11-17T20:12:36.819+0000] {logging_mixin.py:137} INFO - [2023-11-17T20:12:36.819+0000] {dag.py:3437} INFO - Setting next_dagrun for example_nested_branch_dag to 2023-11-16T00:00:00+00:00, run_after=2023-11-17T00:00:00+00:00
[2023-11-17T20:12:36.858+0000] {processor.py:175} INFO - Processing /usr/local/python/3.10.8/lib/python3.10/site-packages/airflow/example_dags/example_nested_branch_dag.py took 0.097 seconds
[2023-11-17T20:13:16.231+0000] {processor.py:153} INFO - Started process (PID=13644) to work on /usr/local/python/3.10.8/lib/python3.10/site-packages/airflow/example_dags/example_nested_branch_dag.py
[2023-11-17T20:13:16.232+0000] {processor.py:743} INFO - Processing file /usr/local/python/3.10.8/lib/python3.10/site-packages/airflow/example_dags/example_nested_branch_dag.py for tasks to queue
[2023-11-17T20:13:16.232+0000] {logging_mixin.py:137} INFO - [2023-11-17T20:13:16.232+0000] {dagbag.py:538} INFO - Filling up the DagBag from /usr/local/python/3.10.8/lib/python3.10/site-packages/airflow/example_dags/example_nested_branch_dag.py
[2023-11-17T20:13:16.260+0000] {processor.py:753} INFO - DAG(s) dict_keys(['example_nested_branch_dag']) retrieved from /usr/local/python/3.10.8/lib/python3.10/site-packages/airflow/example_dags/example_nested_branch_dag.py
[2023-11-17T20:13:16.276+0000] {logging_mixin.py:137} INFO - [2023-11-17T20:13:16.276+0000] {dag.py:2690} INFO - Sync 1 DAGs
[2023-11-17T20:13:16.291+0000] {logging_mixin.py:137} INFO - [2023-11-17T20:13:16.291+0000] {dag.py:3437} INFO - Setting next_dagrun for example_nested_branch_dag to 2023-11-16T00:00:00+00:00, run_after=2023-11-17T00:00:00+00:00
[2023-11-17T20:13:16.330+0000] {processor.py:175} INFO - Processing /usr/local/python/3.10.8/lib/python3.10/site-packages/airflow/example_dags/example_nested_branch_dag.py took 0.101 seconds
[2023-11-17T20:13:55.291+0000] {processor.py:153} INFO - Started process (PID=13952) to work on /usr/local/python/3.10.8/lib/python3.10/site-packages/airflow/example_dags/example_nested_branch_dag.py
[2023-11-17T20:13:55.292+0000] {processor.py:743} INFO - Processing file /usr/local/python/3.10.8/lib/python3.10/site-packages/airflow/example_dags/example_nested_branch_dag.py for tasks to queue
[2023-11-17T20:13:55.292+0000] {logging_mixin.py:137} INFO - [2023-11-17T20:13:55.292+0000] {dagbag.py:538} INFO - Filling up the DagBag from /usr/local/python/3.10.8/lib/python3.10/site-packages/airflow/example_dags/example_nested_branch_dag.py
[2023-11-17T20:13:55.314+0000] {processor.py:753} INFO - DAG(s) dict_keys(['example_nested_branch_dag']) retrieved from /usr/local/python/3.10.8/lib/python3.10/site-packages/airflow/example_dags/example_nested_branch_dag.py
[2023-11-17T20:13:55.328+0000] {logging_mixin.py:137} INFO - [2023-11-17T20:13:55.328+0000] {dag.py:2690} INFO - Sync 1 DAGs
[2023-11-17T20:13:55.346+0000] {logging_mixin.py:137} INFO - [2023-11-17T20:13:55.346+0000] {dag.py:3437} INFO - Setting next_dagrun for example_nested_branch_dag to 2023-11-16T00:00:00+00:00, run_after=2023-11-17T00:00:00+00:00
[2023-11-17T20:13:55.389+0000] {processor.py:175} INFO - Processing /usr/local/python/3.10.8/lib/python3.10/site-packages/airflow/example_dags/example_nested_branch_dag.py took 0.101 seconds
[2023-11-17T20:14:35.963+0000] {processor.py:153} INFO - Started process (PID=14293) to work on /usr/local/python/3.10.8/lib/python3.10/site-packages/airflow/example_dags/example_nested_branch_dag.py
[2023-11-17T20:14:35.964+0000] {processor.py:743} INFO - Processing file /usr/local/python/3.10.8/lib/python3.10/site-packages/airflow/example_dags/example_nested_branch_dag.py for tasks to queue
[2023-11-17T20:14:35.965+0000] {logging_mixin.py:137} INFO - [2023-11-17T20:14:35.965+0000] {dagbag.py:538} INFO - Filling up the DagBag from /usr/local/python/3.10.8/lib/python3.10/site-packages/airflow/example_dags/example_nested_branch_dag.py
[2023-11-17T20:14:35.999+0000] {processor.py:753} INFO - DAG(s) dict_keys(['example_nested_branch_dag']) retrieved from /usr/local/python/3.10.8/lib/python3.10/site-packages/airflow/example_dags/example_nested_branch_dag.py
[2023-11-17T20:14:36.017+0000] {logging_mixin.py:137} INFO - [2023-11-17T20:14:36.017+0000] {dag.py:2690} INFO - Sync 1 DAGs
[2023-11-17T20:14:36.035+0000] {logging_mixin.py:137} INFO - [2023-11-17T20:14:36.035+0000] {dag.py:3437} INFO - Setting next_dagrun for example_nested_branch_dag to 2023-11-16T00:00:00+00:00, run_after=2023-11-17T00:00:00+00:00
[2023-11-17T20:14:36.081+0000] {processor.py:175} INFO - Processing /usr/local/python/3.10.8/lib/python3.10/site-packages/airflow/example_dags/example_nested_branch_dag.py took 0.121 seconds
[2023-11-17T20:15:18.115+0000] {processor.py:153} INFO - Started process (PID=14719) to work on /usr/local/python/3.10.8/lib/python3.10/site-packages/airflow/example_dags/example_nested_branch_dag.py
[2023-11-17T20:15:18.116+0000] {processor.py:743} INFO - Processing file /usr/local/python/3.10.8/lib/python3.10/site-packages/airflow/example_dags/example_nested_branch_dag.py for tasks to queue
[2023-11-17T20:15:18.116+0000] {logging_mixin.py:137} INFO - [2023-11-17T20:15:18.116+0000] {dagbag.py:538} INFO - Filling up the DagBag from /usr/local/python/3.10.8/lib/python3.10/site-packages/airflow/example_dags/example_nested_branch_dag.py
[2023-11-17T20:15:18.138+0000] {processor.py:753} INFO - DAG(s) dict_keys(['example_nested_branch_dag']) retrieved from /usr/local/python/3.10.8/lib/python3.10/site-packages/airflow/example_dags/example_nested_branch_dag.py
[2023-11-17T20:15:18.152+0000] {logging_mixin.py:137} INFO - [2023-11-17T20:15:18.151+0000] {dag.py:2690} INFO - Sync 1 DAGs
[2023-11-17T20:15:18.168+0000] {logging_mixin.py:137} INFO - [2023-11-17T20:15:18.168+0000] {dag.py:3437} INFO - Setting next_dagrun for example_nested_branch_dag to 2023-11-16T00:00:00+00:00, run_after=2023-11-17T00:00:00+00:00
[2023-11-17T20:15:18.207+0000] {processor.py:175} INFO - Processing /usr/local/python/3.10.8/lib/python3.10/site-packages/airflow/example_dags/example_nested_branch_dag.py took 0.094 seconds
[2023-11-17T20:15:59.313+0000] {processor.py:153} INFO - Started process (PID=15105) to work on /usr/local/python/3.10.8/lib/python3.10/site-packages/airflow/example_dags/example_nested_branch_dag.py
[2023-11-17T20:15:59.314+0000] {processor.py:743} INFO - Processing file /usr/local/python/3.10.8/lib/python3.10/site-packages/airflow/example_dags/example_nested_branch_dag.py for tasks to queue
[2023-11-17T20:15:59.314+0000] {logging_mixin.py:137} INFO - [2023-11-17T20:15:59.314+0000] {dagbag.py:538} INFO - Filling up the DagBag from /usr/local/python/3.10.8/lib/python3.10/site-packages/airflow/example_dags/example_nested_branch_dag.py
[2023-11-17T20:15:59.336+0000] {processor.py:753} INFO - DAG(s) dict_keys(['example_nested_branch_dag']) retrieved from /usr/local/python/3.10.8/lib/python3.10/site-packages/airflow/example_dags/example_nested_branch_dag.py
[2023-11-17T20:15:59.350+0000] {logging_mixin.py:137} INFO - [2023-11-17T20:15:59.350+0000] {dag.py:2690} INFO - Sync 1 DAGs
[2023-11-17T20:15:59.366+0000] {logging_mixin.py:137} INFO - [2023-11-17T20:15:59.366+0000] {dag.py:3437} INFO - Setting next_dagrun for example_nested_branch_dag to 2023-11-16T00:00:00+00:00, run_after=2023-11-17T00:00:00+00:00
[2023-11-17T20:15:59.405+0000] {processor.py:175} INFO - Processing /usr/local/python/3.10.8/lib/python3.10/site-packages/airflow/example_dags/example_nested_branch_dag.py took 0.095 seconds
[2023-11-17T20:16:38.035+0000] {processor.py:153} INFO - Started process (PID=15564) to work on /usr/local/python/3.10.8/lib/python3.10/site-packages/airflow/example_dags/example_nested_branch_dag.py
[2023-11-17T20:16:38.036+0000] {processor.py:743} INFO - Processing file /usr/local/python/3.10.8/lib/python3.10/site-packages/airflow/example_dags/example_nested_branch_dag.py for tasks to queue
[2023-11-17T20:16:38.037+0000] {logging_mixin.py:137} INFO - [2023-11-17T20:16:38.036+0000] {dagbag.py:538} INFO - Filling up the DagBag from /usr/local/python/3.10.8/lib/python3.10/site-packages/airflow/example_dags/example_nested_branch_dag.py
[2023-11-17T20:16:38.059+0000] {processor.py:753} INFO - DAG(s) dict_keys(['example_nested_branch_dag']) retrieved from /usr/local/python/3.10.8/lib/python3.10/site-packages/airflow/example_dags/example_nested_branch_dag.py
[2023-11-17T20:16:38.073+0000] {logging_mixin.py:137} INFO - [2023-11-17T20:16:38.073+0000] {dag.py:2690} INFO - Sync 1 DAGs
[2023-11-17T20:16:38.089+0000] {logging_mixin.py:137} INFO - [2023-11-17T20:16:38.089+0000] {dag.py:3437} INFO - Setting next_dagrun for example_nested_branch_dag to 2023-11-16T00:00:00+00:00, run_after=2023-11-17T00:00:00+00:00
[2023-11-17T20:16:38.130+0000] {processor.py:175} INFO - Processing /usr/local/python/3.10.8/lib/python3.10/site-packages/airflow/example_dags/example_nested_branch_dag.py took 0.096 seconds
[2023-11-17T20:17:18.803+0000] {processor.py:153} INFO - Started process (PID=15979) to work on /usr/local/python/3.10.8/lib/python3.10/site-packages/airflow/example_dags/example_nested_branch_dag.py
[2023-11-17T20:17:18.804+0000] {processor.py:743} INFO - Processing file /usr/local/python/3.10.8/lib/python3.10/site-packages/airflow/example_dags/example_nested_branch_dag.py for tasks to queue
[2023-11-17T20:17:18.805+0000] {logging_mixin.py:137} INFO - [2023-11-17T20:17:18.804+0000] {dagbag.py:538} INFO - Filling up the DagBag from /usr/local/python/3.10.8/lib/python3.10/site-packages/airflow/example_dags/example_nested_branch_dag.py
[2023-11-17T20:17:18.830+0000] {processor.py:753} INFO - DAG(s) dict_keys(['example_nested_branch_dag']) retrieved from /usr/local/python/3.10.8/lib/python3.10/site-packages/airflow/example_dags/example_nested_branch_dag.py
[2023-11-17T20:17:18.849+0000] {logging_mixin.py:137} INFO - [2023-11-17T20:17:18.848+0000] {dag.py:2690} INFO - Sync 1 DAGs
[2023-11-17T20:17:18.865+0000] {logging_mixin.py:137} INFO - [2023-11-17T20:17:18.865+0000] {dag.py:3437} INFO - Setting next_dagrun for example_nested_branch_dag to 2023-11-16T00:00:00+00:00, run_after=2023-11-17T00:00:00+00:00
[2023-11-17T20:17:18.903+0000] {processor.py:175} INFO - Processing /usr/local/python/3.10.8/lib/python3.10/site-packages/airflow/example_dags/example_nested_branch_dag.py took 0.102 seconds
