[2023-11-17T20:12:05.001+0000] {processor.py:153} INFO - Started process (PID=13165) to work on /usr/local/python/3.10.8/lib/python3.10/site-packages/airflow/example_dags/example_branch_day_of_week_operator.py
[2023-11-17T20:12:05.001+0000] {processor.py:743} INFO - Processing file /usr/local/python/3.10.8/lib/python3.10/site-packages/airflow/example_dags/example_branch_day_of_week_operator.py for tasks to queue
[2023-11-17T20:12:05.002+0000] {logging_mixin.py:137} INFO - [2023-11-17T20:12:05.002+0000] {dagbag.py:538} INFO - Filling up the DagBag from /usr/local/python/3.10.8/lib/python3.10/site-packages/airflow/example_dags/example_branch_day_of_week_operator.py
[2023-11-17T20:12:05.015+0000] {processor.py:753} INFO - DAG(s) dict_keys(['example_weekday_branch_operator']) retrieved from /usr/local/python/3.10.8/lib/python3.10/site-packages/airflow/example_dags/example_branch_day_of_week_operator.py
[2023-11-17T20:12:05.156+0000] {logging_mixin.py:137} INFO - [2023-11-17T20:12:05.156+0000] {manager.py:504} INFO - Created Permission View: can edit on DAG:example_weekday_branch_operator
[2023-11-17T20:12:05.188+0000] {logging_mixin.py:137} INFO - [2023-11-17T20:12:05.188+0000] {manager.py:504} INFO - Created Permission View: can delete on DAG:example_weekday_branch_operator
[2023-11-17T20:12:05.218+0000] {logging_mixin.py:137} INFO - [2023-11-17T20:12:05.218+0000] {manager.py:504} INFO - Created Permission View: can read on DAG:example_weekday_branch_operator
[2023-11-17T20:12:05.218+0000] {logging_mixin.py:137} INFO - [2023-11-17T20:12:05.218+0000] {dag.py:2690} INFO - Sync 1 DAGs
[2023-11-17T20:12:05.226+0000] {logging_mixin.py:137} INFO - [2023-11-17T20:12:05.226+0000] {dag.py:2711} INFO - Creating ORM DAG for example_weekday_branch_operator
[2023-11-17T20:12:05.234+0000] {logging_mixin.py:137} INFO - [2023-11-17T20:12:05.234+0000] {dag.py:3437} INFO - Setting next_dagrun for example_weekday_branch_operator to 2023-11-16T00:00:00+00:00, run_after=2023-11-17T00:00:00+00:00
[2023-11-17T20:12:05.273+0000] {processor.py:175} INFO - Processing /usr/local/python/3.10.8/lib/python3.10/site-packages/airflow/example_dags/example_branch_day_of_week_operator.py took 0.274 seconds
[2023-11-17T20:12:47.187+0000] {processor.py:153} INFO - Started process (PID=13447) to work on /usr/local/python/3.10.8/lib/python3.10/site-packages/airflow/example_dags/example_branch_day_of_week_operator.py
[2023-11-17T20:12:47.188+0000] {processor.py:743} INFO - Processing file /usr/local/python/3.10.8/lib/python3.10/site-packages/airflow/example_dags/example_branch_day_of_week_operator.py for tasks to queue
[2023-11-17T20:12:47.188+0000] {logging_mixin.py:137} INFO - [2023-11-17T20:12:47.188+0000] {dagbag.py:538} INFO - Filling up the DagBag from /usr/local/python/3.10.8/lib/python3.10/site-packages/airflow/example_dags/example_branch_day_of_week_operator.py
[2023-11-17T20:12:47.202+0000] {processor.py:753} INFO - DAG(s) dict_keys(['example_weekday_branch_operator']) retrieved from /usr/local/python/3.10.8/lib/python3.10/site-packages/airflow/example_dags/example_branch_day_of_week_operator.py
[2023-11-17T20:12:47.217+0000] {logging_mixin.py:137} INFO - [2023-11-17T20:12:47.217+0000] {dag.py:2690} INFO - Sync 1 DAGs
[2023-11-17T20:12:47.234+0000] {logging_mixin.py:137} INFO - [2023-11-17T20:12:47.233+0000] {dag.py:3437} INFO - Setting next_dagrun for example_weekday_branch_operator to 2023-11-16T00:00:00+00:00, run_after=2023-11-17T00:00:00+00:00
[2023-11-17T20:12:47.276+0000] {processor.py:175} INFO - Processing /usr/local/python/3.10.8/lib/python3.10/site-packages/airflow/example_dags/example_branch_day_of_week_operator.py took 0.090 seconds
[2023-11-17T20:13:27.345+0000] {processor.py:153} INFO - Started process (PID=13714) to work on /usr/local/python/3.10.8/lib/python3.10/site-packages/airflow/example_dags/example_branch_day_of_week_operator.py
[2023-11-17T20:13:27.346+0000] {processor.py:743} INFO - Processing file /usr/local/python/3.10.8/lib/python3.10/site-packages/airflow/example_dags/example_branch_day_of_week_operator.py for tasks to queue
[2023-11-17T20:13:27.346+0000] {logging_mixin.py:137} INFO - [2023-11-17T20:13:27.346+0000] {dagbag.py:538} INFO - Filling up the DagBag from /usr/local/python/3.10.8/lib/python3.10/site-packages/airflow/example_dags/example_branch_day_of_week_operator.py
[2023-11-17T20:13:27.367+0000] {processor.py:753} INFO - DAG(s) dict_keys(['example_weekday_branch_operator']) retrieved from /usr/local/python/3.10.8/lib/python3.10/site-packages/airflow/example_dags/example_branch_day_of_week_operator.py
[2023-11-17T20:13:27.387+0000] {logging_mixin.py:137} INFO - [2023-11-17T20:13:27.387+0000] {dag.py:2690} INFO - Sync 1 DAGs
[2023-11-17T20:13:27.412+0000] {logging_mixin.py:137} INFO - [2023-11-17T20:13:27.411+0000] {dag.py:3437} INFO - Setting next_dagrun for example_weekday_branch_operator to 2023-11-16T00:00:00+00:00, run_after=2023-11-17T00:00:00+00:00
[2023-11-17T20:13:27.457+0000] {processor.py:175} INFO - Processing /usr/local/python/3.10.8/lib/python3.10/site-packages/airflow/example_dags/example_branch_day_of_week_operator.py took 0.114 seconds
[2023-11-17T20:14:05.670+0000] {processor.py:153} INFO - Started process (PID=14073) to work on /usr/local/python/3.10.8/lib/python3.10/site-packages/airflow/example_dags/example_branch_day_of_week_operator.py
[2023-11-17T20:14:05.671+0000] {processor.py:743} INFO - Processing file /usr/local/python/3.10.8/lib/python3.10/site-packages/airflow/example_dags/example_branch_day_of_week_operator.py for tasks to queue
[2023-11-17T20:14:05.672+0000] {logging_mixin.py:137} INFO - [2023-11-17T20:14:05.671+0000] {dagbag.py:538} INFO - Filling up the DagBag from /usr/local/python/3.10.8/lib/python3.10/site-packages/airflow/example_dags/example_branch_day_of_week_operator.py
[2023-11-17T20:14:05.685+0000] {processor.py:753} INFO - DAG(s) dict_keys(['example_weekday_branch_operator']) retrieved from /usr/local/python/3.10.8/lib/python3.10/site-packages/airflow/example_dags/example_branch_day_of_week_operator.py
[2023-11-17T20:14:05.700+0000] {logging_mixin.py:137} INFO - [2023-11-17T20:14:05.700+0000] {dag.py:2690} INFO - Sync 1 DAGs
[2023-11-17T20:14:05.716+0000] {logging_mixin.py:137} INFO - [2023-11-17T20:14:05.716+0000] {dag.py:3437} INFO - Setting next_dagrun for example_weekday_branch_operator to 2023-11-16T00:00:00+00:00, run_after=2023-11-17T00:00:00+00:00
[2023-11-17T20:14:05.757+0000] {processor.py:175} INFO - Processing /usr/local/python/3.10.8/lib/python3.10/site-packages/airflow/example_dags/example_branch_day_of_week_operator.py took 0.089 seconds
[2023-11-17T20:14:47.781+0000] {processor.py:153} INFO - Started process (PID=14422) to work on /usr/local/python/3.10.8/lib/python3.10/site-packages/airflow/example_dags/example_branch_day_of_week_operator.py
[2023-11-17T20:14:47.781+0000] {processor.py:743} INFO - Processing file /usr/local/python/3.10.8/lib/python3.10/site-packages/airflow/example_dags/example_branch_day_of_week_operator.py for tasks to queue
[2023-11-17T20:14:47.782+0000] {logging_mixin.py:137} INFO - [2023-11-17T20:14:47.782+0000] {dagbag.py:538} INFO - Filling up the DagBag from /usr/local/python/3.10.8/lib/python3.10/site-packages/airflow/example_dags/example_branch_day_of_week_operator.py
[2023-11-17T20:14:47.795+0000] {processor.py:753} INFO - DAG(s) dict_keys(['example_weekday_branch_operator']) retrieved from /usr/local/python/3.10.8/lib/python3.10/site-packages/airflow/example_dags/example_branch_day_of_week_operator.py
[2023-11-17T20:14:47.811+0000] {logging_mixin.py:137} INFO - [2023-11-17T20:14:47.810+0000] {dag.py:2690} INFO - Sync 1 DAGs
[2023-11-17T20:14:47.828+0000] {logging_mixin.py:137} INFO - [2023-11-17T20:14:47.828+0000] {dag.py:3437} INFO - Setting next_dagrun for example_weekday_branch_operator to 2023-11-16T00:00:00+00:00, run_after=2023-11-17T00:00:00+00:00
[2023-11-17T20:14:47.866+0000] {processor.py:175} INFO - Processing /usr/local/python/3.10.8/lib/python3.10/site-packages/airflow/example_dags/example_branch_day_of_week_operator.py took 0.087 seconds
[2023-11-17T20:15:30.257+0000] {processor.py:153} INFO - Started process (PID=14837) to work on /usr/local/python/3.10.8/lib/python3.10/site-packages/airflow/example_dags/example_branch_day_of_week_operator.py
[2023-11-17T20:15:30.257+0000] {processor.py:743} INFO - Processing file /usr/local/python/3.10.8/lib/python3.10/site-packages/airflow/example_dags/example_branch_day_of_week_operator.py for tasks to queue
[2023-11-17T20:15:30.258+0000] {logging_mixin.py:137} INFO - [2023-11-17T20:15:30.258+0000] {dagbag.py:538} INFO - Filling up the DagBag from /usr/local/python/3.10.8/lib/python3.10/site-packages/airflow/example_dags/example_branch_day_of_week_operator.py
[2023-11-17T20:15:30.273+0000] {processor.py:753} INFO - DAG(s) dict_keys(['example_weekday_branch_operator']) retrieved from /usr/local/python/3.10.8/lib/python3.10/site-packages/airflow/example_dags/example_branch_day_of_week_operator.py
[2023-11-17T20:15:30.287+0000] {logging_mixin.py:137} INFO - [2023-11-17T20:15:30.287+0000] {dag.py:2690} INFO - Sync 1 DAGs
[2023-11-17T20:15:30.304+0000] {logging_mixin.py:137} INFO - [2023-11-17T20:15:30.303+0000] {dag.py:3437} INFO - Setting next_dagrun for example_weekday_branch_operator to 2023-11-16T00:00:00+00:00, run_after=2023-11-17T00:00:00+00:00
[2023-11-17T20:15:30.343+0000] {processor.py:175} INFO - Processing /usr/local/python/3.10.8/lib/python3.10/site-packages/airflow/example_dags/example_branch_day_of_week_operator.py took 0.088 seconds
[2023-11-17T20:16:10.742+0000] {processor.py:153} INFO - Started process (PID=15249) to work on /usr/local/python/3.10.8/lib/python3.10/site-packages/airflow/example_dags/example_branch_day_of_week_operator.py
[2023-11-17T20:16:10.742+0000] {processor.py:743} INFO - Processing file /usr/local/python/3.10.8/lib/python3.10/site-packages/airflow/example_dags/example_branch_day_of_week_operator.py for tasks to queue
[2023-11-17T20:16:10.743+0000] {logging_mixin.py:137} INFO - [2023-11-17T20:16:10.743+0000] {dagbag.py:538} INFO - Filling up the DagBag from /usr/local/python/3.10.8/lib/python3.10/site-packages/airflow/example_dags/example_branch_day_of_week_operator.py
[2023-11-17T20:16:10.757+0000] {processor.py:753} INFO - DAG(s) dict_keys(['example_weekday_branch_operator']) retrieved from /usr/local/python/3.10.8/lib/python3.10/site-packages/airflow/example_dags/example_branch_day_of_week_operator.py
[2023-11-17T20:16:10.771+0000] {logging_mixin.py:137} INFO - [2023-11-17T20:16:10.771+0000] {dag.py:2690} INFO - Sync 1 DAGs
[2023-11-17T20:16:10.787+0000] {logging_mixin.py:137} INFO - [2023-11-17T20:16:10.787+0000] {dag.py:3437} INFO - Setting next_dagrun for example_weekday_branch_operator to 2023-11-16T00:00:00+00:00, run_after=2023-11-17T00:00:00+00:00
[2023-11-17T20:16:10.827+0000] {processor.py:175} INFO - Processing /usr/local/python/3.10.8/lib/python3.10/site-packages/airflow/example_dags/example_branch_day_of_week_operator.py took 0.087 seconds
[2023-11-17T20:16:50.828+0000] {processor.py:153} INFO - Started process (PID=15685) to work on /usr/local/python/3.10.8/lib/python3.10/site-packages/airflow/example_dags/example_branch_day_of_week_operator.py
[2023-11-17T20:16:50.829+0000] {processor.py:743} INFO - Processing file /usr/local/python/3.10.8/lib/python3.10/site-packages/airflow/example_dags/example_branch_day_of_week_operator.py for tasks to queue
[2023-11-17T20:16:50.829+0000] {logging_mixin.py:137} INFO - [2023-11-17T20:16:50.829+0000] {dagbag.py:538} INFO - Filling up the DagBag from /usr/local/python/3.10.8/lib/python3.10/site-packages/airflow/example_dags/example_branch_day_of_week_operator.py
[2023-11-17T20:16:50.843+0000] {processor.py:753} INFO - DAG(s) dict_keys(['example_weekday_branch_operator']) retrieved from /usr/local/python/3.10.8/lib/python3.10/site-packages/airflow/example_dags/example_branch_day_of_week_operator.py
[2023-11-17T20:16:50.858+0000] {logging_mixin.py:137} INFO - [2023-11-17T20:16:50.858+0000] {dag.py:2690} INFO - Sync 1 DAGs
[2023-11-17T20:16:50.876+0000] {logging_mixin.py:137} INFO - [2023-11-17T20:16:50.876+0000] {dag.py:3437} INFO - Setting next_dagrun for example_weekday_branch_operator to 2023-11-16T00:00:00+00:00, run_after=2023-11-17T00:00:00+00:00
[2023-11-17T20:16:50.915+0000] {processor.py:175} INFO - Processing /usr/local/python/3.10.8/lib/python3.10/site-packages/airflow/example_dags/example_branch_day_of_week_operator.py took 0.089 seconds
[2023-11-17T20:17:31.665+0000] {processor.py:153} INFO - Started process (PID=16123) to work on /usr/local/python/3.10.8/lib/python3.10/site-packages/airflow/example_dags/example_branch_day_of_week_operator.py
[2023-11-17T20:17:31.665+0000] {processor.py:743} INFO - Processing file /usr/local/python/3.10.8/lib/python3.10/site-packages/airflow/example_dags/example_branch_day_of_week_operator.py for tasks to queue
[2023-11-17T20:17:31.666+0000] {logging_mixin.py:137} INFO - [2023-11-17T20:17:31.666+0000] {dagbag.py:538} INFO - Filling up the DagBag from /usr/local/python/3.10.8/lib/python3.10/site-packages/airflow/example_dags/example_branch_day_of_week_operator.py
[2023-11-17T20:17:31.679+0000] {processor.py:753} INFO - DAG(s) dict_keys(['example_weekday_branch_operator']) retrieved from /usr/local/python/3.10.8/lib/python3.10/site-packages/airflow/example_dags/example_branch_day_of_week_operator.py
[2023-11-17T20:17:31.693+0000] {logging_mixin.py:137} INFO - [2023-11-17T20:17:31.693+0000] {dag.py:2690} INFO - Sync 1 DAGs
[2023-11-17T20:17:31.709+0000] {logging_mixin.py:137} INFO - [2023-11-17T20:17:31.708+0000] {dag.py:3437} INFO - Setting next_dagrun for example_weekday_branch_operator to 2023-11-16T00:00:00+00:00, run_after=2023-11-17T00:00:00+00:00
[2023-11-17T20:17:31.749+0000] {processor.py:175} INFO - Processing /usr/local/python/3.10.8/lib/python3.10/site-packages/airflow/example_dags/example_branch_day_of_week_operator.py took 0.087 seconds
