[2023-11-17T20:11:36.373+0000] {processor.py:153} INFO - Started process (PID=12966) to work on /usr/local/python/3.10.8/lib/python3.10/site-packages/airflow/example_dags/example_subdag_operator.py
[2023-11-17T20:11:36.373+0000] {processor.py:743} INFO - Processing file /usr/local/python/3.10.8/lib/python3.10/site-packages/airflow/example_dags/example_subdag_operator.py for tasks to queue
[2023-11-17T20:11:36.374+0000] {logging_mixin.py:137} INFO - [2023-11-17T20:11:36.374+0000] {dagbag.py:538} INFO - Filling up the DagBag from /usr/local/python/3.10.8/lib/python3.10/site-packages/airflow/example_dags/example_subdag_operator.py
[2023-11-17T20:11:36.402+0000] {processor.py:753} INFO - DAG(s) dict_keys(['example_subdag_operator.section-1', 'example_subdag_operator.section-2', 'example_subdag_operator']) retrieved from /usr/local/python/3.10.8/lib/python3.10/site-packages/airflow/example_dags/example_subdag_operator.py
[2023-11-17T20:11:36.595+0000] {logging_mixin.py:137} INFO - [2023-11-17T20:11:36.595+0000] {manager.py:504} INFO - Created Permission View: can edit on DAG:example_subdag_operator
[2023-11-17T20:11:36.642+0000] {logging_mixin.py:137} INFO - [2023-11-17T20:11:36.641+0000] {manager.py:504} INFO - Created Permission View: can delete on DAG:example_subdag_operator
[2023-11-17T20:11:36.680+0000] {logging_mixin.py:137} INFO - [2023-11-17T20:11:36.680+0000] {manager.py:504} INFO - Created Permission View: can read on DAG:example_subdag_operator
[2023-11-17T20:11:36.680+0000] {logging_mixin.py:137} INFO - [2023-11-17T20:11:36.680+0000] {dag.py:2690} INFO - Sync 3 DAGs
[2023-11-17T20:11:36.689+0000] {logging_mixin.py:137} INFO - [2023-11-17T20:11:36.689+0000] {dag.py:2711} INFO - Creating ORM DAG for example_subdag_operator.section-1
[2023-11-17T20:11:36.689+0000] {logging_mixin.py:137} INFO - [2023-11-17T20:11:36.689+0000] {dag.py:2711} INFO - Creating ORM DAG for example_subdag_operator
[2023-11-17T20:11:36.690+0000] {logging_mixin.py:137} INFO - [2023-11-17T20:11:36.690+0000] {dag.py:2711} INFO - Creating ORM DAG for example_subdag_operator.section-2
[2023-11-17T20:11:36.697+0000] {logging_mixin.py:137} INFO - [2023-11-17T20:11:36.697+0000] {dag.py:3437} INFO - Setting next_dagrun for example_subdag_operator to 2022-01-01T00:00:00+00:00, run_after=2022-01-01T00:00:00+00:00
[2023-11-17T20:11:36.698+0000] {logging_mixin.py:137} INFO - [2023-11-17T20:11:36.697+0000] {dag.py:3437} INFO - Setting next_dagrun for example_subdag_operator.section-1 to None, run_after=None
[2023-11-17T20:11:36.698+0000] {logging_mixin.py:137} INFO - [2023-11-17T20:11:36.698+0000] {dag.py:3437} INFO - Setting next_dagrun for example_subdag_operator.section-2 to None, run_after=None
[2023-11-17T20:11:36.706+0000] {logging_mixin.py:137} INFO - [2023-11-17T20:11:36.705+0000] {dag.py:2690} INFO - Sync 2 DAGs
[2023-11-17T20:11:36.714+0000] {logging_mixin.py:137} INFO - [2023-11-17T20:11:36.714+0000] {dag.py:3437} INFO - Setting next_dagrun for example_subdag_operator.section-1 to None, run_after=None
[2023-11-17T20:11:36.715+0000] {logging_mixin.py:137} INFO - [2023-11-17T20:11:36.715+0000] {dag.py:3437} INFO - Setting next_dagrun for example_subdag_operator.section-2 to None, run_after=None
[2023-11-17T20:11:36.758+0000] {processor.py:175} INFO - Processing /usr/local/python/3.10.8/lib/python3.10/site-packages/airflow/example_dags/example_subdag_operator.py took 0.388 seconds
[2023-11-17T20:12:24.966+0000] {processor.py:153} INFO - Started process (PID=13296) to work on /usr/local/python/3.10.8/lib/python3.10/site-packages/airflow/example_dags/example_subdag_operator.py
[2023-11-17T20:12:24.967+0000] {processor.py:743} INFO - Processing file /usr/local/python/3.10.8/lib/python3.10/site-packages/airflow/example_dags/example_subdag_operator.py for tasks to queue
[2023-11-17T20:12:24.967+0000] {logging_mixin.py:137} INFO - [2023-11-17T20:12:24.967+0000] {dagbag.py:538} INFO - Filling up the DagBag from /usr/local/python/3.10.8/lib/python3.10/site-packages/airflow/example_dags/example_subdag_operator.py
[2023-11-17T20:12:24.992+0000] {processor.py:753} INFO - DAG(s) dict_keys(['example_subdag_operator.section-1', 'example_subdag_operator.section-2', 'example_subdag_operator']) retrieved from /usr/local/python/3.10.8/lib/python3.10/site-packages/airflow/example_dags/example_subdag_operator.py
[2023-11-17T20:12:25.006+0000] {logging_mixin.py:137} INFO - [2023-11-17T20:12:25.006+0000] {dag.py:2690} INFO - Sync 3 DAGs
[2023-11-17T20:12:25.022+0000] {logging_mixin.py:137} INFO - [2023-11-17T20:12:25.022+0000] {dag.py:3437} INFO - Setting next_dagrun for example_subdag_operator to 2022-01-01T00:00:00+00:00, run_after=2022-01-01T00:00:00+00:00
[2023-11-17T20:12:25.024+0000] {logging_mixin.py:137} INFO - [2023-11-17T20:12:25.024+0000] {dag.py:3437} INFO - Setting next_dagrun for example_subdag_operator.section-1 to None, run_after=None
[2023-11-17T20:12:25.025+0000] {logging_mixin.py:137} INFO - [2023-11-17T20:12:25.025+0000] {dag.py:3437} INFO - Setting next_dagrun for example_subdag_operator.section-2 to None, run_after=None
[2023-11-17T20:12:25.029+0000] {logging_mixin.py:137} INFO - [2023-11-17T20:12:25.029+0000] {dag.py:2690} INFO - Sync 2 DAGs
[2023-11-17T20:12:25.032+0000] {logging_mixin.py:137} INFO - [2023-11-17T20:12:25.032+0000] {dag.py:3437} INFO - Setting next_dagrun for example_subdag_operator.section-1 to None, run_after=None
[2023-11-17T20:12:25.033+0000] {logging_mixin.py:137} INFO - [2023-11-17T20:12:25.033+0000] {dag.py:3437} INFO - Setting next_dagrun for example_subdag_operator.section-2 to None, run_after=None
[2023-11-17T20:12:25.072+0000] {processor.py:175} INFO - Processing /usr/local/python/3.10.8/lib/python3.10/site-packages/airflow/example_dags/example_subdag_operator.py took 0.108 seconds
[2023-11-17T20:13:04.142+0000] {processor.py:153} INFO - Started process (PID=13566) to work on /usr/local/python/3.10.8/lib/python3.10/site-packages/airflow/example_dags/example_subdag_operator.py
[2023-11-17T20:13:04.142+0000] {processor.py:743} INFO - Processing file /usr/local/python/3.10.8/lib/python3.10/site-packages/airflow/example_dags/example_subdag_operator.py for tasks to queue
[2023-11-17T20:13:04.143+0000] {logging_mixin.py:137} INFO - [2023-11-17T20:13:04.143+0000] {dagbag.py:538} INFO - Filling up the DagBag from /usr/local/python/3.10.8/lib/python3.10/site-packages/airflow/example_dags/example_subdag_operator.py
[2023-11-17T20:13:04.165+0000] {processor.py:753} INFO - DAG(s) dict_keys(['example_subdag_operator.section-1', 'example_subdag_operator.section-2', 'example_subdag_operator']) retrieved from /usr/local/python/3.10.8/lib/python3.10/site-packages/airflow/example_dags/example_subdag_operator.py
[2023-11-17T20:13:04.178+0000] {logging_mixin.py:137} INFO - [2023-11-17T20:13:04.178+0000] {dag.py:2690} INFO - Sync 3 DAGs
[2023-11-17T20:13:04.195+0000] {logging_mixin.py:137} INFO - [2023-11-17T20:13:04.194+0000] {dag.py:3437} INFO - Setting next_dagrun for example_subdag_operator to 2022-01-01T00:00:00+00:00, run_after=2022-01-01T00:00:00+00:00
[2023-11-17T20:13:04.197+0000] {logging_mixin.py:137} INFO - [2023-11-17T20:13:04.197+0000] {dag.py:3437} INFO - Setting next_dagrun for example_subdag_operator.section-1 to None, run_after=None
[2023-11-17T20:13:04.197+0000] {logging_mixin.py:137} INFO - [2023-11-17T20:13:04.197+0000] {dag.py:3437} INFO - Setting next_dagrun for example_subdag_operator.section-2 to None, run_after=None
[2023-11-17T20:13:04.202+0000] {logging_mixin.py:137} INFO - [2023-11-17T20:13:04.202+0000] {dag.py:2690} INFO - Sync 2 DAGs
[2023-11-17T20:13:04.205+0000] {logging_mixin.py:137} INFO - [2023-11-17T20:13:04.205+0000] {dag.py:3437} INFO - Setting next_dagrun for example_subdag_operator.section-1 to None, run_after=None
[2023-11-17T20:13:04.205+0000] {logging_mixin.py:137} INFO - [2023-11-17T20:13:04.205+0000] {dag.py:3437} INFO - Setting next_dagrun for example_subdag_operator.section-2 to None, run_after=None
[2023-11-17T20:13:04.239+0000] {processor.py:175} INFO - Processing /usr/local/python/3.10.8/lib/python3.10/site-packages/airflow/example_dags/example_subdag_operator.py took 0.099 seconds
[2023-11-17T20:13:43.552+0000] {processor.py:153} INFO - Started process (PID=13840) to work on /usr/local/python/3.10.8/lib/python3.10/site-packages/airflow/example_dags/example_subdag_operator.py
[2023-11-17T20:13:43.553+0000] {processor.py:743} INFO - Processing file /usr/local/python/3.10.8/lib/python3.10/site-packages/airflow/example_dags/example_subdag_operator.py for tasks to queue
[2023-11-17T20:13:43.554+0000] {logging_mixin.py:137} INFO - [2023-11-17T20:13:43.554+0000] {dagbag.py:538} INFO - Filling up the DagBag from /usr/local/python/3.10.8/lib/python3.10/site-packages/airflow/example_dags/example_subdag_operator.py
[2023-11-17T20:13:43.576+0000] {processor.py:753} INFO - DAG(s) dict_keys(['example_subdag_operator.section-1', 'example_subdag_operator.section-2', 'example_subdag_operator']) retrieved from /usr/local/python/3.10.8/lib/python3.10/site-packages/airflow/example_dags/example_subdag_operator.py
[2023-11-17T20:13:43.590+0000] {logging_mixin.py:137} INFO - [2023-11-17T20:13:43.590+0000] {dag.py:2690} INFO - Sync 3 DAGs
[2023-11-17T20:13:43.605+0000] {logging_mixin.py:137} INFO - [2023-11-17T20:13:43.604+0000] {dag.py:3437} INFO - Setting next_dagrun for example_subdag_operator to 2022-01-01T00:00:00+00:00, run_after=2022-01-01T00:00:00+00:00
[2023-11-17T20:13:43.607+0000] {logging_mixin.py:137} INFO - [2023-11-17T20:13:43.607+0000] {dag.py:3437} INFO - Setting next_dagrun for example_subdag_operator.section-1 to None, run_after=None
[2023-11-17T20:13:43.608+0000] {logging_mixin.py:137} INFO - [2023-11-17T20:13:43.608+0000] {dag.py:3437} INFO - Setting next_dagrun for example_subdag_operator.section-2 to None, run_after=None
[2023-11-17T20:13:43.612+0000] {logging_mixin.py:137} INFO - [2023-11-17T20:13:43.612+0000] {dag.py:2690} INFO - Sync 2 DAGs
[2023-11-17T20:13:43.615+0000] {logging_mixin.py:137} INFO - [2023-11-17T20:13:43.615+0000] {dag.py:3437} INFO - Setting next_dagrun for example_subdag_operator.section-1 to None, run_after=None
[2023-11-17T20:13:43.615+0000] {logging_mixin.py:137} INFO - [2023-11-17T20:13:43.615+0000] {dag.py:3437} INFO - Setting next_dagrun for example_subdag_operator.section-2 to None, run_after=None
[2023-11-17T20:13:43.652+0000] {processor.py:175} INFO - Processing /usr/local/python/3.10.8/lib/python3.10/site-packages/airflow/example_dags/example_subdag_operator.py took 0.102 seconds
[2023-11-17T20:14:23.667+0000] {processor.py:153} INFO - Started process (PID=14213) to work on /usr/local/python/3.10.8/lib/python3.10/site-packages/airflow/example_dags/example_subdag_operator.py
[2023-11-17T20:14:23.668+0000] {processor.py:743} INFO - Processing file /usr/local/python/3.10.8/lib/python3.10/site-packages/airflow/example_dags/example_subdag_operator.py for tasks to queue
[2023-11-17T20:14:23.669+0000] {logging_mixin.py:137} INFO - [2023-11-17T20:14:23.669+0000] {dagbag.py:538} INFO - Filling up the DagBag from /usr/local/python/3.10.8/lib/python3.10/site-packages/airflow/example_dags/example_subdag_operator.py
[2023-11-17T20:14:23.697+0000] {processor.py:753} INFO - DAG(s) dict_keys(['example_subdag_operator.section-1', 'example_subdag_operator.section-2', 'example_subdag_operator']) retrieved from /usr/local/python/3.10.8/lib/python3.10/site-packages/airflow/example_dags/example_subdag_operator.py
[2023-11-17T20:14:23.715+0000] {logging_mixin.py:137} INFO - [2023-11-17T20:14:23.715+0000] {dag.py:2690} INFO - Sync 3 DAGs
[2023-11-17T20:14:23.730+0000] {logging_mixin.py:137} INFO - [2023-11-17T20:14:23.730+0000] {dag.py:3437} INFO - Setting next_dagrun for example_subdag_operator to 2022-01-01T00:00:00+00:00, run_after=2022-01-01T00:00:00+00:00
[2023-11-17T20:14:23.733+0000] {logging_mixin.py:137} INFO - [2023-11-17T20:14:23.733+0000] {dag.py:3437} INFO - Setting next_dagrun for example_subdag_operator.section-1 to None, run_after=None
[2023-11-17T20:14:23.734+0000] {logging_mixin.py:137} INFO - [2023-11-17T20:14:23.734+0000] {dag.py:3437} INFO - Setting next_dagrun for example_subdag_operator.section-2 to None, run_after=None
[2023-11-17T20:14:23.741+0000] {logging_mixin.py:137} INFO - [2023-11-17T20:14:23.740+0000] {dag.py:2690} INFO - Sync 2 DAGs
[2023-11-17T20:14:23.743+0000] {logging_mixin.py:137} INFO - [2023-11-17T20:14:23.743+0000] {dag.py:3437} INFO - Setting next_dagrun for example_subdag_operator.section-1 to None, run_after=None
[2023-11-17T20:14:23.744+0000] {logging_mixin.py:137} INFO - [2023-11-17T20:14:23.744+0000] {dag.py:3437} INFO - Setting next_dagrun for example_subdag_operator.section-2 to None, run_after=None
[2023-11-17T20:14:23.778+0000] {processor.py:175} INFO - Processing /usr/local/python/3.10.8/lib/python3.10/site-packages/airflow/example_dags/example_subdag_operator.py took 0.113 seconds
[2023-11-17T20:15:01.123+0000] {processor.py:153} INFO - Started process (PID=14565) to work on /usr/local/python/3.10.8/lib/python3.10/site-packages/airflow/example_dags/example_subdag_operator.py
[2023-11-17T20:15:01.124+0000] {processor.py:743} INFO - Processing file /usr/local/python/3.10.8/lib/python3.10/site-packages/airflow/example_dags/example_subdag_operator.py for tasks to queue
[2023-11-17T20:15:01.125+0000] {logging_mixin.py:137} INFO - [2023-11-17T20:15:01.124+0000] {dagbag.py:538} INFO - Filling up the DagBag from /usr/local/python/3.10.8/lib/python3.10/site-packages/airflow/example_dags/example_subdag_operator.py
[2023-11-17T20:15:01.145+0000] {processor.py:753} INFO - DAG(s) dict_keys(['example_subdag_operator.section-1', 'example_subdag_operator.section-2', 'example_subdag_operator']) retrieved from /usr/local/python/3.10.8/lib/python3.10/site-packages/airflow/example_dags/example_subdag_operator.py
[2023-11-17T20:15:01.159+0000] {logging_mixin.py:137} INFO - [2023-11-17T20:15:01.159+0000] {dag.py:2690} INFO - Sync 3 DAGs
[2023-11-17T20:15:01.174+0000] {logging_mixin.py:137} INFO - [2023-11-17T20:15:01.174+0000] {dag.py:3437} INFO - Setting next_dagrun for example_subdag_operator to 2022-01-01T00:00:00+00:00, run_after=2022-01-01T00:00:00+00:00
[2023-11-17T20:15:01.176+0000] {logging_mixin.py:137} INFO - [2023-11-17T20:15:01.176+0000] {dag.py:3437} INFO - Setting next_dagrun for example_subdag_operator.section-1 to None, run_after=None
[2023-11-17T20:15:01.177+0000] {logging_mixin.py:137} INFO - [2023-11-17T20:15:01.177+0000] {dag.py:3437} INFO - Setting next_dagrun for example_subdag_operator.section-2 to None, run_after=None
[2023-11-17T20:15:01.181+0000] {logging_mixin.py:137} INFO - [2023-11-17T20:15:01.181+0000] {dag.py:2690} INFO - Sync 2 DAGs
[2023-11-17T20:15:01.185+0000] {logging_mixin.py:137} INFO - [2023-11-17T20:15:01.184+0000] {dag.py:3437} INFO - Setting next_dagrun for example_subdag_operator.section-1 to None, run_after=None
[2023-11-17T20:15:01.185+0000] {logging_mixin.py:137} INFO - [2023-11-17T20:15:01.185+0000] {dag.py:3437} INFO - Setting next_dagrun for example_subdag_operator.section-2 to None, run_after=None
[2023-11-17T20:15:01.221+0000] {processor.py:175} INFO - Processing /usr/local/python/3.10.8/lib/python3.10/site-packages/airflow/example_dags/example_subdag_operator.py took 0.100 seconds
[2023-11-17T20:15:41.537+0000] {processor.py:153} INFO - Started process (PID=14930) to work on /usr/local/python/3.10.8/lib/python3.10/site-packages/airflow/example_dags/example_subdag_operator.py
[2023-11-17T20:15:41.538+0000] {processor.py:743} INFO - Processing file /usr/local/python/3.10.8/lib/python3.10/site-packages/airflow/example_dags/example_subdag_operator.py for tasks to queue
[2023-11-17T20:15:41.538+0000] {logging_mixin.py:137} INFO - [2023-11-17T20:15:41.538+0000] {dagbag.py:538} INFO - Filling up the DagBag from /usr/local/python/3.10.8/lib/python3.10/site-packages/airflow/example_dags/example_subdag_operator.py
[2023-11-17T20:15:41.559+0000] {processor.py:753} INFO - DAG(s) dict_keys(['example_subdag_operator.section-1', 'example_subdag_operator.section-2', 'example_subdag_operator']) retrieved from /usr/local/python/3.10.8/lib/python3.10/site-packages/airflow/example_dags/example_subdag_operator.py
[2023-11-17T20:15:41.574+0000] {logging_mixin.py:137} INFO - [2023-11-17T20:15:41.574+0000] {dag.py:2690} INFO - Sync 3 DAGs
[2023-11-17T20:15:41.589+0000] {logging_mixin.py:137} INFO - [2023-11-17T20:15:41.589+0000] {dag.py:3437} INFO - Setting next_dagrun for example_subdag_operator to 2022-01-01T00:00:00+00:00, run_after=2022-01-01T00:00:00+00:00
[2023-11-17T20:15:41.592+0000] {logging_mixin.py:137} INFO - [2023-11-17T20:15:41.592+0000] {dag.py:3437} INFO - Setting next_dagrun for example_subdag_operator.section-1 to None, run_after=None
[2023-11-17T20:15:41.592+0000] {logging_mixin.py:137} INFO - [2023-11-17T20:15:41.592+0000] {dag.py:3437} INFO - Setting next_dagrun for example_subdag_operator.section-2 to None, run_after=None
[2023-11-17T20:15:41.597+0000] {logging_mixin.py:137} INFO - [2023-11-17T20:15:41.596+0000] {dag.py:2690} INFO - Sync 2 DAGs
[2023-11-17T20:15:41.600+0000] {logging_mixin.py:137} INFO - [2023-11-17T20:15:41.599+0000] {dag.py:3437} INFO - Setting next_dagrun for example_subdag_operator.section-1 to None, run_after=None
[2023-11-17T20:15:41.600+0000] {logging_mixin.py:137} INFO - [2023-11-17T20:15:41.600+0000] {dag.py:3437} INFO - Setting next_dagrun for example_subdag_operator.section-2 to None, run_after=None
[2023-11-17T20:15:41.631+0000] {processor.py:175} INFO - Processing /usr/local/python/3.10.8/lib/python3.10/site-packages/airflow/example_dags/example_subdag_operator.py took 0.096 seconds
[2023-11-17T20:16:23.509+0000] {processor.py:153} INFO - Started process (PID=15396) to work on /usr/local/python/3.10.8/lib/python3.10/site-packages/airflow/example_dags/example_subdag_operator.py
[2023-11-17T20:16:23.510+0000] {processor.py:743} INFO - Processing file /usr/local/python/3.10.8/lib/python3.10/site-packages/airflow/example_dags/example_subdag_operator.py for tasks to queue
[2023-11-17T20:16:23.510+0000] {logging_mixin.py:137} INFO - [2023-11-17T20:16:23.510+0000] {dagbag.py:538} INFO - Filling up the DagBag from /usr/local/python/3.10.8/lib/python3.10/site-packages/airflow/example_dags/example_subdag_operator.py
[2023-11-17T20:16:23.531+0000] {processor.py:753} INFO - DAG(s) dict_keys(['example_subdag_operator.section-1', 'example_subdag_operator.section-2', 'example_subdag_operator']) retrieved from /usr/local/python/3.10.8/lib/python3.10/site-packages/airflow/example_dags/example_subdag_operator.py
[2023-11-17T20:16:23.544+0000] {logging_mixin.py:137} INFO - [2023-11-17T20:16:23.543+0000] {dag.py:2690} INFO - Sync 3 DAGs
[2023-11-17T20:16:23.558+0000] {logging_mixin.py:137} INFO - [2023-11-17T20:16:23.558+0000] {dag.py:3437} INFO - Setting next_dagrun for example_subdag_operator to 2022-01-01T00:00:00+00:00, run_after=2022-01-01T00:00:00+00:00
[2023-11-17T20:16:23.560+0000] {logging_mixin.py:137} INFO - [2023-11-17T20:16:23.560+0000] {dag.py:3437} INFO - Setting next_dagrun for example_subdag_operator.section-1 to None, run_after=None
[2023-11-17T20:16:23.561+0000] {logging_mixin.py:137} INFO - [2023-11-17T20:16:23.561+0000] {dag.py:3437} INFO - Setting next_dagrun for example_subdag_operator.section-2 to None, run_after=None
[2023-11-17T20:16:23.565+0000] {logging_mixin.py:137} INFO - [2023-11-17T20:16:23.565+0000] {dag.py:2690} INFO - Sync 2 DAGs
[2023-11-17T20:16:23.568+0000] {logging_mixin.py:137} INFO - [2023-11-17T20:16:23.568+0000] {dag.py:3437} INFO - Setting next_dagrun for example_subdag_operator.section-1 to None, run_after=None
[2023-11-17T20:16:23.568+0000] {logging_mixin.py:137} INFO - [2023-11-17T20:16:23.568+0000] {dag.py:3437} INFO - Setting next_dagrun for example_subdag_operator.section-2 to None, run_after=None
[2023-11-17T20:16:23.609+0000] {processor.py:175} INFO - Processing /usr/local/python/3.10.8/lib/python3.10/site-packages/airflow/example_dags/example_subdag_operator.py took 0.103 seconds
[2023-11-17T20:17:03.163+0000] {processor.py:153} INFO - Started process (PID=15819) to work on /usr/local/python/3.10.8/lib/python3.10/site-packages/airflow/example_dags/example_subdag_operator.py
[2023-11-17T20:17:03.164+0000] {processor.py:743} INFO - Processing file /usr/local/python/3.10.8/lib/python3.10/site-packages/airflow/example_dags/example_subdag_operator.py for tasks to queue
[2023-11-17T20:17:03.164+0000] {logging_mixin.py:137} INFO - [2023-11-17T20:17:03.164+0000] {dagbag.py:538} INFO - Filling up the DagBag from /usr/local/python/3.10.8/lib/python3.10/site-packages/airflow/example_dags/example_subdag_operator.py
[2023-11-17T20:17:03.193+0000] {processor.py:753} INFO - DAG(s) dict_keys(['example_subdag_operator.section-1', 'example_subdag_operator.section-2', 'example_subdag_operator']) retrieved from /usr/local/python/3.10.8/lib/python3.10/site-packages/airflow/example_dags/example_subdag_operator.py
[2023-11-17T20:17:03.208+0000] {logging_mixin.py:137} INFO - [2023-11-17T20:17:03.207+0000] {dag.py:2690} INFO - Sync 3 DAGs
[2023-11-17T20:17:03.228+0000] {logging_mixin.py:137} INFO - [2023-11-17T20:17:03.228+0000] {dag.py:3437} INFO - Setting next_dagrun for example_subdag_operator to 2022-01-01T00:00:00+00:00, run_after=2022-01-01T00:00:00+00:00
[2023-11-17T20:17:03.230+0000] {logging_mixin.py:137} INFO - [2023-11-17T20:17:03.230+0000] {dag.py:3437} INFO - Setting next_dagrun for example_subdag_operator.section-1 to None, run_after=None
[2023-11-17T20:17:03.231+0000] {logging_mixin.py:137} INFO - [2023-11-17T20:17:03.231+0000] {dag.py:3437} INFO - Setting next_dagrun for example_subdag_operator.section-2 to None, run_after=None
[2023-11-17T20:17:03.235+0000] {logging_mixin.py:137} INFO - [2023-11-17T20:17:03.235+0000] {dag.py:2690} INFO - Sync 2 DAGs
[2023-11-17T20:17:03.239+0000] {logging_mixin.py:137} INFO - [2023-11-17T20:17:03.239+0000] {dag.py:3437} INFO - Setting next_dagrun for example_subdag_operator.section-1 to None, run_after=None
[2023-11-17T20:17:03.239+0000] {logging_mixin.py:137} INFO - [2023-11-17T20:17:03.239+0000] {dag.py:3437} INFO - Setting next_dagrun for example_subdag_operator.section-2 to None, run_after=None
[2023-11-17T20:17:03.273+0000] {processor.py:175} INFO - Processing /usr/local/python/3.10.8/lib/python3.10/site-packages/airflow/example_dags/example_subdag_operator.py took 0.113 seconds
[2023-11-17T20:17:43.854+0000] {processor.py:153} INFO - Started process (PID=16232) to work on /usr/local/python/3.10.8/lib/python3.10/site-packages/airflow/example_dags/example_subdag_operator.py
[2023-11-17T20:17:43.855+0000] {processor.py:743} INFO - Processing file /usr/local/python/3.10.8/lib/python3.10/site-packages/airflow/example_dags/example_subdag_operator.py for tasks to queue
[2023-11-17T20:17:43.855+0000] {logging_mixin.py:137} INFO - [2023-11-17T20:17:43.855+0000] {dagbag.py:538} INFO - Filling up the DagBag from /usr/local/python/3.10.8/lib/python3.10/site-packages/airflow/example_dags/example_subdag_operator.py
[2023-11-17T20:17:43.879+0000] {processor.py:753} INFO - DAG(s) dict_keys(['example_subdag_operator.section-1', 'example_subdag_operator.section-2', 'example_subdag_operator']) retrieved from /usr/local/python/3.10.8/lib/python3.10/site-packages/airflow/example_dags/example_subdag_operator.py
[2023-11-17T20:17:43.897+0000] {logging_mixin.py:137} INFO - [2023-11-17T20:17:43.897+0000] {dag.py:2690} INFO - Sync 3 DAGs
[2023-11-17T20:17:43.911+0000] {logging_mixin.py:137} INFO - [2023-11-17T20:17:43.911+0000] {dag.py:3437} INFO - Setting next_dagrun for example_subdag_operator to 2022-01-01T00:00:00+00:00, run_after=2022-01-01T00:00:00+00:00
[2023-11-17T20:17:43.914+0000] {logging_mixin.py:137} INFO - [2023-11-17T20:17:43.914+0000] {dag.py:3437} INFO - Setting next_dagrun for example_subdag_operator.section-1 to None, run_after=None
[2023-11-17T20:17:43.914+0000] {logging_mixin.py:137} INFO - [2023-11-17T20:17:43.914+0000] {dag.py:3437} INFO - Setting next_dagrun for example_subdag_operator.section-2 to None, run_after=None
[2023-11-17T20:17:43.919+0000] {logging_mixin.py:137} INFO - [2023-11-17T20:17:43.919+0000] {dag.py:2690} INFO - Sync 2 DAGs
[2023-11-17T20:17:43.922+0000] {logging_mixin.py:137} INFO - [2023-11-17T20:17:43.922+0000] {dag.py:3437} INFO - Setting next_dagrun for example_subdag_operator.section-1 to None, run_after=None
[2023-11-17T20:17:43.922+0000] {logging_mixin.py:137} INFO - [2023-11-17T20:17:43.922+0000] {dag.py:3437} INFO - Setting next_dagrun for example_subdag_operator.section-2 to None, run_after=None
[2023-11-17T20:17:43.956+0000] {processor.py:175} INFO - Processing /usr/local/python/3.10.8/lib/python3.10/site-packages/airflow/example_dags/example_subdag_operator.py took 0.104 seconds
