[2023-11-17T20:11:46.175+0000] {processor.py:153} INFO - Started process (PID=13035) to work on /usr/local/python/3.10.8/lib/python3.10/site-packages/airflow/example_dags/example_skip_dag.py
[2023-11-17T20:11:46.175+0000] {processor.py:743} INFO - Processing file /usr/local/python/3.10.8/lib/python3.10/site-packages/airflow/example_dags/example_skip_dag.py for tasks to queue
[2023-11-17T20:11:46.176+0000] {logging_mixin.py:137} INFO - [2023-11-17T20:11:46.175+0000] {dagbag.py:538} INFO - Filling up the DagBag from /usr/local/python/3.10.8/lib/python3.10/site-packages/airflow/example_dags/example_skip_dag.py
[2023-11-17T20:11:46.187+0000] {processor.py:753} INFO - DAG(s) dict_keys(['example_skip_dag']) retrieved from /usr/local/python/3.10.8/lib/python3.10/site-packages/airflow/example_dags/example_skip_dag.py
[2023-11-17T20:11:46.338+0000] {logging_mixin.py:137} INFO - [2023-11-17T20:11:46.338+0000] {manager.py:504} INFO - Created Permission View: can edit on DAG:example_skip_dag
[2023-11-17T20:11:46.369+0000] {logging_mixin.py:137} INFO - [2023-11-17T20:11:46.369+0000] {manager.py:504} INFO - Created Permission View: can delete on DAG:example_skip_dag
[2023-11-17T20:11:46.399+0000] {logging_mixin.py:137} INFO - [2023-11-17T20:11:46.399+0000] {manager.py:504} INFO - Created Permission View: can read on DAG:example_skip_dag
[2023-11-17T20:11:46.399+0000] {logging_mixin.py:137} INFO - [2023-11-17T20:11:46.399+0000] {dag.py:2690} INFO - Sync 1 DAGs
[2023-11-17T20:11:46.407+0000] {logging_mixin.py:137} INFO - [2023-11-17T20:11:46.407+0000] {dag.py:2711} INFO - Creating ORM DAG for example_skip_dag
[2023-11-17T20:11:46.414+0000] {logging_mixin.py:137} INFO - [2023-11-17T20:11:46.414+0000] {dag.py:3437} INFO - Setting next_dagrun for example_skip_dag to 2023-11-16T20:11:46.414020+00:00, run_after=2023-11-17T20:11:46.414020+00:00
[2023-11-17T20:11:46.464+0000] {processor.py:175} INFO - Processing /usr/local/python/3.10.8/lib/python3.10/site-packages/airflow/example_dags/example_skip_dag.py took 0.291 seconds
[2023-11-17T20:12:32.633+0000] {processor.py:153} INFO - Started process (PID=13354) to work on /usr/local/python/3.10.8/lib/python3.10/site-packages/airflow/example_dags/example_skip_dag.py
[2023-11-17T20:12:32.634+0000] {processor.py:743} INFO - Processing file /usr/local/python/3.10.8/lib/python3.10/site-packages/airflow/example_dags/example_skip_dag.py for tasks to queue
[2023-11-17T20:12:32.634+0000] {logging_mixin.py:137} INFO - [2023-11-17T20:12:32.634+0000] {dagbag.py:538} INFO - Filling up the DagBag from /usr/local/python/3.10.8/lib/python3.10/site-packages/airflow/example_dags/example_skip_dag.py
[2023-11-17T20:12:32.646+0000] {processor.py:753} INFO - DAG(s) dict_keys(['example_skip_dag']) retrieved from /usr/local/python/3.10.8/lib/python3.10/site-packages/airflow/example_dags/example_skip_dag.py
[2023-11-17T20:12:32.663+0000] {logging_mixin.py:137} INFO - [2023-11-17T20:12:32.663+0000] {dag.py:2690} INFO - Sync 1 DAGs
[2023-11-17T20:12:32.677+0000] {logging_mixin.py:137} INFO - [2023-11-17T20:12:32.677+0000] {dag.py:3437} INFO - Setting next_dagrun for example_skip_dag to 2023-11-16T20:12:32.677670+00:00, run_after=2023-11-17T20:12:32.677670+00:00
[2023-11-17T20:12:32.720+0000] {processor.py:175} INFO - Processing /usr/local/python/3.10.8/lib/python3.10/site-packages/airflow/example_dags/example_skip_dag.py took 0.089 seconds
[2023-11-17T20:13:12.043+0000] {processor.py:153} INFO - Started process (PID=13628) to work on /usr/local/python/3.10.8/lib/python3.10/site-packages/airflow/example_dags/example_skip_dag.py
[2023-11-17T20:13:12.044+0000] {processor.py:743} INFO - Processing file /usr/local/python/3.10.8/lib/python3.10/site-packages/airflow/example_dags/example_skip_dag.py for tasks to queue
[2023-11-17T20:13:12.044+0000] {logging_mixin.py:137} INFO - [2023-11-17T20:13:12.044+0000] {dagbag.py:538} INFO - Filling up the DagBag from /usr/local/python/3.10.8/lib/python3.10/site-packages/airflow/example_dags/example_skip_dag.py
[2023-11-17T20:13:12.066+0000] {processor.py:753} INFO - DAG(s) dict_keys(['example_skip_dag']) retrieved from /usr/local/python/3.10.8/lib/python3.10/site-packages/airflow/example_dags/example_skip_dag.py
[2023-11-17T20:13:12.098+0000] {logging_mixin.py:137} INFO - [2023-11-17T20:13:12.097+0000] {dag.py:2690} INFO - Sync 1 DAGs
[2023-11-17T20:13:12.122+0000] {logging_mixin.py:137} INFO - [2023-11-17T20:13:12.122+0000] {dag.py:3437} INFO - Setting next_dagrun for example_skip_dag to 2023-11-16T20:13:12.122100+00:00, run_after=2023-11-17T20:13:12.122100+00:00
[2023-11-17T20:13:12.168+0000] {processor.py:175} INFO - Processing /usr/local/python/3.10.8/lib/python3.10/site-packages/airflow/example_dags/example_skip_dag.py took 0.127 seconds
[2023-11-17T20:13:51.463+0000] {processor.py:153} INFO - Started process (PID=13915) to work on /usr/local/python/3.10.8/lib/python3.10/site-packages/airflow/example_dags/example_skip_dag.py
[2023-11-17T20:13:51.464+0000] {processor.py:743} INFO - Processing file /usr/local/python/3.10.8/lib/python3.10/site-packages/airflow/example_dags/example_skip_dag.py for tasks to queue
[2023-11-17T20:13:51.464+0000] {logging_mixin.py:137} INFO - [2023-11-17T20:13:51.464+0000] {dagbag.py:538} INFO - Filling up the DagBag from /usr/local/python/3.10.8/lib/python3.10/site-packages/airflow/example_dags/example_skip_dag.py
[2023-11-17T20:13:51.476+0000] {processor.py:753} INFO - DAG(s) dict_keys(['example_skip_dag']) retrieved from /usr/local/python/3.10.8/lib/python3.10/site-packages/airflow/example_dags/example_skip_dag.py
[2023-11-17T20:13:51.490+0000] {logging_mixin.py:137} INFO - [2023-11-17T20:13:51.490+0000] {dag.py:2690} INFO - Sync 1 DAGs
[2023-11-17T20:13:51.505+0000] {logging_mixin.py:137} INFO - [2023-11-17T20:13:51.505+0000] {dag.py:3437} INFO - Setting next_dagrun for example_skip_dag to 2023-11-16T20:13:51.505044+00:00, run_after=2023-11-17T20:13:51.505044+00:00
[2023-11-17T20:13:51.546+0000] {processor.py:175} INFO - Processing /usr/local/python/3.10.8/lib/python3.10/site-packages/airflow/example_dags/example_skip_dag.py took 0.085 seconds
[2023-11-17T20:14:31.965+0000] {processor.py:153} INFO - Started process (PID=14280) to work on /usr/local/python/3.10.8/lib/python3.10/site-packages/airflow/example_dags/example_skip_dag.py
[2023-11-17T20:14:31.966+0000] {processor.py:743} INFO - Processing file /usr/local/python/3.10.8/lib/python3.10/site-packages/airflow/example_dags/example_skip_dag.py for tasks to queue
[2023-11-17T20:14:31.967+0000] {logging_mixin.py:137} INFO - [2023-11-17T20:14:31.966+0000] {dagbag.py:538} INFO - Filling up the DagBag from /usr/local/python/3.10.8/lib/python3.10/site-packages/airflow/example_dags/example_skip_dag.py
[2023-11-17T20:14:31.983+0000] {processor.py:753} INFO - DAG(s) dict_keys(['example_skip_dag']) retrieved from /usr/local/python/3.10.8/lib/python3.10/site-packages/airflow/example_dags/example_skip_dag.py
[2023-11-17T20:14:32.000+0000] {logging_mixin.py:137} INFO - [2023-11-17T20:14:32.000+0000] {dag.py:2690} INFO - Sync 1 DAGs
[2023-11-17T20:14:32.015+0000] {logging_mixin.py:137} INFO - [2023-11-17T20:14:32.015+0000] {dag.py:3437} INFO - Setting next_dagrun for example_skip_dag to 2023-11-16T20:14:32.015410+00:00, run_after=2023-11-17T20:14:32.015410+00:00
[2023-11-17T20:14:32.056+0000] {processor.py:175} INFO - Processing /usr/local/python/3.10.8/lib/python3.10/site-packages/airflow/example_dags/example_skip_dag.py took 0.094 seconds
[2023-11-17T20:15:12.451+0000] {processor.py:153} INFO - Started process (PID=14688) to work on /usr/local/python/3.10.8/lib/python3.10/site-packages/airflow/example_dags/example_skip_dag.py
[2023-11-17T20:15:12.452+0000] {processor.py:743} INFO - Processing file /usr/local/python/3.10.8/lib/python3.10/site-packages/airflow/example_dags/example_skip_dag.py for tasks to queue
[2023-11-17T20:15:12.452+0000] {logging_mixin.py:137} INFO - [2023-11-17T20:15:12.452+0000] {dagbag.py:538} INFO - Filling up the DagBag from /usr/local/python/3.10.8/lib/python3.10/site-packages/airflow/example_dags/example_skip_dag.py
[2023-11-17T20:15:12.464+0000] {processor.py:753} INFO - DAG(s) dict_keys(['example_skip_dag']) retrieved from /usr/local/python/3.10.8/lib/python3.10/site-packages/airflow/example_dags/example_skip_dag.py
[2023-11-17T20:15:12.479+0000] {logging_mixin.py:137} INFO - [2023-11-17T20:15:12.479+0000] {dag.py:2690} INFO - Sync 1 DAGs
[2023-11-17T20:15:12.495+0000] {logging_mixin.py:137} INFO - [2023-11-17T20:15:12.495+0000] {dag.py:3437} INFO - Setting next_dagrun for example_skip_dag to 2023-11-16T20:15:12.495173+00:00, run_after=2023-11-17T20:15:12.495173+00:00
[2023-11-17T20:15:12.537+0000] {processor.py:175} INFO - Processing /usr/local/python/3.10.8/lib/python3.10/site-packages/airflow/example_dags/example_skip_dag.py took 0.088 seconds
[2023-11-17T20:15:54.039+0000] {processor.py:153} INFO - Started process (PID=15061) to work on /usr/local/python/3.10.8/lib/python3.10/site-packages/airflow/example_dags/example_skip_dag.py
[2023-11-17T20:15:54.040+0000] {processor.py:743} INFO - Processing file /usr/local/python/3.10.8/lib/python3.10/site-packages/airflow/example_dags/example_skip_dag.py for tasks to queue
[2023-11-17T20:15:54.040+0000] {logging_mixin.py:137} INFO - [2023-11-17T20:15:54.040+0000] {dagbag.py:538} INFO - Filling up the DagBag from /usr/local/python/3.10.8/lib/python3.10/site-packages/airflow/example_dags/example_skip_dag.py
[2023-11-17T20:15:54.052+0000] {processor.py:753} INFO - DAG(s) dict_keys(['example_skip_dag']) retrieved from /usr/local/python/3.10.8/lib/python3.10/site-packages/airflow/example_dags/example_skip_dag.py
[2023-11-17T20:15:54.066+0000] {logging_mixin.py:137} INFO - [2023-11-17T20:15:54.066+0000] {dag.py:2690} INFO - Sync 1 DAGs
[2023-11-17T20:15:54.081+0000] {logging_mixin.py:137} INFO - [2023-11-17T20:15:54.081+0000] {dag.py:3437} INFO - Setting next_dagrun for example_skip_dag to 2023-11-16T20:15:54.081532+00:00, run_after=2023-11-17T20:15:54.081532+00:00
[2023-11-17T20:15:54.120+0000] {processor.py:175} INFO - Processing /usr/local/python/3.10.8/lib/python3.10/site-packages/airflow/example_dags/example_skip_dag.py took 0.083 seconds
[2023-11-17T20:16:33.985+0000] {processor.py:153} INFO - Started process (PID=15536) to work on /usr/local/python/3.10.8/lib/python3.10/site-packages/airflow/example_dags/example_skip_dag.py
[2023-11-17T20:16:33.986+0000] {processor.py:743} INFO - Processing file /usr/local/python/3.10.8/lib/python3.10/site-packages/airflow/example_dags/example_skip_dag.py for tasks to queue
[2023-11-17T20:16:33.986+0000] {logging_mixin.py:137} INFO - [2023-11-17T20:16:33.986+0000] {dagbag.py:538} INFO - Filling up the DagBag from /usr/local/python/3.10.8/lib/python3.10/site-packages/airflow/example_dags/example_skip_dag.py
[2023-11-17T20:16:33.998+0000] {processor.py:753} INFO - DAG(s) dict_keys(['example_skip_dag']) retrieved from /usr/local/python/3.10.8/lib/python3.10/site-packages/airflow/example_dags/example_skip_dag.py
[2023-11-17T20:16:34.017+0000] {logging_mixin.py:137} INFO - [2023-11-17T20:16:34.016+0000] {dag.py:2690} INFO - Sync 1 DAGs
[2023-11-17T20:16:34.045+0000] {logging_mixin.py:137} INFO - [2023-11-17T20:16:34.044+0000] {dag.py:3437} INFO - Setting next_dagrun for example_skip_dag to 2023-11-16T20:16:34.044599+00:00, run_after=2023-11-17T20:16:34.044599+00:00
[2023-11-17T20:16:34.090+0000] {processor.py:175} INFO - Processing /usr/local/python/3.10.8/lib/python3.10/site-packages/airflow/example_dags/example_skip_dag.py took 0.107 seconds
[2023-11-17T20:17:14.882+0000] {processor.py:153} INFO - Started process (PID=15930) to work on /usr/local/python/3.10.8/lib/python3.10/site-packages/airflow/example_dags/example_skip_dag.py
[2023-11-17T20:17:14.882+0000] {processor.py:743} INFO - Processing file /usr/local/python/3.10.8/lib/python3.10/site-packages/airflow/example_dags/example_skip_dag.py for tasks to queue
[2023-11-17T20:17:14.883+0000] {logging_mixin.py:137} INFO - [2023-11-17T20:17:14.883+0000] {dagbag.py:538} INFO - Filling up the DagBag from /usr/local/python/3.10.8/lib/python3.10/site-packages/airflow/example_dags/example_skip_dag.py
[2023-11-17T20:17:14.894+0000] {processor.py:753} INFO - DAG(s) dict_keys(['example_skip_dag']) retrieved from /usr/local/python/3.10.8/lib/python3.10/site-packages/airflow/example_dags/example_skip_dag.py
[2023-11-17T20:17:14.917+0000] {logging_mixin.py:137} INFO - [2023-11-17T20:17:14.917+0000] {dag.py:2690} INFO - Sync 1 DAGs
[2023-11-17T20:17:14.947+0000] {logging_mixin.py:137} INFO - [2023-11-17T20:17:14.947+0000] {dag.py:3437} INFO - Setting next_dagrun for example_skip_dag to 2023-11-16T20:17:14.947083+00:00, run_after=2023-11-17T20:17:14.947083+00:00
[2023-11-17T20:17:15.001+0000] {processor.py:175} INFO - Processing /usr/local/python/3.10.8/lib/python3.10/site-packages/airflow/example_dags/example_skip_dag.py took 0.121 seconds
