[2023-11-17T20:11:29.715+0000] {processor.py:153} INFO - Started process (PID=12933) to work on /usr/local/python/3.10.8/lib/python3.10/site-packages/airflow/example_dags/example_time_delta_sensor_async.py
[2023-11-17T20:11:29.716+0000] {processor.py:743} INFO - Processing file /usr/local/python/3.10.8/lib/python3.10/site-packages/airflow/example_dags/example_time_delta_sensor_async.py for tasks to queue
[2023-11-17T20:11:29.716+0000] {logging_mixin.py:137} INFO - [2023-11-17T20:11:29.716+0000] {dagbag.py:538} INFO - Filling up the DagBag from /usr/local/python/3.10.8/lib/python3.10/site-packages/airflow/example_dags/example_time_delta_sensor_async.py
[2023-11-17T20:11:29.727+0000] {processor.py:753} INFO - DAG(s) dict_keys(['example_time_delta_sensor_async']) retrieved from /usr/local/python/3.10.8/lib/python3.10/site-packages/airflow/example_dags/example_time_delta_sensor_async.py
[2023-11-17T20:11:29.871+0000] {logging_mixin.py:137} INFO - [2023-11-17T20:11:29.871+0000] {manager.py:504} INFO - Created Permission View: can edit on DAG:example_time_delta_sensor_async
[2023-11-17T20:11:29.904+0000] {logging_mixin.py:137} INFO - [2023-11-17T20:11:29.904+0000] {manager.py:504} INFO - Created Permission View: can delete on DAG:example_time_delta_sensor_async
[2023-11-17T20:11:29.932+0000] {logging_mixin.py:137} INFO - [2023-11-17T20:11:29.932+0000] {manager.py:504} INFO - Created Permission View: can read on DAG:example_time_delta_sensor_async
[2023-11-17T20:11:29.933+0000] {logging_mixin.py:137} INFO - [2023-11-17T20:11:29.932+0000] {dag.py:2690} INFO - Sync 1 DAGs
[2023-11-17T20:11:29.940+0000] {logging_mixin.py:137} INFO - [2023-11-17T20:11:29.940+0000] {dag.py:2711} INFO - Creating ORM DAG for example_time_delta_sensor_async
[2023-11-17T20:11:29.947+0000] {logging_mixin.py:137} INFO - [2023-11-17T20:11:29.947+0000] {dag.py:3437} INFO - Setting next_dagrun for example_time_delta_sensor_async to None, run_after=None
[2023-11-17T20:11:29.985+0000] {processor.py:175} INFO - Processing /usr/local/python/3.10.8/lib/python3.10/site-packages/airflow/example_dags/example_time_delta_sensor_async.py took 0.272 seconds
[2023-11-17T20:12:18.893+0000] {processor.py:153} INFO - Started process (PID=13260) to work on /usr/local/python/3.10.8/lib/python3.10/site-packages/airflow/example_dags/example_time_delta_sensor_async.py
[2023-11-17T20:12:18.894+0000] {processor.py:743} INFO - Processing file /usr/local/python/3.10.8/lib/python3.10/site-packages/airflow/example_dags/example_time_delta_sensor_async.py for tasks to queue
[2023-11-17T20:12:18.895+0000] {logging_mixin.py:137} INFO - [2023-11-17T20:12:18.895+0000] {dagbag.py:538} INFO - Filling up the DagBag from /usr/local/python/3.10.8/lib/python3.10/site-packages/airflow/example_dags/example_time_delta_sensor_async.py
[2023-11-17T20:12:18.905+0000] {processor.py:753} INFO - DAG(s) dict_keys(['example_time_delta_sensor_async']) retrieved from /usr/local/python/3.10.8/lib/python3.10/site-packages/airflow/example_dags/example_time_delta_sensor_async.py
[2023-11-17T20:12:18.921+0000] {logging_mixin.py:137} INFO - [2023-11-17T20:12:18.920+0000] {dag.py:2690} INFO - Sync 1 DAGs
[2023-11-17T20:12:18.935+0000] {logging_mixin.py:137} INFO - [2023-11-17T20:12:18.935+0000] {dag.py:3437} INFO - Setting next_dagrun for example_time_delta_sensor_async to None, run_after=None
[2023-11-17T20:12:18.975+0000] {processor.py:175} INFO - Processing /usr/local/python/3.10.8/lib/python3.10/site-packages/airflow/example_dags/example_time_delta_sensor_async.py took 0.084 seconds
[2023-11-17T20:12:57.634+0000] {processor.py:153} INFO - Started process (PID=13517) to work on /usr/local/python/3.10.8/lib/python3.10/site-packages/airflow/example_dags/example_time_delta_sensor_async.py
[2023-11-17T20:12:57.635+0000] {processor.py:743} INFO - Processing file /usr/local/python/3.10.8/lib/python3.10/site-packages/airflow/example_dags/example_time_delta_sensor_async.py for tasks to queue
[2023-11-17T20:12:57.636+0000] {logging_mixin.py:137} INFO - [2023-11-17T20:12:57.635+0000] {dagbag.py:538} INFO - Filling up the DagBag from /usr/local/python/3.10.8/lib/python3.10/site-packages/airflow/example_dags/example_time_delta_sensor_async.py
[2023-11-17T20:12:57.646+0000] {processor.py:753} INFO - DAG(s) dict_keys(['example_time_delta_sensor_async']) retrieved from /usr/local/python/3.10.8/lib/python3.10/site-packages/airflow/example_dags/example_time_delta_sensor_async.py
[2023-11-17T20:12:57.661+0000] {logging_mixin.py:137} INFO - [2023-11-17T20:12:57.661+0000] {dag.py:2690} INFO - Sync 1 DAGs
[2023-11-17T20:12:57.676+0000] {logging_mixin.py:137} INFO - [2023-11-17T20:12:57.676+0000] {dag.py:3437} INFO - Setting next_dagrun for example_time_delta_sensor_async to None, run_after=None
[2023-11-17T20:12:57.715+0000] {processor.py:175} INFO - Processing /usr/local/python/3.10.8/lib/python3.10/site-packages/airflow/example_dags/example_time_delta_sensor_async.py took 0.083 seconds
[2023-11-17T20:13:35.411+0000] {processor.py:153} INFO - Started process (PID=13777) to work on /usr/local/python/3.10.8/lib/python3.10/site-packages/airflow/example_dags/example_time_delta_sensor_async.py
[2023-11-17T20:13:35.412+0000] {processor.py:743} INFO - Processing file /usr/local/python/3.10.8/lib/python3.10/site-packages/airflow/example_dags/example_time_delta_sensor_async.py for tasks to queue
[2023-11-17T20:13:35.412+0000] {logging_mixin.py:137} INFO - [2023-11-17T20:13:35.412+0000] {dagbag.py:538} INFO - Filling up the DagBag from /usr/local/python/3.10.8/lib/python3.10/site-packages/airflow/example_dags/example_time_delta_sensor_async.py
[2023-11-17T20:13:35.424+0000] {processor.py:753} INFO - DAG(s) dict_keys(['example_time_delta_sensor_async']) retrieved from /usr/local/python/3.10.8/lib/python3.10/site-packages/airflow/example_dags/example_time_delta_sensor_async.py
[2023-11-17T20:13:35.438+0000] {logging_mixin.py:137} INFO - [2023-11-17T20:13:35.438+0000] {dag.py:2690} INFO - Sync 1 DAGs
[2023-11-17T20:13:35.453+0000] {logging_mixin.py:137} INFO - [2023-11-17T20:13:35.453+0000] {dag.py:3437} INFO - Setting next_dagrun for example_time_delta_sensor_async to None, run_after=None
[2023-11-17T20:13:35.491+0000] {processor.py:175} INFO - Processing /usr/local/python/3.10.8/lib/python3.10/site-packages/airflow/example_dags/example_time_delta_sensor_async.py took 0.082 seconds
[2023-11-17T20:14:14.851+0000] {processor.py:153} INFO - Started process (PID=14148) to work on /usr/local/python/3.10.8/lib/python3.10/site-packages/airflow/example_dags/example_time_delta_sensor_async.py
[2023-11-17T20:14:14.852+0000] {processor.py:743} INFO - Processing file /usr/local/python/3.10.8/lib/python3.10/site-packages/airflow/example_dags/example_time_delta_sensor_async.py for tasks to queue
[2023-11-17T20:14:14.852+0000] {logging_mixin.py:137} INFO - [2023-11-17T20:14:14.852+0000] {dagbag.py:538} INFO - Filling up the DagBag from /usr/local/python/3.10.8/lib/python3.10/site-packages/airflow/example_dags/example_time_delta_sensor_async.py
[2023-11-17T20:14:14.870+0000] {processor.py:753} INFO - DAG(s) dict_keys(['example_time_delta_sensor_async']) retrieved from /usr/local/python/3.10.8/lib/python3.10/site-packages/airflow/example_dags/example_time_delta_sensor_async.py
[2023-11-17T20:14:14.890+0000] {logging_mixin.py:137} INFO - [2023-11-17T20:14:14.890+0000] {dag.py:2690} INFO - Sync 1 DAGs
[2023-11-17T20:14:14.907+0000] {logging_mixin.py:137} INFO - [2023-11-17T20:14:14.907+0000] {dag.py:3437} INFO - Setting next_dagrun for example_time_delta_sensor_async to None, run_after=None
[2023-11-17T20:14:14.951+0000] {processor.py:175} INFO - Processing /usr/local/python/3.10.8/lib/python3.10/site-packages/airflow/example_dags/example_time_delta_sensor_async.py took 0.103 seconds
[2023-11-17T20:14:55.425+0000] {processor.py:153} INFO - Started process (PID=14508) to work on /usr/local/python/3.10.8/lib/python3.10/site-packages/airflow/example_dags/example_time_delta_sensor_async.py
[2023-11-17T20:14:55.425+0000] {processor.py:743} INFO - Processing file /usr/local/python/3.10.8/lib/python3.10/site-packages/airflow/example_dags/example_time_delta_sensor_async.py for tasks to queue
[2023-11-17T20:14:55.426+0000] {logging_mixin.py:137} INFO - [2023-11-17T20:14:55.426+0000] {dagbag.py:538} INFO - Filling up the DagBag from /usr/local/python/3.10.8/lib/python3.10/site-packages/airflow/example_dags/example_time_delta_sensor_async.py
[2023-11-17T20:14:55.437+0000] {processor.py:753} INFO - DAG(s) dict_keys(['example_time_delta_sensor_async']) retrieved from /usr/local/python/3.10.8/lib/python3.10/site-packages/airflow/example_dags/example_time_delta_sensor_async.py
[2023-11-17T20:14:55.451+0000] {logging_mixin.py:137} INFO - [2023-11-17T20:14:55.451+0000] {dag.py:2690} INFO - Sync 1 DAGs
[2023-11-17T20:14:55.466+0000] {logging_mixin.py:137} INFO - [2023-11-17T20:14:55.466+0000] {dag.py:3437} INFO - Setting next_dagrun for example_time_delta_sensor_async to None, run_after=None
[2023-11-17T20:14:55.507+0000] {processor.py:175} INFO - Processing /usr/local/python/3.10.8/lib/python3.10/site-packages/airflow/example_dags/example_time_delta_sensor_async.py took 0.085 seconds
[2023-11-17T20:15:27.717+0000] {processor.py:153} INFO - Started process (PID=14786) to work on /usr/local/python/3.10.8/lib/python3.10/site-packages/airflow/example_dags/example_time_delta_sensor_async.py
[2023-11-17T20:15:27.718+0000] {processor.py:743} INFO - Processing file /usr/local/python/3.10.8/lib/python3.10/site-packages/airflow/example_dags/example_time_delta_sensor_async.py for tasks to queue
[2023-11-17T20:15:27.718+0000] {logging_mixin.py:137} INFO - [2023-11-17T20:15:27.718+0000] {dagbag.py:538} INFO - Filling up the DagBag from /usr/local/python/3.10.8/lib/python3.10/site-packages/airflow/example_dags/example_time_delta_sensor_async.py
[2023-11-17T20:15:27.729+0000] {processor.py:753} INFO - DAG(s) dict_keys(['example_time_delta_sensor_async']) retrieved from /usr/local/python/3.10.8/lib/python3.10/site-packages/airflow/example_dags/example_time_delta_sensor_async.py
[2023-11-17T20:15:27.744+0000] {logging_mixin.py:137} INFO - [2023-11-17T20:15:27.744+0000] {dag.py:2690} INFO - Sync 1 DAGs
[2023-11-17T20:15:27.759+0000] {logging_mixin.py:137} INFO - [2023-11-17T20:15:27.759+0000] {dag.py:3437} INFO - Setting next_dagrun for example_time_delta_sensor_async to None, run_after=None
[2023-11-17T20:15:27.799+0000] {processor.py:175} INFO - Processing /usr/local/python/3.10.8/lib/python3.10/site-packages/airflow/example_dags/example_time_delta_sensor_async.py took 0.084 seconds
[2023-11-17T20:16:07.478+0000] {processor.py:153} INFO - Started process (PID=15227) to work on /usr/local/python/3.10.8/lib/python3.10/site-packages/airflow/example_dags/example_time_delta_sensor_async.py
[2023-11-17T20:16:07.479+0000] {processor.py:743} INFO - Processing file /usr/local/python/3.10.8/lib/python3.10/site-packages/airflow/example_dags/example_time_delta_sensor_async.py for tasks to queue
[2023-11-17T20:16:07.479+0000] {logging_mixin.py:137} INFO - [2023-11-17T20:16:07.479+0000] {dagbag.py:538} INFO - Filling up the DagBag from /usr/local/python/3.10.8/lib/python3.10/site-packages/airflow/example_dags/example_time_delta_sensor_async.py
[2023-11-17T20:16:07.490+0000] {processor.py:753} INFO - DAG(s) dict_keys(['example_time_delta_sensor_async']) retrieved from /usr/local/python/3.10.8/lib/python3.10/site-packages/airflow/example_dags/example_time_delta_sensor_async.py
[2023-11-17T20:16:07.504+0000] {logging_mixin.py:137} INFO - [2023-11-17T20:16:07.504+0000] {dag.py:2690} INFO - Sync 1 DAGs
[2023-11-17T20:16:07.520+0000] {logging_mixin.py:137} INFO - [2023-11-17T20:16:07.520+0000] {dag.py:3437} INFO - Setting next_dagrun for example_time_delta_sensor_async to None, run_after=None
[2023-11-17T20:16:07.558+0000] {processor.py:175} INFO - Processing /usr/local/python/3.10.8/lib/python3.10/site-packages/airflow/example_dags/example_time_delta_sensor_async.py took 0.083 seconds
[2023-11-17T20:16:46.155+0000] {processor.py:153} INFO - Started process (PID=15660) to work on /usr/local/python/3.10.8/lib/python3.10/site-packages/airflow/example_dags/example_time_delta_sensor_async.py
[2023-11-17T20:16:46.155+0000] {processor.py:743} INFO - Processing file /usr/local/python/3.10.8/lib/python3.10/site-packages/airflow/example_dags/example_time_delta_sensor_async.py for tasks to queue
[2023-11-17T20:16:46.156+0000] {logging_mixin.py:137} INFO - [2023-11-17T20:16:46.156+0000] {dagbag.py:538} INFO - Filling up the DagBag from /usr/local/python/3.10.8/lib/python3.10/site-packages/airflow/example_dags/example_time_delta_sensor_async.py
[2023-11-17T20:16:46.167+0000] {processor.py:753} INFO - DAG(s) dict_keys(['example_time_delta_sensor_async']) retrieved from /usr/local/python/3.10.8/lib/python3.10/site-packages/airflow/example_dags/example_time_delta_sensor_async.py
[2023-11-17T20:16:46.184+0000] {logging_mixin.py:137} INFO - [2023-11-17T20:16:46.183+0000] {dag.py:2690} INFO - Sync 1 DAGs
[2023-11-17T20:16:46.199+0000] {logging_mixin.py:137} INFO - [2023-11-17T20:16:46.199+0000] {dag.py:3437} INFO - Setting next_dagrun for example_time_delta_sensor_async to None, run_after=None
[2023-11-17T20:16:46.238+0000] {processor.py:175} INFO - Processing /usr/local/python/3.10.8/lib/python3.10/site-packages/airflow/example_dags/example_time_delta_sensor_async.py took 0.085 seconds
[2023-11-17T20:17:21.306+0000] {processor.py:153} INFO - Started process (PID=15999) to work on /usr/local/python/3.10.8/lib/python3.10/site-packages/airflow/example_dags/example_time_delta_sensor_async.py
[2023-11-17T20:17:21.306+0000] {processor.py:743} INFO - Processing file /usr/local/python/3.10.8/lib/python3.10/site-packages/airflow/example_dags/example_time_delta_sensor_async.py for tasks to queue
[2023-11-17T20:17:21.307+0000] {logging_mixin.py:137} INFO - [2023-11-17T20:17:21.307+0000] {dagbag.py:538} INFO - Filling up the DagBag from /usr/local/python/3.10.8/lib/python3.10/site-packages/airflow/example_dags/example_time_delta_sensor_async.py
[2023-11-17T20:17:21.317+0000] {processor.py:753} INFO - DAG(s) dict_keys(['example_time_delta_sensor_async']) retrieved from /usr/local/python/3.10.8/lib/python3.10/site-packages/airflow/example_dags/example_time_delta_sensor_async.py
[2023-11-17T20:17:21.335+0000] {logging_mixin.py:137} INFO - [2023-11-17T20:17:21.335+0000] {dag.py:2690} INFO - Sync 1 DAGs
[2023-11-17T20:17:21.349+0000] {logging_mixin.py:137} INFO - [2023-11-17T20:17:21.349+0000] {dag.py:3437} INFO - Setting next_dagrun for example_time_delta_sensor_async to None, run_after=None
[2023-11-17T20:17:21.393+0000] {processor.py:175} INFO - Processing /usr/local/python/3.10.8/lib/python3.10/site-packages/airflow/example_dags/example_time_delta_sensor_async.py took 0.090 seconds
