[2023-11-17T20:11:31.036+0000] {processor.py:153} INFO - Started process (PID=12934) to work on /usr/local/python/3.10.8/lib/python3.10/site-packages/airflow/example_dags/example_short_circuit_operator.py
[2023-11-17T20:11:31.036+0000] {processor.py:743} INFO - Processing file /usr/local/python/3.10.8/lib/python3.10/site-packages/airflow/example_dags/example_short_circuit_operator.py for tasks to queue
[2023-11-17T20:11:31.037+0000] {logging_mixin.py:137} INFO - [2023-11-17T20:11:31.037+0000] {dagbag.py:538} INFO - Filling up the DagBag from /usr/local/python/3.10.8/lib/python3.10/site-packages/airflow/example_dags/example_short_circuit_operator.py
[2023-11-17T20:11:31.051+0000] {processor.py:753} INFO - DAG(s) dict_keys(['example_short_circuit_operator']) retrieved from /usr/local/python/3.10.8/lib/python3.10/site-packages/airflow/example_dags/example_short_circuit_operator.py
[2023-11-17T20:11:31.187+0000] {logging_mixin.py:137} INFO - [2023-11-17T20:11:31.187+0000] {manager.py:504} INFO - Created Permission View: can edit on DAG:example_short_circuit_operator
[2023-11-17T20:11:31.224+0000] {logging_mixin.py:137} INFO - [2023-11-17T20:11:31.223+0000] {manager.py:504} INFO - Created Permission View: can delete on DAG:example_short_circuit_operator
[2023-11-17T20:11:31.254+0000] {logging_mixin.py:137} INFO - [2023-11-17T20:11:31.254+0000] {manager.py:504} INFO - Created Permission View: can read on DAG:example_short_circuit_operator
[2023-11-17T20:11:31.254+0000] {logging_mixin.py:137} INFO - [2023-11-17T20:11:31.254+0000] {dag.py:2690} INFO - Sync 1 DAGs
[2023-11-17T20:11:31.262+0000] {logging_mixin.py:137} INFO - [2023-11-17T20:11:31.262+0000] {dag.py:2711} INFO - Creating ORM DAG for example_short_circuit_operator
[2023-11-17T20:11:31.269+0000] {logging_mixin.py:137} INFO - [2023-11-17T20:11:31.269+0000] {dag.py:3437} INFO - Setting next_dagrun for example_short_circuit_operator to 2023-11-16T20:11:31.269203+00:00, run_after=2023-11-17T20:11:31.269203+00:00
[2023-11-17T20:11:31.319+0000] {processor.py:175} INFO - Processing /usr/local/python/3.10.8/lib/python3.10/site-packages/airflow/example_dags/example_short_circuit_operator.py took 0.286 seconds
[2023-11-17T20:12:19.798+0000] {processor.py:153} INFO - Started process (PID=13273) to work on /usr/local/python/3.10.8/lib/python3.10/site-packages/airflow/example_dags/example_short_circuit_operator.py
[2023-11-17T20:12:19.799+0000] {processor.py:743} INFO - Processing file /usr/local/python/3.10.8/lib/python3.10/site-packages/airflow/example_dags/example_short_circuit_operator.py for tasks to queue
[2023-11-17T20:12:19.799+0000] {logging_mixin.py:137} INFO - [2023-11-17T20:12:19.799+0000] {dagbag.py:538} INFO - Filling up the DagBag from /usr/local/python/3.10.8/lib/python3.10/site-packages/airflow/example_dags/example_short_circuit_operator.py
[2023-11-17T20:12:19.813+0000] {processor.py:753} INFO - DAG(s) dict_keys(['example_short_circuit_operator']) retrieved from /usr/local/python/3.10.8/lib/python3.10/site-packages/airflow/example_dags/example_short_circuit_operator.py
[2023-11-17T20:12:19.831+0000] {logging_mixin.py:137} INFO - [2023-11-17T20:12:19.831+0000] {dag.py:2690} INFO - Sync 1 DAGs
[2023-11-17T20:12:19.846+0000] {logging_mixin.py:137} INFO - [2023-11-17T20:12:19.846+0000] {dag.py:3437} INFO - Setting next_dagrun for example_short_circuit_operator to 2023-11-16T20:12:19.845986+00:00, run_after=2023-11-17T20:12:19.845986+00:00
[2023-11-17T20:12:19.886+0000] {processor.py:175} INFO - Processing /usr/local/python/3.10.8/lib/python3.10/site-packages/airflow/example_dags/example_short_circuit_operator.py took 0.090 seconds
[2023-11-17T20:12:58.400+0000] {processor.py:153} INFO - Started process (PID=13518) to work on /usr/local/python/3.10.8/lib/python3.10/site-packages/airflow/example_dags/example_short_circuit_operator.py
[2023-11-17T20:12:58.401+0000] {processor.py:743} INFO - Processing file /usr/local/python/3.10.8/lib/python3.10/site-packages/airflow/example_dags/example_short_circuit_operator.py for tasks to queue
[2023-11-17T20:12:58.401+0000] {logging_mixin.py:137} INFO - [2023-11-17T20:12:58.401+0000] {dagbag.py:538} INFO - Filling up the DagBag from /usr/local/python/3.10.8/lib/python3.10/site-packages/airflow/example_dags/example_short_circuit_operator.py
[2023-11-17T20:12:58.415+0000] {processor.py:753} INFO - DAG(s) dict_keys(['example_short_circuit_operator']) retrieved from /usr/local/python/3.10.8/lib/python3.10/site-packages/airflow/example_dags/example_short_circuit_operator.py
[2023-11-17T20:12:58.431+0000] {logging_mixin.py:137} INFO - [2023-11-17T20:12:58.430+0000] {dag.py:2690} INFO - Sync 1 DAGs
[2023-11-17T20:12:58.446+0000] {logging_mixin.py:137} INFO - [2023-11-17T20:12:58.446+0000] {dag.py:3437} INFO - Setting next_dagrun for example_short_circuit_operator to 2023-11-16T20:12:58.445872+00:00, run_after=2023-11-17T20:12:58.445872+00:00
[2023-11-17T20:12:58.483+0000] {processor.py:175} INFO - Processing /usr/local/python/3.10.8/lib/python3.10/site-packages/airflow/example_dags/example_short_circuit_operator.py took 0.085 seconds
[2023-11-17T20:13:36.544+0000] {processor.py:153} INFO - Started process (PID=13784) to work on /usr/local/python/3.10.8/lib/python3.10/site-packages/airflow/example_dags/example_short_circuit_operator.py
[2023-11-17T20:13:36.545+0000] {processor.py:743} INFO - Processing file /usr/local/python/3.10.8/lib/python3.10/site-packages/airflow/example_dags/example_short_circuit_operator.py for tasks to queue
[2023-11-17T20:13:36.545+0000] {logging_mixin.py:137} INFO - [2023-11-17T20:13:36.545+0000] {dagbag.py:538} INFO - Filling up the DagBag from /usr/local/python/3.10.8/lib/python3.10/site-packages/airflow/example_dags/example_short_circuit_operator.py
[2023-11-17T20:13:36.564+0000] {processor.py:753} INFO - DAG(s) dict_keys(['example_short_circuit_operator']) retrieved from /usr/local/python/3.10.8/lib/python3.10/site-packages/airflow/example_dags/example_short_circuit_operator.py
[2023-11-17T20:13:36.581+0000] {logging_mixin.py:137} INFO - [2023-11-17T20:13:36.581+0000] {dag.py:2690} INFO - Sync 1 DAGs
[2023-11-17T20:13:36.596+0000] {logging_mixin.py:137} INFO - [2023-11-17T20:13:36.596+0000] {dag.py:3437} INFO - Setting next_dagrun for example_short_circuit_operator to 2023-11-16T20:13:36.596107+00:00, run_after=2023-11-17T20:13:36.596107+00:00
[2023-11-17T20:13:36.638+0000] {processor.py:175} INFO - Processing /usr/local/python/3.10.8/lib/python3.10/site-packages/airflow/example_dags/example_short_circuit_operator.py took 0.096 seconds
[2023-11-17T20:14:16.123+0000] {processor.py:153} INFO - Started process (PID=14161) to work on /usr/local/python/3.10.8/lib/python3.10/site-packages/airflow/example_dags/example_short_circuit_operator.py
[2023-11-17T20:14:16.123+0000] {processor.py:743} INFO - Processing file /usr/local/python/3.10.8/lib/python3.10/site-packages/airflow/example_dags/example_short_circuit_operator.py for tasks to queue
[2023-11-17T20:14:16.124+0000] {logging_mixin.py:137} INFO - [2023-11-17T20:14:16.124+0000] {dagbag.py:538} INFO - Filling up the DagBag from /usr/local/python/3.10.8/lib/python3.10/site-packages/airflow/example_dags/example_short_circuit_operator.py
[2023-11-17T20:14:16.137+0000] {processor.py:753} INFO - DAG(s) dict_keys(['example_short_circuit_operator']) retrieved from /usr/local/python/3.10.8/lib/python3.10/site-packages/airflow/example_dags/example_short_circuit_operator.py
[2023-11-17T20:14:16.152+0000] {logging_mixin.py:137} INFO - [2023-11-17T20:14:16.152+0000] {dag.py:2690} INFO - Sync 1 DAGs
[2023-11-17T20:14:16.167+0000] {logging_mixin.py:137} INFO - [2023-11-17T20:14:16.166+0000] {dag.py:3437} INFO - Setting next_dagrun for example_short_circuit_operator to 2023-11-16T20:14:16.166768+00:00, run_after=2023-11-17T20:14:16.166768+00:00
[2023-11-17T20:14:16.208+0000] {processor.py:175} INFO - Processing /usr/local/python/3.10.8/lib/python3.10/site-packages/airflow/example_dags/example_short_circuit_operator.py took 0.087 seconds
[2023-11-17T20:14:56.557+0000] {processor.py:153} INFO - Started process (PID=14521) to work on /usr/local/python/3.10.8/lib/python3.10/site-packages/airflow/example_dags/example_short_circuit_operator.py
[2023-11-17T20:14:56.558+0000] {processor.py:743} INFO - Processing file /usr/local/python/3.10.8/lib/python3.10/site-packages/airflow/example_dags/example_short_circuit_operator.py for tasks to queue
[2023-11-17T20:14:56.558+0000] {logging_mixin.py:137} INFO - [2023-11-17T20:14:56.558+0000] {dagbag.py:538} INFO - Filling up the DagBag from /usr/local/python/3.10.8/lib/python3.10/site-packages/airflow/example_dags/example_short_circuit_operator.py
[2023-11-17T20:14:56.577+0000] {processor.py:753} INFO - DAG(s) dict_keys(['example_short_circuit_operator']) retrieved from /usr/local/python/3.10.8/lib/python3.10/site-packages/airflow/example_dags/example_short_circuit_operator.py
[2023-11-17T20:14:56.593+0000] {logging_mixin.py:137} INFO - [2023-11-17T20:14:56.592+0000] {dag.py:2690} INFO - Sync 1 DAGs
[2023-11-17T20:14:56.608+0000] {logging_mixin.py:137} INFO - [2023-11-17T20:14:56.608+0000] {dag.py:3437} INFO - Setting next_dagrun for example_short_circuit_operator to 2023-11-16T20:14:56.608345+00:00, run_after=2023-11-17T20:14:56.608345+00:00
[2023-11-17T20:14:56.655+0000] {processor.py:175} INFO - Processing /usr/local/python/3.10.8/lib/python3.10/site-packages/airflow/example_dags/example_short_circuit_operator.py took 0.099 seconds
[2023-11-17T20:15:37.193+0000] {processor.py:153} INFO - Started process (PID=14904) to work on /usr/local/python/3.10.8/lib/python3.10/site-packages/airflow/example_dags/example_short_circuit_operator.py
[2023-11-17T20:15:37.193+0000] {processor.py:743} INFO - Processing file /usr/local/python/3.10.8/lib/python3.10/site-packages/airflow/example_dags/example_short_circuit_operator.py for tasks to queue
[2023-11-17T20:15:37.194+0000] {logging_mixin.py:137} INFO - [2023-11-17T20:15:37.194+0000] {dagbag.py:538} INFO - Filling up the DagBag from /usr/local/python/3.10.8/lib/python3.10/site-packages/airflow/example_dags/example_short_circuit_operator.py
[2023-11-17T20:15:37.213+0000] {processor.py:753} INFO - DAG(s) dict_keys(['example_short_circuit_operator']) retrieved from /usr/local/python/3.10.8/lib/python3.10/site-packages/airflow/example_dags/example_short_circuit_operator.py
[2023-11-17T20:15:37.229+0000] {logging_mixin.py:137} INFO - [2023-11-17T20:15:37.229+0000] {dag.py:2690} INFO - Sync 1 DAGs
[2023-11-17T20:15:37.246+0000] {logging_mixin.py:137} INFO - [2023-11-17T20:15:37.245+0000] {dag.py:3437} INFO - Setting next_dagrun for example_short_circuit_operator to 2023-11-16T20:15:37.245716+00:00, run_after=2023-11-17T20:15:37.245716+00:00
[2023-11-17T20:15:37.298+0000] {processor.py:175} INFO - Processing /usr/local/python/3.10.8/lib/python3.10/site-packages/airflow/example_dags/example_short_circuit_operator.py took 0.107 seconds
[2023-11-17T20:16:08.612+0000] {processor.py:153} INFO - Started process (PID=15234) to work on /usr/local/python/3.10.8/lib/python3.10/site-packages/airflow/example_dags/example_short_circuit_operator.py
[2023-11-17T20:16:08.612+0000] {processor.py:743} INFO - Processing file /usr/local/python/3.10.8/lib/python3.10/site-packages/airflow/example_dags/example_short_circuit_operator.py for tasks to queue
[2023-11-17T20:16:08.613+0000] {logging_mixin.py:137} INFO - [2023-11-17T20:16:08.613+0000] {dagbag.py:538} INFO - Filling up the DagBag from /usr/local/python/3.10.8/lib/python3.10/site-packages/airflow/example_dags/example_short_circuit_operator.py
[2023-11-17T20:16:08.634+0000] {processor.py:753} INFO - DAG(s) dict_keys(['example_short_circuit_operator']) retrieved from /usr/local/python/3.10.8/lib/python3.10/site-packages/airflow/example_dags/example_short_circuit_operator.py
[2023-11-17T20:16:08.651+0000] {logging_mixin.py:137} INFO - [2023-11-17T20:16:08.651+0000] {dag.py:2690} INFO - Sync 1 DAGs
[2023-11-17T20:16:08.665+0000] {logging_mixin.py:137} INFO - [2023-11-17T20:16:08.665+0000] {dag.py:3437} INFO - Setting next_dagrun for example_short_circuit_operator to 2023-11-16T20:16:08.665634+00:00, run_after=2023-11-17T20:16:08.665634+00:00
[2023-11-17T20:16:08.706+0000] {processor.py:175} INFO - Processing /usr/local/python/3.10.8/lib/python3.10/site-packages/airflow/example_dags/example_short_circuit_operator.py took 0.096 seconds
[2023-11-17T20:16:47.291+0000] {processor.py:153} INFO - Started process (PID=15670) to work on /usr/local/python/3.10.8/lib/python3.10/site-packages/airflow/example_dags/example_short_circuit_operator.py
[2023-11-17T20:16:47.292+0000] {processor.py:743} INFO - Processing file /usr/local/python/3.10.8/lib/python3.10/site-packages/airflow/example_dags/example_short_circuit_operator.py for tasks to queue
[2023-11-17T20:16:47.292+0000] {logging_mixin.py:137} INFO - [2023-11-17T20:16:47.292+0000] {dagbag.py:538} INFO - Filling up the DagBag from /usr/local/python/3.10.8/lib/python3.10/site-packages/airflow/example_dags/example_short_circuit_operator.py
[2023-11-17T20:16:47.309+0000] {processor.py:753} INFO - DAG(s) dict_keys(['example_short_circuit_operator']) retrieved from /usr/local/python/3.10.8/lib/python3.10/site-packages/airflow/example_dags/example_short_circuit_operator.py
[2023-11-17T20:16:47.324+0000] {logging_mixin.py:137} INFO - [2023-11-17T20:16:47.324+0000] {dag.py:2690} INFO - Sync 1 DAGs
[2023-11-17T20:16:47.339+0000] {logging_mixin.py:137} INFO - [2023-11-17T20:16:47.339+0000] {dag.py:3437} INFO - Setting next_dagrun for example_short_circuit_operator to 2023-11-16T20:16:47.339121+00:00, run_after=2023-11-17T20:16:47.339121+00:00
[2023-11-17T20:16:47.377+0000] {processor.py:175} INFO - Processing /usr/local/python/3.10.8/lib/python3.10/site-packages/airflow/example_dags/example_short_circuit_operator.py took 0.088 seconds
[2023-11-17T20:17:22.441+0000] {processor.py:153} INFO - Started process (PID=16015) to work on /usr/local/python/3.10.8/lib/python3.10/site-packages/airflow/example_dags/example_short_circuit_operator.py
[2023-11-17T20:17:22.442+0000] {processor.py:743} INFO - Processing file /usr/local/python/3.10.8/lib/python3.10/site-packages/airflow/example_dags/example_short_circuit_operator.py for tasks to queue
[2023-11-17T20:17:22.442+0000] {logging_mixin.py:137} INFO - [2023-11-17T20:17:22.442+0000] {dagbag.py:538} INFO - Filling up the DagBag from /usr/local/python/3.10.8/lib/python3.10/site-packages/airflow/example_dags/example_short_circuit_operator.py
[2023-11-17T20:17:22.456+0000] {processor.py:753} INFO - DAG(s) dict_keys(['example_short_circuit_operator']) retrieved from /usr/local/python/3.10.8/lib/python3.10/site-packages/airflow/example_dags/example_short_circuit_operator.py
[2023-11-17T20:17:22.470+0000] {logging_mixin.py:137} INFO - [2023-11-17T20:17:22.470+0000] {dag.py:2690} INFO - Sync 1 DAGs
[2023-11-17T20:17:22.485+0000] {logging_mixin.py:137} INFO - [2023-11-17T20:17:22.485+0000] {dag.py:3437} INFO - Setting next_dagrun for example_short_circuit_operator to 2023-11-16T20:17:22.485426+00:00, run_after=2023-11-17T20:17:22.485426+00:00
[2023-11-17T20:17:22.525+0000] {processor.py:175} INFO - Processing /usr/local/python/3.10.8/lib/python3.10/site-packages/airflow/example_dags/example_short_circuit_operator.py took 0.086 seconds
