[2023-11-17T20:12:14.232+0000] {processor.py:153} INFO - Started process (PID=13220) to work on /usr/local/python/3.10.8/lib/python3.10/site-packages/airflow/example_dags/example_external_task_marker_dag.py
[2023-11-17T20:12:14.233+0000] {processor.py:743} INFO - Processing file /usr/local/python/3.10.8/lib/python3.10/site-packages/airflow/example_dags/example_external_task_marker_dag.py for tasks to queue
[2023-11-17T20:12:14.234+0000] {logging_mixin.py:137} INFO - [2023-11-17T20:12:14.234+0000] {dagbag.py:538} INFO - Filling up the DagBag from /usr/local/python/3.10.8/lib/python3.10/site-packages/airflow/example_dags/example_external_task_marker_dag.py
[2023-11-17T20:12:14.254+0000] {processor.py:753} INFO - DAG(s) dict_keys(['example_external_task_marker_parent', 'example_external_task_marker_child']) retrieved from /usr/local/python/3.10.8/lib/python3.10/site-packages/airflow/example_dags/example_external_task_marker_dag.py
[2023-11-17T20:12:14.398+0000] {logging_mixin.py:137} INFO - [2023-11-17T20:12:14.398+0000] {manager.py:504} INFO - Created Permission View: can edit on DAG:example_external_task_marker_parent
[2023-11-17T20:12:14.446+0000] {logging_mixin.py:137} INFO - [2023-11-17T20:12:14.446+0000] {manager.py:504} INFO - Created Permission View: can delete on DAG:example_external_task_marker_parent
[2023-11-17T20:12:14.478+0000] {logging_mixin.py:137} INFO - [2023-11-17T20:12:14.477+0000] {manager.py:504} INFO - Created Permission View: can read on DAG:example_external_task_marker_parent
[2023-11-17T20:12:14.548+0000] {logging_mixin.py:137} INFO - [2023-11-17T20:12:14.548+0000] {manager.py:504} INFO - Created Permission View: can edit on DAG:example_external_task_marker_child
[2023-11-17T20:12:14.579+0000] {logging_mixin.py:137} INFO - [2023-11-17T20:12:14.579+0000] {manager.py:504} INFO - Created Permission View: can delete on DAG:example_external_task_marker_child
[2023-11-17T20:12:14.610+0000] {logging_mixin.py:137} INFO - [2023-11-17T20:12:14.610+0000] {manager.py:504} INFO - Created Permission View: can read on DAG:example_external_task_marker_child
[2023-11-17T20:12:14.611+0000] {logging_mixin.py:137} INFO - [2023-11-17T20:12:14.611+0000] {dag.py:2690} INFO - Sync 2 DAGs
[2023-11-17T20:12:14.622+0000] {logging_mixin.py:137} INFO - [2023-11-17T20:12:14.622+0000] {dag.py:2711} INFO - Creating ORM DAG for example_external_task_marker_child
[2023-11-17T20:12:14.623+0000] {logging_mixin.py:137} INFO - [2023-11-17T20:12:14.623+0000] {dag.py:2711} INFO - Creating ORM DAG for example_external_task_marker_parent
[2023-11-17T20:12:14.632+0000] {logging_mixin.py:137} INFO - [2023-11-17T20:12:14.632+0000] {dag.py:3437} INFO - Setting next_dagrun for example_external_task_marker_child to None, run_after=None
[2023-11-17T20:12:14.633+0000] {logging_mixin.py:137} INFO - [2023-11-17T20:12:14.633+0000] {dag.py:3437} INFO - Setting next_dagrun for example_external_task_marker_parent to None, run_after=None
[2023-11-17T20:12:14.684+0000] {processor.py:175} INFO - Processing /usr/local/python/3.10.8/lib/python3.10/site-packages/airflow/example_dags/example_external_task_marker_dag.py took 0.454 seconds
[2023-11-17T20:13:01.634+0000] {processor.py:153} INFO - Started process (PID=13558) to work on /usr/local/python/3.10.8/lib/python3.10/site-packages/airflow/example_dags/example_external_task_marker_dag.py
[2023-11-17T20:13:01.635+0000] {processor.py:743} INFO - Processing file /usr/local/python/3.10.8/lib/python3.10/site-packages/airflow/example_dags/example_external_task_marker_dag.py for tasks to queue
[2023-11-17T20:13:01.636+0000] {logging_mixin.py:137} INFO - [2023-11-17T20:13:01.635+0000] {dagbag.py:538} INFO - Filling up the DagBag from /usr/local/python/3.10.8/lib/python3.10/site-packages/airflow/example_dags/example_external_task_marker_dag.py
[2023-11-17T20:13:01.649+0000] {processor.py:753} INFO - DAG(s) dict_keys(['example_external_task_marker_parent', 'example_external_task_marker_child']) retrieved from /usr/local/python/3.10.8/lib/python3.10/site-packages/airflow/example_dags/example_external_task_marker_dag.py
[2023-11-17T20:13:01.677+0000] {logging_mixin.py:137} INFO - [2023-11-17T20:13:01.677+0000] {dag.py:2690} INFO - Sync 2 DAGs
[2023-11-17T20:13:01.694+0000] {logging_mixin.py:137} INFO - [2023-11-17T20:13:01.694+0000] {dag.py:3437} INFO - Setting next_dagrun for example_external_task_marker_child to None, run_after=None
[2023-11-17T20:13:01.697+0000] {logging_mixin.py:137} INFO - [2023-11-17T20:13:01.696+0000] {dag.py:3437} INFO - Setting next_dagrun for example_external_task_marker_parent to None, run_after=None
[2023-11-17T20:13:01.739+0000] {processor.py:175} INFO - Processing /usr/local/python/3.10.8/lib/python3.10/site-packages/airflow/example_dags/example_external_task_marker_dag.py took 0.107 seconds
[2023-11-17T20:13:41.326+0000] {processor.py:153} INFO - Started process (PID=13826) to work on /usr/local/python/3.10.8/lib/python3.10/site-packages/airflow/example_dags/example_external_task_marker_dag.py
[2023-11-17T20:13:41.327+0000] {processor.py:743} INFO - Processing file /usr/local/python/3.10.8/lib/python3.10/site-packages/airflow/example_dags/example_external_task_marker_dag.py for tasks to queue
[2023-11-17T20:13:41.327+0000] {logging_mixin.py:137} INFO - [2023-11-17T20:13:41.327+0000] {dagbag.py:538} INFO - Filling up the DagBag from /usr/local/python/3.10.8/lib/python3.10/site-packages/airflow/example_dags/example_external_task_marker_dag.py
[2023-11-17T20:13:41.340+0000] {processor.py:753} INFO - DAG(s) dict_keys(['example_external_task_marker_parent', 'example_external_task_marker_child']) retrieved from /usr/local/python/3.10.8/lib/python3.10/site-packages/airflow/example_dags/example_external_task_marker_dag.py
[2023-11-17T20:13:41.355+0000] {logging_mixin.py:137} INFO - [2023-11-17T20:13:41.355+0000] {dag.py:2690} INFO - Sync 2 DAGs
[2023-11-17T20:13:41.370+0000] {logging_mixin.py:137} INFO - [2023-11-17T20:13:41.370+0000] {dag.py:3437} INFO - Setting next_dagrun for example_external_task_marker_child to None, run_after=None
[2023-11-17T20:13:41.372+0000] {logging_mixin.py:137} INFO - [2023-11-17T20:13:41.372+0000] {dag.py:3437} INFO - Setting next_dagrun for example_external_task_marker_parent to None, run_after=None
[2023-11-17T20:13:41.408+0000] {processor.py:175} INFO - Processing /usr/local/python/3.10.8/lib/python3.10/site-packages/airflow/example_dags/example_external_task_marker_dag.py took 0.084 seconds
[2023-11-17T20:14:21.395+0000] {processor.py:153} INFO - Started process (PID=14202) to work on /usr/local/python/3.10.8/lib/python3.10/site-packages/airflow/example_dags/example_external_task_marker_dag.py
[2023-11-17T20:14:21.396+0000] {processor.py:743} INFO - Processing file /usr/local/python/3.10.8/lib/python3.10/site-packages/airflow/example_dags/example_external_task_marker_dag.py for tasks to queue
[2023-11-17T20:14:21.396+0000] {logging_mixin.py:137} INFO - [2023-11-17T20:14:21.396+0000] {dagbag.py:538} INFO - Filling up the DagBag from /usr/local/python/3.10.8/lib/python3.10/site-packages/airflow/example_dags/example_external_task_marker_dag.py
[2023-11-17T20:14:21.409+0000] {processor.py:753} INFO - DAG(s) dict_keys(['example_external_task_marker_parent', 'example_external_task_marker_child']) retrieved from /usr/local/python/3.10.8/lib/python3.10/site-packages/airflow/example_dags/example_external_task_marker_dag.py
[2023-11-17T20:14:21.424+0000] {logging_mixin.py:137} INFO - [2023-11-17T20:14:21.424+0000] {dag.py:2690} INFO - Sync 2 DAGs
[2023-11-17T20:14:21.440+0000] {logging_mixin.py:137} INFO - [2023-11-17T20:14:21.440+0000] {dag.py:3437} INFO - Setting next_dagrun for example_external_task_marker_child to None, run_after=None
[2023-11-17T20:14:21.442+0000] {logging_mixin.py:137} INFO - [2023-11-17T20:14:21.442+0000] {dag.py:3437} INFO - Setting next_dagrun for example_external_task_marker_parent to None, run_after=None
[2023-11-17T20:14:21.479+0000] {processor.py:175} INFO - Processing /usr/local/python/3.10.8/lib/python3.10/site-packages/airflow/example_dags/example_external_task_marker_dag.py took 0.086 seconds
[2023-11-17T20:15:03.583+0000] {processor.py:153} INFO - Started process (PID=14602) to work on /usr/local/python/3.10.8/lib/python3.10/site-packages/airflow/example_dags/example_external_task_marker_dag.py
[2023-11-17T20:15:03.584+0000] {processor.py:743} INFO - Processing file /usr/local/python/3.10.8/lib/python3.10/site-packages/airflow/example_dags/example_external_task_marker_dag.py for tasks to queue
[2023-11-17T20:15:03.584+0000] {logging_mixin.py:137} INFO - [2023-11-17T20:15:03.584+0000] {dagbag.py:538} INFO - Filling up the DagBag from /usr/local/python/3.10.8/lib/python3.10/site-packages/airflow/example_dags/example_external_task_marker_dag.py
[2023-11-17T20:15:03.597+0000] {processor.py:753} INFO - DAG(s) dict_keys(['example_external_task_marker_child', 'example_external_task_marker_parent']) retrieved from /usr/local/python/3.10.8/lib/python3.10/site-packages/airflow/example_dags/example_external_task_marker_dag.py
[2023-11-17T20:15:03.612+0000] {logging_mixin.py:137} INFO - [2023-11-17T20:15:03.612+0000] {dag.py:2690} INFO - Sync 2 DAGs
[2023-11-17T20:15:03.629+0000] {logging_mixin.py:137} INFO - [2023-11-17T20:15:03.629+0000] {dag.py:3437} INFO - Setting next_dagrun for example_external_task_marker_child to None, run_after=None
[2023-11-17T20:15:03.632+0000] {logging_mixin.py:137} INFO - [2023-11-17T20:15:03.631+0000] {dag.py:3437} INFO - Setting next_dagrun for example_external_task_marker_parent to None, run_after=None
[2023-11-17T20:15:03.675+0000] {processor.py:175} INFO - Processing /usr/local/python/3.10.8/lib/python3.10/site-packages/airflow/example_dags/example_external_task_marker_dag.py took 0.094 seconds
[2023-11-17T20:15:45.366+0000] {processor.py:153} INFO - Started process (PID=14973) to work on /usr/local/python/3.10.8/lib/python3.10/site-packages/airflow/example_dags/example_external_task_marker_dag.py
[2023-11-17T20:15:45.367+0000] {processor.py:743} INFO - Processing file /usr/local/python/3.10.8/lib/python3.10/site-packages/airflow/example_dags/example_external_task_marker_dag.py for tasks to queue
[2023-11-17T20:15:45.368+0000] {logging_mixin.py:137} INFO - [2023-11-17T20:15:45.367+0000] {dagbag.py:538} INFO - Filling up the DagBag from /usr/local/python/3.10.8/lib/python3.10/site-packages/airflow/example_dags/example_external_task_marker_dag.py
[2023-11-17T20:15:45.380+0000] {processor.py:753} INFO - DAG(s) dict_keys(['example_external_task_marker_child', 'example_external_task_marker_parent']) retrieved from /usr/local/python/3.10.8/lib/python3.10/site-packages/airflow/example_dags/example_external_task_marker_dag.py
[2023-11-17T20:15:45.395+0000] {logging_mixin.py:137} INFO - [2023-11-17T20:15:45.395+0000] {dag.py:2690} INFO - Sync 2 DAGs
[2023-11-17T20:15:45.410+0000] {logging_mixin.py:137} INFO - [2023-11-17T20:15:45.410+0000] {dag.py:3437} INFO - Setting next_dagrun for example_external_task_marker_child to None, run_after=None
[2023-11-17T20:15:45.412+0000] {logging_mixin.py:137} INFO - [2023-11-17T20:15:45.412+0000] {dag.py:3437} INFO - Setting next_dagrun for example_external_task_marker_parent to None, run_after=None
[2023-11-17T20:15:45.451+0000] {processor.py:175} INFO - Processing /usr/local/python/3.10.8/lib/python3.10/site-packages/airflow/example_dags/example_external_task_marker_dag.py took 0.086 seconds
[2023-11-17T20:16:26.713+0000] {processor.py:153} INFO - Started process (PID=15461) to work on /usr/local/python/3.10.8/lib/python3.10/site-packages/airflow/example_dags/example_external_task_marker_dag.py
[2023-11-17T20:16:26.714+0000] {processor.py:743} INFO - Processing file /usr/local/python/3.10.8/lib/python3.10/site-packages/airflow/example_dags/example_external_task_marker_dag.py for tasks to queue
[2023-11-17T20:16:26.714+0000] {logging_mixin.py:137} INFO - [2023-11-17T20:16:26.714+0000] {dagbag.py:538} INFO - Filling up the DagBag from /usr/local/python/3.10.8/lib/python3.10/site-packages/airflow/example_dags/example_external_task_marker_dag.py
[2023-11-17T20:16:26.730+0000] {processor.py:753} INFO - DAG(s) dict_keys(['example_external_task_marker_child', 'example_external_task_marker_parent']) retrieved from /usr/local/python/3.10.8/lib/python3.10/site-packages/airflow/example_dags/example_external_task_marker_dag.py
[2023-11-17T20:16:26.750+0000] {logging_mixin.py:137} INFO - [2023-11-17T20:16:26.750+0000] {dag.py:2690} INFO - Sync 2 DAGs
[2023-11-17T20:16:26.772+0000] {logging_mixin.py:137} INFO - [2023-11-17T20:16:26.772+0000] {dag.py:3437} INFO - Setting next_dagrun for example_external_task_marker_child to None, run_after=None
[2023-11-17T20:16:26.775+0000] {logging_mixin.py:137} INFO - [2023-11-17T20:16:26.775+0000] {dag.py:3437} INFO - Setting next_dagrun for example_external_task_marker_parent to None, run_after=None
[2023-11-17T20:16:26.815+0000] {processor.py:175} INFO - Processing /usr/local/python/3.10.8/lib/python3.10/site-packages/airflow/example_dags/example_external_task_marker_dag.py took 0.104 seconds
[2023-11-17T20:17:08.444+0000] {processor.py:153} INFO - Started process (PID=15882) to work on /usr/local/python/3.10.8/lib/python3.10/site-packages/airflow/example_dags/example_external_task_marker_dag.py
[2023-11-17T20:17:08.445+0000] {processor.py:743} INFO - Processing file /usr/local/python/3.10.8/lib/python3.10/site-packages/airflow/example_dags/example_external_task_marker_dag.py for tasks to queue
[2023-11-17T20:17:08.446+0000] {logging_mixin.py:137} INFO - [2023-11-17T20:17:08.446+0000] {dagbag.py:538} INFO - Filling up the DagBag from /usr/local/python/3.10.8/lib/python3.10/site-packages/airflow/example_dags/example_external_task_marker_dag.py
[2023-11-17T20:17:08.459+0000] {processor.py:753} INFO - DAG(s) dict_keys(['example_external_task_marker_child', 'example_external_task_marker_parent']) retrieved from /usr/local/python/3.10.8/lib/python3.10/site-packages/airflow/example_dags/example_external_task_marker_dag.py
[2023-11-17T20:17:08.474+0000] {logging_mixin.py:137} INFO - [2023-11-17T20:17:08.474+0000] {dag.py:2690} INFO - Sync 2 DAGs
[2023-11-17T20:17:08.492+0000] {logging_mixin.py:137} INFO - [2023-11-17T20:17:08.492+0000] {dag.py:3437} INFO - Setting next_dagrun for example_external_task_marker_child to None, run_after=None
[2023-11-17T20:17:08.495+0000] {logging_mixin.py:137} INFO - [2023-11-17T20:17:08.495+0000] {dag.py:3437} INFO - Setting next_dagrun for example_external_task_marker_parent to None, run_after=None
[2023-11-17T20:17:08.531+0000] {processor.py:175} INFO - Processing /usr/local/python/3.10.8/lib/python3.10/site-packages/airflow/example_dags/example_external_task_marker_dag.py took 0.091 seconds
