[2023-11-17T20:12:12.316+0000] {processor.py:153} INFO - Started process (PID=13213) to work on /usr/local/python/3.10.8/lib/python3.10/site-packages/airflow/example_dags/example_datasets.py
[2023-11-17T20:12:12.316+0000] {processor.py:743} INFO - Processing file /usr/local/python/3.10.8/lib/python3.10/site-packages/airflow/example_dags/example_datasets.py for tasks to queue
[2023-11-17T20:12:12.317+0000] {logging_mixin.py:137} INFO - [2023-11-17T20:12:12.317+0000] {dagbag.py:538} INFO - Filling up the DagBag from /usr/local/python/3.10.8/lib/python3.10/site-packages/airflow/example_dags/example_datasets.py
[2023-11-17T20:12:12.331+0000] {processor.py:753} INFO - DAG(s) dict_keys(['dataset_consumes_1', 'dataset_produces_1', 'dataset_consumes_1_never_scheduled', 'dataset_consumes_1_and_2', 'dataset_consumes_unknown_never_scheduled', 'dataset_produces_2']) retrieved from /usr/local/python/3.10.8/lib/python3.10/site-packages/airflow/example_dags/example_datasets.py
[2023-11-17T20:12:12.469+0000] {logging_mixin.py:137} INFO - [2023-11-17T20:12:12.468+0000] {manager.py:504} INFO - Created Permission View: can edit on DAG:dataset_consumes_1
[2023-11-17T20:12:12.499+0000] {logging_mixin.py:137} INFO - [2023-11-17T20:12:12.499+0000] {manager.py:504} INFO - Created Permission View: can delete on DAG:dataset_consumes_1
[2023-11-17T20:12:12.528+0000] {logging_mixin.py:137} INFO - [2023-11-17T20:12:12.528+0000] {manager.py:504} INFO - Created Permission View: can read on DAG:dataset_consumes_1
[2023-11-17T20:12:12.589+0000] {logging_mixin.py:137} INFO - [2023-11-17T20:12:12.588+0000] {manager.py:504} INFO - Created Permission View: can edit on DAG:dataset_produces_1
[2023-11-17T20:12:12.621+0000] {logging_mixin.py:137} INFO - [2023-11-17T20:12:12.620+0000] {manager.py:504} INFO - Created Permission View: can delete on DAG:dataset_produces_1
[2023-11-17T20:12:12.650+0000] {logging_mixin.py:137} INFO - [2023-11-17T20:12:12.650+0000] {manager.py:504} INFO - Created Permission View: can read on DAG:dataset_produces_1
[2023-11-17T20:12:12.722+0000] {logging_mixin.py:137} INFO - [2023-11-17T20:12:12.722+0000] {manager.py:504} INFO - Created Permission View: can edit on DAG:dataset_consumes_1_never_scheduled
[2023-11-17T20:12:12.756+0000] {logging_mixin.py:137} INFO - [2023-11-17T20:12:12.756+0000] {manager.py:504} INFO - Created Permission View: can delete on DAG:dataset_consumes_1_never_scheduled
[2023-11-17T20:12:12.786+0000] {logging_mixin.py:137} INFO - [2023-11-17T20:12:12.786+0000] {manager.py:504} INFO - Created Permission View: can read on DAG:dataset_consumes_1_never_scheduled
[2023-11-17T20:12:12.854+0000] {logging_mixin.py:137} INFO - [2023-11-17T20:12:12.854+0000] {manager.py:504} INFO - Created Permission View: can edit on DAG:dataset_consumes_1_and_2
[2023-11-17T20:12:12.887+0000] {logging_mixin.py:137} INFO - [2023-11-17T20:12:12.887+0000] {manager.py:504} INFO - Created Permission View: can delete on DAG:dataset_consumes_1_and_2
[2023-11-17T20:12:12.916+0000] {logging_mixin.py:137} INFO - [2023-11-17T20:12:12.916+0000] {manager.py:504} INFO - Created Permission View: can read on DAG:dataset_consumes_1_and_2
[2023-11-17T20:12:12.985+0000] {logging_mixin.py:137} INFO - [2023-11-17T20:12:12.985+0000] {manager.py:504} INFO - Created Permission View: can edit on DAG:dataset_consumes_unknown_never_scheduled
[2023-11-17T20:12:13.019+0000] {logging_mixin.py:137} INFO - [2023-11-17T20:12:13.019+0000] {manager.py:504} INFO - Created Permission View: can delete on DAG:dataset_consumes_unknown_never_scheduled
[2023-11-17T20:12:13.051+0000] {logging_mixin.py:137} INFO - [2023-11-17T20:12:13.051+0000] {manager.py:504} INFO - Created Permission View: can read on DAG:dataset_consumes_unknown_never_scheduled
[2023-11-17T20:12:13.114+0000] {logging_mixin.py:137} INFO - [2023-11-17T20:12:13.114+0000] {manager.py:504} INFO - Created Permission View: can edit on DAG:dataset_produces_2
[2023-11-17T20:12:13.145+0000] {logging_mixin.py:137} INFO - [2023-11-17T20:12:13.145+0000] {manager.py:504} INFO - Created Permission View: can delete on DAG:dataset_produces_2
[2023-11-17T20:12:13.188+0000] {logging_mixin.py:137} INFO - [2023-11-17T20:12:13.188+0000] {manager.py:504} INFO - Created Permission View: can read on DAG:dataset_produces_2
[2023-11-17T20:12:13.188+0000] {logging_mixin.py:137} INFO - [2023-11-17T20:12:13.188+0000] {dag.py:2690} INFO - Sync 6 DAGs
[2023-11-17T20:12:13.196+0000] {logging_mixin.py:137} INFO - [2023-11-17T20:12:13.196+0000] {dag.py:2711} INFO - Creating ORM DAG for dataset_consumes_1
[2023-11-17T20:12:13.197+0000] {logging_mixin.py:137} INFO - [2023-11-17T20:12:13.196+0000] {dag.py:2711} INFO - Creating ORM DAG for dataset_consumes_unknown_never_scheduled
[2023-11-17T20:12:13.197+0000] {logging_mixin.py:137} INFO - [2023-11-17T20:12:13.197+0000] {dag.py:2711} INFO - Creating ORM DAG for dataset_produces_1
[2023-11-17T20:12:13.197+0000] {logging_mixin.py:137} INFO - [2023-11-17T20:12:13.197+0000] {dag.py:2711} INFO - Creating ORM DAG for dataset_consumes_1_and_2
[2023-11-17T20:12:13.198+0000] {logging_mixin.py:137} INFO - [2023-11-17T20:12:13.198+0000] {dag.py:2711} INFO - Creating ORM DAG for dataset_consumes_1_never_scheduled
[2023-11-17T20:12:13.198+0000] {logging_mixin.py:137} INFO - [2023-11-17T20:12:13.198+0000] {dag.py:2711} INFO - Creating ORM DAG for dataset_produces_2
[2023-11-17T20:12:13.205+0000] {logging_mixin.py:137} INFO - [2023-11-17T20:12:13.204+0000] {dag.py:3437} INFO - Setting next_dagrun for dataset_consumes_1 to None, run_after=None
[2023-11-17T20:12:13.205+0000] {logging_mixin.py:137} INFO - [2023-11-17T20:12:13.205+0000] {dag.py:3437} INFO - Setting next_dagrun for dataset_consumes_1_and_2 to None, run_after=None
[2023-11-17T20:12:13.205+0000] {logging_mixin.py:137} INFO - [2023-11-17T20:12:13.205+0000] {dag.py:3437} INFO - Setting next_dagrun for dataset_consumes_1_never_scheduled to None, run_after=None
[2023-11-17T20:12:13.206+0000] {logging_mixin.py:137} INFO - [2023-11-17T20:12:13.206+0000] {dag.py:3437} INFO - Setting next_dagrun for dataset_consumes_unknown_never_scheduled to None, run_after=None
[2023-11-17T20:12:13.207+0000] {logging_mixin.py:137} INFO - [2023-11-17T20:12:13.207+0000] {dag.py:3437} INFO - Setting next_dagrun for dataset_produces_1 to 2023-11-16T00:00:00+00:00, run_after=2023-11-17T00:00:00+00:00
[2023-11-17T20:12:13.208+0000] {logging_mixin.py:137} INFO - [2023-11-17T20:12:13.208+0000] {dag.py:3437} INFO - Setting next_dagrun for dataset_produces_2 to None, run_after=None
[2023-11-17T20:12:13.263+0000] {processor.py:175} INFO - Processing /usr/local/python/3.10.8/lib/python3.10/site-packages/airflow/example_dags/example_datasets.py took 0.950 seconds
[2023-11-17T20:12:53.503+0000] {processor.py:153} INFO - Started process (PID=13495) to work on /usr/local/python/3.10.8/lib/python3.10/site-packages/airflow/example_dags/example_datasets.py
[2023-11-17T20:12:53.504+0000] {processor.py:743} INFO - Processing file /usr/local/python/3.10.8/lib/python3.10/site-packages/airflow/example_dags/example_datasets.py for tasks to queue
[2023-11-17T20:12:53.504+0000] {logging_mixin.py:137} INFO - [2023-11-17T20:12:53.504+0000] {dagbag.py:538} INFO - Filling up the DagBag from /usr/local/python/3.10.8/lib/python3.10/site-packages/airflow/example_dags/example_datasets.py
[2023-11-17T20:12:53.519+0000] {processor.py:753} INFO - DAG(s) dict_keys(['dataset_consumes_1_never_scheduled', 'dataset_consumes_1', 'dataset_consumes_1_and_2', 'dataset_produces_1', 'dataset_consumes_unknown_never_scheduled', 'dataset_produces_2']) retrieved from /usr/local/python/3.10.8/lib/python3.10/site-packages/airflow/example_dags/example_datasets.py
[2023-11-17T20:12:53.542+0000] {logging_mixin.py:137} INFO - [2023-11-17T20:12:53.541+0000] {dag.py:2690} INFO - Sync 6 DAGs
[2023-11-17T20:12:53.557+0000] {logging_mixin.py:137} INFO - [2023-11-17T20:12:53.557+0000] {dag.py:3437} INFO - Setting next_dagrun for dataset_consumes_1 to None, run_after=None
[2023-11-17T20:12:53.559+0000] {logging_mixin.py:137} INFO - [2023-11-17T20:12:53.559+0000] {dag.py:3437} INFO - Setting next_dagrun for dataset_consumes_1_and_2 to None, run_after=None
[2023-11-17T20:12:53.560+0000] {logging_mixin.py:137} INFO - [2023-11-17T20:12:53.560+0000] {dag.py:3437} INFO - Setting next_dagrun for dataset_consumes_1_never_scheduled to None, run_after=None
[2023-11-17T20:12:53.561+0000] {logging_mixin.py:137} INFO - [2023-11-17T20:12:53.561+0000] {dag.py:3437} INFO - Setting next_dagrun for dataset_consumes_unknown_never_scheduled to None, run_after=None
[2023-11-17T20:12:53.563+0000] {logging_mixin.py:137} INFO - [2023-11-17T20:12:53.563+0000] {dag.py:3437} INFO - Setting next_dagrun for dataset_produces_1 to 2023-11-16T00:00:00+00:00, run_after=2023-11-17T00:00:00+00:00
[2023-11-17T20:12:53.563+0000] {logging_mixin.py:137} INFO - [2023-11-17T20:12:53.563+0000] {dag.py:3437} INFO - Setting next_dagrun for dataset_produces_2 to None, run_after=None
[2023-11-17T20:12:53.607+0000] {processor.py:175} INFO - Processing /usr/local/python/3.10.8/lib/python3.10/site-packages/airflow/example_dags/example_datasets.py took 0.106 seconds
[2023-11-17T20:13:40.091+0000] {processor.py:153} INFO - Started process (PID=13819) to work on /usr/local/python/3.10.8/lib/python3.10/site-packages/airflow/example_dags/example_datasets.py
[2023-11-17T20:13:40.091+0000] {processor.py:743} INFO - Processing file /usr/local/python/3.10.8/lib/python3.10/site-packages/airflow/example_dags/example_datasets.py for tasks to queue
[2023-11-17T20:13:40.092+0000] {logging_mixin.py:137} INFO - [2023-11-17T20:13:40.092+0000] {dagbag.py:538} INFO - Filling up the DagBag from /usr/local/python/3.10.8/lib/python3.10/site-packages/airflow/example_dags/example_datasets.py
[2023-11-17T20:13:40.107+0000] {processor.py:753} INFO - DAG(s) dict_keys(['dataset_consumes_1', 'dataset_consumes_1_never_scheduled', 'dataset_produces_1', 'dataset_consumes_unknown_never_scheduled', 'dataset_produces_2', 'dataset_consumes_1_and_2']) retrieved from /usr/local/python/3.10.8/lib/python3.10/site-packages/airflow/example_dags/example_datasets.py
[2023-11-17T20:13:40.131+0000] {logging_mixin.py:137} INFO - [2023-11-17T20:13:40.130+0000] {dag.py:2690} INFO - Sync 6 DAGs
[2023-11-17T20:13:40.150+0000] {logging_mixin.py:137} INFO - [2023-11-17T20:13:40.150+0000] {dag.py:3437} INFO - Setting next_dagrun for dataset_consumes_1 to None, run_after=None
[2023-11-17T20:13:40.153+0000] {logging_mixin.py:137} INFO - [2023-11-17T20:13:40.153+0000] {dag.py:3437} INFO - Setting next_dagrun for dataset_consumes_1_and_2 to None, run_after=None
[2023-11-17T20:13:40.154+0000] {logging_mixin.py:137} INFO - [2023-11-17T20:13:40.154+0000] {dag.py:3437} INFO - Setting next_dagrun for dataset_consumes_1_never_scheduled to None, run_after=None
[2023-11-17T20:13:40.155+0000] {logging_mixin.py:137} INFO - [2023-11-17T20:13:40.155+0000] {dag.py:3437} INFO - Setting next_dagrun for dataset_consumes_unknown_never_scheduled to None, run_after=None
[2023-11-17T20:13:40.157+0000] {logging_mixin.py:137} INFO - [2023-11-17T20:13:40.157+0000] {dag.py:3437} INFO - Setting next_dagrun for dataset_produces_1 to 2023-11-16T00:00:00+00:00, run_after=2023-11-17T00:00:00+00:00
[2023-11-17T20:13:40.158+0000] {logging_mixin.py:137} INFO - [2023-11-17T20:13:40.158+0000] {dag.py:3437} INFO - Setting next_dagrun for dataset_produces_2 to None, run_after=None
[2023-11-17T20:13:40.213+0000] {processor.py:175} INFO - Processing /usr/local/python/3.10.8/lib/python3.10/site-packages/airflow/example_dags/example_datasets.py took 0.125 seconds
[2023-11-17T20:14:20.125+0000] {processor.py:153} INFO - Started process (PID=14177) to work on /usr/local/python/3.10.8/lib/python3.10/site-packages/airflow/example_dags/example_datasets.py
[2023-11-17T20:14:20.126+0000] {processor.py:743} INFO - Processing file /usr/local/python/3.10.8/lib/python3.10/site-packages/airflow/example_dags/example_datasets.py for tasks to queue
[2023-11-17T20:14:20.126+0000] {logging_mixin.py:137} INFO - [2023-11-17T20:14:20.126+0000] {dagbag.py:538} INFO - Filling up the DagBag from /usr/local/python/3.10.8/lib/python3.10/site-packages/airflow/example_dags/example_datasets.py
[2023-11-17T20:14:20.151+0000] {processor.py:753} INFO - DAG(s) dict_keys(['dataset_produces_1', 'dataset_consumes_1_and_2', 'dataset_consumes_1', 'dataset_consumes_unknown_never_scheduled', 'dataset_consumes_1_never_scheduled', 'dataset_produces_2']) retrieved from /usr/local/python/3.10.8/lib/python3.10/site-packages/airflow/example_dags/example_datasets.py
[2023-11-17T20:14:20.192+0000] {logging_mixin.py:137} INFO - [2023-11-17T20:14:20.192+0000] {dag.py:2690} INFO - Sync 6 DAGs
[2023-11-17T20:14:20.208+0000] {logging_mixin.py:137} INFO - [2023-11-17T20:14:20.208+0000] {dag.py:3437} INFO - Setting next_dagrun for dataset_consumes_1 to None, run_after=None
[2023-11-17T20:14:20.211+0000] {logging_mixin.py:137} INFO - [2023-11-17T20:14:20.211+0000] {dag.py:3437} INFO - Setting next_dagrun for dataset_consumes_1_and_2 to None, run_after=None
[2023-11-17T20:14:20.212+0000] {logging_mixin.py:137} INFO - [2023-11-17T20:14:20.212+0000] {dag.py:3437} INFO - Setting next_dagrun for dataset_consumes_1_never_scheduled to None, run_after=None
[2023-11-17T20:14:20.213+0000] {logging_mixin.py:137} INFO - [2023-11-17T20:14:20.213+0000] {dag.py:3437} INFO - Setting next_dagrun for dataset_consumes_unknown_never_scheduled to None, run_after=None
[2023-11-17T20:14:20.218+0000] {logging_mixin.py:137} INFO - [2023-11-17T20:14:20.218+0000] {dag.py:3437} INFO - Setting next_dagrun for dataset_produces_1 to 2023-11-16T00:00:00+00:00, run_after=2023-11-17T00:00:00+00:00
[2023-11-17T20:14:20.219+0000] {logging_mixin.py:137} INFO - [2023-11-17T20:14:20.219+0000] {dag.py:3437} INFO - Setting next_dagrun for dataset_produces_2 to None, run_after=None
[2023-11-17T20:14:20.279+0000] {processor.py:175} INFO - Processing /usr/local/python/3.10.8/lib/python3.10/site-packages/airflow/example_dags/example_datasets.py took 0.157 seconds
[2023-11-17T20:15:02.319+0000] {processor.py:153} INFO - Started process (PID=14589) to work on /usr/local/python/3.10.8/lib/python3.10/site-packages/airflow/example_dags/example_datasets.py
[2023-11-17T20:15:02.320+0000] {processor.py:743} INFO - Processing file /usr/local/python/3.10.8/lib/python3.10/site-packages/airflow/example_dags/example_datasets.py for tasks to queue
[2023-11-17T20:15:02.320+0000] {logging_mixin.py:137} INFO - [2023-11-17T20:15:02.320+0000] {dagbag.py:538} INFO - Filling up the DagBag from /usr/local/python/3.10.8/lib/python3.10/site-packages/airflow/example_dags/example_datasets.py
[2023-11-17T20:15:02.334+0000] {processor.py:753} INFO - DAG(s) dict_keys(['dataset_consumes_1_and_2', 'dataset_consumes_1_never_scheduled', 'dataset_produces_1', 'dataset_consumes_1', 'dataset_produces_2', 'dataset_consumes_unknown_never_scheduled']) retrieved from /usr/local/python/3.10.8/lib/python3.10/site-packages/airflow/example_dags/example_datasets.py
[2023-11-17T20:15:02.373+0000] {logging_mixin.py:137} INFO - [2023-11-17T20:15:02.372+0000] {dag.py:2690} INFO - Sync 6 DAGs
[2023-11-17T20:15:02.397+0000] {logging_mixin.py:137} INFO - [2023-11-17T20:15:02.397+0000] {dag.py:3437} INFO - Setting next_dagrun for dataset_consumes_1 to None, run_after=None
[2023-11-17T20:15:02.399+0000] {logging_mixin.py:137} INFO - [2023-11-17T20:15:02.399+0000] {dag.py:3437} INFO - Setting next_dagrun for dataset_consumes_1_and_2 to None, run_after=None
[2023-11-17T20:15:02.400+0000] {logging_mixin.py:137} INFO - [2023-11-17T20:15:02.400+0000] {dag.py:3437} INFO - Setting next_dagrun for dataset_consumes_1_never_scheduled to None, run_after=None
[2023-11-17T20:15:02.401+0000] {logging_mixin.py:137} INFO - [2023-11-17T20:15:02.401+0000] {dag.py:3437} INFO - Setting next_dagrun for dataset_consumes_unknown_never_scheduled to None, run_after=None
[2023-11-17T20:15:02.403+0000] {logging_mixin.py:137} INFO - [2023-11-17T20:15:02.403+0000] {dag.py:3437} INFO - Setting next_dagrun for dataset_produces_1 to 2023-11-16T00:00:00+00:00, run_after=2023-11-17T00:00:00+00:00
[2023-11-17T20:15:02.403+0000] {logging_mixin.py:137} INFO - [2023-11-17T20:15:02.403+0000] {dag.py:3437} INFO - Setting next_dagrun for dataset_produces_2 to None, run_after=None
[2023-11-17T20:15:02.450+0000] {processor.py:175} INFO - Processing /usr/local/python/3.10.8/lib/python3.10/site-packages/airflow/example_dags/example_datasets.py took 0.133 seconds
[2023-11-17T20:15:44.096+0000] {processor.py:153} INFO - Started process (PID=14960) to work on /usr/local/python/3.10.8/lib/python3.10/site-packages/airflow/example_dags/example_datasets.py
[2023-11-17T20:15:44.096+0000] {processor.py:743} INFO - Processing file /usr/local/python/3.10.8/lib/python3.10/site-packages/airflow/example_dags/example_datasets.py for tasks to queue
[2023-11-17T20:15:44.097+0000] {logging_mixin.py:137} INFO - [2023-11-17T20:15:44.097+0000] {dagbag.py:538} INFO - Filling up the DagBag from /usr/local/python/3.10.8/lib/python3.10/site-packages/airflow/example_dags/example_datasets.py
[2023-11-17T20:15:44.111+0000] {processor.py:753} INFO - DAG(s) dict_keys(['dataset_produces_1', 'dataset_consumes_1_and_2', 'dataset_consumes_unknown_never_scheduled', 'dataset_consumes_1_never_scheduled', 'dataset_produces_2', 'dataset_consumes_1']) retrieved from /usr/local/python/3.10.8/lib/python3.10/site-packages/airflow/example_dags/example_datasets.py
[2023-11-17T20:15:44.134+0000] {logging_mixin.py:137} INFO - [2023-11-17T20:15:44.134+0000] {dag.py:2690} INFO - Sync 6 DAGs
[2023-11-17T20:15:44.151+0000] {logging_mixin.py:137} INFO - [2023-11-17T20:15:44.151+0000] {dag.py:3437} INFO - Setting next_dagrun for dataset_consumes_1 to None, run_after=None
[2023-11-17T20:15:44.153+0000] {logging_mixin.py:137} INFO - [2023-11-17T20:15:44.153+0000] {dag.py:3437} INFO - Setting next_dagrun for dataset_consumes_1_and_2 to None, run_after=None
[2023-11-17T20:15:44.154+0000] {logging_mixin.py:137} INFO - [2023-11-17T20:15:44.154+0000] {dag.py:3437} INFO - Setting next_dagrun for dataset_consumes_1_never_scheduled to None, run_after=None
[2023-11-17T20:15:44.154+0000] {logging_mixin.py:137} INFO - [2023-11-17T20:15:44.154+0000] {dag.py:3437} INFO - Setting next_dagrun for dataset_consumes_unknown_never_scheduled to None, run_after=None
[2023-11-17T20:15:44.156+0000] {logging_mixin.py:137} INFO - [2023-11-17T20:15:44.156+0000] {dag.py:3437} INFO - Setting next_dagrun for dataset_produces_1 to 2023-11-16T00:00:00+00:00, run_after=2023-11-17T00:00:00+00:00
[2023-11-17T20:15:44.157+0000] {logging_mixin.py:137} INFO - [2023-11-17T20:15:44.157+0000] {dag.py:3437} INFO - Setting next_dagrun for dataset_produces_2 to None, run_after=None
[2023-11-17T20:15:44.202+0000] {processor.py:175} INFO - Processing /usr/local/python/3.10.8/lib/python3.10/site-packages/airflow/example_dags/example_datasets.py took 0.109 seconds
[2023-11-17T20:16:26.309+0000] {processor.py:153} INFO - Started process (PID=15446) to work on /usr/local/python/3.10.8/lib/python3.10/site-packages/airflow/example_dags/example_datasets.py
[2023-11-17T20:16:26.309+0000] {processor.py:743} INFO - Processing file /usr/local/python/3.10.8/lib/python3.10/site-packages/airflow/example_dags/example_datasets.py for tasks to queue
[2023-11-17T20:16:26.310+0000] {logging_mixin.py:137} INFO - [2023-11-17T20:16:26.310+0000] {dagbag.py:538} INFO - Filling up the DagBag from /usr/local/python/3.10.8/lib/python3.10/site-packages/airflow/example_dags/example_datasets.py
[2023-11-17T20:16:26.324+0000] {processor.py:753} INFO - DAG(s) dict_keys(['dataset_consumes_1_and_2', 'dataset_consumes_1', 'dataset_produces_2', 'dataset_consumes_1_never_scheduled', 'dataset_produces_1', 'dataset_consumes_unknown_never_scheduled']) retrieved from /usr/local/python/3.10.8/lib/python3.10/site-packages/airflow/example_dags/example_datasets.py
[2023-11-17T20:16:26.348+0000] {logging_mixin.py:137} INFO - [2023-11-17T20:16:26.348+0000] {dag.py:2690} INFO - Sync 6 DAGs
[2023-11-17T20:16:26.364+0000] {logging_mixin.py:137} INFO - [2023-11-17T20:16:26.363+0000] {dag.py:3437} INFO - Setting next_dagrun for dataset_consumes_1 to None, run_after=None
[2023-11-17T20:16:26.366+0000] {logging_mixin.py:137} INFO - [2023-11-17T20:16:26.366+0000] {dag.py:3437} INFO - Setting next_dagrun for dataset_consumes_1_and_2 to None, run_after=None
[2023-11-17T20:16:26.366+0000] {logging_mixin.py:137} INFO - [2023-11-17T20:16:26.366+0000] {dag.py:3437} INFO - Setting next_dagrun for dataset_consumes_1_never_scheduled to None, run_after=None
[2023-11-17T20:16:26.367+0000] {logging_mixin.py:137} INFO - [2023-11-17T20:16:26.367+0000] {dag.py:3437} INFO - Setting next_dagrun for dataset_consumes_unknown_never_scheduled to None, run_after=None
[2023-11-17T20:16:26.369+0000] {logging_mixin.py:137} INFO - [2023-11-17T20:16:26.369+0000] {dag.py:3437} INFO - Setting next_dagrun for dataset_produces_1 to 2023-11-16T00:00:00+00:00, run_after=2023-11-17T00:00:00+00:00
[2023-11-17T20:16:26.370+0000] {logging_mixin.py:137} INFO - [2023-11-17T20:16:26.370+0000] {dag.py:3437} INFO - Setting next_dagrun for dataset_produces_2 to None, run_after=None
[2023-11-17T20:16:26.417+0000] {processor.py:175} INFO - Processing /usr/local/python/3.10.8/lib/python3.10/site-packages/airflow/example_dags/example_datasets.py took 0.111 seconds
[2023-11-17T20:17:07.845+0000] {processor.py:153} INFO - Started process (PID=15875) to work on /usr/local/python/3.10.8/lib/python3.10/site-packages/airflow/example_dags/example_datasets.py
[2023-11-17T20:17:07.846+0000] {processor.py:743} INFO - Processing file /usr/local/python/3.10.8/lib/python3.10/site-packages/airflow/example_dags/example_datasets.py for tasks to queue
[2023-11-17T20:17:07.846+0000] {logging_mixin.py:137} INFO - [2023-11-17T20:17:07.846+0000] {dagbag.py:538} INFO - Filling up the DagBag from /usr/local/python/3.10.8/lib/python3.10/site-packages/airflow/example_dags/example_datasets.py
[2023-11-17T20:17:07.865+0000] {processor.py:753} INFO - DAG(s) dict_keys(['dataset_consumes_unknown_never_scheduled', 'dataset_consumes_1_and_2', 'dataset_consumes_1_never_scheduled', 'dataset_produces_1', 'dataset_consumes_1', 'dataset_produces_2']) retrieved from /usr/local/python/3.10.8/lib/python3.10/site-packages/airflow/example_dags/example_datasets.py
[2023-11-17T20:17:07.902+0000] {logging_mixin.py:137} INFO - [2023-11-17T20:17:07.901+0000] {dag.py:2690} INFO - Sync 6 DAGs
[2023-11-17T20:17:07.926+0000] {logging_mixin.py:137} INFO - [2023-11-17T20:17:07.924+0000] {dag.py:3437} INFO - Setting next_dagrun for dataset_consumes_1 to None, run_after=None
[2023-11-17T20:17:07.928+0000] {logging_mixin.py:137} INFO - [2023-11-17T20:17:07.928+0000] {dag.py:3437} INFO - Setting next_dagrun for dataset_consumes_1_and_2 to None, run_after=None
[2023-11-17T20:17:07.929+0000] {logging_mixin.py:137} INFO - [2023-11-17T20:17:07.929+0000] {dag.py:3437} INFO - Setting next_dagrun for dataset_consumes_1_never_scheduled to None, run_after=None
[2023-11-17T20:17:07.930+0000] {logging_mixin.py:137} INFO - [2023-11-17T20:17:07.930+0000] {dag.py:3437} INFO - Setting next_dagrun for dataset_consumes_unknown_never_scheduled to None, run_after=None
[2023-11-17T20:17:07.932+0000] {logging_mixin.py:137} INFO - [2023-11-17T20:17:07.932+0000] {dag.py:3437} INFO - Setting next_dagrun for dataset_produces_1 to 2023-11-16T00:00:00+00:00, run_after=2023-11-17T00:00:00+00:00
[2023-11-17T20:17:07.932+0000] {logging_mixin.py:137} INFO - [2023-11-17T20:17:07.932+0000] {dag.py:3437} INFO - Setting next_dagrun for dataset_produces_2 to None, run_after=None
[2023-11-17T20:17:07.979+0000] {processor.py:175} INFO - Processing /usr/local/python/3.10.8/lib/python3.10/site-packages/airflow/example_dags/example_datasets.py took 0.137 seconds
