[2023-11-17T20:11:48.770+0000] {processor.py:153} INFO - Started process (PID=13068) to work on /usr/local/python/3.10.8/lib/python3.10/site-packages/airflow/example_dags/example_kubernetes_executor.py
[2023-11-17T20:11:48.771+0000] {processor.py:743} INFO - Processing file /usr/local/python/3.10.8/lib/python3.10/site-packages/airflow/example_dags/example_kubernetes_executor.py for tasks to queue
[2023-11-17T20:11:48.771+0000] {logging_mixin.py:137} INFO - [2023-11-17T20:11:48.771+0000] {dagbag.py:538} INFO - Filling up the DagBag from /usr/local/python/3.10.8/lib/python3.10/site-packages/airflow/example_dags/example_kubernetes_executor.py
[2023-11-17T20:11:48.785+0000] {logging_mixin.py:137} INFO - [2023-11-17T20:11:48.785+0000] {example_kubernetes_executor.py:41} WARNING - The example_kubernetes_executor example DAG requires the kubernetes provider. Please install it with: pip install apache-airflow[cncf.kubernetes]
[2023-11-17T20:11:48.785+0000] {processor.py:755} WARNING - No viable dags retrieved from /usr/local/python/3.10.8/lib/python3.10/site-packages/airflow/example_dags/example_kubernetes_executor.py
[2023-11-17T20:11:48.791+0000] {processor.py:175} INFO - Processing /usr/local/python/3.10.8/lib/python3.10/site-packages/airflow/example_dags/example_kubernetes_executor.py took 0.022 seconds
[2023-11-17T20:12:35.013+0000] {processor.py:153} INFO - Started process (PID=13362) to work on /usr/local/python/3.10.8/lib/python3.10/site-packages/airflow/example_dags/example_kubernetes_executor.py
[2023-11-17T20:12:35.014+0000] {processor.py:743} INFO - Processing file /usr/local/python/3.10.8/lib/python3.10/site-packages/airflow/example_dags/example_kubernetes_executor.py for tasks to queue
[2023-11-17T20:12:35.014+0000] {logging_mixin.py:137} INFO - [2023-11-17T20:12:35.014+0000] {dagbag.py:538} INFO - Filling up the DagBag from /usr/local/python/3.10.8/lib/python3.10/site-packages/airflow/example_dags/example_kubernetes_executor.py
[2023-11-17T20:12:35.029+0000] {logging_mixin.py:137} INFO - [2023-11-17T20:12:35.029+0000] {example_kubernetes_executor.py:41} WARNING - The example_kubernetes_executor example DAG requires the kubernetes provider. Please install it with: pip install apache-airflow[cncf.kubernetes]
[2023-11-17T20:12:35.029+0000] {processor.py:755} WARNING - No viable dags retrieved from /usr/local/python/3.10.8/lib/python3.10/site-packages/airflow/example_dags/example_kubernetes_executor.py
[2023-11-17T20:12:35.035+0000] {processor.py:175} INFO - Processing /usr/local/python/3.10.8/lib/python3.10/site-packages/airflow/example_dags/example_kubernetes_executor.py took 0.024 seconds
[2023-11-17T20:13:13.861+0000] {processor.py:153} INFO - Started process (PID=13636) to work on /usr/local/python/3.10.8/lib/python3.10/site-packages/airflow/example_dags/example_kubernetes_executor.py
[2023-11-17T20:13:13.862+0000] {processor.py:743} INFO - Processing file /usr/local/python/3.10.8/lib/python3.10/site-packages/airflow/example_dags/example_kubernetes_executor.py for tasks to queue
[2023-11-17T20:13:13.862+0000] {logging_mixin.py:137} INFO - [2023-11-17T20:13:13.862+0000] {dagbag.py:538} INFO - Filling up the DagBag from /usr/local/python/3.10.8/lib/python3.10/site-packages/airflow/example_dags/example_kubernetes_executor.py
[2023-11-17T20:13:13.877+0000] {logging_mixin.py:137} INFO - [2023-11-17T20:13:13.877+0000] {example_kubernetes_executor.py:41} WARNING - The example_kubernetes_executor example DAG requires the kubernetes provider. Please install it with: pip install apache-airflow[cncf.kubernetes]
[2023-11-17T20:13:13.877+0000] {processor.py:755} WARNING - No viable dags retrieved from /usr/local/python/3.10.8/lib/python3.10/site-packages/airflow/example_dags/example_kubernetes_executor.py
[2023-11-17T20:13:13.883+0000] {processor.py:175} INFO - Processing /usr/local/python/3.10.8/lib/python3.10/site-packages/airflow/example_dags/example_kubernetes_executor.py took 0.024 seconds
[2023-11-17T20:13:53.835+0000] {processor.py:153} INFO - Started process (PID=13923) to work on /usr/local/python/3.10.8/lib/python3.10/site-packages/airflow/example_dags/example_kubernetes_executor.py
[2023-11-17T20:13:53.835+0000] {processor.py:743} INFO - Processing file /usr/local/python/3.10.8/lib/python3.10/site-packages/airflow/example_dags/example_kubernetes_executor.py for tasks to queue
[2023-11-17T20:13:53.836+0000] {logging_mixin.py:137} INFO - [2023-11-17T20:13:53.836+0000] {dagbag.py:538} INFO - Filling up the DagBag from /usr/local/python/3.10.8/lib/python3.10/site-packages/airflow/example_dags/example_kubernetes_executor.py
[2023-11-17T20:13:53.850+0000] {logging_mixin.py:137} INFO - [2023-11-17T20:13:53.850+0000] {example_kubernetes_executor.py:41} WARNING - The example_kubernetes_executor example DAG requires the kubernetes provider. Please install it with: pip install apache-airflow[cncf.kubernetes]
[2023-11-17T20:13:53.850+0000] {processor.py:755} WARNING - No viable dags retrieved from /usr/local/python/3.10.8/lib/python3.10/site-packages/airflow/example_dags/example_kubernetes_executor.py
[2023-11-17T20:13:53.856+0000] {processor.py:175} INFO - Processing /usr/local/python/3.10.8/lib/python3.10/site-packages/airflow/example_dags/example_kubernetes_executor.py took 0.024 seconds
[2023-11-17T20:14:34.338+0000] {processor.py:153} INFO - Started process (PID=14291) to work on /usr/local/python/3.10.8/lib/python3.10/site-packages/airflow/example_dags/example_kubernetes_executor.py
[2023-11-17T20:14:34.339+0000] {processor.py:743} INFO - Processing file /usr/local/python/3.10.8/lib/python3.10/site-packages/airflow/example_dags/example_kubernetes_executor.py for tasks to queue
[2023-11-17T20:14:34.339+0000] {logging_mixin.py:137} INFO - [2023-11-17T20:14:34.339+0000] {dagbag.py:538} INFO - Filling up the DagBag from /usr/local/python/3.10.8/lib/python3.10/site-packages/airflow/example_dags/example_kubernetes_executor.py
[2023-11-17T20:14:34.361+0000] {logging_mixin.py:137} INFO - [2023-11-17T20:14:34.361+0000] {example_kubernetes_executor.py:41} WARNING - The example_kubernetes_executor example DAG requires the kubernetes provider. Please install it with: pip install apache-airflow[cncf.kubernetes]
[2023-11-17T20:14:34.361+0000] {processor.py:755} WARNING - No viable dags retrieved from /usr/local/python/3.10.8/lib/python3.10/site-packages/airflow/example_dags/example_kubernetes_executor.py
[2023-11-17T20:14:34.369+0000] {processor.py:175} INFO - Processing /usr/local/python/3.10.8/lib/python3.10/site-packages/airflow/example_dags/example_kubernetes_executor.py took 0.034 seconds
[2023-11-17T20:15:14.116+0000] {processor.py:153} INFO - Started process (PID=14703) to work on /usr/local/python/3.10.8/lib/python3.10/site-packages/airflow/example_dags/example_kubernetes_executor.py
[2023-11-17T20:15:14.116+0000] {processor.py:743} INFO - Processing file /usr/local/python/3.10.8/lib/python3.10/site-packages/airflow/example_dags/example_kubernetes_executor.py for tasks to queue
[2023-11-17T20:15:14.117+0000] {logging_mixin.py:137} INFO - [2023-11-17T20:15:14.117+0000] {dagbag.py:538} INFO - Filling up the DagBag from /usr/local/python/3.10.8/lib/python3.10/site-packages/airflow/example_dags/example_kubernetes_executor.py
[2023-11-17T20:15:14.131+0000] {logging_mixin.py:137} INFO - [2023-11-17T20:15:14.131+0000] {example_kubernetes_executor.py:41} WARNING - The example_kubernetes_executor example DAG requires the kubernetes provider. Please install it with: pip install apache-airflow[cncf.kubernetes]
[2023-11-17T20:15:14.132+0000] {processor.py:755} WARNING - No viable dags retrieved from /usr/local/python/3.10.8/lib/python3.10/site-packages/airflow/example_dags/example_kubernetes_executor.py
[2023-11-17T20:15:14.140+0000] {processor.py:175} INFO - Processing /usr/local/python/3.10.8/lib/python3.10/site-packages/airflow/example_dags/example_kubernetes_executor.py took 0.026 seconds
[2023-11-17T20:15:55.807+0000] {processor.py:153} INFO - Started process (PID=15075) to work on /usr/local/python/3.10.8/lib/python3.10/site-packages/airflow/example_dags/example_kubernetes_executor.py
[2023-11-17T20:15:55.808+0000] {processor.py:743} INFO - Processing file /usr/local/python/3.10.8/lib/python3.10/site-packages/airflow/example_dags/example_kubernetes_executor.py for tasks to queue
[2023-11-17T20:15:55.808+0000] {logging_mixin.py:137} INFO - [2023-11-17T20:15:55.808+0000] {dagbag.py:538} INFO - Filling up the DagBag from /usr/local/python/3.10.8/lib/python3.10/site-packages/airflow/example_dags/example_kubernetes_executor.py
[2023-11-17T20:15:55.823+0000] {logging_mixin.py:137} INFO - [2023-11-17T20:15:55.822+0000] {example_kubernetes_executor.py:41} WARNING - The example_kubernetes_executor example DAG requires the kubernetes provider. Please install it with: pip install apache-airflow[cncf.kubernetes]
[2023-11-17T20:15:55.823+0000] {processor.py:755} WARNING - No viable dags retrieved from /usr/local/python/3.10.8/lib/python3.10/site-packages/airflow/example_dags/example_kubernetes_executor.py
[2023-11-17T20:15:55.829+0000] {processor.py:175} INFO - Processing /usr/local/python/3.10.8/lib/python3.10/site-packages/airflow/example_dags/example_kubernetes_executor.py took 0.023 seconds
[2023-11-17T20:16:36.452+0000] {processor.py:153} INFO - Started process (PID=15550) to work on /usr/local/python/3.10.8/lib/python3.10/site-packages/airflow/example_dags/example_kubernetes_executor.py
[2023-11-17T20:16:36.453+0000] {processor.py:743} INFO - Processing file /usr/local/python/3.10.8/lib/python3.10/site-packages/airflow/example_dags/example_kubernetes_executor.py for tasks to queue
[2023-11-17T20:16:36.453+0000] {logging_mixin.py:137} INFO - [2023-11-17T20:16:36.453+0000] {dagbag.py:538} INFO - Filling up the DagBag from /usr/local/python/3.10.8/lib/python3.10/site-packages/airflow/example_dags/example_kubernetes_executor.py
[2023-11-17T20:16:36.467+0000] {logging_mixin.py:137} INFO - [2023-11-17T20:16:36.467+0000] {example_kubernetes_executor.py:41} WARNING - The example_kubernetes_executor example DAG requires the kubernetes provider. Please install it with: pip install apache-airflow[cncf.kubernetes]
[2023-11-17T20:16:36.468+0000] {processor.py:755} WARNING - No viable dags retrieved from /usr/local/python/3.10.8/lib/python3.10/site-packages/airflow/example_dags/example_kubernetes_executor.py
[2023-11-17T20:16:36.473+0000] {processor.py:175} INFO - Processing /usr/local/python/3.10.8/lib/python3.10/site-packages/airflow/example_dags/example_kubernetes_executor.py took 0.024 seconds
[2023-11-17T20:17:16.530+0000] {processor.py:153} INFO - Started process (PID=15962) to work on /usr/local/python/3.10.8/lib/python3.10/site-packages/airflow/example_dags/example_kubernetes_executor.py
[2023-11-17T20:17:16.531+0000] {processor.py:743} INFO - Processing file /usr/local/python/3.10.8/lib/python3.10/site-packages/airflow/example_dags/example_kubernetes_executor.py for tasks to queue
[2023-11-17T20:17:16.531+0000] {logging_mixin.py:137} INFO - [2023-11-17T20:17:16.531+0000] {dagbag.py:538} INFO - Filling up the DagBag from /usr/local/python/3.10.8/lib/python3.10/site-packages/airflow/example_dags/example_kubernetes_executor.py
[2023-11-17T20:17:16.547+0000] {logging_mixin.py:137} INFO - [2023-11-17T20:17:16.547+0000] {example_kubernetes_executor.py:41} WARNING - The example_kubernetes_executor example DAG requires the kubernetes provider. Please install it with: pip install apache-airflow[cncf.kubernetes]
[2023-11-17T20:17:16.547+0000] {processor.py:755} WARNING - No viable dags retrieved from /usr/local/python/3.10.8/lib/python3.10/site-packages/airflow/example_dags/example_kubernetes_executor.py
[2023-11-17T20:17:16.553+0000] {processor.py:175} INFO - Processing /usr/local/python/3.10.8/lib/python3.10/site-packages/airflow/example_dags/example_kubernetes_executor.py took 0.026 seconds
