[2023-11-17T20:11:28.381+0000] {processor.py:153} INFO - Started process (PID=12926) to work on /usr/local/python/3.10.8/lib/python3.10/site-packages/airflow/example_dags/example_sensors.py
[2023-11-17T20:11:28.382+0000] {processor.py:743} INFO - Processing file /usr/local/python/3.10.8/lib/python3.10/site-packages/airflow/example_dags/example_sensors.py for tasks to queue
[2023-11-17T20:11:28.383+0000] {logging_mixin.py:137} INFO - [2023-11-17T20:11:28.382+0000] {dagbag.py:538} INFO - Filling up the DagBag from /usr/local/python/3.10.8/lib/python3.10/site-packages/airflow/example_dags/example_sensors.py
[2023-11-17T20:11:28.399+0000] {processor.py:753} INFO - DAG(s) dict_keys(['example_sensors']) retrieved from /usr/local/python/3.10.8/lib/python3.10/site-packages/airflow/example_dags/example_sensors.py
[2023-11-17T20:11:28.543+0000] {logging_mixin.py:137} INFO - [2023-11-17T20:11:28.542+0000] {manager.py:504} INFO - Created Permission View: can edit on DAG:example_sensors
[2023-11-17T20:11:28.575+0000] {logging_mixin.py:137} INFO - [2023-11-17T20:11:28.574+0000] {manager.py:504} INFO - Created Permission View: can delete on DAG:example_sensors
[2023-11-17T20:11:28.604+0000] {logging_mixin.py:137} INFO - [2023-11-17T20:11:28.604+0000] {manager.py:504} INFO - Created Permission View: can read on DAG:example_sensors
[2023-11-17T20:11:28.604+0000] {logging_mixin.py:137} INFO - [2023-11-17T20:11:28.604+0000] {dag.py:2690} INFO - Sync 1 DAGs
[2023-11-17T20:11:28.614+0000] {logging_mixin.py:137} INFO - [2023-11-17T20:11:28.613+0000] {dag.py:2711} INFO - Creating ORM DAG for example_sensors
[2023-11-17T20:11:28.621+0000] {logging_mixin.py:137} INFO - [2023-11-17T20:11:28.621+0000] {dag.py:3437} INFO - Setting next_dagrun for example_sensors to None, run_after=None
[2023-11-17T20:11:28.665+0000] {processor.py:175} INFO - Processing /usr/local/python/3.10.8/lib/python3.10/site-packages/airflow/example_dags/example_sensors.py took 0.285 seconds
[2023-11-17T20:12:17.757+0000] {processor.py:153} INFO - Started process (PID=13259) to work on /usr/local/python/3.10.8/lib/python3.10/site-packages/airflow/example_dags/example_sensors.py
[2023-11-17T20:12:17.757+0000] {processor.py:743} INFO - Processing file /usr/local/python/3.10.8/lib/python3.10/site-packages/airflow/example_dags/example_sensors.py for tasks to queue
[2023-11-17T20:12:17.758+0000] {logging_mixin.py:137} INFO - [2023-11-17T20:12:17.758+0000] {dagbag.py:538} INFO - Filling up the DagBag from /usr/local/python/3.10.8/lib/python3.10/site-packages/airflow/example_dags/example_sensors.py
[2023-11-17T20:12:17.774+0000] {processor.py:753} INFO - DAG(s) dict_keys(['example_sensors']) retrieved from /usr/local/python/3.10.8/lib/python3.10/site-packages/airflow/example_dags/example_sensors.py
[2023-11-17T20:12:17.791+0000] {logging_mixin.py:137} INFO - [2023-11-17T20:12:17.791+0000] {dag.py:2690} INFO - Sync 1 DAGs
[2023-11-17T20:12:17.805+0000] {logging_mixin.py:137} INFO - [2023-11-17T20:12:17.805+0000] {dag.py:3437} INFO - Setting next_dagrun for example_sensors to None, run_after=None
[2023-11-17T20:12:17.846+0000] {processor.py:175} INFO - Processing /usr/local/python/3.10.8/lib/python3.10/site-packages/airflow/example_dags/example_sensors.py took 0.091 seconds
[2023-11-17T20:12:56.366+0000] {processor.py:153} INFO - Started process (PID=13510) to work on /usr/local/python/3.10.8/lib/python3.10/site-packages/airflow/example_dags/example_sensors.py
[2023-11-17T20:12:56.367+0000] {processor.py:743} INFO - Processing file /usr/local/python/3.10.8/lib/python3.10/site-packages/airflow/example_dags/example_sensors.py for tasks to queue
[2023-11-17T20:12:56.367+0000] {logging_mixin.py:137} INFO - [2023-11-17T20:12:56.367+0000] {dagbag.py:538} INFO - Filling up the DagBag from /usr/local/python/3.10.8/lib/python3.10/site-packages/airflow/example_dags/example_sensors.py
[2023-11-17T20:12:56.385+0000] {processor.py:753} INFO - DAG(s) dict_keys(['example_sensors']) retrieved from /usr/local/python/3.10.8/lib/python3.10/site-packages/airflow/example_dags/example_sensors.py
[2023-11-17T20:12:56.401+0000] {logging_mixin.py:137} INFO - [2023-11-17T20:12:56.401+0000] {dag.py:2690} INFO - Sync 1 DAGs
[2023-11-17T20:12:56.416+0000] {logging_mixin.py:137} INFO - [2023-11-17T20:12:56.416+0000] {dag.py:3437} INFO - Setting next_dagrun for example_sensors to None, run_after=None
[2023-11-17T20:12:56.469+0000] {processor.py:175} INFO - Processing /usr/local/python/3.10.8/lib/python3.10/site-packages/airflow/example_dags/example_sensors.py took 0.105 seconds
[2023-11-17T20:13:34.278+0000] {processor.py:153} INFO - Started process (PID=13776) to work on /usr/local/python/3.10.8/lib/python3.10/site-packages/airflow/example_dags/example_sensors.py
[2023-11-17T20:13:34.278+0000] {processor.py:743} INFO - Processing file /usr/local/python/3.10.8/lib/python3.10/site-packages/airflow/example_dags/example_sensors.py for tasks to queue
[2023-11-17T20:13:34.279+0000] {logging_mixin.py:137} INFO - [2023-11-17T20:13:34.279+0000] {dagbag.py:538} INFO - Filling up the DagBag from /usr/local/python/3.10.8/lib/python3.10/site-packages/airflow/example_dags/example_sensors.py
[2023-11-17T20:13:34.297+0000] {processor.py:753} INFO - DAG(s) dict_keys(['example_sensors']) retrieved from /usr/local/python/3.10.8/lib/python3.10/site-packages/airflow/example_dags/example_sensors.py
[2023-11-17T20:13:34.313+0000] {logging_mixin.py:137} INFO - [2023-11-17T20:13:34.313+0000] {dag.py:2690} INFO - Sync 1 DAGs
[2023-11-17T20:13:34.327+0000] {logging_mixin.py:137} INFO - [2023-11-17T20:13:34.327+0000] {dag.py:3437} INFO - Setting next_dagrun for example_sensors to None, run_after=None
[2023-11-17T20:13:34.366+0000] {processor.py:175} INFO - Processing /usr/local/python/3.10.8/lib/python3.10/site-packages/airflow/example_dags/example_sensors.py took 0.090 seconds
[2023-11-17T20:14:14.267+0000] {processor.py:153} INFO - Started process (PID=14147) to work on /usr/local/python/3.10.8/lib/python3.10/site-packages/airflow/example_dags/example_sensors.py
[2023-11-17T20:14:14.268+0000] {processor.py:743} INFO - Processing file /usr/local/python/3.10.8/lib/python3.10/site-packages/airflow/example_dags/example_sensors.py for tasks to queue
[2023-11-17T20:14:14.269+0000] {logging_mixin.py:137} INFO - [2023-11-17T20:14:14.269+0000] {dagbag.py:538} INFO - Filling up the DagBag from /usr/local/python/3.10.8/lib/python3.10/site-packages/airflow/example_dags/example_sensors.py
[2023-11-17T20:14:14.293+0000] {processor.py:753} INFO - DAG(s) dict_keys(['example_sensors']) retrieved from /usr/local/python/3.10.8/lib/python3.10/site-packages/airflow/example_dags/example_sensors.py
[2023-11-17T20:14:14.312+0000] {logging_mixin.py:137} INFO - [2023-11-17T20:14:14.312+0000] {dag.py:2690} INFO - Sync 1 DAGs
[2023-11-17T20:14:14.328+0000] {logging_mixin.py:137} INFO - [2023-11-17T20:14:14.328+0000] {dag.py:3437} INFO - Setting next_dagrun for example_sensors to None, run_after=None
[2023-11-17T20:14:14.372+0000] {processor.py:175} INFO - Processing /usr/local/python/3.10.8/lib/python3.10/site-packages/airflow/example_dags/example_sensors.py took 0.108 seconds
[2023-11-17T20:14:54.189+0000] {processor.py:153} INFO - Started process (PID=14498) to work on /usr/local/python/3.10.8/lib/python3.10/site-packages/airflow/example_dags/example_sensors.py
[2023-11-17T20:14:54.189+0000] {processor.py:743} INFO - Processing file /usr/local/python/3.10.8/lib/python3.10/site-packages/airflow/example_dags/example_sensors.py for tasks to queue
[2023-11-17T20:14:54.190+0000] {logging_mixin.py:137} INFO - [2023-11-17T20:14:54.190+0000] {dagbag.py:538} INFO - Filling up the DagBag from /usr/local/python/3.10.8/lib/python3.10/site-packages/airflow/example_dags/example_sensors.py
[2023-11-17T20:14:54.207+0000] {processor.py:753} INFO - DAG(s) dict_keys(['example_sensors']) retrieved from /usr/local/python/3.10.8/lib/python3.10/site-packages/airflow/example_dags/example_sensors.py
[2023-11-17T20:14:54.225+0000] {logging_mixin.py:137} INFO - [2023-11-17T20:14:54.225+0000] {dag.py:2690} INFO - Sync 1 DAGs
[2023-11-17T20:14:54.242+0000] {logging_mixin.py:137} INFO - [2023-11-17T20:14:54.242+0000] {dag.py:3437} INFO - Setting next_dagrun for example_sensors to None, run_after=None
[2023-11-17T20:14:54.294+0000] {processor.py:175} INFO - Processing /usr/local/python/3.10.8/lib/python3.10/site-packages/airflow/example_dags/example_sensors.py took 0.108 seconds
[2023-11-17T20:15:26.578+0000] {processor.py:153} INFO - Started process (PID=14785) to work on /usr/local/python/3.10.8/lib/python3.10/site-packages/airflow/example_dags/example_sensors.py
[2023-11-17T20:15:26.578+0000] {processor.py:743} INFO - Processing file /usr/local/python/3.10.8/lib/python3.10/site-packages/airflow/example_dags/example_sensors.py for tasks to queue
[2023-11-17T20:15:26.579+0000] {logging_mixin.py:137} INFO - [2023-11-17T20:15:26.578+0000] {dagbag.py:538} INFO - Filling up the DagBag from /usr/local/python/3.10.8/lib/python3.10/site-packages/airflow/example_dags/example_sensors.py
[2023-11-17T20:15:26.597+0000] {processor.py:753} INFO - DAG(s) dict_keys(['example_sensors']) retrieved from /usr/local/python/3.10.8/lib/python3.10/site-packages/airflow/example_dags/example_sensors.py
[2023-11-17T20:15:26.613+0000] {logging_mixin.py:137} INFO - [2023-11-17T20:15:26.613+0000] {dag.py:2690} INFO - Sync 1 DAGs
[2023-11-17T20:15:26.629+0000] {logging_mixin.py:137} INFO - [2023-11-17T20:15:26.629+0000] {dag.py:3437} INFO - Setting next_dagrun for example_sensors to None, run_after=None
[2023-11-17T20:15:26.668+0000] {processor.py:175} INFO - Processing /usr/local/python/3.10.8/lib/python3.10/site-packages/airflow/example_dags/example_sensors.py took 0.093 seconds
[2023-11-17T20:15:56.945+0000] {processor.py:153} INFO - Started process (PID=15082) to work on /usr/local/python/3.10.8/lib/python3.10/site-packages/airflow/example_dags/example_sensors.py
[2023-11-17T20:15:56.945+0000] {processor.py:743} INFO - Processing file /usr/local/python/3.10.8/lib/python3.10/site-packages/airflow/example_dags/example_sensors.py for tasks to queue
[2023-11-17T20:15:56.946+0000] {logging_mixin.py:137} INFO - [2023-11-17T20:15:56.946+0000] {dagbag.py:538} INFO - Filling up the DagBag from /usr/local/python/3.10.8/lib/python3.10/site-packages/airflow/example_dags/example_sensors.py
[2023-11-17T20:15:56.963+0000] {processor.py:753} INFO - DAG(s) dict_keys(['example_sensors']) retrieved from /usr/local/python/3.10.8/lib/python3.10/site-packages/airflow/example_dags/example_sensors.py
[2023-11-17T20:15:56.980+0000] {logging_mixin.py:137} INFO - [2023-11-17T20:15:56.980+0000] {dag.py:2690} INFO - Sync 1 DAGs
[2023-11-17T20:15:56.995+0000] {logging_mixin.py:137} INFO - [2023-11-17T20:15:56.995+0000] {dag.py:3437} INFO - Setting next_dagrun for example_sensors to None, run_after=None
[2023-11-17T20:15:57.034+0000] {processor.py:175} INFO - Processing /usr/local/python/3.10.8/lib/python3.10/site-packages/airflow/example_dags/example_sensors.py took 0.092 seconds
[2023-11-17T20:16:27.957+0000] {processor.py:153} INFO - Started process (PID=15465) to work on /usr/local/python/3.10.8/lib/python3.10/site-packages/airflow/example_dags/example_sensors.py
[2023-11-17T20:16:27.958+0000] {processor.py:743} INFO - Processing file /usr/local/python/3.10.8/lib/python3.10/site-packages/airflow/example_dags/example_sensors.py for tasks to queue
[2023-11-17T20:16:27.958+0000] {logging_mixin.py:137} INFO - [2023-11-17T20:16:27.958+0000] {dagbag.py:538} INFO - Filling up the DagBag from /usr/local/python/3.10.8/lib/python3.10/site-packages/airflow/example_dags/example_sensors.py
[2023-11-17T20:16:27.975+0000] {processor.py:753} INFO - DAG(s) dict_keys(['example_sensors']) retrieved from /usr/local/python/3.10.8/lib/python3.10/site-packages/airflow/example_dags/example_sensors.py
[2023-11-17T20:16:27.993+0000] {logging_mixin.py:137} INFO - [2023-11-17T20:16:27.993+0000] {dag.py:2690} INFO - Sync 1 DAGs
[2023-11-17T20:16:28.008+0000] {logging_mixin.py:137} INFO - [2023-11-17T20:16:28.008+0000] {dag.py:3437} INFO - Setting next_dagrun for example_sensors to None, run_after=None
[2023-11-17T20:16:28.049+0000] {processor.py:175} INFO - Processing /usr/local/python/3.10.8/lib/python3.10/site-packages/airflow/example_dags/example_sensors.py took 0.094 seconds
[2023-11-17T20:17:09.607+0000] {processor.py:153} INFO - Started process (PID=15892) to work on /usr/local/python/3.10.8/lib/python3.10/site-packages/airflow/example_dags/example_sensors.py
[2023-11-17T20:17:09.608+0000] {processor.py:743} INFO - Processing file /usr/local/python/3.10.8/lib/python3.10/site-packages/airflow/example_dags/example_sensors.py for tasks to queue
[2023-11-17T20:17:09.608+0000] {logging_mixin.py:137} INFO - [2023-11-17T20:17:09.608+0000] {dagbag.py:538} INFO - Filling up the DagBag from /usr/local/python/3.10.8/lib/python3.10/site-packages/airflow/example_dags/example_sensors.py
[2023-11-17T20:17:09.625+0000] {processor.py:753} INFO - DAG(s) dict_keys(['example_sensors']) retrieved from /usr/local/python/3.10.8/lib/python3.10/site-packages/airflow/example_dags/example_sensors.py
[2023-11-17T20:17:09.643+0000] {logging_mixin.py:137} INFO - [2023-11-17T20:17:09.643+0000] {dag.py:2690} INFO - Sync 1 DAGs
[2023-11-17T20:17:09.658+0000] {logging_mixin.py:137} INFO - [2023-11-17T20:17:09.658+0000] {dag.py:3437} INFO - Setting next_dagrun for example_sensors to None, run_after=None
[2023-11-17T20:17:09.698+0000] {processor.py:175} INFO - Processing /usr/local/python/3.10.8/lib/python3.10/site-packages/airflow/example_dags/example_sensors.py took 0.093 seconds
[2023-11-17T20:17:43.613+0000] {processor.py:153} INFO - Started process (PID=16231) to work on /usr/local/python/3.10.8/lib/python3.10/site-packages/airflow/example_dags/example_sensors.py
[2023-11-17T20:17:43.613+0000] {processor.py:743} INFO - Processing file /usr/local/python/3.10.8/lib/python3.10/site-packages/airflow/example_dags/example_sensors.py for tasks to queue
[2023-11-17T20:17:43.614+0000] {logging_mixin.py:137} INFO - [2023-11-17T20:17:43.614+0000] {dagbag.py:538} INFO - Filling up the DagBag from /usr/local/python/3.10.8/lib/python3.10/site-packages/airflow/example_dags/example_sensors.py
[2023-11-17T20:17:43.631+0000] {processor.py:753} INFO - DAG(s) dict_keys(['example_sensors']) retrieved from /usr/local/python/3.10.8/lib/python3.10/site-packages/airflow/example_dags/example_sensors.py
[2023-11-17T20:17:43.649+0000] {logging_mixin.py:137} INFO - [2023-11-17T20:17:43.649+0000] {dag.py:2690} INFO - Sync 1 DAGs
[2023-11-17T20:17:43.664+0000] {logging_mixin.py:137} INFO - [2023-11-17T20:17:43.663+0000] {dag.py:3437} INFO - Setting next_dagrun for example_sensors to None, run_after=None
[2023-11-17T20:17:43.701+0000] {processor.py:175} INFO - Processing /usr/local/python/3.10.8/lib/python3.10/site-packages/airflow/example_dags/example_sensors.py took 0.090 seconds
