[2023-11-17T20:11:58.054+0000] {processor.py:153} INFO - Started process (PID=13124) to work on /usr/local/python/3.10.8/lib/python3.10/site-packages/airflow/example_dags/example_dag_decorator.py
[2023-11-17T20:11:58.054+0000] {processor.py:743} INFO - Processing file /usr/local/python/3.10.8/lib/python3.10/site-packages/airflow/example_dags/example_dag_decorator.py for tasks to queue
[2023-11-17T20:11:58.055+0000] {logging_mixin.py:137} INFO - [2023-11-17T20:11:58.055+0000] {dagbag.py:538} INFO - Filling up the DagBag from /usr/local/python/3.10.8/lib/python3.10/site-packages/airflow/example_dags/example_dag_decorator.py
[2023-11-17T20:11:58.070+0000] {logging_mixin.py:137} INFO - [2023-11-17T20:11:58.070+0000] {taskmixin.py:205} WARNING - Dependency <Task(_PythonDecoratedOperator): prepare_email>, send_email already registered for DAG: example_dag_decorator
[2023-11-17T20:11:58.070+0000] {logging_mixin.py:137} INFO - [2023-11-17T20:11:58.070+0000] {taskmixin.py:205} WARNING - Dependency <Task(EmailOperator): send_email>, prepare_email already registered for DAG: example_dag_decorator
[2023-11-17T20:11:58.081+0000] {processor.py:753} INFO - DAG(s) dict_keys(['example_dag_decorator']) retrieved from /usr/local/python/3.10.8/lib/python3.10/site-packages/airflow/example_dags/example_dag_decorator.py
[2023-11-17T20:11:58.232+0000] {logging_mixin.py:137} INFO - [2023-11-17T20:11:58.231+0000] {manager.py:504} INFO - Created Permission View: can edit on DAG:example_dag_decorator
[2023-11-17T20:11:58.264+0000] {logging_mixin.py:137} INFO - [2023-11-17T20:11:58.263+0000] {manager.py:504} INFO - Created Permission View: can delete on DAG:example_dag_decorator
[2023-11-17T20:11:58.294+0000] {logging_mixin.py:137} INFO - [2023-11-17T20:11:58.293+0000] {manager.py:504} INFO - Created Permission View: can read on DAG:example_dag_decorator
[2023-11-17T20:11:58.294+0000] {logging_mixin.py:137} INFO - [2023-11-17T20:11:58.294+0000] {dag.py:2690} INFO - Sync 1 DAGs
[2023-11-17T20:11:58.302+0000] {logging_mixin.py:137} INFO - [2023-11-17T20:11:58.302+0000] {dag.py:2711} INFO - Creating ORM DAG for example_dag_decorator
[2023-11-17T20:11:58.308+0000] {logging_mixin.py:137} INFO - [2023-11-17T20:11:58.308+0000] {dag.py:3437} INFO - Setting next_dagrun for example_dag_decorator to None, run_after=None
[2023-11-17T20:11:58.355+0000] {processor.py:175} INFO - Processing /usr/local/python/3.10.8/lib/python3.10/site-packages/airflow/example_dags/example_dag_decorator.py took 0.303 seconds
[2023-11-17T20:12:42.028+0000] {processor.py:153} INFO - Started process (PID=13417) to work on /usr/local/python/3.10.8/lib/python3.10/site-packages/airflow/example_dags/example_dag_decorator.py
[2023-11-17T20:12:42.028+0000] {processor.py:743} INFO - Processing file /usr/local/python/3.10.8/lib/python3.10/site-packages/airflow/example_dags/example_dag_decorator.py for tasks to queue
[2023-11-17T20:12:42.029+0000] {logging_mixin.py:137} INFO - [2023-11-17T20:12:42.029+0000] {dagbag.py:538} INFO - Filling up the DagBag from /usr/local/python/3.10.8/lib/python3.10/site-packages/airflow/example_dags/example_dag_decorator.py
[2023-11-17T20:12:42.045+0000] {logging_mixin.py:137} INFO - [2023-11-17T20:12:42.045+0000] {taskmixin.py:205} WARNING - Dependency <Task(_PythonDecoratedOperator): prepare_email>, send_email already registered for DAG: example_dag_decorator
[2023-11-17T20:12:42.045+0000] {logging_mixin.py:137} INFO - [2023-11-17T20:12:42.045+0000] {taskmixin.py:205} WARNING - Dependency <Task(EmailOperator): send_email>, prepare_email already registered for DAG: example_dag_decorator
[2023-11-17T20:12:42.056+0000] {processor.py:753} INFO - DAG(s) dict_keys(['example_dag_decorator']) retrieved from /usr/local/python/3.10.8/lib/python3.10/site-packages/airflow/example_dags/example_dag_decorator.py
[2023-11-17T20:12:42.093+0000] {logging_mixin.py:137} INFO - [2023-11-17T20:12:42.093+0000] {dag.py:2690} INFO - Sync 1 DAGs
[2023-11-17T20:12:42.111+0000] {logging_mixin.py:137} INFO - [2023-11-17T20:12:42.111+0000] {dag.py:3437} INFO - Setting next_dagrun for example_dag_decorator to None, run_after=None
[2023-11-17T20:12:42.155+0000] {processor.py:175} INFO - Processing /usr/local/python/3.10.8/lib/python3.10/site-packages/airflow/example_dags/example_dag_decorator.py took 0.129 seconds
[2023-11-17T20:13:21.981+0000] {processor.py:153} INFO - Started process (PID=13691) to work on /usr/local/python/3.10.8/lib/python3.10/site-packages/airflow/example_dags/example_dag_decorator.py
[2023-11-17T20:13:21.982+0000] {processor.py:743} INFO - Processing file /usr/local/python/3.10.8/lib/python3.10/site-packages/airflow/example_dags/example_dag_decorator.py for tasks to queue
[2023-11-17T20:13:21.982+0000] {logging_mixin.py:137} INFO - [2023-11-17T20:13:21.982+0000] {dagbag.py:538} INFO - Filling up the DagBag from /usr/local/python/3.10.8/lib/python3.10/site-packages/airflow/example_dags/example_dag_decorator.py
[2023-11-17T20:13:21.999+0000] {logging_mixin.py:137} INFO - [2023-11-17T20:13:21.998+0000] {taskmixin.py:205} WARNING - Dependency <Task(_PythonDecoratedOperator): prepare_email>, send_email already registered for DAG: example_dag_decorator
[2023-11-17T20:13:21.999+0000] {logging_mixin.py:137} INFO - [2023-11-17T20:13:21.999+0000] {taskmixin.py:205} WARNING - Dependency <Task(EmailOperator): send_email>, prepare_email already registered for DAG: example_dag_decorator
[2023-11-17T20:13:22.008+0000] {processor.py:753} INFO - DAG(s) dict_keys(['example_dag_decorator']) retrieved from /usr/local/python/3.10.8/lib/python3.10/site-packages/airflow/example_dags/example_dag_decorator.py
[2023-11-17T20:13:22.048+0000] {logging_mixin.py:137} INFO - [2023-11-17T20:13:22.048+0000] {dag.py:2690} INFO - Sync 1 DAGs
[2023-11-17T20:13:22.061+0000] {logging_mixin.py:137} INFO - [2023-11-17T20:13:22.061+0000] {dag.py:3437} INFO - Setting next_dagrun for example_dag_decorator to None, run_after=None
[2023-11-17T20:13:22.099+0000] {processor.py:175} INFO - Processing /usr/local/python/3.10.8/lib/python3.10/site-packages/airflow/example_dags/example_dag_decorator.py took 0.120 seconds
[2023-11-17T20:14:00.397+0000] {processor.py:153} INFO - Started process (PID=14008) to work on /usr/local/python/3.10.8/lib/python3.10/site-packages/airflow/example_dags/example_dag_decorator.py
[2023-11-17T20:14:00.398+0000] {processor.py:743} INFO - Processing file /usr/local/python/3.10.8/lib/python3.10/site-packages/airflow/example_dags/example_dag_decorator.py for tasks to queue
[2023-11-17T20:14:00.398+0000] {logging_mixin.py:137} INFO - [2023-11-17T20:14:00.398+0000] {dagbag.py:538} INFO - Filling up the DagBag from /usr/local/python/3.10.8/lib/python3.10/site-packages/airflow/example_dags/example_dag_decorator.py
[2023-11-17T20:14:00.414+0000] {logging_mixin.py:137} INFO - [2023-11-17T20:14:00.414+0000] {taskmixin.py:205} WARNING - Dependency <Task(_PythonDecoratedOperator): prepare_email>, send_email already registered for DAG: example_dag_decorator
[2023-11-17T20:14:00.414+0000] {logging_mixin.py:137} INFO - [2023-11-17T20:14:00.414+0000] {taskmixin.py:205} WARNING - Dependency <Task(EmailOperator): send_email>, prepare_email already registered for DAG: example_dag_decorator
[2023-11-17T20:14:00.425+0000] {processor.py:753} INFO - DAG(s) dict_keys(['example_dag_decorator']) retrieved from /usr/local/python/3.10.8/lib/python3.10/site-packages/airflow/example_dags/example_dag_decorator.py
[2023-11-17T20:14:00.465+0000] {logging_mixin.py:137} INFO - [2023-11-17T20:14:00.465+0000] {dag.py:2690} INFO - Sync 1 DAGs
[2023-11-17T20:14:00.478+0000] {logging_mixin.py:137} INFO - [2023-11-17T20:14:00.478+0000] {dag.py:3437} INFO - Setting next_dagrun for example_dag_decorator to None, run_after=None
[2023-11-17T20:14:00.516+0000] {processor.py:175} INFO - Processing /usr/local/python/3.10.8/lib/python3.10/site-packages/airflow/example_dags/example_dag_decorator.py took 0.121 seconds
[2023-11-17T20:14:40.887+0000] {processor.py:153} INFO - Started process (PID=14337) to work on /usr/local/python/3.10.8/lib/python3.10/site-packages/airflow/example_dags/example_dag_decorator.py
[2023-11-17T20:14:40.887+0000] {processor.py:743} INFO - Processing file /usr/local/python/3.10.8/lib/python3.10/site-packages/airflow/example_dags/example_dag_decorator.py for tasks to queue
[2023-11-17T20:14:40.888+0000] {logging_mixin.py:137} INFO - [2023-11-17T20:14:40.888+0000] {dagbag.py:538} INFO - Filling up the DagBag from /usr/local/python/3.10.8/lib/python3.10/site-packages/airflow/example_dags/example_dag_decorator.py
[2023-11-17T20:14:40.903+0000] {logging_mixin.py:137} INFO - [2023-11-17T20:14:40.903+0000] {taskmixin.py:205} WARNING - Dependency <Task(_PythonDecoratedOperator): prepare_email>, send_email already registered for DAG: example_dag_decorator
[2023-11-17T20:14:40.903+0000] {logging_mixin.py:137} INFO - [2023-11-17T20:14:40.903+0000] {taskmixin.py:205} WARNING - Dependency <Task(EmailOperator): send_email>, prepare_email already registered for DAG: example_dag_decorator
[2023-11-17T20:14:40.913+0000] {processor.py:753} INFO - DAG(s) dict_keys(['example_dag_decorator']) retrieved from /usr/local/python/3.10.8/lib/python3.10/site-packages/airflow/example_dags/example_dag_decorator.py
[2023-11-17T20:14:40.952+0000] {logging_mixin.py:137} INFO - [2023-11-17T20:14:40.952+0000] {dag.py:2690} INFO - Sync 1 DAGs
[2023-11-17T20:14:40.965+0000] {logging_mixin.py:137} INFO - [2023-11-17T20:14:40.965+0000] {dag.py:3437} INFO - Setting next_dagrun for example_dag_decorator to None, run_after=None
[2023-11-17T20:14:41.005+0000] {processor.py:175} INFO - Processing /usr/local/python/3.10.8/lib/python3.10/site-packages/airflow/example_dags/example_dag_decorator.py took 0.121 seconds
[2023-11-17T20:15:23.308+0000] {processor.py:153} INFO - Started process (PID=14764) to work on /usr/local/python/3.10.8/lib/python3.10/site-packages/airflow/example_dags/example_dag_decorator.py
[2023-11-17T20:15:23.309+0000] {processor.py:743} INFO - Processing file /usr/local/python/3.10.8/lib/python3.10/site-packages/airflow/example_dags/example_dag_decorator.py for tasks to queue
[2023-11-17T20:15:23.309+0000] {logging_mixin.py:137} INFO - [2023-11-17T20:15:23.309+0000] {dagbag.py:538} INFO - Filling up the DagBag from /usr/local/python/3.10.8/lib/python3.10/site-packages/airflow/example_dags/example_dag_decorator.py
[2023-11-17T20:15:23.325+0000] {logging_mixin.py:137} INFO - [2023-11-17T20:15:23.324+0000] {taskmixin.py:205} WARNING - Dependency <Task(_PythonDecoratedOperator): prepare_email>, send_email already registered for DAG: example_dag_decorator
[2023-11-17T20:15:23.325+0000] {logging_mixin.py:137} INFO - [2023-11-17T20:15:23.325+0000] {taskmixin.py:205} WARNING - Dependency <Task(EmailOperator): send_email>, prepare_email already registered for DAG: example_dag_decorator
[2023-11-17T20:15:23.335+0000] {processor.py:753} INFO - DAG(s) dict_keys(['example_dag_decorator']) retrieved from /usr/local/python/3.10.8/lib/python3.10/site-packages/airflow/example_dags/example_dag_decorator.py
[2023-11-17T20:15:23.378+0000] {logging_mixin.py:137} INFO - [2023-11-17T20:15:23.378+0000] {dag.py:2690} INFO - Sync 1 DAGs
[2023-11-17T20:15:23.391+0000] {logging_mixin.py:137} INFO - [2023-11-17T20:15:23.391+0000] {dag.py:3437} INFO - Setting next_dagrun for example_dag_decorator to None, run_after=None
[2023-11-17T20:15:23.430+0000] {processor.py:175} INFO - Processing /usr/local/python/3.10.8/lib/python3.10/site-packages/airflow/example_dags/example_dag_decorator.py took 0.124 seconds
[2023-11-17T20:16:04.120+0000] {processor.py:153} INFO - Started process (PID=15173) to work on /usr/local/python/3.10.8/lib/python3.10/site-packages/airflow/example_dags/example_dag_decorator.py
[2023-11-17T20:16:04.121+0000] {processor.py:743} INFO - Processing file /usr/local/python/3.10.8/lib/python3.10/site-packages/airflow/example_dags/example_dag_decorator.py for tasks to queue
[2023-11-17T20:16:04.121+0000] {logging_mixin.py:137} INFO - [2023-11-17T20:16:04.121+0000] {dagbag.py:538} INFO - Filling up the DagBag from /usr/local/python/3.10.8/lib/python3.10/site-packages/airflow/example_dags/example_dag_decorator.py
[2023-11-17T20:16:04.137+0000] {logging_mixin.py:137} INFO - [2023-11-17T20:16:04.137+0000] {taskmixin.py:205} WARNING - Dependency <Task(_PythonDecoratedOperator): prepare_email>, send_email already registered for DAG: example_dag_decorator
[2023-11-17T20:16:04.138+0000] {logging_mixin.py:137} INFO - [2023-11-17T20:16:04.138+0000] {taskmixin.py:205} WARNING - Dependency <Task(EmailOperator): send_email>, prepare_email already registered for DAG: example_dag_decorator
[2023-11-17T20:16:04.148+0000] {processor.py:753} INFO - DAG(s) dict_keys(['example_dag_decorator']) retrieved from /usr/local/python/3.10.8/lib/python3.10/site-packages/airflow/example_dags/example_dag_decorator.py
[2023-11-17T20:16:04.187+0000] {logging_mixin.py:137} INFO - [2023-11-17T20:16:04.187+0000] {dag.py:2690} INFO - Sync 1 DAGs
[2023-11-17T20:16:04.200+0000] {logging_mixin.py:137} INFO - [2023-11-17T20:16:04.200+0000] {dag.py:3437} INFO - Setting next_dagrun for example_dag_decorator to None, run_after=None
[2023-11-17T20:16:04.331+0000] {processor.py:175} INFO - Processing /usr/local/python/3.10.8/lib/python3.10/site-packages/airflow/example_dags/example_dag_decorator.py took 0.213 seconds
[2023-11-17T20:16:43.311+0000] {processor.py:153} INFO - Started process (PID=15609) to work on /usr/local/python/3.10.8/lib/python3.10/site-packages/airflow/example_dags/example_dag_decorator.py
[2023-11-17T20:16:43.312+0000] {processor.py:743} INFO - Processing file /usr/local/python/3.10.8/lib/python3.10/site-packages/airflow/example_dags/example_dag_decorator.py for tasks to queue
[2023-11-17T20:16:43.312+0000] {logging_mixin.py:137} INFO - [2023-11-17T20:16:43.312+0000] {dagbag.py:538} INFO - Filling up the DagBag from /usr/local/python/3.10.8/lib/python3.10/site-packages/airflow/example_dags/example_dag_decorator.py
[2023-11-17T20:16:43.335+0000] {logging_mixin.py:137} INFO - [2023-11-17T20:16:43.335+0000] {taskmixin.py:205} WARNING - Dependency <Task(_PythonDecoratedOperator): prepare_email>, send_email already registered for DAG: example_dag_decorator
[2023-11-17T20:16:43.335+0000] {logging_mixin.py:137} INFO - [2023-11-17T20:16:43.335+0000] {taskmixin.py:205} WARNING - Dependency <Task(EmailOperator): send_email>, prepare_email already registered for DAG: example_dag_decorator
[2023-11-17T20:16:43.351+0000] {processor.py:753} INFO - DAG(s) dict_keys(['example_dag_decorator']) retrieved from /usr/local/python/3.10.8/lib/python3.10/site-packages/airflow/example_dags/example_dag_decorator.py
[2023-11-17T20:16:43.396+0000] {logging_mixin.py:137} INFO - [2023-11-17T20:16:43.396+0000] {dag.py:2690} INFO - Sync 1 DAGs
[2023-11-17T20:16:43.516+0000] {logging_mixin.py:137} INFO - [2023-11-17T20:16:43.515+0000] {dag.py:3437} INFO - Setting next_dagrun for example_dag_decorator to None, run_after=None
[2023-11-17T20:16:43.555+0000] {processor.py:175} INFO - Processing /usr/local/python/3.10.8/lib/python3.10/site-packages/airflow/example_dags/example_dag_decorator.py took 0.247 seconds
[2023-11-17T20:17:26.575+0000] {processor.py:153} INFO - Started process (PID=16073) to work on /usr/local/python/3.10.8/lib/python3.10/site-packages/airflow/example_dags/example_dag_decorator.py
[2023-11-17T20:17:26.575+0000] {processor.py:743} INFO - Processing file /usr/local/python/3.10.8/lib/python3.10/site-packages/airflow/example_dags/example_dag_decorator.py for tasks to queue
[2023-11-17T20:17:26.576+0000] {logging_mixin.py:137} INFO - [2023-11-17T20:17:26.576+0000] {dagbag.py:538} INFO - Filling up the DagBag from /usr/local/python/3.10.8/lib/python3.10/site-packages/airflow/example_dags/example_dag_decorator.py
[2023-11-17T20:17:26.591+0000] {logging_mixin.py:137} INFO - [2023-11-17T20:17:26.591+0000] {taskmixin.py:205} WARNING - Dependency <Task(_PythonDecoratedOperator): prepare_email>, send_email already registered for DAG: example_dag_decorator
[2023-11-17T20:17:26.591+0000] {logging_mixin.py:137} INFO - [2023-11-17T20:17:26.591+0000] {taskmixin.py:205} WARNING - Dependency <Task(EmailOperator): send_email>, prepare_email already registered for DAG: example_dag_decorator
[2023-11-17T20:17:26.601+0000] {processor.py:753} INFO - DAG(s) dict_keys(['example_dag_decorator']) retrieved from /usr/local/python/3.10.8/lib/python3.10/site-packages/airflow/example_dags/example_dag_decorator.py
[2023-11-17T20:17:26.641+0000] {logging_mixin.py:137} INFO - [2023-11-17T20:17:26.640+0000] {dag.py:2690} INFO - Sync 1 DAGs
[2023-11-17T20:17:26.755+0000] {logging_mixin.py:137} INFO - [2023-11-17T20:17:26.755+0000] {dag.py:3437} INFO - Setting next_dagrun for example_dag_decorator to None, run_after=None
[2023-11-17T20:17:26.797+0000] {processor.py:175} INFO - Processing /usr/local/python/3.10.8/lib/python3.10/site-packages/airflow/example_dags/example_dag_decorator.py took 0.224 seconds
