[2023-11-17T20:11:47.304+0000] {processor.py:153} INFO - Started process (PID=13054) to work on /usr/local/python/3.10.8/lib/python3.10/site-packages/airflow/example_dags/example_task_group_decorator.py
[2023-11-17T20:11:47.304+0000] {processor.py:743} INFO - Processing file /usr/local/python/3.10.8/lib/python3.10/site-packages/airflow/example_dags/example_task_group_decorator.py for tasks to queue
[2023-11-17T20:11:47.305+0000] {logging_mixin.py:137} INFO - [2023-11-17T20:11:47.304+0000] {dagbag.py:538} INFO - Filling up the DagBag from /usr/local/python/3.10.8/lib/python3.10/site-packages/airflow/example_dags/example_task_group_decorator.py
[2023-11-17T20:11:47.329+0000] {processor.py:753} INFO - DAG(s) dict_keys(['example_task_group_decorator']) retrieved from /usr/local/python/3.10.8/lib/python3.10/site-packages/airflow/example_dags/example_task_group_decorator.py
[2023-11-17T20:11:47.466+0000] {logging_mixin.py:137} INFO - [2023-11-17T20:11:47.465+0000] {manager.py:504} INFO - Created Permission View: can edit on DAG:example_task_group_decorator
[2023-11-17T20:11:47.507+0000] {logging_mixin.py:137} INFO - [2023-11-17T20:11:47.507+0000] {manager.py:504} INFO - Created Permission View: can delete on DAG:example_task_group_decorator
[2023-11-17T20:11:47.540+0000] {logging_mixin.py:137} INFO - [2023-11-17T20:11:47.539+0000] {manager.py:504} INFO - Created Permission View: can read on DAG:example_task_group_decorator
[2023-11-17T20:11:47.540+0000] {logging_mixin.py:137} INFO - [2023-11-17T20:11:47.540+0000] {dag.py:2690} INFO - Sync 1 DAGs
[2023-11-17T20:11:47.548+0000] {logging_mixin.py:137} INFO - [2023-11-17T20:11:47.548+0000] {dag.py:2711} INFO - Creating ORM DAG for example_task_group_decorator
[2023-11-17T20:11:47.555+0000] {logging_mixin.py:137} INFO - [2023-11-17T20:11:47.555+0000] {dag.py:3437} INFO - Setting next_dagrun for example_task_group_decorator to 2023-11-16T20:11:47.555431+00:00, run_after=2023-11-17T20:11:47.555431+00:00
[2023-11-17T20:11:47.600+0000] {processor.py:175} INFO - Processing /usr/local/python/3.10.8/lib/python3.10/site-packages/airflow/example_dags/example_task_group_decorator.py took 0.298 seconds
[2023-11-17T20:12:33.773+0000] {processor.py:153} INFO - Started process (PID=13356) to work on /usr/local/python/3.10.8/lib/python3.10/site-packages/airflow/example_dags/example_task_group_decorator.py
[2023-11-17T20:12:33.775+0000] {processor.py:743} INFO - Processing file /usr/local/python/3.10.8/lib/python3.10/site-packages/airflow/example_dags/example_task_group_decorator.py for tasks to queue
[2023-11-17T20:12:33.776+0000] {logging_mixin.py:137} INFO - [2023-11-17T20:12:33.775+0000] {dagbag.py:538} INFO - Filling up the DagBag from /usr/local/python/3.10.8/lib/python3.10/site-packages/airflow/example_dags/example_task_group_decorator.py
[2023-11-17T20:12:33.817+0000] {processor.py:753} INFO - DAG(s) dict_keys(['example_task_group_decorator']) retrieved from /usr/local/python/3.10.8/lib/python3.10/site-packages/airflow/example_dags/example_task_group_decorator.py
[2023-11-17T20:12:33.840+0000] {logging_mixin.py:137} INFO - [2023-11-17T20:12:33.840+0000] {dag.py:2690} INFO - Sync 1 DAGs
[2023-11-17T20:12:33.856+0000] {logging_mixin.py:137} INFO - [2023-11-17T20:12:33.856+0000] {dag.py:3437} INFO - Setting next_dagrun for example_task_group_decorator to 2023-11-16T20:12:33.856064+00:00, run_after=2023-11-17T20:12:33.856064+00:00
[2023-11-17T20:12:33.898+0000] {processor.py:175} INFO - Processing /usr/local/python/3.10.8/lib/python3.10/site-packages/airflow/example_dags/example_task_group_decorator.py took 0.129 seconds
[2023-11-17T20:13:13.313+0000] {processor.py:153} INFO - Started process (PID=13632) to work on /usr/local/python/3.10.8/lib/python3.10/site-packages/airflow/example_dags/example_task_group_decorator.py
[2023-11-17T20:13:13.314+0000] {processor.py:743} INFO - Processing file /usr/local/python/3.10.8/lib/python3.10/site-packages/airflow/example_dags/example_task_group_decorator.py for tasks to queue
[2023-11-17T20:13:13.315+0000] {logging_mixin.py:137} INFO - [2023-11-17T20:13:13.315+0000] {dagbag.py:538} INFO - Filling up the DagBag from /usr/local/python/3.10.8/lib/python3.10/site-packages/airflow/example_dags/example_task_group_decorator.py
[2023-11-17T20:13:13.353+0000] {processor.py:753} INFO - DAG(s) dict_keys(['example_task_group_decorator']) retrieved from /usr/local/python/3.10.8/lib/python3.10/site-packages/airflow/example_dags/example_task_group_decorator.py
[2023-11-17T20:13:13.369+0000] {logging_mixin.py:137} INFO - [2023-11-17T20:13:13.369+0000] {dag.py:2690} INFO - Sync 1 DAGs
[2023-11-17T20:13:13.384+0000] {logging_mixin.py:137} INFO - [2023-11-17T20:13:13.384+0000] {dag.py:3437} INFO - Setting next_dagrun for example_task_group_decorator to 2023-11-16T20:13:13.384626+00:00, run_after=2023-11-17T20:13:13.384626+00:00
[2023-11-17T20:13:13.425+0000] {processor.py:175} INFO - Processing /usr/local/python/3.10.8/lib/python3.10/site-packages/airflow/example_dags/example_task_group_decorator.py took 0.115 seconds
[2023-11-17T20:13:52.602+0000] {processor.py:153} INFO - Started process (PID=13919) to work on /usr/local/python/3.10.8/lib/python3.10/site-packages/airflow/example_dags/example_task_group_decorator.py
[2023-11-17T20:13:52.602+0000] {processor.py:743} INFO - Processing file /usr/local/python/3.10.8/lib/python3.10/site-packages/airflow/example_dags/example_task_group_decorator.py for tasks to queue
[2023-11-17T20:13:52.603+0000] {logging_mixin.py:137} INFO - [2023-11-17T20:13:52.603+0000] {dagbag.py:538} INFO - Filling up the DagBag from /usr/local/python/3.10.8/lib/python3.10/site-packages/airflow/example_dags/example_task_group_decorator.py
[2023-11-17T20:13:52.639+0000] {processor.py:753} INFO - DAG(s) dict_keys(['example_task_group_decorator']) retrieved from /usr/local/python/3.10.8/lib/python3.10/site-packages/airflow/example_dags/example_task_group_decorator.py
[2023-11-17T20:13:52.661+0000] {logging_mixin.py:137} INFO - [2023-11-17T20:13:52.661+0000] {dag.py:2690} INFO - Sync 1 DAGs
[2023-11-17T20:13:52.676+0000] {logging_mixin.py:137} INFO - [2023-11-17T20:13:52.676+0000] {dag.py:3437} INFO - Setting next_dagrun for example_task_group_decorator to 2023-11-16T20:13:52.676582+00:00, run_after=2023-11-17T20:13:52.676582+00:00
[2023-11-17T20:13:52.723+0000] {processor.py:175} INFO - Processing /usr/local/python/3.10.8/lib/python3.10/site-packages/airflow/example_dags/example_task_group_decorator.py took 0.124 seconds
[2023-11-17T20:14:33.100+0000] {processor.py:153} INFO - Started process (PID=14284) to work on /usr/local/python/3.10.8/lib/python3.10/site-packages/airflow/example_dags/example_task_group_decorator.py
[2023-11-17T20:14:33.101+0000] {processor.py:743} INFO - Processing file /usr/local/python/3.10.8/lib/python3.10/site-packages/airflow/example_dags/example_task_group_decorator.py for tasks to queue
[2023-11-17T20:14:33.101+0000] {logging_mixin.py:137} INFO - [2023-11-17T20:14:33.101+0000] {dagbag.py:538} INFO - Filling up the DagBag from /usr/local/python/3.10.8/lib/python3.10/site-packages/airflow/example_dags/example_task_group_decorator.py
[2023-11-17T20:14:33.126+0000] {processor.py:753} INFO - DAG(s) dict_keys(['example_task_group_decorator']) retrieved from /usr/local/python/3.10.8/lib/python3.10/site-packages/airflow/example_dags/example_task_group_decorator.py
[2023-11-17T20:14:33.142+0000] {logging_mixin.py:137} INFO - [2023-11-17T20:14:33.142+0000] {dag.py:2690} INFO - Sync 1 DAGs
[2023-11-17T20:14:33.158+0000] {logging_mixin.py:137} INFO - [2023-11-17T20:14:33.158+0000] {dag.py:3437} INFO - Setting next_dagrun for example_task_group_decorator to 2023-11-16T20:14:33.157915+00:00, run_after=2023-11-17T20:14:33.157915+00:00
[2023-11-17T20:14:33.199+0000] {processor.py:175} INFO - Processing /usr/local/python/3.10.8/lib/python3.10/site-packages/airflow/example_dags/example_task_group_decorator.py took 0.101 seconds
[2023-11-17T20:15:12.854+0000] {processor.py:153} INFO - Started process (PID=14689) to work on /usr/local/python/3.10.8/lib/python3.10/site-packages/airflow/example_dags/example_task_group_decorator.py
[2023-11-17T20:15:12.855+0000] {processor.py:743} INFO - Processing file /usr/local/python/3.10.8/lib/python3.10/site-packages/airflow/example_dags/example_task_group_decorator.py for tasks to queue
[2023-11-17T20:15:12.856+0000] {logging_mixin.py:137} INFO - [2023-11-17T20:15:12.856+0000] {dagbag.py:538} INFO - Filling up the DagBag from /usr/local/python/3.10.8/lib/python3.10/site-packages/airflow/example_dags/example_task_group_decorator.py
[2023-11-17T20:15:12.915+0000] {processor.py:753} INFO - DAG(s) dict_keys(['example_task_group_decorator']) retrieved from /usr/local/python/3.10.8/lib/python3.10/site-packages/airflow/example_dags/example_task_group_decorator.py
[2023-11-17T20:15:12.941+0000] {logging_mixin.py:137} INFO - [2023-11-17T20:15:12.941+0000] {dag.py:2690} INFO - Sync 1 DAGs
[2023-11-17T20:15:12.965+0000] {logging_mixin.py:137} INFO - [2023-11-17T20:15:12.965+0000] {dag.py:3437} INFO - Setting next_dagrun for example_task_group_decorator to 2023-11-16T20:15:12.965421+00:00, run_after=2023-11-17T20:15:12.965421+00:00
[2023-11-17T20:15:13.017+0000] {processor.py:175} INFO - Processing /usr/local/python/3.10.8/lib/python3.10/site-packages/airflow/example_dags/example_task_group_decorator.py took 0.166 seconds
[2023-11-17T20:15:54.530+0000] {processor.py:153} INFO - Started process (PID=15062) to work on /usr/local/python/3.10.8/lib/python3.10/site-packages/airflow/example_dags/example_task_group_decorator.py
[2023-11-17T20:15:54.531+0000] {processor.py:743} INFO - Processing file /usr/local/python/3.10.8/lib/python3.10/site-packages/airflow/example_dags/example_task_group_decorator.py for tasks to queue
[2023-11-17T20:15:54.531+0000] {logging_mixin.py:137} INFO - [2023-11-17T20:15:54.531+0000] {dagbag.py:538} INFO - Filling up the DagBag from /usr/local/python/3.10.8/lib/python3.10/site-packages/airflow/example_dags/example_task_group_decorator.py
[2023-11-17T20:15:54.556+0000] {processor.py:753} INFO - DAG(s) dict_keys(['example_task_group_decorator']) retrieved from /usr/local/python/3.10.8/lib/python3.10/site-packages/airflow/example_dags/example_task_group_decorator.py
[2023-11-17T20:15:54.572+0000] {logging_mixin.py:137} INFO - [2023-11-17T20:15:54.572+0000] {dag.py:2690} INFO - Sync 1 DAGs
[2023-11-17T20:15:54.590+0000] {logging_mixin.py:137} INFO - [2023-11-17T20:15:54.590+0000] {dag.py:3437} INFO - Setting next_dagrun for example_task_group_decorator to 2023-11-16T20:15:54.589750+00:00, run_after=2023-11-17T20:15:54.589750+00:00
[2023-11-17T20:15:54.644+0000] {processor.py:175} INFO - Processing /usr/local/python/3.10.8/lib/python3.10/site-packages/airflow/example_dags/example_task_group_decorator.py took 0.116 seconds
[2023-11-17T20:16:35.219+0000] {processor.py:153} INFO - Started process (PID=15549) to work on /usr/local/python/3.10.8/lib/python3.10/site-packages/airflow/example_dags/example_task_group_decorator.py
[2023-11-17T20:16:35.220+0000] {processor.py:743} INFO - Processing file /usr/local/python/3.10.8/lib/python3.10/site-packages/airflow/example_dags/example_task_group_decorator.py for tasks to queue
[2023-11-17T20:16:35.220+0000] {logging_mixin.py:137} INFO - [2023-11-17T20:16:35.220+0000] {dagbag.py:538} INFO - Filling up the DagBag from /usr/local/python/3.10.8/lib/python3.10/site-packages/airflow/example_dags/example_task_group_decorator.py
[2023-11-17T20:16:35.245+0000] {processor.py:753} INFO - DAG(s) dict_keys(['example_task_group_decorator']) retrieved from /usr/local/python/3.10.8/lib/python3.10/site-packages/airflow/example_dags/example_task_group_decorator.py
[2023-11-17T20:16:35.261+0000] {logging_mixin.py:137} INFO - [2023-11-17T20:16:35.261+0000] {dag.py:2690} INFO - Sync 1 DAGs
[2023-11-17T20:16:35.276+0000] {logging_mixin.py:137} INFO - [2023-11-17T20:16:35.276+0000] {dag.py:3437} INFO - Setting next_dagrun for example_task_group_decorator to 2023-11-16T20:16:35.275942+00:00, run_after=2023-11-17T20:16:35.275942+00:00
[2023-11-17T20:16:35.326+0000] {processor.py:175} INFO - Processing /usr/local/python/3.10.8/lib/python3.10/site-packages/airflow/example_dags/example_task_group_decorator.py took 0.109 seconds
[2023-11-17T20:17:16.116+0000] {processor.py:153} INFO - Started process (PID=15955) to work on /usr/local/python/3.10.8/lib/python3.10/site-packages/airflow/example_dags/example_task_group_decorator.py
[2023-11-17T20:17:16.116+0000] {processor.py:743} INFO - Processing file /usr/local/python/3.10.8/lib/python3.10/site-packages/airflow/example_dags/example_task_group_decorator.py for tasks to queue
[2023-11-17T20:17:16.117+0000] {logging_mixin.py:137} INFO - [2023-11-17T20:17:16.117+0000] {dagbag.py:538} INFO - Filling up the DagBag from /usr/local/python/3.10.8/lib/python3.10/site-packages/airflow/example_dags/example_task_group_decorator.py
[2023-11-17T20:17:16.143+0000] {processor.py:753} INFO - DAG(s) dict_keys(['example_task_group_decorator']) retrieved from /usr/local/python/3.10.8/lib/python3.10/site-packages/airflow/example_dags/example_task_group_decorator.py
[2023-11-17T20:17:16.165+0000] {logging_mixin.py:137} INFO - [2023-11-17T20:17:16.165+0000] {dag.py:2690} INFO - Sync 1 DAGs
[2023-11-17T20:17:16.190+0000] {logging_mixin.py:137} INFO - [2023-11-17T20:17:16.190+0000] {dag.py:3437} INFO - Setting next_dagrun for example_task_group_decorator to 2023-11-16T20:17:16.189859+00:00, run_after=2023-11-17T20:17:16.189859+00:00
[2023-11-17T20:17:16.235+0000] {processor.py:175} INFO - Processing /usr/local/python/3.10.8/lib/python3.10/site-packages/airflow/example_dags/example_task_group_decorator.py took 0.122 seconds
