[2023-11-17T20:11:39.174+0000] {processor.py:153} INFO - Started process (PID=12999) to work on /usr/local/python/3.10.8/lib/python3.10/site-packages/airflow/example_dags/example_trigger_target_dag.py
[2023-11-17T20:11:39.175+0000] {processor.py:743} INFO - Processing file /usr/local/python/3.10.8/lib/python3.10/site-packages/airflow/example_dags/example_trigger_target_dag.py for tasks to queue
[2023-11-17T20:11:39.175+0000] {logging_mixin.py:137} INFO - [2023-11-17T20:11:39.175+0000] {dagbag.py:538} INFO - Filling up the DagBag from /usr/local/python/3.10.8/lib/python3.10/site-packages/airflow/example_dags/example_trigger_target_dag.py
[2023-11-17T20:11:39.196+0000] {processor.py:753} INFO - DAG(s) dict_keys(['example_trigger_target_dag']) retrieved from /usr/local/python/3.10.8/lib/python3.10/site-packages/airflow/example_dags/example_trigger_target_dag.py
[2023-11-17T20:11:39.339+0000] {logging_mixin.py:137} INFO - [2023-11-17T20:11:39.339+0000] {manager.py:504} INFO - Created Permission View: can edit on DAG:example_trigger_target_dag
[2023-11-17T20:11:39.372+0000] {logging_mixin.py:137} INFO - [2023-11-17T20:11:39.372+0000] {manager.py:504} INFO - Created Permission View: can delete on DAG:example_trigger_target_dag
[2023-11-17T20:11:39.403+0000] {logging_mixin.py:137} INFO - [2023-11-17T20:11:39.403+0000] {manager.py:504} INFO - Created Permission View: can read on DAG:example_trigger_target_dag
[2023-11-17T20:11:39.404+0000] {logging_mixin.py:137} INFO - [2023-11-17T20:11:39.403+0000] {dag.py:2690} INFO - Sync 1 DAGs
[2023-11-17T20:11:39.412+0000] {logging_mixin.py:137} INFO - [2023-11-17T20:11:39.412+0000] {dag.py:2711} INFO - Creating ORM DAG for example_trigger_target_dag
[2023-11-17T20:11:39.420+0000] {logging_mixin.py:137} INFO - [2023-11-17T20:11:39.420+0000] {dag.py:3437} INFO - Setting next_dagrun for example_trigger_target_dag to None, run_after=None
[2023-11-17T20:11:39.484+0000] {processor.py:175} INFO - Processing /usr/local/python/3.10.8/lib/python3.10/site-packages/airflow/example_dags/example_trigger_target_dag.py took 0.312 seconds
[2023-11-17T20:12:27.179+0000] {processor.py:153} INFO - Started process (PID=13304) to work on /usr/local/python/3.10.8/lib/python3.10/site-packages/airflow/example_dags/example_trigger_target_dag.py
[2023-11-17T20:12:27.180+0000] {processor.py:743} INFO - Processing file /usr/local/python/3.10.8/lib/python3.10/site-packages/airflow/example_dags/example_trigger_target_dag.py for tasks to queue
[2023-11-17T20:12:27.181+0000] {logging_mixin.py:137} INFO - [2023-11-17T20:12:27.181+0000] {dagbag.py:538} INFO - Filling up the DagBag from /usr/local/python/3.10.8/lib/python3.10/site-packages/airflow/example_dags/example_trigger_target_dag.py
[2023-11-17T20:12:27.203+0000] {processor.py:753} INFO - DAG(s) dict_keys(['example_trigger_target_dag']) retrieved from /usr/local/python/3.10.8/lib/python3.10/site-packages/airflow/example_dags/example_trigger_target_dag.py
[2023-11-17T20:12:27.217+0000] {logging_mixin.py:137} INFO - [2023-11-17T20:12:27.217+0000] {dag.py:2690} INFO - Sync 1 DAGs
[2023-11-17T20:12:27.232+0000] {logging_mixin.py:137} INFO - [2023-11-17T20:12:27.232+0000] {dag.py:3437} INFO - Setting next_dagrun for example_trigger_target_dag to None, run_after=None
[2023-11-17T20:12:27.272+0000] {processor.py:175} INFO - Processing /usr/local/python/3.10.8/lib/python3.10/site-packages/airflow/example_dags/example_trigger_target_dag.py took 0.095 seconds
[2023-11-17T20:13:06.509+0000] {processor.py:153} INFO - Started process (PID=13574) to work on /usr/local/python/3.10.8/lib/python3.10/site-packages/airflow/example_dags/example_trigger_target_dag.py
[2023-11-17T20:13:06.509+0000] {processor.py:743} INFO - Processing file /usr/local/python/3.10.8/lib/python3.10/site-packages/airflow/example_dags/example_trigger_target_dag.py for tasks to queue
[2023-11-17T20:13:06.510+0000] {logging_mixin.py:137} INFO - [2023-11-17T20:13:06.510+0000] {dagbag.py:538} INFO - Filling up the DagBag from /usr/local/python/3.10.8/lib/python3.10/site-packages/airflow/example_dags/example_trigger_target_dag.py
[2023-11-17T20:13:06.530+0000] {processor.py:753} INFO - DAG(s) dict_keys(['example_trigger_target_dag']) retrieved from /usr/local/python/3.10.8/lib/python3.10/site-packages/airflow/example_dags/example_trigger_target_dag.py
[2023-11-17T20:13:06.544+0000] {logging_mixin.py:137} INFO - [2023-11-17T20:13:06.544+0000] {dag.py:2690} INFO - Sync 1 DAGs
[2023-11-17T20:13:06.558+0000] {logging_mixin.py:137} INFO - [2023-11-17T20:13:06.558+0000] {dag.py:3437} INFO - Setting next_dagrun for example_trigger_target_dag to None, run_after=None
[2023-11-17T20:13:06.596+0000] {processor.py:175} INFO - Processing /usr/local/python/3.10.8/lib/python3.10/site-packages/airflow/example_dags/example_trigger_target_dag.py took 0.090 seconds
[2023-11-17T20:13:45.381+0000] {processor.py:153} INFO - Started process (PID=13851) to work on /usr/local/python/3.10.8/lib/python3.10/site-packages/airflow/example_dags/example_trigger_target_dag.py
[2023-11-17T20:13:45.382+0000] {processor.py:743} INFO - Processing file /usr/local/python/3.10.8/lib/python3.10/site-packages/airflow/example_dags/example_trigger_target_dag.py for tasks to queue
[2023-11-17T20:13:45.383+0000] {logging_mixin.py:137} INFO - [2023-11-17T20:13:45.382+0000] {dagbag.py:538} INFO - Filling up the DagBag from /usr/local/python/3.10.8/lib/python3.10/site-packages/airflow/example_dags/example_trigger_target_dag.py
[2023-11-17T20:13:45.403+0000] {processor.py:753} INFO - DAG(s) dict_keys(['example_trigger_target_dag']) retrieved from /usr/local/python/3.10.8/lib/python3.10/site-packages/airflow/example_dags/example_trigger_target_dag.py
[2023-11-17T20:13:45.419+0000] {logging_mixin.py:137} INFO - [2023-11-17T20:13:45.419+0000] {dag.py:2690} INFO - Sync 1 DAGs
[2023-11-17T20:13:45.434+0000] {logging_mixin.py:137} INFO - [2023-11-17T20:13:45.434+0000] {dag.py:3437} INFO - Setting next_dagrun for example_trigger_target_dag to None, run_after=None
[2023-11-17T20:13:45.473+0000] {processor.py:175} INFO - Processing /usr/local/python/3.10.8/lib/python3.10/site-packages/airflow/example_dags/example_trigger_target_dag.py took 0.094 seconds
[2023-11-17T20:14:25.398+0000] {processor.py:153} INFO - Started process (PID=14218) to work on /usr/local/python/3.10.8/lib/python3.10/site-packages/airflow/example_dags/example_trigger_target_dag.py
[2023-11-17T20:14:25.399+0000] {processor.py:743} INFO - Processing file /usr/local/python/3.10.8/lib/python3.10/site-packages/airflow/example_dags/example_trigger_target_dag.py for tasks to queue
[2023-11-17T20:14:25.399+0000] {logging_mixin.py:137} INFO - [2023-11-17T20:14:25.399+0000] {dagbag.py:538} INFO - Filling up the DagBag from /usr/local/python/3.10.8/lib/python3.10/site-packages/airflow/example_dags/example_trigger_target_dag.py
[2023-11-17T20:14:25.431+0000] {processor.py:753} INFO - DAG(s) dict_keys(['example_trigger_target_dag']) retrieved from /usr/local/python/3.10.8/lib/python3.10/site-packages/airflow/example_dags/example_trigger_target_dag.py
[2023-11-17T20:14:25.452+0000] {logging_mixin.py:137} INFO - [2023-11-17T20:14:25.452+0000] {dag.py:2690} INFO - Sync 1 DAGs
[2023-11-17T20:14:25.471+0000] {logging_mixin.py:137} INFO - [2023-11-17T20:14:25.471+0000] {dag.py:3437} INFO - Setting next_dagrun for example_trigger_target_dag to None, run_after=None
[2023-11-17T20:14:25.511+0000] {processor.py:175} INFO - Processing /usr/local/python/3.10.8/lib/python3.10/site-packages/airflow/example_dags/example_trigger_target_dag.py took 0.116 seconds
[2023-11-17T20:15:05.856+0000] {processor.py:153} INFO - Started process (PID=14610) to work on /usr/local/python/3.10.8/lib/python3.10/site-packages/airflow/example_dags/example_trigger_target_dag.py
[2023-11-17T20:15:05.856+0000] {processor.py:743} INFO - Processing file /usr/local/python/3.10.8/lib/python3.10/site-packages/airflow/example_dags/example_trigger_target_dag.py for tasks to queue
[2023-11-17T20:15:05.857+0000] {logging_mixin.py:137} INFO - [2023-11-17T20:15:05.856+0000] {dagbag.py:538} INFO - Filling up the DagBag from /usr/local/python/3.10.8/lib/python3.10/site-packages/airflow/example_dags/example_trigger_target_dag.py
[2023-11-17T20:15:05.876+0000] {processor.py:753} INFO - DAG(s) dict_keys(['example_trigger_target_dag']) retrieved from /usr/local/python/3.10.8/lib/python3.10/site-packages/airflow/example_dags/example_trigger_target_dag.py
[2023-11-17T20:15:05.891+0000] {logging_mixin.py:137} INFO - [2023-11-17T20:15:05.890+0000] {dag.py:2690} INFO - Sync 1 DAGs
[2023-11-17T20:15:05.907+0000] {logging_mixin.py:137} INFO - [2023-11-17T20:15:05.906+0000] {dag.py:3437} INFO - Setting next_dagrun for example_trigger_target_dag to None, run_after=None
[2023-11-17T20:15:05.945+0000] {processor.py:175} INFO - Processing /usr/local/python/3.10.8/lib/python3.10/site-packages/airflow/example_dags/example_trigger_target_dag.py took 0.091 seconds
[2023-11-17T20:15:43.914+0000] {processor.py:153} INFO - Started process (PID=14959) to work on /usr/local/python/3.10.8/lib/python3.10/site-packages/airflow/example_dags/example_trigger_target_dag.py
[2023-11-17T20:15:43.915+0000] {processor.py:743} INFO - Processing file /usr/local/python/3.10.8/lib/python3.10/site-packages/airflow/example_dags/example_trigger_target_dag.py for tasks to queue
[2023-11-17T20:15:43.915+0000] {logging_mixin.py:137} INFO - [2023-11-17T20:15:43.915+0000] {dagbag.py:538} INFO - Filling up the DagBag from /usr/local/python/3.10.8/lib/python3.10/site-packages/airflow/example_dags/example_trigger_target_dag.py
[2023-11-17T20:15:43.935+0000] {processor.py:753} INFO - DAG(s) dict_keys(['example_trigger_target_dag']) retrieved from /usr/local/python/3.10.8/lib/python3.10/site-packages/airflow/example_dags/example_trigger_target_dag.py
[2023-11-17T20:15:43.950+0000] {logging_mixin.py:137} INFO - [2023-11-17T20:15:43.950+0000] {dag.py:2690} INFO - Sync 1 DAGs
[2023-11-17T20:15:43.966+0000] {logging_mixin.py:137} INFO - [2023-11-17T20:15:43.965+0000] {dag.py:3437} INFO - Setting next_dagrun for example_trigger_target_dag to None, run_after=None
[2023-11-17T20:15:44.007+0000] {processor.py:175} INFO - Processing /usr/local/python/3.10.8/lib/python3.10/site-packages/airflow/example_dags/example_trigger_target_dag.py took 0.096 seconds
[2023-11-17T20:16:25.903+0000] {processor.py:153} INFO - Started process (PID=15438) to work on /usr/local/python/3.10.8/lib/python3.10/site-packages/airflow/example_dags/example_trigger_target_dag.py
[2023-11-17T20:16:25.904+0000] {processor.py:743} INFO - Processing file /usr/local/python/3.10.8/lib/python3.10/site-packages/airflow/example_dags/example_trigger_target_dag.py for tasks to queue
[2023-11-17T20:16:25.904+0000] {logging_mixin.py:137} INFO - [2023-11-17T20:16:25.904+0000] {dagbag.py:538} INFO - Filling up the DagBag from /usr/local/python/3.10.8/lib/python3.10/site-packages/airflow/example_dags/example_trigger_target_dag.py
[2023-11-17T20:16:25.924+0000] {processor.py:753} INFO - DAG(s) dict_keys(['example_trigger_target_dag']) retrieved from /usr/local/python/3.10.8/lib/python3.10/site-packages/airflow/example_dags/example_trigger_target_dag.py
[2023-11-17T20:16:25.938+0000] {logging_mixin.py:137} INFO - [2023-11-17T20:16:25.938+0000] {dag.py:2690} INFO - Sync 1 DAGs
[2023-11-17T20:16:25.953+0000] {logging_mixin.py:137} INFO - [2023-11-17T20:16:25.953+0000] {dag.py:3437} INFO - Setting next_dagrun for example_trigger_target_dag to None, run_after=None
[2023-11-17T20:16:25.992+0000] {processor.py:175} INFO - Processing /usr/local/python/3.10.8/lib/python3.10/site-packages/airflow/example_dags/example_trigger_target_dag.py took 0.092 seconds
[2023-11-17T20:17:05.570+0000] {processor.py:153} INFO - Started process (PID=15855) to work on /usr/local/python/3.10.8/lib/python3.10/site-packages/airflow/example_dags/example_trigger_target_dag.py
[2023-11-17T20:17:05.570+0000] {processor.py:743} INFO - Processing file /usr/local/python/3.10.8/lib/python3.10/site-packages/airflow/example_dags/example_trigger_target_dag.py for tasks to queue
[2023-11-17T20:17:05.571+0000] {logging_mixin.py:137} INFO - [2023-11-17T20:17:05.571+0000] {dagbag.py:538} INFO - Filling up the DagBag from /usr/local/python/3.10.8/lib/python3.10/site-packages/airflow/example_dags/example_trigger_target_dag.py
[2023-11-17T20:17:05.591+0000] {processor.py:753} INFO - DAG(s) dict_keys(['example_trigger_target_dag']) retrieved from /usr/local/python/3.10.8/lib/python3.10/site-packages/airflow/example_dags/example_trigger_target_dag.py
[2023-11-17T20:17:05.606+0000] {logging_mixin.py:137} INFO - [2023-11-17T20:17:05.606+0000] {dag.py:2690} INFO - Sync 1 DAGs
[2023-11-17T20:17:05.622+0000] {logging_mixin.py:137} INFO - [2023-11-17T20:17:05.622+0000] {dag.py:3437} INFO - Setting next_dagrun for example_trigger_target_dag to None, run_after=None
[2023-11-17T20:17:05.662+0000] {processor.py:175} INFO - Processing /usr/local/python/3.10.8/lib/python3.10/site-packages/airflow/example_dags/example_trigger_target_dag.py took 0.095 seconds
[2023-11-17T20:17:46.359+0000] {processor.py:153} INFO - Started process (PID=16267) to work on /usr/local/python/3.10.8/lib/python3.10/site-packages/airflow/example_dags/example_trigger_target_dag.py
[2023-11-17T20:17:46.359+0000] {processor.py:743} INFO - Processing file /usr/local/python/3.10.8/lib/python3.10/site-packages/airflow/example_dags/example_trigger_target_dag.py for tasks to queue
[2023-11-17T20:17:46.360+0000] {logging_mixin.py:137} INFO - [2023-11-17T20:17:46.360+0000] {dagbag.py:538} INFO - Filling up the DagBag from /usr/local/python/3.10.8/lib/python3.10/site-packages/airflow/example_dags/example_trigger_target_dag.py
[2023-11-17T20:17:46.380+0000] {processor.py:753} INFO - DAG(s) dict_keys(['example_trigger_target_dag']) retrieved from /usr/local/python/3.10.8/lib/python3.10/site-packages/airflow/example_dags/example_trigger_target_dag.py
[2023-11-17T20:17:46.394+0000] {logging_mixin.py:137} INFO - [2023-11-17T20:17:46.394+0000] {dag.py:2690} INFO - Sync 1 DAGs
[2023-11-17T20:17:46.409+0000] {logging_mixin.py:137} INFO - [2023-11-17T20:17:46.409+0000] {dag.py:3437} INFO - Setting next_dagrun for example_trigger_target_dag to None, run_after=None
[2023-11-17T20:17:46.447+0000] {processor.py:175} INFO - Processing /usr/local/python/3.10.8/lib/python3.10/site-packages/airflow/example_dags/example_trigger_target_dag.py took 0.091 seconds
