[2023-11-17T20:11:37.839+0000] {processor.py:153} INFO - Started process (PID=12998) to work on /usr/local/python/3.10.8/lib/python3.10/site-packages/airflow/example_dags/example_task_group.py
[2023-11-17T20:11:37.839+0000] {processor.py:743} INFO - Processing file /usr/local/python/3.10.8/lib/python3.10/site-packages/airflow/example_dags/example_task_group.py for tasks to queue
[2023-11-17T20:11:37.840+0000] {logging_mixin.py:137} INFO - [2023-11-17T20:11:37.839+0000] {dagbag.py:538} INFO - Filling up the DagBag from /usr/local/python/3.10.8/lib/python3.10/site-packages/airflow/example_dags/example_task_group.py
[2023-11-17T20:11:37.852+0000] {processor.py:753} INFO - DAG(s) dict_keys(['example_task_group']) retrieved from /usr/local/python/3.10.8/lib/python3.10/site-packages/airflow/example_dags/example_task_group.py
[2023-11-17T20:11:38.003+0000] {logging_mixin.py:137} INFO - [2023-11-17T20:11:38.003+0000] {manager.py:504} INFO - Created Permission View: can edit on DAG:example_task_group
[2023-11-17T20:11:38.034+0000] {logging_mixin.py:137} INFO - [2023-11-17T20:11:38.034+0000] {manager.py:504} INFO - Created Permission View: can delete on DAG:example_task_group
[2023-11-17T20:11:38.064+0000] {logging_mixin.py:137} INFO - [2023-11-17T20:11:38.064+0000] {manager.py:504} INFO - Created Permission View: can read on DAG:example_task_group
[2023-11-17T20:11:38.064+0000] {logging_mixin.py:137} INFO - [2023-11-17T20:11:38.064+0000] {dag.py:2690} INFO - Sync 1 DAGs
[2023-11-17T20:11:38.074+0000] {logging_mixin.py:137} INFO - [2023-11-17T20:11:38.074+0000] {dag.py:2711} INFO - Creating ORM DAG for example_task_group
[2023-11-17T20:11:38.081+0000] {logging_mixin.py:137} INFO - [2023-11-17T20:11:38.081+0000] {dag.py:3437} INFO - Setting next_dagrun for example_task_group to 2023-11-16T20:11:38.081345+00:00, run_after=2023-11-17T20:11:38.081345+00:00
[2023-11-17T20:11:38.129+0000] {processor.py:175} INFO - Processing /usr/local/python/3.10.8/lib/python3.10/site-packages/airflow/example_dags/example_task_group.py took 0.293 seconds
[2023-11-17T20:12:26.035+0000] {processor.py:153} INFO - Started process (PID=13303) to work on /usr/local/python/3.10.8/lib/python3.10/site-packages/airflow/example_dags/example_task_group.py
[2023-11-17T20:12:26.036+0000] {processor.py:743} INFO - Processing file /usr/local/python/3.10.8/lib/python3.10/site-packages/airflow/example_dags/example_task_group.py for tasks to queue
[2023-11-17T20:12:26.036+0000] {logging_mixin.py:137} INFO - [2023-11-17T20:12:26.036+0000] {dagbag.py:538} INFO - Filling up the DagBag from /usr/local/python/3.10.8/lib/python3.10/site-packages/airflow/example_dags/example_task_group.py
[2023-11-17T20:12:26.050+0000] {processor.py:753} INFO - DAG(s) dict_keys(['example_task_group']) retrieved from /usr/local/python/3.10.8/lib/python3.10/site-packages/airflow/example_dags/example_task_group.py
[2023-11-17T20:12:26.066+0000] {logging_mixin.py:137} INFO - [2023-11-17T20:12:26.066+0000] {dag.py:2690} INFO - Sync 1 DAGs
[2023-11-17T20:12:26.085+0000] {logging_mixin.py:137} INFO - [2023-11-17T20:12:26.085+0000] {dag.py:3437} INFO - Setting next_dagrun for example_task_group to 2023-11-16T20:12:26.085438+00:00, run_after=2023-11-17T20:12:26.085438+00:00
[2023-11-17T20:12:26.125+0000] {processor.py:175} INFO - Processing /usr/local/python/3.10.8/lib/python3.10/site-packages/airflow/example_dags/example_task_group.py took 0.093 seconds
[2023-11-17T20:13:05.376+0000] {processor.py:153} INFO - Started process (PID=13573) to work on /usr/local/python/3.10.8/lib/python3.10/site-packages/airflow/example_dags/example_task_group.py
[2023-11-17T20:13:05.377+0000] {processor.py:743} INFO - Processing file /usr/local/python/3.10.8/lib/python3.10/site-packages/airflow/example_dags/example_task_group.py for tasks to queue
[2023-11-17T20:13:05.377+0000] {logging_mixin.py:137} INFO - [2023-11-17T20:13:05.377+0000] {dagbag.py:538} INFO - Filling up the DagBag from /usr/local/python/3.10.8/lib/python3.10/site-packages/airflow/example_dags/example_task_group.py
[2023-11-17T20:13:05.391+0000] {processor.py:753} INFO - DAG(s) dict_keys(['example_task_group']) retrieved from /usr/local/python/3.10.8/lib/python3.10/site-packages/airflow/example_dags/example_task_group.py
[2023-11-17T20:13:05.406+0000] {logging_mixin.py:137} INFO - [2023-11-17T20:13:05.405+0000] {dag.py:2690} INFO - Sync 1 DAGs
[2023-11-17T20:13:05.421+0000] {logging_mixin.py:137} INFO - [2023-11-17T20:13:05.421+0000] {dag.py:3437} INFO - Setting next_dagrun for example_task_group to 2023-11-16T20:13:05.421075+00:00, run_after=2023-11-17T20:13:05.421075+00:00
[2023-11-17T20:13:05.463+0000] {processor.py:175} INFO - Processing /usr/local/python/3.10.8/lib/python3.10/site-packages/airflow/example_dags/example_task_group.py took 0.089 seconds
[2023-11-17T20:13:44.233+0000] {processor.py:153} INFO - Started process (PID=13841) to work on /usr/local/python/3.10.8/lib/python3.10/site-packages/airflow/example_dags/example_task_group.py
[2023-11-17T20:13:44.233+0000] {processor.py:743} INFO - Processing file /usr/local/python/3.10.8/lib/python3.10/site-packages/airflow/example_dags/example_task_group.py for tasks to queue
[2023-11-17T20:13:44.234+0000] {logging_mixin.py:137} INFO - [2023-11-17T20:13:44.234+0000] {dagbag.py:538} INFO - Filling up the DagBag from /usr/local/python/3.10.8/lib/python3.10/site-packages/airflow/example_dags/example_task_group.py
[2023-11-17T20:13:44.249+0000] {processor.py:753} INFO - DAG(s) dict_keys(['example_task_group']) retrieved from /usr/local/python/3.10.8/lib/python3.10/site-packages/airflow/example_dags/example_task_group.py
[2023-11-17T20:13:44.264+0000] {logging_mixin.py:137} INFO - [2023-11-17T20:13:44.264+0000] {dag.py:2690} INFO - Sync 1 DAGs
[2023-11-17T20:13:44.280+0000] {logging_mixin.py:137} INFO - [2023-11-17T20:13:44.280+0000] {dag.py:3437} INFO - Setting next_dagrun for example_task_group to 2023-11-16T20:13:44.280571+00:00, run_after=2023-11-17T20:13:44.280571+00:00
[2023-11-17T20:13:44.324+0000] {processor.py:175} INFO - Processing /usr/local/python/3.10.8/lib/python3.10/site-packages/airflow/example_dags/example_task_group.py took 0.093 seconds
[2023-11-17T20:14:24.899+0000] {processor.py:153} INFO - Started process (PID=14217) to work on /usr/local/python/3.10.8/lib/python3.10/site-packages/airflow/example_dags/example_task_group.py
[2023-11-17T20:14:24.900+0000] {processor.py:743} INFO - Processing file /usr/local/python/3.10.8/lib/python3.10/site-packages/airflow/example_dags/example_task_group.py for tasks to queue
[2023-11-17T20:14:24.900+0000] {logging_mixin.py:137} INFO - [2023-11-17T20:14:24.900+0000] {dagbag.py:538} INFO - Filling up the DagBag from /usr/local/python/3.10.8/lib/python3.10/site-packages/airflow/example_dags/example_task_group.py
[2023-11-17T20:14:24.913+0000] {processor.py:753} INFO - DAG(s) dict_keys(['example_task_group']) retrieved from /usr/local/python/3.10.8/lib/python3.10/site-packages/airflow/example_dags/example_task_group.py
[2023-11-17T20:14:24.927+0000] {logging_mixin.py:137} INFO - [2023-11-17T20:14:24.927+0000] {dag.py:2690} INFO - Sync 1 DAGs
[2023-11-17T20:14:24.942+0000] {logging_mixin.py:137} INFO - [2023-11-17T20:14:24.942+0000] {dag.py:3437} INFO - Setting next_dagrun for example_task_group to 2023-11-16T20:14:24.942446+00:00, run_after=2023-11-17T20:14:24.942446+00:00
[2023-11-17T20:14:24.988+0000] {processor.py:175} INFO - Processing /usr/local/python/3.10.8/lib/python3.10/site-packages/airflow/example_dags/example_task_group.py took 0.091 seconds
[2023-11-17T20:15:04.720+0000] {processor.py:153} INFO - Started process (PID=14603) to work on /usr/local/python/3.10.8/lib/python3.10/site-packages/airflow/example_dags/example_task_group.py
[2023-11-17T20:15:04.721+0000] {processor.py:743} INFO - Processing file /usr/local/python/3.10.8/lib/python3.10/site-packages/airflow/example_dags/example_task_group.py for tasks to queue
[2023-11-17T20:15:04.721+0000] {logging_mixin.py:137} INFO - [2023-11-17T20:15:04.721+0000] {dagbag.py:538} INFO - Filling up the DagBag from /usr/local/python/3.10.8/lib/python3.10/site-packages/airflow/example_dags/example_task_group.py
[2023-11-17T20:15:04.735+0000] {processor.py:753} INFO - DAG(s) dict_keys(['example_task_group']) retrieved from /usr/local/python/3.10.8/lib/python3.10/site-packages/airflow/example_dags/example_task_group.py
[2023-11-17T20:15:04.750+0000] {logging_mixin.py:137} INFO - [2023-11-17T20:15:04.750+0000] {dag.py:2690} INFO - Sync 1 DAGs
[2023-11-17T20:15:04.769+0000] {logging_mixin.py:137} INFO - [2023-11-17T20:15:04.769+0000] {dag.py:3437} INFO - Setting next_dagrun for example_task_group to 2023-11-16T20:15:04.769225+00:00, run_after=2023-11-17T20:15:04.769225+00:00
[2023-11-17T20:15:04.812+0000] {processor.py:175} INFO - Processing /usr/local/python/3.10.8/lib/python3.10/site-packages/airflow/example_dags/example_task_group.py took 0.094 seconds
[2023-11-17T20:15:42.682+0000] {processor.py:153} INFO - Started process (PID=14943) to work on /usr/local/python/3.10.8/lib/python3.10/site-packages/airflow/example_dags/example_task_group.py
[2023-11-17T20:15:42.683+0000] {processor.py:743} INFO - Processing file /usr/local/python/3.10.8/lib/python3.10/site-packages/airflow/example_dags/example_task_group.py for tasks to queue
[2023-11-17T20:15:42.685+0000] {logging_mixin.py:137} INFO - [2023-11-17T20:15:42.685+0000] {dagbag.py:538} INFO - Filling up the DagBag from /usr/local/python/3.10.8/lib/python3.10/site-packages/airflow/example_dags/example_task_group.py
[2023-11-17T20:15:42.703+0000] {processor.py:753} INFO - DAG(s) dict_keys(['example_task_group']) retrieved from /usr/local/python/3.10.8/lib/python3.10/site-packages/airflow/example_dags/example_task_group.py
[2023-11-17T20:15:42.719+0000] {logging_mixin.py:137} INFO - [2023-11-17T20:15:42.718+0000] {dag.py:2690} INFO - Sync 1 DAGs
[2023-11-17T20:15:42.742+0000] {logging_mixin.py:137} INFO - [2023-11-17T20:15:42.742+0000] {dag.py:3437} INFO - Setting next_dagrun for example_task_group to 2023-11-16T20:15:42.741673+00:00, run_after=2023-11-17T20:15:42.741673+00:00
[2023-11-17T20:15:42.802+0000] {processor.py:175} INFO - Processing /usr/local/python/3.10.8/lib/python3.10/site-packages/airflow/example_dags/example_task_group.py took 0.123 seconds
[2023-11-17T20:16:24.766+0000] {processor.py:153} INFO - Started process (PID=15434) to work on /usr/local/python/3.10.8/lib/python3.10/site-packages/airflow/example_dags/example_task_group.py
[2023-11-17T20:16:24.767+0000] {processor.py:743} INFO - Processing file /usr/local/python/3.10.8/lib/python3.10/site-packages/airflow/example_dags/example_task_group.py for tasks to queue
[2023-11-17T20:16:24.767+0000] {logging_mixin.py:137} INFO - [2023-11-17T20:16:24.767+0000] {dagbag.py:538} INFO - Filling up the DagBag from /usr/local/python/3.10.8/lib/python3.10/site-packages/airflow/example_dags/example_task_group.py
[2023-11-17T20:16:24.781+0000] {processor.py:753} INFO - DAG(s) dict_keys(['example_task_group']) retrieved from /usr/local/python/3.10.8/lib/python3.10/site-packages/airflow/example_dags/example_task_group.py
[2023-11-17T20:16:24.797+0000] {logging_mixin.py:137} INFO - [2023-11-17T20:16:24.796+0000] {dag.py:2690} INFO - Sync 1 DAGs
[2023-11-17T20:16:24.813+0000] {logging_mixin.py:137} INFO - [2023-11-17T20:16:24.813+0000] {dag.py:3437} INFO - Setting next_dagrun for example_task_group to 2023-11-16T20:16:24.813233+00:00, run_after=2023-11-17T20:16:24.813233+00:00
[2023-11-17T20:16:24.857+0000] {processor.py:175} INFO - Processing /usr/local/python/3.10.8/lib/python3.10/site-packages/airflow/example_dags/example_task_group.py took 0.093 seconds
[2023-11-17T20:17:04.437+0000] {processor.py:153} INFO - Started process (PID=15835) to work on /usr/local/python/3.10.8/lib/python3.10/site-packages/airflow/example_dags/example_task_group.py
[2023-11-17T20:17:04.438+0000] {processor.py:743} INFO - Processing file /usr/local/python/3.10.8/lib/python3.10/site-packages/airflow/example_dags/example_task_group.py for tasks to queue
[2023-11-17T20:17:04.438+0000] {logging_mixin.py:137} INFO - [2023-11-17T20:17:04.438+0000] {dagbag.py:538} INFO - Filling up the DagBag from /usr/local/python/3.10.8/lib/python3.10/site-packages/airflow/example_dags/example_task_group.py
[2023-11-17T20:17:04.452+0000] {processor.py:753} INFO - DAG(s) dict_keys(['example_task_group']) retrieved from /usr/local/python/3.10.8/lib/python3.10/site-packages/airflow/example_dags/example_task_group.py
[2023-11-17T20:17:04.467+0000] {logging_mixin.py:137} INFO - [2023-11-17T20:17:04.467+0000] {dag.py:2690} INFO - Sync 1 DAGs
[2023-11-17T20:17:04.482+0000] {logging_mixin.py:137} INFO - [2023-11-17T20:17:04.482+0000] {dag.py:3437} INFO - Setting next_dagrun for example_task_group to 2023-11-16T20:17:04.482114+00:00, run_after=2023-11-17T20:17:04.482114+00:00
[2023-11-17T20:17:04.522+0000] {processor.py:175} INFO - Processing /usr/local/python/3.10.8/lib/python3.10/site-packages/airflow/example_dags/example_task_group.py took 0.088 seconds
[2023-11-17T20:17:45.090+0000] {processor.py:153} INFO - Started process (PID=16236) to work on /usr/local/python/3.10.8/lib/python3.10/site-packages/airflow/example_dags/example_task_group.py
[2023-11-17T20:17:45.090+0000] {processor.py:743} INFO - Processing file /usr/local/python/3.10.8/lib/python3.10/site-packages/airflow/example_dags/example_task_group.py for tasks to queue
[2023-11-17T20:17:45.091+0000] {logging_mixin.py:137} INFO - [2023-11-17T20:17:45.091+0000] {dagbag.py:538} INFO - Filling up the DagBag from /usr/local/python/3.10.8/lib/python3.10/site-packages/airflow/example_dags/example_task_group.py
[2023-11-17T20:17:45.108+0000] {processor.py:753} INFO - DAG(s) dict_keys(['example_task_group']) retrieved from /usr/local/python/3.10.8/lib/python3.10/site-packages/airflow/example_dags/example_task_group.py
[2023-11-17T20:17:45.130+0000] {logging_mixin.py:137} INFO - [2023-11-17T20:17:45.130+0000] {dag.py:2690} INFO - Sync 1 DAGs
[2023-11-17T20:17:45.153+0000] {logging_mixin.py:137} INFO - [2023-11-17T20:17:45.153+0000] {dag.py:3437} INFO - Setting next_dagrun for example_task_group to 2023-11-16T20:17:45.153218+00:00, run_after=2023-11-17T20:17:45.153218+00:00
[2023-11-17T20:17:45.206+0000] {processor.py:175} INFO - Processing /usr/local/python/3.10.8/lib/python3.10/site-packages/airflow/example_dags/example_task_group.py took 0.119 seconds
