[2023-11-17T20:11:44.642+0000] {processor.py:153} INFO - Started process (PID=13028) to work on /usr/local/python/3.10.8/lib/python3.10/site-packages/airflow/example_dags/example_xcomargs.py
[2023-11-17T20:11:44.642+0000] {processor.py:743} INFO - Processing file /usr/local/python/3.10.8/lib/python3.10/site-packages/airflow/example_dags/example_xcomargs.py for tasks to queue
[2023-11-17T20:11:44.643+0000] {logging_mixin.py:137} INFO - [2023-11-17T20:11:44.643+0000] {dagbag.py:538} INFO - Filling up the DagBag from /usr/local/python/3.10.8/lib/python3.10/site-packages/airflow/example_dags/example_xcomargs.py
[2023-11-17T20:11:44.674+0000] {processor.py:753} INFO - DAG(s) dict_keys(['example_xcom_args', 'example_xcom_args_with_operators']) retrieved from /usr/local/python/3.10.8/lib/python3.10/site-packages/airflow/example_dags/example_xcomargs.py
[2023-11-17T20:11:44.824+0000] {logging_mixin.py:137} INFO - [2023-11-17T20:11:44.824+0000] {manager.py:504} INFO - Created Permission View: can edit on DAG:example_xcom_args
[2023-11-17T20:11:44.854+0000] {logging_mixin.py:137} INFO - [2023-11-17T20:11:44.853+0000] {manager.py:504} INFO - Created Permission View: can delete on DAG:example_xcom_args
[2023-11-17T20:11:44.882+0000] {logging_mixin.py:137} INFO - [2023-11-17T20:11:44.882+0000] {manager.py:504} INFO - Created Permission View: can read on DAG:example_xcom_args
[2023-11-17T20:11:44.954+0000] {logging_mixin.py:137} INFO - [2023-11-17T20:11:44.953+0000] {manager.py:504} INFO - Created Permission View: can edit on DAG:example_xcom_args_with_operators
[2023-11-17T20:11:44.984+0000] {logging_mixin.py:137} INFO - [2023-11-17T20:11:44.984+0000] {manager.py:504} INFO - Created Permission View: can delete on DAG:example_xcom_args_with_operators
[2023-11-17T20:11:45.013+0000] {logging_mixin.py:137} INFO - [2023-11-17T20:11:45.013+0000] {manager.py:504} INFO - Created Permission View: can read on DAG:example_xcom_args_with_operators
[2023-11-17T20:11:45.013+0000] {logging_mixin.py:137} INFO - [2023-11-17T20:11:45.013+0000] {dag.py:2690} INFO - Sync 2 DAGs
[2023-11-17T20:11:45.023+0000] {logging_mixin.py:137} INFO - [2023-11-17T20:11:45.022+0000] {dag.py:2711} INFO - Creating ORM DAG for example_xcom_args_with_operators
[2023-11-17T20:11:45.023+0000] {logging_mixin.py:137} INFO - [2023-11-17T20:11:45.023+0000] {dag.py:2711} INFO - Creating ORM DAG for example_xcom_args
[2023-11-17T20:11:45.030+0000] {logging_mixin.py:137} INFO - [2023-11-17T20:11:45.030+0000] {dag.py:3437} INFO - Setting next_dagrun for example_xcom_args to None, run_after=None
[2023-11-17T20:11:45.030+0000] {logging_mixin.py:137} INFO - [2023-11-17T20:11:45.030+0000] {dag.py:3437} INFO - Setting next_dagrun for example_xcom_args_with_operators to None, run_after=None
[2023-11-17T20:11:45.074+0000] {processor.py:175} INFO - Processing /usr/local/python/3.10.8/lib/python3.10/site-packages/airflow/example_dags/example_xcomargs.py took 0.435 seconds
[2023-11-17T20:12:31.400+0000] {processor.py:153} INFO - Started process (PID=13347) to work on /usr/local/python/3.10.8/lib/python3.10/site-packages/airflow/example_dags/example_xcomargs.py
[2023-11-17T20:12:31.401+0000] {processor.py:743} INFO - Processing file /usr/local/python/3.10.8/lib/python3.10/site-packages/airflow/example_dags/example_xcomargs.py for tasks to queue
[2023-11-17T20:12:31.401+0000] {logging_mixin.py:137} INFO - [2023-11-17T20:12:31.401+0000] {dagbag.py:538} INFO - Filling up the DagBag from /usr/local/python/3.10.8/lib/python3.10/site-packages/airflow/example_dags/example_xcomargs.py
[2023-11-17T20:12:31.426+0000] {processor.py:753} INFO - DAG(s) dict_keys(['example_xcom_args_with_operators', 'example_xcom_args']) retrieved from /usr/local/python/3.10.8/lib/python3.10/site-packages/airflow/example_dags/example_xcomargs.py
[2023-11-17T20:12:31.443+0000] {logging_mixin.py:137} INFO - [2023-11-17T20:12:31.443+0000] {dag.py:2690} INFO - Sync 2 DAGs
[2023-11-17T20:12:31.458+0000] {logging_mixin.py:137} INFO - [2023-11-17T20:12:31.458+0000] {dag.py:3437} INFO - Setting next_dagrun for example_xcom_args to None, run_after=None
[2023-11-17T20:12:31.460+0000] {logging_mixin.py:137} INFO - [2023-11-17T20:12:31.460+0000] {dag.py:3437} INFO - Setting next_dagrun for example_xcom_args_with_operators to None, run_after=None
[2023-11-17T20:12:31.525+0000] {processor.py:175} INFO - Processing /usr/local/python/3.10.8/lib/python3.10/site-packages/airflow/example_dags/example_xcomargs.py took 0.127 seconds
[2023-11-17T20:13:10.808+0000] {processor.py:153} INFO - Started process (PID=13615) to work on /usr/local/python/3.10.8/lib/python3.10/site-packages/airflow/example_dags/example_xcomargs.py
[2023-11-17T20:13:10.809+0000] {processor.py:743} INFO - Processing file /usr/local/python/3.10.8/lib/python3.10/site-packages/airflow/example_dags/example_xcomargs.py for tasks to queue
[2023-11-17T20:13:10.809+0000] {logging_mixin.py:137} INFO - [2023-11-17T20:13:10.809+0000] {dagbag.py:538} INFO - Filling up the DagBag from /usr/local/python/3.10.8/lib/python3.10/site-packages/airflow/example_dags/example_xcomargs.py
[2023-11-17T20:13:10.832+0000] {processor.py:753} INFO - DAG(s) dict_keys(['example_xcom_args', 'example_xcom_args_with_operators']) retrieved from /usr/local/python/3.10.8/lib/python3.10/site-packages/airflow/example_dags/example_xcomargs.py
[2023-11-17T20:13:10.849+0000] {logging_mixin.py:137} INFO - [2023-11-17T20:13:10.849+0000] {dag.py:2690} INFO - Sync 2 DAGs
[2023-11-17T20:13:10.863+0000] {logging_mixin.py:137} INFO - [2023-11-17T20:13:10.863+0000] {dag.py:3437} INFO - Setting next_dagrun for example_xcom_args to None, run_after=None
[2023-11-17T20:13:10.866+0000] {logging_mixin.py:137} INFO - [2023-11-17T20:13:10.866+0000] {dag.py:3437} INFO - Setting next_dagrun for example_xcom_args_with_operators to None, run_after=None
[2023-11-17T20:13:10.904+0000] {processor.py:175} INFO - Processing /usr/local/python/3.10.8/lib/python3.10/site-packages/airflow/example_dags/example_xcomargs.py took 0.098 seconds
[2023-11-17T20:13:50.231+0000] {processor.py:153} INFO - Started process (PID=13905) to work on /usr/local/python/3.10.8/lib/python3.10/site-packages/airflow/example_dags/example_xcomargs.py
[2023-11-17T20:13:50.232+0000] {processor.py:743} INFO - Processing file /usr/local/python/3.10.8/lib/python3.10/site-packages/airflow/example_dags/example_xcomargs.py for tasks to queue
[2023-11-17T20:13:50.233+0000] {logging_mixin.py:137} INFO - [2023-11-17T20:13:50.233+0000] {dagbag.py:538} INFO - Filling up the DagBag from /usr/local/python/3.10.8/lib/python3.10/site-packages/airflow/example_dags/example_xcomargs.py
[2023-11-17T20:13:50.256+0000] {processor.py:753} INFO - DAG(s) dict_keys(['example_xcom_args_with_operators', 'example_xcom_args']) retrieved from /usr/local/python/3.10.8/lib/python3.10/site-packages/airflow/example_dags/example_xcomargs.py
[2023-11-17T20:13:50.272+0000] {logging_mixin.py:137} INFO - [2023-11-17T20:13:50.272+0000] {dag.py:2690} INFO - Sync 2 DAGs
[2023-11-17T20:13:50.289+0000] {logging_mixin.py:137} INFO - [2023-11-17T20:13:50.289+0000] {dag.py:3437} INFO - Setting next_dagrun for example_xcom_args to None, run_after=None
[2023-11-17T20:13:50.292+0000] {logging_mixin.py:137} INFO - [2023-11-17T20:13:50.292+0000] {dag.py:3437} INFO - Setting next_dagrun for example_xcom_args_with_operators to None, run_after=None
[2023-11-17T20:13:50.328+0000] {processor.py:175} INFO - Processing /usr/local/python/3.10.8/lib/python3.10/site-packages/airflow/example_dags/example_xcomargs.py took 0.101 seconds
[2023-11-17T20:14:30.687+0000] {processor.py:153} INFO - Started process (PID=14250) to work on /usr/local/python/3.10.8/lib/python3.10/site-packages/airflow/example_dags/example_xcomargs.py
[2023-11-17T20:14:30.688+0000] {processor.py:743} INFO - Processing file /usr/local/python/3.10.8/lib/python3.10/site-packages/airflow/example_dags/example_xcomargs.py for tasks to queue
[2023-11-17T20:14:30.688+0000] {logging_mixin.py:137} INFO - [2023-11-17T20:14:30.688+0000] {dagbag.py:538} INFO - Filling up the DagBag from /usr/local/python/3.10.8/lib/python3.10/site-packages/airflow/example_dags/example_xcomargs.py
[2023-11-17T20:14:30.719+0000] {processor.py:753} INFO - DAG(s) dict_keys(['example_xcom_args', 'example_xcom_args_with_operators']) retrieved from /usr/local/python/3.10.8/lib/python3.10/site-packages/airflow/example_dags/example_xcomargs.py
[2023-11-17T20:14:30.741+0000] {logging_mixin.py:137} INFO - [2023-11-17T20:14:30.741+0000] {dag.py:2690} INFO - Sync 2 DAGs
[2023-11-17T20:14:30.775+0000] {logging_mixin.py:137} INFO - [2023-11-17T20:14:30.774+0000] {dag.py:3437} INFO - Setting next_dagrun for example_xcom_args to None, run_after=None
[2023-11-17T20:14:30.778+0000] {logging_mixin.py:137} INFO - [2023-11-17T20:14:30.778+0000] {dag.py:3437} INFO - Setting next_dagrun for example_xcom_args_with_operators to None, run_after=None
[2023-11-17T20:14:30.823+0000] {processor.py:175} INFO - Processing /usr/local/python/3.10.8/lib/python3.10/site-packages/airflow/example_dags/example_xcomargs.py took 0.139 seconds
[2023-11-17T20:15:11.217+0000] {processor.py:153} INFO - Started process (PID=14660) to work on /usr/local/python/3.10.8/lib/python3.10/site-packages/airflow/example_dags/example_xcomargs.py
[2023-11-17T20:15:11.217+0000] {processor.py:743} INFO - Processing file /usr/local/python/3.10.8/lib/python3.10/site-packages/airflow/example_dags/example_xcomargs.py for tasks to queue
[2023-11-17T20:15:11.218+0000] {logging_mixin.py:137} INFO - [2023-11-17T20:15:11.218+0000] {dagbag.py:538} INFO - Filling up the DagBag from /usr/local/python/3.10.8/lib/python3.10/site-packages/airflow/example_dags/example_xcomargs.py
[2023-11-17T20:15:11.239+0000] {processor.py:753} INFO - DAG(s) dict_keys(['example_xcom_args', 'example_xcom_args_with_operators']) retrieved from /usr/local/python/3.10.8/lib/python3.10/site-packages/airflow/example_dags/example_xcomargs.py
[2023-11-17T20:15:11.255+0000] {logging_mixin.py:137} INFO - [2023-11-17T20:15:11.255+0000] {dag.py:2690} INFO - Sync 2 DAGs
[2023-11-17T20:15:11.273+0000] {logging_mixin.py:137} INFO - [2023-11-17T20:15:11.273+0000] {dag.py:3437} INFO - Setting next_dagrun for example_xcom_args to None, run_after=None
[2023-11-17T20:15:11.275+0000] {logging_mixin.py:137} INFO - [2023-11-17T20:15:11.275+0000] {dag.py:3437} INFO - Setting next_dagrun for example_xcom_args_with_operators to None, run_after=None
[2023-11-17T20:15:11.315+0000] {processor.py:175} INFO - Processing /usr/local/python/3.10.8/lib/python3.10/site-packages/airflow/example_dags/example_xcomargs.py took 0.100 seconds
[2023-11-17T20:15:52.801+0000] {processor.py:153} INFO - Started process (PID=15035) to work on /usr/local/python/3.10.8/lib/python3.10/site-packages/airflow/example_dags/example_xcomargs.py
[2023-11-17T20:15:52.802+0000] {processor.py:743} INFO - Processing file /usr/local/python/3.10.8/lib/python3.10/site-packages/airflow/example_dags/example_xcomargs.py for tasks to queue
[2023-11-17T20:15:52.802+0000] {logging_mixin.py:137} INFO - [2023-11-17T20:15:52.802+0000] {dagbag.py:538} INFO - Filling up the DagBag from /usr/local/python/3.10.8/lib/python3.10/site-packages/airflow/example_dags/example_xcomargs.py
[2023-11-17T20:15:52.827+0000] {processor.py:753} INFO - DAG(s) dict_keys(['example_xcom_args_with_operators', 'example_xcom_args']) retrieved from /usr/local/python/3.10.8/lib/python3.10/site-packages/airflow/example_dags/example_xcomargs.py
[2023-11-17T20:15:52.857+0000] {logging_mixin.py:137} INFO - [2023-11-17T20:15:52.857+0000] {dag.py:2690} INFO - Sync 2 DAGs
[2023-11-17T20:15:52.880+0000] {logging_mixin.py:137} INFO - [2023-11-17T20:15:52.879+0000] {dag.py:3437} INFO - Setting next_dagrun for example_xcom_args to None, run_after=None
[2023-11-17T20:15:52.882+0000] {logging_mixin.py:137} INFO - [2023-11-17T20:15:52.882+0000] {dag.py:3437} INFO - Setting next_dagrun for example_xcom_args_with_operators to None, run_after=None
[2023-11-17T20:15:52.925+0000] {processor.py:175} INFO - Processing /usr/local/python/3.10.8/lib/python3.10/site-packages/airflow/example_dags/example_xcomargs.py took 0.126 seconds
[2023-11-17T20:16:32.752+0000] {processor.py:153} INFO - Started process (PID=15519) to work on /usr/local/python/3.10.8/lib/python3.10/site-packages/airflow/example_dags/example_xcomargs.py
[2023-11-17T20:16:32.752+0000] {processor.py:743} INFO - Processing file /usr/local/python/3.10.8/lib/python3.10/site-packages/airflow/example_dags/example_xcomargs.py for tasks to queue
[2023-11-17T20:16:32.753+0000] {logging_mixin.py:137} INFO - [2023-11-17T20:16:32.753+0000] {dagbag.py:538} INFO - Filling up the DagBag from /usr/local/python/3.10.8/lib/python3.10/site-packages/airflow/example_dags/example_xcomargs.py
[2023-11-17T20:16:32.775+0000] {processor.py:753} INFO - DAG(s) dict_keys(['example_xcom_args_with_operators', 'example_xcom_args']) retrieved from /usr/local/python/3.10.8/lib/python3.10/site-packages/airflow/example_dags/example_xcomargs.py
[2023-11-17T20:16:32.790+0000] {logging_mixin.py:137} INFO - [2023-11-17T20:16:32.790+0000] {dag.py:2690} INFO - Sync 2 DAGs
[2023-11-17T20:16:32.805+0000] {logging_mixin.py:137} INFO - [2023-11-17T20:16:32.805+0000] {dag.py:3437} INFO - Setting next_dagrun for example_xcom_args to None, run_after=None
[2023-11-17T20:16:32.807+0000] {logging_mixin.py:137} INFO - [2023-11-17T20:16:32.807+0000] {dag.py:3437} INFO - Setting next_dagrun for example_xcom_args_with_operators to None, run_after=None
[2023-11-17T20:16:32.848+0000] {processor.py:175} INFO - Processing /usr/local/python/3.10.8/lib/python3.10/site-packages/airflow/example_dags/example_xcomargs.py took 0.098 seconds
[2023-11-17T20:17:13.606+0000] {processor.py:153} INFO - Started process (PID=15909) to work on /usr/local/python/3.10.8/lib/python3.10/site-packages/airflow/example_dags/example_xcomargs.py
[2023-11-17T20:17:13.607+0000] {processor.py:743} INFO - Processing file /usr/local/python/3.10.8/lib/python3.10/site-packages/airflow/example_dags/example_xcomargs.py for tasks to queue
[2023-11-17T20:17:13.607+0000] {logging_mixin.py:137} INFO - [2023-11-17T20:17:13.607+0000] {dagbag.py:538} INFO - Filling up the DagBag from /usr/local/python/3.10.8/lib/python3.10/site-packages/airflow/example_dags/example_xcomargs.py
[2023-11-17T20:17:13.630+0000] {processor.py:753} INFO - DAG(s) dict_keys(['example_xcom_args', 'example_xcom_args_with_operators']) retrieved from /usr/local/python/3.10.8/lib/python3.10/site-packages/airflow/example_dags/example_xcomargs.py
[2023-11-17T20:17:13.647+0000] {logging_mixin.py:137} INFO - [2023-11-17T20:17:13.647+0000] {dag.py:2690} INFO - Sync 2 DAGs
[2023-11-17T20:17:13.665+0000] {logging_mixin.py:137} INFO - [2023-11-17T20:17:13.665+0000] {dag.py:3437} INFO - Setting next_dagrun for example_xcom_args to None, run_after=None
[2023-11-17T20:17:13.669+0000] {logging_mixin.py:137} INFO - [2023-11-17T20:17:13.669+0000] {dag.py:3437} INFO - Setting next_dagrun for example_xcom_args_with_operators to None, run_after=None
[2023-11-17T20:17:13.713+0000] {processor.py:175} INFO - Processing /usr/local/python/3.10.8/lib/python3.10/site-packages/airflow/example_dags/example_xcomargs.py took 0.109 seconds
