[2023-11-17T20:11:59.535+0000] {processor.py:153} INFO - Started process (PID=13137) to work on /usr/local/python/3.10.8/lib/python3.10/site-packages/airflow/example_dags/example_branch_datetime_operator.py
[2023-11-17T20:11:59.535+0000] {processor.py:743} INFO - Processing file /usr/local/python/3.10.8/lib/python3.10/site-packages/airflow/example_dags/example_branch_datetime_operator.py for tasks to queue
[2023-11-17T20:11:59.536+0000] {logging_mixin.py:137} INFO - [2023-11-17T20:11:59.536+0000] {dagbag.py:538} INFO - Filling up the DagBag from /usr/local/python/3.10.8/lib/python3.10/site-packages/airflow/example_dags/example_branch_datetime_operator.py
[2023-11-17T20:11:59.557+0000] {processor.py:753} INFO - DAG(s) dict_keys(['example_branch_datetime_operator_2', 'example_branch_datetime_operator_3', 'example_branch_datetime_operator']) retrieved from /usr/local/python/3.10.8/lib/python3.10/site-packages/airflow/example_dags/example_branch_datetime_operator.py
[2023-11-17T20:11:59.725+0000] {logging_mixin.py:137} INFO - [2023-11-17T20:11:59.725+0000] {manager.py:504} INFO - Created Permission View: can edit on DAG:example_branch_datetime_operator_2
[2023-11-17T20:11:59.762+0000] {logging_mixin.py:137} INFO - [2023-11-17T20:11:59.762+0000] {manager.py:504} INFO - Created Permission View: can delete on DAG:example_branch_datetime_operator_2
[2023-11-17T20:11:59.794+0000] {logging_mixin.py:137} INFO - [2023-11-17T20:11:59.794+0000] {manager.py:504} INFO - Created Permission View: can read on DAG:example_branch_datetime_operator_2
[2023-11-17T20:11:59.863+0000] {logging_mixin.py:137} INFO - [2023-11-17T20:11:59.863+0000] {manager.py:504} INFO - Created Permission View: can edit on DAG:example_branch_datetime_operator_3
[2023-11-17T20:11:59.894+0000] {logging_mixin.py:137} INFO - [2023-11-17T20:11:59.894+0000] {manager.py:504} INFO - Created Permission View: can delete on DAG:example_branch_datetime_operator_3
[2023-11-17T20:11:59.927+0000] {logging_mixin.py:137} INFO - [2023-11-17T20:11:59.927+0000] {manager.py:504} INFO - Created Permission View: can read on DAG:example_branch_datetime_operator_3
[2023-11-17T20:11:59.994+0000] {logging_mixin.py:137} INFO - [2023-11-17T20:11:59.993+0000] {manager.py:504} INFO - Created Permission View: can edit on DAG:example_branch_datetime_operator
[2023-11-17T20:12:00.024+0000] {logging_mixin.py:137} INFO - [2023-11-17T20:12:00.023+0000] {manager.py:504} INFO - Created Permission View: can delete on DAG:example_branch_datetime_operator
[2023-11-17T20:12:00.052+0000] {logging_mixin.py:137} INFO - [2023-11-17T20:12:00.052+0000] {manager.py:504} INFO - Created Permission View: can read on DAG:example_branch_datetime_operator
[2023-11-17T20:12:00.052+0000] {logging_mixin.py:137} INFO - [2023-11-17T20:12:00.052+0000] {dag.py:2690} INFO - Sync 3 DAGs
[2023-11-17T20:12:00.060+0000] {logging_mixin.py:137} INFO - [2023-11-17T20:12:00.060+0000] {dag.py:2711} INFO - Creating ORM DAG for example_branch_datetime_operator
[2023-11-17T20:12:00.061+0000] {logging_mixin.py:137} INFO - [2023-11-17T20:12:00.061+0000] {dag.py:2711} INFO - Creating ORM DAG for example_branch_datetime_operator_3
[2023-11-17T20:12:00.061+0000] {logging_mixin.py:137} INFO - [2023-11-17T20:12:00.061+0000] {dag.py:2711} INFO - Creating ORM DAG for example_branch_datetime_operator_2
[2023-11-17T20:12:00.069+0000] {logging_mixin.py:137} INFO - [2023-11-17T20:12:00.069+0000] {dag.py:3437} INFO - Setting next_dagrun for example_branch_datetime_operator to 2023-11-16T00:00:00+00:00, run_after=2023-11-17T00:00:00+00:00
[2023-11-17T20:12:00.071+0000] {logging_mixin.py:137} INFO - [2023-11-17T20:12:00.071+0000] {dag.py:3437} INFO - Setting next_dagrun for example_branch_datetime_operator_2 to 2023-11-16T00:00:00+00:00, run_after=2023-11-17T00:00:00+00:00
[2023-11-17T20:12:00.072+0000] {logging_mixin.py:137} INFO - [2023-11-17T20:12:00.072+0000] {dag.py:3437} INFO - Setting next_dagrun for example_branch_datetime_operator_3 to 2023-11-16T00:00:00+00:00, run_after=2023-11-17T00:00:00+00:00
[2023-11-17T20:12:00.119+0000] {processor.py:175} INFO - Processing /usr/local/python/3.10.8/lib/python3.10/site-packages/airflow/example_dags/example_branch_datetime_operator.py took 0.587 seconds
[2023-11-17T20:12:43.261+0000] {processor.py:153} INFO - Started process (PID=13424) to work on /usr/local/python/3.10.8/lib/python3.10/site-packages/airflow/example_dags/example_branch_datetime_operator.py
[2023-11-17T20:12:43.262+0000] {processor.py:743} INFO - Processing file /usr/local/python/3.10.8/lib/python3.10/site-packages/airflow/example_dags/example_branch_datetime_operator.py for tasks to queue
[2023-11-17T20:12:43.263+0000] {logging_mixin.py:137} INFO - [2023-11-17T20:12:43.262+0000] {dagbag.py:538} INFO - Filling up the DagBag from /usr/local/python/3.10.8/lib/python3.10/site-packages/airflow/example_dags/example_branch_datetime_operator.py
[2023-11-17T20:12:43.277+0000] {processor.py:753} INFO - DAG(s) dict_keys(['example_branch_datetime_operator', 'example_branch_datetime_operator_2', 'example_branch_datetime_operator_3']) retrieved from /usr/local/python/3.10.8/lib/python3.10/site-packages/airflow/example_dags/example_branch_datetime_operator.py
[2023-11-17T20:12:43.296+0000] {logging_mixin.py:137} INFO - [2023-11-17T20:12:43.295+0000] {dag.py:2690} INFO - Sync 3 DAGs
[2023-11-17T20:12:43.312+0000] {logging_mixin.py:137} INFO - [2023-11-17T20:12:43.311+0000] {dag.py:3437} INFO - Setting next_dagrun for example_branch_datetime_operator to 2023-11-16T00:00:00+00:00, run_after=2023-11-17T00:00:00+00:00
[2023-11-17T20:12:43.315+0000] {logging_mixin.py:137} INFO - [2023-11-17T20:12:43.315+0000] {dag.py:3437} INFO - Setting next_dagrun for example_branch_datetime_operator_2 to 2023-11-16T00:00:00+00:00, run_after=2023-11-17T00:00:00+00:00
[2023-11-17T20:12:43.317+0000] {logging_mixin.py:137} INFO - [2023-11-17T20:12:43.317+0000] {dag.py:3437} INFO - Setting next_dagrun for example_branch_datetime_operator_3 to 2023-11-16T00:00:00+00:00, run_after=2023-11-17T00:00:00+00:00
[2023-11-17T20:12:43.353+0000] {processor.py:175} INFO - Processing /usr/local/python/3.10.8/lib/python3.10/site-packages/airflow/example_dags/example_branch_datetime_operator.py took 0.095 seconds
[2023-11-17T20:13:22.575+0000] {processor.py:153} INFO - Started process (PID=13698) to work on /usr/local/python/3.10.8/lib/python3.10/site-packages/airflow/example_dags/example_branch_datetime_operator.py
[2023-11-17T20:13:22.576+0000] {processor.py:743} INFO - Processing file /usr/local/python/3.10.8/lib/python3.10/site-packages/airflow/example_dags/example_branch_datetime_operator.py for tasks to queue
[2023-11-17T20:13:22.576+0000] {logging_mixin.py:137} INFO - [2023-11-17T20:13:22.576+0000] {dagbag.py:538} INFO - Filling up the DagBag from /usr/local/python/3.10.8/lib/python3.10/site-packages/airflow/example_dags/example_branch_datetime_operator.py
[2023-11-17T20:13:22.592+0000] {processor.py:753} INFO - DAG(s) dict_keys(['example_branch_datetime_operator_3', 'example_branch_datetime_operator_2', 'example_branch_datetime_operator']) retrieved from /usr/local/python/3.10.8/lib/python3.10/site-packages/airflow/example_dags/example_branch_datetime_operator.py
[2023-11-17T20:13:22.611+0000] {logging_mixin.py:137} INFO - [2023-11-17T20:13:22.610+0000] {dag.py:2690} INFO - Sync 3 DAGs
[2023-11-17T20:13:22.627+0000] {logging_mixin.py:137} INFO - [2023-11-17T20:13:22.627+0000] {dag.py:3437} INFO - Setting next_dagrun for example_branch_datetime_operator to 2023-11-16T00:00:00+00:00, run_after=2023-11-17T00:00:00+00:00
[2023-11-17T20:13:22.630+0000] {logging_mixin.py:137} INFO - [2023-11-17T20:13:22.630+0000] {dag.py:3437} INFO - Setting next_dagrun for example_branch_datetime_operator_2 to 2023-11-16T00:00:00+00:00, run_after=2023-11-17T00:00:00+00:00
[2023-11-17T20:13:22.632+0000] {logging_mixin.py:137} INFO - [2023-11-17T20:13:22.632+0000] {dag.py:3437} INFO - Setting next_dagrun for example_branch_datetime_operator_3 to 2023-11-16T00:00:00+00:00, run_after=2023-11-17T00:00:00+00:00
[2023-11-17T20:13:22.672+0000] {processor.py:175} INFO - Processing /usr/local/python/3.10.8/lib/python3.10/site-packages/airflow/example_dags/example_branch_datetime_operator.py took 0.099 seconds
[2023-11-17T20:14:01.631+0000] {processor.py:153} INFO - Started process (PID=14015) to work on /usr/local/python/3.10.8/lib/python3.10/site-packages/airflow/example_dags/example_branch_datetime_operator.py
[2023-11-17T20:14:01.631+0000] {processor.py:743} INFO - Processing file /usr/local/python/3.10.8/lib/python3.10/site-packages/airflow/example_dags/example_branch_datetime_operator.py for tasks to queue
[2023-11-17T20:14:01.632+0000] {logging_mixin.py:137} INFO - [2023-11-17T20:14:01.632+0000] {dagbag.py:538} INFO - Filling up the DagBag from /usr/local/python/3.10.8/lib/python3.10/site-packages/airflow/example_dags/example_branch_datetime_operator.py
[2023-11-17T20:14:01.648+0000] {processor.py:753} INFO - DAG(s) dict_keys(['example_branch_datetime_operator', 'example_branch_datetime_operator_3', 'example_branch_datetime_operator_2']) retrieved from /usr/local/python/3.10.8/lib/python3.10/site-packages/airflow/example_dags/example_branch_datetime_operator.py
[2023-11-17T20:14:01.666+0000] {logging_mixin.py:137} INFO - [2023-11-17T20:14:01.666+0000] {dag.py:2690} INFO - Sync 3 DAGs
[2023-11-17T20:14:01.682+0000] {logging_mixin.py:137} INFO - [2023-11-17T20:14:01.682+0000] {dag.py:3437} INFO - Setting next_dagrun for example_branch_datetime_operator to 2023-11-16T00:00:00+00:00, run_after=2023-11-17T00:00:00+00:00
[2023-11-17T20:14:01.686+0000] {logging_mixin.py:137} INFO - [2023-11-17T20:14:01.686+0000] {dag.py:3437} INFO - Setting next_dagrun for example_branch_datetime_operator_2 to 2023-11-16T00:00:00+00:00, run_after=2023-11-17T00:00:00+00:00
[2023-11-17T20:14:01.688+0000] {logging_mixin.py:137} INFO - [2023-11-17T20:14:01.688+0000] {dag.py:3437} INFO - Setting next_dagrun for example_branch_datetime_operator_3 to 2023-11-16T00:00:00+00:00, run_after=2023-11-17T00:00:00+00:00
[2023-11-17T20:14:01.724+0000] {processor.py:175} INFO - Processing /usr/local/python/3.10.8/lib/python3.10/site-packages/airflow/example_dags/example_branch_datetime_operator.py took 0.096 seconds
[2023-11-17T20:14:41.268+0000] {processor.py:153} INFO - Started process (PID=14353) to work on /usr/local/python/3.10.8/lib/python3.10/site-packages/airflow/example_dags/example_branch_datetime_operator.py
[2023-11-17T20:14:41.268+0000] {processor.py:743} INFO - Processing file /usr/local/python/3.10.8/lib/python3.10/site-packages/airflow/example_dags/example_branch_datetime_operator.py for tasks to queue
[2023-11-17T20:14:41.269+0000] {logging_mixin.py:137} INFO - [2023-11-17T20:14:41.269+0000] {dagbag.py:538} INFO - Filling up the DagBag from /usr/local/python/3.10.8/lib/python3.10/site-packages/airflow/example_dags/example_branch_datetime_operator.py
[2023-11-17T20:14:41.290+0000] {processor.py:753} INFO - DAG(s) dict_keys(['example_branch_datetime_operator_2', 'example_branch_datetime_operator_3', 'example_branch_datetime_operator']) retrieved from /usr/local/python/3.10.8/lib/python3.10/site-packages/airflow/example_dags/example_branch_datetime_operator.py
[2023-11-17T20:14:41.314+0000] {logging_mixin.py:137} INFO - [2023-11-17T20:14:41.313+0000] {dag.py:2690} INFO - Sync 3 DAGs
[2023-11-17T20:14:41.354+0000] {logging_mixin.py:137} INFO - [2023-11-17T20:14:41.354+0000] {dag.py:3437} INFO - Setting next_dagrun for example_branch_datetime_operator to 2023-11-16T00:00:00+00:00, run_after=2023-11-17T00:00:00+00:00
[2023-11-17T20:14:41.358+0000] {logging_mixin.py:137} INFO - [2023-11-17T20:14:41.358+0000] {dag.py:3437} INFO - Setting next_dagrun for example_branch_datetime_operator_2 to 2023-11-16T00:00:00+00:00, run_after=2023-11-17T00:00:00+00:00
[2023-11-17T20:14:41.360+0000] {logging_mixin.py:137} INFO - [2023-11-17T20:14:41.360+0000] {dag.py:3437} INFO - Setting next_dagrun for example_branch_datetime_operator_3 to 2023-11-16T00:00:00+00:00, run_after=2023-11-17T00:00:00+00:00
[2023-11-17T20:14:41.402+0000] {processor.py:175} INFO - Processing /usr/local/python/3.10.8/lib/python3.10/site-packages/airflow/example_dags/example_branch_datetime_operator.py took 0.142 seconds
[2023-11-17T20:15:24.578+0000] {processor.py:153} INFO - Started process (PID=14777) to work on /usr/local/python/3.10.8/lib/python3.10/site-packages/airflow/example_dags/example_branch_datetime_operator.py
[2023-11-17T20:15:24.579+0000] {processor.py:743} INFO - Processing file /usr/local/python/3.10.8/lib/python3.10/site-packages/airflow/example_dags/example_branch_datetime_operator.py for tasks to queue
[2023-11-17T20:15:24.579+0000] {logging_mixin.py:137} INFO - [2023-11-17T20:15:24.579+0000] {dagbag.py:538} INFO - Filling up the DagBag from /usr/local/python/3.10.8/lib/python3.10/site-packages/airflow/example_dags/example_branch_datetime_operator.py
[2023-11-17T20:15:24.594+0000] {processor.py:753} INFO - DAG(s) dict_keys(['example_branch_datetime_operator', 'example_branch_datetime_operator_3', 'example_branch_datetime_operator_2']) retrieved from /usr/local/python/3.10.8/lib/python3.10/site-packages/airflow/example_dags/example_branch_datetime_operator.py
[2023-11-17T20:15:24.612+0000] {logging_mixin.py:137} INFO - [2023-11-17T20:15:24.612+0000] {dag.py:2690} INFO - Sync 3 DAGs
[2023-11-17T20:15:24.629+0000] {logging_mixin.py:137} INFO - [2023-11-17T20:15:24.629+0000] {dag.py:3437} INFO - Setting next_dagrun for example_branch_datetime_operator to 2023-11-16T00:00:00+00:00, run_after=2023-11-17T00:00:00+00:00
[2023-11-17T20:15:24.632+0000] {logging_mixin.py:137} INFO - [2023-11-17T20:15:24.632+0000] {dag.py:3437} INFO - Setting next_dagrun for example_branch_datetime_operator_2 to 2023-11-16T00:00:00+00:00, run_after=2023-11-17T00:00:00+00:00
[2023-11-17T20:15:24.635+0000] {logging_mixin.py:137} INFO - [2023-11-17T20:15:24.635+0000] {dag.py:3437} INFO - Setting next_dagrun for example_branch_datetime_operator_3 to 2023-11-16T00:00:00+00:00, run_after=2023-11-17T00:00:00+00:00
[2023-11-17T20:15:24.671+0000] {processor.py:175} INFO - Processing /usr/local/python/3.10.8/lib/python3.10/site-packages/airflow/example_dags/example_branch_datetime_operator.py took 0.095 seconds
[2023-11-17T20:16:05.080+0000] {processor.py:153} INFO - Started process (PID=15183) to work on /usr/local/python/3.10.8/lib/python3.10/site-packages/airflow/example_dags/example_branch_datetime_operator.py
[2023-11-17T20:16:05.080+0000] {processor.py:743} INFO - Processing file /usr/local/python/3.10.8/lib/python3.10/site-packages/airflow/example_dags/example_branch_datetime_operator.py for tasks to queue
[2023-11-17T20:16:05.081+0000] {logging_mixin.py:137} INFO - [2023-11-17T20:16:05.081+0000] {dagbag.py:538} INFO - Filling up the DagBag from /usr/local/python/3.10.8/lib/python3.10/site-packages/airflow/example_dags/example_branch_datetime_operator.py
[2023-11-17T20:16:05.096+0000] {processor.py:753} INFO - DAG(s) dict_keys(['example_branch_datetime_operator', 'example_branch_datetime_operator_2', 'example_branch_datetime_operator_3']) retrieved from /usr/local/python/3.10.8/lib/python3.10/site-packages/airflow/example_dags/example_branch_datetime_operator.py
[2023-11-17T20:16:05.113+0000] {logging_mixin.py:137} INFO - [2023-11-17T20:16:05.113+0000] {dag.py:2690} INFO - Sync 3 DAGs
[2023-11-17T20:16:05.130+0000] {logging_mixin.py:137} INFO - [2023-11-17T20:16:05.129+0000] {dag.py:3437} INFO - Setting next_dagrun for example_branch_datetime_operator to 2023-11-16T00:00:00+00:00, run_after=2023-11-17T00:00:00+00:00
[2023-11-17T20:16:05.133+0000] {logging_mixin.py:137} INFO - [2023-11-17T20:16:05.133+0000] {dag.py:3437} INFO - Setting next_dagrun for example_branch_datetime_operator_2 to 2023-11-16T00:00:00+00:00, run_after=2023-11-17T00:00:00+00:00
[2023-11-17T20:16:05.135+0000] {logging_mixin.py:137} INFO - [2023-11-17T20:16:05.135+0000] {dag.py:3437} INFO - Setting next_dagrun for example_branch_datetime_operator_3 to 2023-11-16T00:00:00+00:00, run_after=2023-11-17T00:00:00+00:00
[2023-11-17T20:16:05.184+0000] {processor.py:175} INFO - Processing /usr/local/python/3.10.8/lib/python3.10/site-packages/airflow/example_dags/example_branch_datetime_operator.py took 0.107 seconds
[2023-11-17T20:16:44.647+0000] {processor.py:153} INFO - Started process (PID=15640) to work on /usr/local/python/3.10.8/lib/python3.10/site-packages/airflow/example_dags/example_branch_datetime_operator.py
[2023-11-17T20:16:44.648+0000] {processor.py:743} INFO - Processing file /usr/local/python/3.10.8/lib/python3.10/site-packages/airflow/example_dags/example_branch_datetime_operator.py for tasks to queue
[2023-11-17T20:16:44.649+0000] {logging_mixin.py:137} INFO - [2023-11-17T20:16:44.649+0000] {dagbag.py:538} INFO - Filling up the DagBag from /usr/local/python/3.10.8/lib/python3.10/site-packages/airflow/example_dags/example_branch_datetime_operator.py
[2023-11-17T20:16:44.671+0000] {processor.py:753} INFO - DAG(s) dict_keys(['example_branch_datetime_operator_2', 'example_branch_datetime_operator_3', 'example_branch_datetime_operator']) retrieved from /usr/local/python/3.10.8/lib/python3.10/site-packages/airflow/example_dags/example_branch_datetime_operator.py
[2023-11-17T20:16:44.696+0000] {logging_mixin.py:137} INFO - [2023-11-17T20:16:44.696+0000] {dag.py:2690} INFO - Sync 3 DAGs
[2023-11-17T20:16:44.716+0000] {logging_mixin.py:137} INFO - [2023-11-17T20:16:44.716+0000] {dag.py:3437} INFO - Setting next_dagrun for example_branch_datetime_operator to 2023-11-16T00:00:00+00:00, run_after=2023-11-17T00:00:00+00:00
[2023-11-17T20:16:44.721+0000] {logging_mixin.py:137} INFO - [2023-11-17T20:16:44.721+0000] {dag.py:3437} INFO - Setting next_dagrun for example_branch_datetime_operator_2 to 2023-11-16T00:00:00+00:00, run_after=2023-11-17T00:00:00+00:00
[2023-11-17T20:16:44.725+0000] {logging_mixin.py:137} INFO - [2023-11-17T20:16:44.725+0000] {dag.py:3437} INFO - Setting next_dagrun for example_branch_datetime_operator_3 to 2023-11-16T00:00:00+00:00, run_after=2023-11-17T00:00:00+00:00
[2023-11-17T20:16:44.766+0000] {processor.py:175} INFO - Processing /usr/local/python/3.10.8/lib/python3.10/site-packages/airflow/example_dags/example_branch_datetime_operator.py took 0.121 seconds
[2023-11-17T20:17:26.953+0000] {processor.py:153} INFO - Started process (PID=16074) to work on /usr/local/python/3.10.8/lib/python3.10/site-packages/airflow/example_dags/example_branch_datetime_operator.py
[2023-11-17T20:17:26.953+0000] {processor.py:743} INFO - Processing file /usr/local/python/3.10.8/lib/python3.10/site-packages/airflow/example_dags/example_branch_datetime_operator.py for tasks to queue
[2023-11-17T20:17:26.954+0000] {logging_mixin.py:137} INFO - [2023-11-17T20:17:26.954+0000] {dagbag.py:538} INFO - Filling up the DagBag from /usr/local/python/3.10.8/lib/python3.10/site-packages/airflow/example_dags/example_branch_datetime_operator.py
[2023-11-17T20:17:26.971+0000] {processor.py:753} INFO - DAG(s) dict_keys(['example_branch_datetime_operator_3', 'example_branch_datetime_operator', 'example_branch_datetime_operator_2']) retrieved from /usr/local/python/3.10.8/lib/python3.10/site-packages/airflow/example_dags/example_branch_datetime_operator.py
[2023-11-17T20:17:26.990+0000] {logging_mixin.py:137} INFO - [2023-11-17T20:17:26.989+0000] {dag.py:2690} INFO - Sync 3 DAGs
[2023-11-17T20:17:27.008+0000] {logging_mixin.py:137} INFO - [2023-11-17T20:17:27.007+0000] {dag.py:3437} INFO - Setting next_dagrun for example_branch_datetime_operator to 2023-11-16T00:00:00+00:00, run_after=2023-11-17T00:00:00+00:00
[2023-11-17T20:17:27.011+0000] {logging_mixin.py:137} INFO - [2023-11-17T20:17:27.011+0000] {dag.py:3437} INFO - Setting next_dagrun for example_branch_datetime_operator_2 to 2023-11-16T00:00:00+00:00, run_after=2023-11-17T00:00:00+00:00
[2023-11-17T20:17:27.013+0000] {logging_mixin.py:137} INFO - [2023-11-17T20:17:27.013+0000] {dag.py:3437} INFO - Setting next_dagrun for example_branch_datetime_operator_3 to 2023-11-16T00:00:00+00:00, run_after=2023-11-17T00:00:00+00:00
[2023-11-17T20:17:27.050+0000] {processor.py:175} INFO - Processing /usr/local/python/3.10.8/lib/python3.10/site-packages/airflow/example_dags/example_branch_datetime_operator.py took 0.100 seconds
