[2023-11-17T20:11:36.034+0000] {processor.py:153} INFO - Started process (PID=12965) to work on /usr/local/python/3.10.8/lib/python3.10/site-packages/airflow/example_dags/example_xcom.py
[2023-11-17T20:11:36.035+0000] {processor.py:743} INFO - Processing file /usr/local/python/3.10.8/lib/python3.10/site-packages/airflow/example_dags/example_xcom.py for tasks to queue
[2023-11-17T20:11:36.035+0000] {logging_mixin.py:137} INFO - [2023-11-17T20:11:36.035+0000] {dagbag.py:538} INFO - Filling up the DagBag from /usr/local/python/3.10.8/lib/python3.10/site-packages/airflow/example_dags/example_xcom.py
[2023-11-17T20:11:36.056+0000] {processor.py:753} INFO - DAG(s) dict_keys(['example_xcom']) retrieved from /usr/local/python/3.10.8/lib/python3.10/site-packages/airflow/example_dags/example_xcom.py
[2023-11-17T20:11:36.192+0000] {logging_mixin.py:137} INFO - [2023-11-17T20:11:36.192+0000] {manager.py:504} INFO - Created Permission View: can edit on DAG:example_xcom
[2023-11-17T20:11:36.224+0000] {logging_mixin.py:137} INFO - [2023-11-17T20:11:36.224+0000] {manager.py:504} INFO - Created Permission View: can delete on DAG:example_xcom
[2023-11-17T20:11:36.254+0000] {logging_mixin.py:137} INFO - [2023-11-17T20:11:36.254+0000] {manager.py:504} INFO - Created Permission View: can read on DAG:example_xcom
[2023-11-17T20:11:36.255+0000] {logging_mixin.py:137} INFO - [2023-11-17T20:11:36.254+0000] {dag.py:2690} INFO - Sync 1 DAGs
[2023-11-17T20:11:36.262+0000] {logging_mixin.py:137} INFO - [2023-11-17T20:11:36.262+0000] {dag.py:2711} INFO - Creating ORM DAG for example_xcom
[2023-11-17T20:11:36.269+0000] {logging_mixin.py:137} INFO - [2023-11-17T20:11:36.269+0000] {dag.py:3437} INFO - Setting next_dagrun for example_xcom to 2021-01-01T00:00:00+00:00, run_after=2021-01-01T00:00:00+00:00
[2023-11-17T20:11:36.315+0000] {processor.py:175} INFO - Processing /usr/local/python/3.10.8/lib/python3.10/site-packages/airflow/example_dags/example_xcom.py took 0.283 seconds
[2023-11-17T20:12:24.577+0000] {processor.py:153} INFO - Started process (PID=13289) to work on /usr/local/python/3.10.8/lib/python3.10/site-packages/airflow/example_dags/example_xcom.py
[2023-11-17T20:12:24.577+0000] {processor.py:743} INFO - Processing file /usr/local/python/3.10.8/lib/python3.10/site-packages/airflow/example_dags/example_xcom.py for tasks to queue
[2023-11-17T20:12:24.578+0000] {logging_mixin.py:137} INFO - [2023-11-17T20:12:24.578+0000] {dagbag.py:538} INFO - Filling up the DagBag from /usr/local/python/3.10.8/lib/python3.10/site-packages/airflow/example_dags/example_xcom.py
[2023-11-17T20:12:24.601+0000] {processor.py:753} INFO - DAG(s) dict_keys(['example_xcom']) retrieved from /usr/local/python/3.10.8/lib/python3.10/site-packages/airflow/example_dags/example_xcom.py
[2023-11-17T20:12:24.615+0000] {logging_mixin.py:137} INFO - [2023-11-17T20:12:24.615+0000] {dag.py:2690} INFO - Sync 1 DAGs
[2023-11-17T20:12:24.630+0000] {logging_mixin.py:137} INFO - [2023-11-17T20:12:24.630+0000] {dag.py:3437} INFO - Setting next_dagrun for example_xcom to 2021-01-01T00:00:00+00:00, run_after=2021-01-01T00:00:00+00:00
[2023-11-17T20:12:24.671+0000] {processor.py:175} INFO - Processing /usr/local/python/3.10.8/lib/python3.10/site-packages/airflow/example_dags/example_xcom.py took 0.097 seconds
[2023-11-17T20:13:02.909+0000] {processor.py:153} INFO - Started process (PID=13559) to work on /usr/local/python/3.10.8/lib/python3.10/site-packages/airflow/example_dags/example_xcom.py
[2023-11-17T20:13:02.910+0000] {processor.py:743} INFO - Processing file /usr/local/python/3.10.8/lib/python3.10/site-packages/airflow/example_dags/example_xcom.py for tasks to queue
[2023-11-17T20:13:02.910+0000] {logging_mixin.py:137} INFO - [2023-11-17T20:13:02.910+0000] {dagbag.py:538} INFO - Filling up the DagBag from /usr/local/python/3.10.8/lib/python3.10/site-packages/airflow/example_dags/example_xcom.py
[2023-11-17T20:13:02.944+0000] {processor.py:753} INFO - DAG(s) dict_keys(['example_xcom']) retrieved from /usr/local/python/3.10.8/lib/python3.10/site-packages/airflow/example_dags/example_xcom.py
[2023-11-17T20:13:02.966+0000] {logging_mixin.py:137} INFO - [2023-11-17T20:13:02.966+0000] {dag.py:2690} INFO - Sync 1 DAGs
[2023-11-17T20:13:02.989+0000] {logging_mixin.py:137} INFO - [2023-11-17T20:13:02.989+0000] {dag.py:3437} INFO - Setting next_dagrun for example_xcom to 2021-01-01T00:00:00+00:00, run_after=2021-01-01T00:00:00+00:00
[2023-11-17T20:13:03.030+0000] {processor.py:175} INFO - Processing /usr/local/python/3.10.8/lib/python3.10/site-packages/airflow/example_dags/example_xcom.py took 0.124 seconds
[2023-11-17T20:13:42.458+0000] {processor.py:153} INFO - Started process (PID=13833) to work on /usr/local/python/3.10.8/lib/python3.10/site-packages/airflow/example_dags/example_xcom.py
[2023-11-17T20:13:42.459+0000] {processor.py:743} INFO - Processing file /usr/local/python/3.10.8/lib/python3.10/site-packages/airflow/example_dags/example_xcom.py for tasks to queue
[2023-11-17T20:13:42.459+0000] {logging_mixin.py:137} INFO - [2023-11-17T20:13:42.459+0000] {dagbag.py:538} INFO - Filling up the DagBag from /usr/local/python/3.10.8/lib/python3.10/site-packages/airflow/example_dags/example_xcom.py
[2023-11-17T20:13:42.481+0000] {processor.py:753} INFO - DAG(s) dict_keys(['example_xcom']) retrieved from /usr/local/python/3.10.8/lib/python3.10/site-packages/airflow/example_dags/example_xcom.py
[2023-11-17T20:13:42.497+0000] {logging_mixin.py:137} INFO - [2023-11-17T20:13:42.497+0000] {dag.py:2690} INFO - Sync 1 DAGs
[2023-11-17T20:13:42.512+0000] {logging_mixin.py:137} INFO - [2023-11-17T20:13:42.512+0000] {dag.py:3437} INFO - Setting next_dagrun for example_xcom to 2021-01-01T00:00:00+00:00, run_after=2021-01-01T00:00:00+00:00
[2023-11-17T20:13:42.553+0000] {processor.py:175} INFO - Processing /usr/local/python/3.10.8/lib/python3.10/site-packages/airflow/example_dags/example_xcom.py took 0.096 seconds
[2023-11-17T20:14:22.529+0000] {processor.py:153} INFO - Started process (PID=14209) to work on /usr/local/python/3.10.8/lib/python3.10/site-packages/airflow/example_dags/example_xcom.py
[2023-11-17T20:14:22.530+0000] {processor.py:743} INFO - Processing file /usr/local/python/3.10.8/lib/python3.10/site-packages/airflow/example_dags/example_xcom.py for tasks to queue
[2023-11-17T20:14:22.530+0000] {logging_mixin.py:137} INFO - [2023-11-17T20:14:22.530+0000] {dagbag.py:538} INFO - Filling up the DagBag from /usr/local/python/3.10.8/lib/python3.10/site-packages/airflow/example_dags/example_xcom.py
[2023-11-17T20:14:22.551+0000] {processor.py:753} INFO - DAG(s) dict_keys(['example_xcom']) retrieved from /usr/local/python/3.10.8/lib/python3.10/site-packages/airflow/example_dags/example_xcom.py
[2023-11-17T20:14:22.566+0000] {logging_mixin.py:137} INFO - [2023-11-17T20:14:22.566+0000] {dag.py:2690} INFO - Sync 1 DAGs
[2023-11-17T20:14:22.581+0000] {logging_mixin.py:137} INFO - [2023-11-17T20:14:22.581+0000] {dag.py:3437} INFO - Setting next_dagrun for example_xcom to 2021-01-01T00:00:00+00:00, run_after=2021-01-01T00:00:00+00:00
[2023-11-17T20:14:22.618+0000] {processor.py:175} INFO - Processing /usr/local/python/3.10.8/lib/python3.10/site-packages/airflow/example_dags/example_xcom.py took 0.091 seconds
[2023-11-17T20:14:59.882+0000] {processor.py:153} INFO - Started process (PID=14558) to work on /usr/local/python/3.10.8/lib/python3.10/site-packages/airflow/example_dags/example_xcom.py
[2023-11-17T20:14:59.883+0000] {processor.py:743} INFO - Processing file /usr/local/python/3.10.8/lib/python3.10/site-packages/airflow/example_dags/example_xcom.py for tasks to queue
[2023-11-17T20:14:59.883+0000] {logging_mixin.py:137} INFO - [2023-11-17T20:14:59.883+0000] {dagbag.py:538} INFO - Filling up the DagBag from /usr/local/python/3.10.8/lib/python3.10/site-packages/airflow/example_dags/example_xcom.py
[2023-11-17T20:14:59.904+0000] {processor.py:753} INFO - DAG(s) dict_keys(['example_xcom']) retrieved from /usr/local/python/3.10.8/lib/python3.10/site-packages/airflow/example_dags/example_xcom.py
[2023-11-17T20:14:59.918+0000] {logging_mixin.py:137} INFO - [2023-11-17T20:14:59.918+0000] {dag.py:2690} INFO - Sync 1 DAGs
[2023-11-17T20:14:59.934+0000] {logging_mixin.py:137} INFO - [2023-11-17T20:14:59.933+0000] {dag.py:3437} INFO - Setting next_dagrun for example_xcom to 2021-01-01T00:00:00+00:00, run_after=2021-01-01T00:00:00+00:00
[2023-11-17T20:14:59.981+0000] {processor.py:175} INFO - Processing /usr/local/python/3.10.8/lib/python3.10/site-packages/airflow/example_dags/example_xcom.py took 0.101 seconds
[2023-11-17T20:15:40.400+0000] {processor.py:153} INFO - Started process (PID=14929) to work on /usr/local/python/3.10.8/lib/python3.10/site-packages/airflow/example_dags/example_xcom.py
[2023-11-17T20:15:40.400+0000] {processor.py:743} INFO - Processing file /usr/local/python/3.10.8/lib/python3.10/site-packages/airflow/example_dags/example_xcom.py for tasks to queue
[2023-11-17T20:15:40.401+0000] {logging_mixin.py:137} INFO - [2023-11-17T20:15:40.401+0000] {dagbag.py:538} INFO - Filling up the DagBag from /usr/local/python/3.10.8/lib/python3.10/site-packages/airflow/example_dags/example_xcom.py
[2023-11-17T20:15:40.423+0000] {processor.py:753} INFO - DAG(s) dict_keys(['example_xcom']) retrieved from /usr/local/python/3.10.8/lib/python3.10/site-packages/airflow/example_dags/example_xcom.py
[2023-11-17T20:15:40.438+0000] {logging_mixin.py:137} INFO - [2023-11-17T20:15:40.438+0000] {dag.py:2690} INFO - Sync 1 DAGs
[2023-11-17T20:15:40.453+0000] {logging_mixin.py:137} INFO - [2023-11-17T20:15:40.452+0000] {dag.py:3437} INFO - Setting next_dagrun for example_xcom to 2021-01-01T00:00:00+00:00, run_after=2021-01-01T00:00:00+00:00
[2023-11-17T20:15:40.492+0000] {processor.py:175} INFO - Processing /usr/local/python/3.10.8/lib/python3.10/site-packages/airflow/example_dags/example_xcom.py took 0.094 seconds
[2023-11-17T20:16:22.275+0000] {processor.py:153} INFO - Started process (PID=15389) to work on /usr/local/python/3.10.8/lib/python3.10/site-packages/airflow/example_dags/example_xcom.py
[2023-11-17T20:16:22.276+0000] {processor.py:743} INFO - Processing file /usr/local/python/3.10.8/lib/python3.10/site-packages/airflow/example_dags/example_xcom.py for tasks to queue
[2023-11-17T20:16:22.276+0000] {logging_mixin.py:137} INFO - [2023-11-17T20:16:22.276+0000] {dagbag.py:538} INFO - Filling up the DagBag from /usr/local/python/3.10.8/lib/python3.10/site-packages/airflow/example_dags/example_xcom.py
[2023-11-17T20:16:22.301+0000] {processor.py:753} INFO - DAG(s) dict_keys(['example_xcom']) retrieved from /usr/local/python/3.10.8/lib/python3.10/site-packages/airflow/example_dags/example_xcom.py
[2023-11-17T20:16:22.316+0000] {logging_mixin.py:137} INFO - [2023-11-17T20:16:22.316+0000] {dag.py:2690} INFO - Sync 1 DAGs
[2023-11-17T20:16:22.331+0000] {logging_mixin.py:137} INFO - [2023-11-17T20:16:22.330+0000] {dag.py:3437} INFO - Setting next_dagrun for example_xcom to 2021-01-01T00:00:00+00:00, run_after=2021-01-01T00:00:00+00:00
[2023-11-17T20:16:22.380+0000] {processor.py:175} INFO - Processing /usr/local/python/3.10.8/lib/python3.10/site-packages/airflow/example_dags/example_xcom.py took 0.106 seconds
[2023-11-17T20:17:02.530+0000] {processor.py:153} INFO - Started process (PID=15815) to work on /usr/local/python/3.10.8/lib/python3.10/site-packages/airflow/example_dags/example_xcom.py
[2023-11-17T20:17:02.531+0000] {processor.py:743} INFO - Processing file /usr/local/python/3.10.8/lib/python3.10/site-packages/airflow/example_dags/example_xcom.py for tasks to queue
[2023-11-17T20:17:02.531+0000] {logging_mixin.py:137} INFO - [2023-11-17T20:17:02.531+0000] {dagbag.py:538} INFO - Filling up the DagBag from /usr/local/python/3.10.8/lib/python3.10/site-packages/airflow/example_dags/example_xcom.py
[2023-11-17T20:17:02.553+0000] {processor.py:753} INFO - DAG(s) dict_keys(['example_xcom']) retrieved from /usr/local/python/3.10.8/lib/python3.10/site-packages/airflow/example_dags/example_xcom.py
[2023-11-17T20:17:02.567+0000] {logging_mixin.py:137} INFO - [2023-11-17T20:17:02.567+0000] {dag.py:2690} INFO - Sync 1 DAGs
[2023-11-17T20:17:02.581+0000] {logging_mixin.py:137} INFO - [2023-11-17T20:17:02.581+0000] {dag.py:3437} INFO - Setting next_dagrun for example_xcom to 2021-01-01T00:00:00+00:00, run_after=2021-01-01T00:00:00+00:00
[2023-11-17T20:17:02.621+0000] {processor.py:175} INFO - Processing /usr/local/python/3.10.8/lib/python3.10/site-packages/airflow/example_dags/example_xcom.py took 0.093 seconds
[2023-11-17T20:17:38.350+0000] {processor.py:153} INFO - Started process (PID=16187) to work on /usr/local/python/3.10.8/lib/python3.10/site-packages/airflow/example_dags/example_xcom.py
[2023-11-17T20:17:38.350+0000] {processor.py:743} INFO - Processing file /usr/local/python/3.10.8/lib/python3.10/site-packages/airflow/example_dags/example_xcom.py for tasks to queue
[2023-11-17T20:17:38.351+0000] {logging_mixin.py:137} INFO - [2023-11-17T20:17:38.351+0000] {dagbag.py:538} INFO - Filling up the DagBag from /usr/local/python/3.10.8/lib/python3.10/site-packages/airflow/example_dags/example_xcom.py
[2023-11-17T20:17:38.373+0000] {processor.py:753} INFO - DAG(s) dict_keys(['example_xcom']) retrieved from /usr/local/python/3.10.8/lib/python3.10/site-packages/airflow/example_dags/example_xcom.py
[2023-11-17T20:17:38.387+0000] {logging_mixin.py:137} INFO - [2023-11-17T20:17:38.387+0000] {dag.py:2690} INFO - Sync 1 DAGs
[2023-11-17T20:17:38.402+0000] {logging_mixin.py:137} INFO - [2023-11-17T20:17:38.402+0000] {dag.py:3437} INFO - Setting next_dagrun for example_xcom to 2021-01-01T00:00:00+00:00, run_after=2021-01-01T00:00:00+00:00
[2023-11-17T20:17:38.441+0000] {processor.py:175} INFO - Processing /usr/local/python/3.10.8/lib/python3.10/site-packages/airflow/example_dags/example_xcom.py took 0.093 seconds
