[2023-11-17T20:11:32.375+0000] {processor.py:153} INFO - Started process (PID=12947) to work on /usr/local/python/3.10.8/lib/python3.10/site-packages/airflow/example_dags/example_short_circuit_decorator.py
[2023-11-17T20:11:32.375+0000] {processor.py:743} INFO - Processing file /usr/local/python/3.10.8/lib/python3.10/site-packages/airflow/example_dags/example_short_circuit_decorator.py for tasks to queue
[2023-11-17T20:11:32.376+0000] {logging_mixin.py:137} INFO - [2023-11-17T20:11:32.376+0000] {dagbag.py:538} INFO - Filling up the DagBag from /usr/local/python/3.10.8/lib/python3.10/site-packages/airflow/example_dags/example_short_circuit_decorator.py
[2023-11-17T20:11:32.397+0000] {processor.py:753} INFO - DAG(s) dict_keys(['example_short_circuit_decorator']) retrieved from /usr/local/python/3.10.8/lib/python3.10/site-packages/airflow/example_dags/example_short_circuit_decorator.py
[2023-11-17T20:11:32.542+0000] {logging_mixin.py:137} INFO - [2023-11-17T20:11:32.542+0000] {manager.py:504} INFO - Created Permission View: can edit on DAG:example_short_circuit_decorator
[2023-11-17T20:11:32.591+0000] {logging_mixin.py:137} INFO - [2023-11-17T20:11:32.591+0000] {manager.py:504} INFO - Created Permission View: can delete on DAG:example_short_circuit_decorator
[2023-11-17T20:11:32.622+0000] {logging_mixin.py:137} INFO - [2023-11-17T20:11:32.621+0000] {manager.py:504} INFO - Created Permission View: can read on DAG:example_short_circuit_decorator
[2023-11-17T20:11:32.622+0000] {logging_mixin.py:137} INFO - [2023-11-17T20:11:32.622+0000] {dag.py:2690} INFO - Sync 1 DAGs
[2023-11-17T20:11:32.632+0000] {logging_mixin.py:137} INFO - [2023-11-17T20:11:32.631+0000] {dag.py:2711} INFO - Creating ORM DAG for example_short_circuit_decorator
[2023-11-17T20:11:32.639+0000] {logging_mixin.py:137} INFO - [2023-11-17T20:11:32.639+0000] {dag.py:3437} INFO - Setting next_dagrun for example_short_circuit_decorator to 2023-11-16T20:11:32.639176+00:00, run_after=2023-11-17T20:11:32.639176+00:00
[2023-11-17T20:11:32.690+0000] {processor.py:175} INFO - Processing /usr/local/python/3.10.8/lib/python3.10/site-packages/airflow/example_dags/example_short_circuit_decorator.py took 0.317 seconds
[2023-11-17T20:12:20.965+0000] {processor.py:153} INFO - Started process (PID=13274) to work on /usr/local/python/3.10.8/lib/python3.10/site-packages/airflow/example_dags/example_short_circuit_decorator.py
[2023-11-17T20:12:20.966+0000] {processor.py:743} INFO - Processing file /usr/local/python/3.10.8/lib/python3.10/site-packages/airflow/example_dags/example_short_circuit_decorator.py for tasks to queue
[2023-11-17T20:12:20.966+0000] {logging_mixin.py:137} INFO - [2023-11-17T20:12:20.966+0000] {dagbag.py:538} INFO - Filling up the DagBag from /usr/local/python/3.10.8/lib/python3.10/site-packages/airflow/example_dags/example_short_circuit_decorator.py
[2023-11-17T20:12:20.989+0000] {processor.py:753} INFO - DAG(s) dict_keys(['example_short_circuit_decorator']) retrieved from /usr/local/python/3.10.8/lib/python3.10/site-packages/airflow/example_dags/example_short_circuit_decorator.py
[2023-11-17T20:12:21.003+0000] {logging_mixin.py:137} INFO - [2023-11-17T20:12:21.003+0000] {dag.py:2690} INFO - Sync 1 DAGs
[2023-11-17T20:12:21.018+0000] {logging_mixin.py:137} INFO - [2023-11-17T20:12:21.018+0000] {dag.py:3437} INFO - Setting next_dagrun for example_short_circuit_decorator to 2023-11-16T20:12:21.017842+00:00, run_after=2023-11-17T20:12:21.017842+00:00
[2023-11-17T20:12:21.062+0000] {processor.py:175} INFO - Processing /usr/local/python/3.10.8/lib/python3.10/site-packages/airflow/example_dags/example_short_circuit_decorator.py took 0.098 seconds
[2023-11-17T20:12:58.627+0000] {processor.py:153} INFO - Started process (PID=13525) to work on /usr/local/python/3.10.8/lib/python3.10/site-packages/airflow/example_dags/example_short_circuit_decorator.py
[2023-11-17T20:12:58.628+0000] {processor.py:743} INFO - Processing file /usr/local/python/3.10.8/lib/python3.10/site-packages/airflow/example_dags/example_short_circuit_decorator.py for tasks to queue
[2023-11-17T20:12:58.630+0000] {logging_mixin.py:137} INFO - [2023-11-17T20:12:58.630+0000] {dagbag.py:538} INFO - Filling up the DagBag from /usr/local/python/3.10.8/lib/python3.10/site-packages/airflow/example_dags/example_short_circuit_decorator.py
[2023-11-17T20:12:58.665+0000] {processor.py:753} INFO - DAG(s) dict_keys(['example_short_circuit_decorator']) retrieved from /usr/local/python/3.10.8/lib/python3.10/site-packages/airflow/example_dags/example_short_circuit_decorator.py
[2023-11-17T20:12:58.681+0000] {logging_mixin.py:137} INFO - [2023-11-17T20:12:58.680+0000] {dag.py:2690} INFO - Sync 1 DAGs
[2023-11-17T20:12:58.710+0000] {logging_mixin.py:137} INFO - [2023-11-17T20:12:58.710+0000] {dag.py:3437} INFO - Setting next_dagrun for example_short_circuit_decorator to 2023-11-16T20:12:58.709823+00:00, run_after=2023-11-17T20:12:58.709823+00:00
[2023-11-17T20:12:58.769+0000] {processor.py:175} INFO - Processing /usr/local/python/3.10.8/lib/python3.10/site-packages/airflow/example_dags/example_short_circuit_decorator.py took 0.146 seconds
[2023-11-17T20:13:37.683+0000] {processor.py:153} INFO - Started process (PID=13785) to work on /usr/local/python/3.10.8/lib/python3.10/site-packages/airflow/example_dags/example_short_circuit_decorator.py
[2023-11-17T20:13:37.683+0000] {processor.py:743} INFO - Processing file /usr/local/python/3.10.8/lib/python3.10/site-packages/airflow/example_dags/example_short_circuit_decorator.py for tasks to queue
[2023-11-17T20:13:37.684+0000] {logging_mixin.py:137} INFO - [2023-11-17T20:13:37.684+0000] {dagbag.py:538} INFO - Filling up the DagBag from /usr/local/python/3.10.8/lib/python3.10/site-packages/airflow/example_dags/example_short_circuit_decorator.py
[2023-11-17T20:13:37.706+0000] {processor.py:753} INFO - DAG(s) dict_keys(['example_short_circuit_decorator']) retrieved from /usr/local/python/3.10.8/lib/python3.10/site-packages/airflow/example_dags/example_short_circuit_decorator.py
[2023-11-17T20:13:37.723+0000] {logging_mixin.py:137} INFO - [2023-11-17T20:13:37.723+0000] {dag.py:2690} INFO - Sync 1 DAGs
[2023-11-17T20:13:37.738+0000] {logging_mixin.py:137} INFO - [2023-11-17T20:13:37.738+0000] {dag.py:3437} INFO - Setting next_dagrun for example_short_circuit_decorator to 2023-11-16T20:13:37.738529+00:00, run_after=2023-11-17T20:13:37.738529+00:00
[2023-11-17T20:13:37.784+0000] {processor.py:175} INFO - Processing /usr/local/python/3.10.8/lib/python3.10/site-packages/airflow/example_dags/example_short_circuit_decorator.py took 0.104 seconds
[2023-11-17T20:14:17.256+0000] {processor.py:153} INFO - Started process (PID=14162) to work on /usr/local/python/3.10.8/lib/python3.10/site-packages/airflow/example_dags/example_short_circuit_decorator.py
[2023-11-17T20:14:17.256+0000] {processor.py:743} INFO - Processing file /usr/local/python/3.10.8/lib/python3.10/site-packages/airflow/example_dags/example_short_circuit_decorator.py for tasks to queue
[2023-11-17T20:14:17.257+0000] {logging_mixin.py:137} INFO - [2023-11-17T20:14:17.257+0000] {dagbag.py:538} INFO - Filling up the DagBag from /usr/local/python/3.10.8/lib/python3.10/site-packages/airflow/example_dags/example_short_circuit_decorator.py
[2023-11-17T20:14:17.279+0000] {processor.py:753} INFO - DAG(s) dict_keys(['example_short_circuit_decorator']) retrieved from /usr/local/python/3.10.8/lib/python3.10/site-packages/airflow/example_dags/example_short_circuit_decorator.py
[2023-11-17T20:14:17.295+0000] {logging_mixin.py:137} INFO - [2023-11-17T20:14:17.295+0000] {dag.py:2690} INFO - Sync 1 DAGs
[2023-11-17T20:14:17.314+0000] {logging_mixin.py:137} INFO - [2023-11-17T20:14:17.313+0000] {dag.py:3437} INFO - Setting next_dagrun for example_short_circuit_decorator to 2023-11-16T20:14:17.313611+00:00, run_after=2023-11-17T20:14:17.313611+00:00
[2023-11-17T20:14:17.353+0000] {processor.py:175} INFO - Processing /usr/local/python/3.10.8/lib/python3.10/site-packages/airflow/example_dags/example_short_circuit_decorator.py took 0.100 seconds
[2023-11-17T20:14:57.050+0000] {processor.py:153} INFO - Started process (PID=14528) to work on /usr/local/python/3.10.8/lib/python3.10/site-packages/airflow/example_dags/example_short_circuit_decorator.py
[2023-11-17T20:14:57.051+0000] {processor.py:743} INFO - Processing file /usr/local/python/3.10.8/lib/python3.10/site-packages/airflow/example_dags/example_short_circuit_decorator.py for tasks to queue
[2023-11-17T20:14:57.052+0000] {logging_mixin.py:137} INFO - [2023-11-17T20:14:57.052+0000] {dagbag.py:538} INFO - Filling up the DagBag from /usr/local/python/3.10.8/lib/python3.10/site-packages/airflow/example_dags/example_short_circuit_decorator.py
[2023-11-17T20:14:57.081+0000] {processor.py:753} INFO - DAG(s) dict_keys(['example_short_circuit_decorator']) retrieved from /usr/local/python/3.10.8/lib/python3.10/site-packages/airflow/example_dags/example_short_circuit_decorator.py
[2023-11-17T20:14:57.106+0000] {logging_mixin.py:137} INFO - [2023-11-17T20:14:57.105+0000] {dag.py:2690} INFO - Sync 1 DAGs
[2023-11-17T20:14:57.131+0000] {logging_mixin.py:137} INFO - [2023-11-17T20:14:57.131+0000] {dag.py:3437} INFO - Setting next_dagrun for example_short_circuit_decorator to 2023-11-16T20:14:57.130946+00:00, run_after=2023-11-17T20:14:57.130946+00:00
[2023-11-17T20:14:57.172+0000] {processor.py:175} INFO - Processing /usr/local/python/3.10.8/lib/python3.10/site-packages/airflow/example_dags/example_short_circuit_decorator.py took 0.124 seconds
[2023-11-17T20:15:38.428+0000] {processor.py:153} INFO - Started process (PID=14914) to work on /usr/local/python/3.10.8/lib/python3.10/site-packages/airflow/example_dags/example_short_circuit_decorator.py
[2023-11-17T20:15:38.428+0000] {processor.py:743} INFO - Processing file /usr/local/python/3.10.8/lib/python3.10/site-packages/airflow/example_dags/example_short_circuit_decorator.py for tasks to queue
[2023-11-17T20:15:38.429+0000] {logging_mixin.py:137} INFO - [2023-11-17T20:15:38.429+0000] {dagbag.py:538} INFO - Filling up the DagBag from /usr/local/python/3.10.8/lib/python3.10/site-packages/airflow/example_dags/example_short_circuit_decorator.py
[2023-11-17T20:15:38.452+0000] {processor.py:753} INFO - DAG(s) dict_keys(['example_short_circuit_decorator']) retrieved from /usr/local/python/3.10.8/lib/python3.10/site-packages/airflow/example_dags/example_short_circuit_decorator.py
[2023-11-17T20:15:38.468+0000] {logging_mixin.py:137} INFO - [2023-11-17T20:15:38.468+0000] {dag.py:2690} INFO - Sync 1 DAGs
[2023-11-17T20:15:38.482+0000] {logging_mixin.py:137} INFO - [2023-11-17T20:15:38.482+0000] {dag.py:3437} INFO - Setting next_dagrun for example_short_circuit_decorator to 2023-11-16T20:15:38.482619+00:00, run_after=2023-11-17T20:15:38.482619+00:00
[2023-11-17T20:15:38.534+0000] {processor.py:175} INFO - Processing /usr/local/python/3.10.8/lib/python3.10/site-packages/airflow/example_dags/example_short_circuit_decorator.py took 0.108 seconds
[2023-11-17T20:16:20.512+0000] {processor.py:153} INFO - Started process (PID=15379) to work on /usr/local/python/3.10.8/lib/python3.10/site-packages/airflow/example_dags/example_short_circuit_decorator.py
[2023-11-17T20:16:20.515+0000] {processor.py:743} INFO - Processing file /usr/local/python/3.10.8/lib/python3.10/site-packages/airflow/example_dags/example_short_circuit_decorator.py for tasks to queue
[2023-11-17T20:16:20.515+0000] {logging_mixin.py:137} INFO - [2023-11-17T20:16:20.515+0000] {dagbag.py:538} INFO - Filling up the DagBag from /usr/local/python/3.10.8/lib/python3.10/site-packages/airflow/example_dags/example_short_circuit_decorator.py
[2023-11-17T20:16:20.537+0000] {processor.py:753} INFO - DAG(s) dict_keys(['example_short_circuit_decorator']) retrieved from /usr/local/python/3.10.8/lib/python3.10/site-packages/airflow/example_dags/example_short_circuit_decorator.py
[2023-11-17T20:16:20.552+0000] {logging_mixin.py:137} INFO - [2023-11-17T20:16:20.552+0000] {dag.py:2690} INFO - Sync 1 DAGs
[2023-11-17T20:16:20.568+0000] {logging_mixin.py:137} INFO - [2023-11-17T20:16:20.568+0000] {dag.py:3437} INFO - Setting next_dagrun for example_short_circuit_decorator to 2023-11-16T20:16:20.567822+00:00, run_after=2023-11-17T20:16:20.567822+00:00
[2023-11-17T20:16:20.611+0000] {processor.py:175} INFO - Processing /usr/local/python/3.10.8/lib/python3.10/site-packages/airflow/example_dags/example_short_circuit_decorator.py took 0.101 seconds
[2023-11-17T20:16:59.333+0000] {processor.py:153} INFO - Started process (PID=15779) to work on /usr/local/python/3.10.8/lib/python3.10/site-packages/airflow/example_dags/example_short_circuit_decorator.py
[2023-11-17T20:16:59.334+0000] {processor.py:743} INFO - Processing file /usr/local/python/3.10.8/lib/python3.10/site-packages/airflow/example_dags/example_short_circuit_decorator.py for tasks to queue
[2023-11-17T20:16:59.334+0000] {logging_mixin.py:137} INFO - [2023-11-17T20:16:59.334+0000] {dagbag.py:538} INFO - Filling up the DagBag from /usr/local/python/3.10.8/lib/python3.10/site-packages/airflow/example_dags/example_short_circuit_decorator.py
[2023-11-17T20:16:59.356+0000] {processor.py:753} INFO - DAG(s) dict_keys(['example_short_circuit_decorator']) retrieved from /usr/local/python/3.10.8/lib/python3.10/site-packages/airflow/example_dags/example_short_circuit_decorator.py
[2023-11-17T20:16:59.372+0000] {logging_mixin.py:137} INFO - [2023-11-17T20:16:59.372+0000] {dag.py:2690} INFO - Sync 1 DAGs
[2023-11-17T20:16:59.387+0000] {logging_mixin.py:137} INFO - [2023-11-17T20:16:59.387+0000] {dag.py:3437} INFO - Setting next_dagrun for example_short_circuit_decorator to 2023-11-16T20:16:59.387234+00:00, run_after=2023-11-17T20:16:59.387234+00:00
[2023-11-17T20:16:59.426+0000] {processor.py:175} INFO - Processing /usr/local/python/3.10.8/lib/python3.10/site-packages/airflow/example_dags/example_short_circuit_decorator.py took 0.095 seconds
[2023-11-17T20:17:34.603+0000] {processor.py:153} INFO - Started process (PID=16135) to work on /usr/local/python/3.10.8/lib/python3.10/site-packages/airflow/example_dags/example_short_circuit_decorator.py
[2023-11-17T20:17:34.604+0000] {processor.py:743} INFO - Processing file /usr/local/python/3.10.8/lib/python3.10/site-packages/airflow/example_dags/example_short_circuit_decorator.py for tasks to queue
[2023-11-17T20:17:34.605+0000] {logging_mixin.py:137} INFO - [2023-11-17T20:17:34.604+0000] {dagbag.py:538} INFO - Filling up the DagBag from /usr/local/python/3.10.8/lib/python3.10/site-packages/airflow/example_dags/example_short_circuit_decorator.py
[2023-11-17T20:17:34.626+0000] {processor.py:753} INFO - DAG(s) dict_keys(['example_short_circuit_decorator']) retrieved from /usr/local/python/3.10.8/lib/python3.10/site-packages/airflow/example_dags/example_short_circuit_decorator.py
[2023-11-17T20:17:34.642+0000] {logging_mixin.py:137} INFO - [2023-11-17T20:17:34.641+0000] {dag.py:2690} INFO - Sync 1 DAGs
[2023-11-17T20:17:34.664+0000] {logging_mixin.py:137} INFO - [2023-11-17T20:17:34.664+0000] {dag.py:3437} INFO - Setting next_dagrun for example_short_circuit_decorator to 2023-11-16T20:17:34.664373+00:00, run_after=2023-11-17T20:17:34.664373+00:00
[2023-11-17T20:17:34.714+0000] {processor.py:175} INFO - Processing /usr/local/python/3.10.8/lib/python3.10/site-packages/airflow/example_dags/example_short_circuit_decorator.py took 0.113 seconds
