[2023-11-17T20:11:49.905+0000] {processor.py:153} INFO - Started process (PID=13069) to work on /usr/local/python/3.10.8/lib/python3.10/site-packages/airflow/example_dags/example_branch_operator_decorator.py
[2023-11-17T20:11:49.905+0000] {processor.py:743} INFO - Processing file /usr/local/python/3.10.8/lib/python3.10/site-packages/airflow/example_dags/example_branch_operator_decorator.py for tasks to queue
[2023-11-17T20:11:49.906+0000] {logging_mixin.py:137} INFO - [2023-11-17T20:11:49.906+0000] {dagbag.py:538} INFO - Filling up the DagBag from /usr/local/python/3.10.8/lib/python3.10/site-packages/airflow/example_dags/example_branch_operator_decorator.py
[2023-11-17T20:11:49.929+0000] {processor.py:753} INFO - DAG(s) dict_keys(['example_branch_python_operator_decorator']) retrieved from /usr/local/python/3.10.8/lib/python3.10/site-packages/airflow/example_dags/example_branch_operator_decorator.py
[2023-11-17T20:11:50.070+0000] {logging_mixin.py:137} INFO - [2023-11-17T20:11:50.069+0000] {manager.py:504} INFO - Created Permission View: can edit on DAG:example_branch_python_operator_decorator
[2023-11-17T20:11:50.103+0000] {logging_mixin.py:137} INFO - [2023-11-17T20:11:50.102+0000] {manager.py:504} INFO - Created Permission View: can delete on DAG:example_branch_python_operator_decorator
[2023-11-17T20:11:50.132+0000] {logging_mixin.py:137} INFO - [2023-11-17T20:11:50.132+0000] {manager.py:504} INFO - Created Permission View: can read on DAG:example_branch_python_operator_decorator
[2023-11-17T20:11:50.132+0000] {logging_mixin.py:137} INFO - [2023-11-17T20:11:50.132+0000] {dag.py:2690} INFO - Sync 1 DAGs
[2023-11-17T20:11:50.140+0000] {logging_mixin.py:137} INFO - [2023-11-17T20:11:50.140+0000] {dag.py:2711} INFO - Creating ORM DAG for example_branch_python_operator_decorator
[2023-11-17T20:11:50.148+0000] {logging_mixin.py:137} INFO - [2023-11-17T20:11:50.148+0000] {dag.py:3437} INFO - Setting next_dagrun for example_branch_python_operator_decorator to 2023-11-16T00:00:00+00:00, run_after=2023-11-17T00:00:00+00:00
[2023-11-17T20:11:50.219+0000] {processor.py:175} INFO - Processing /usr/local/python/3.10.8/lib/python3.10/site-packages/airflow/example_dags/example_branch_operator_decorator.py took 0.316 seconds
[2023-11-17T20:12:35.399+0000] {processor.py:153} INFO - Started process (PID=13369) to work on /usr/local/python/3.10.8/lib/python3.10/site-packages/airflow/example_dags/example_branch_operator_decorator.py
[2023-11-17T20:12:35.400+0000] {processor.py:743} INFO - Processing file /usr/local/python/3.10.8/lib/python3.10/site-packages/airflow/example_dags/example_branch_operator_decorator.py for tasks to queue
[2023-11-17T20:12:35.400+0000] {logging_mixin.py:137} INFO - [2023-11-17T20:12:35.400+0000] {dagbag.py:538} INFO - Filling up the DagBag from /usr/local/python/3.10.8/lib/python3.10/site-packages/airflow/example_dags/example_branch_operator_decorator.py
[2023-11-17T20:12:35.438+0000] {processor.py:753} INFO - DAG(s) dict_keys(['example_branch_python_operator_decorator']) retrieved from /usr/local/python/3.10.8/lib/python3.10/site-packages/airflow/example_dags/example_branch_operator_decorator.py
[2023-11-17T20:12:35.454+0000] {logging_mixin.py:137} INFO - [2023-11-17T20:12:35.453+0000] {dag.py:2690} INFO - Sync 1 DAGs
[2023-11-17T20:12:35.470+0000] {logging_mixin.py:137} INFO - [2023-11-17T20:12:35.470+0000] {dag.py:3437} INFO - Setting next_dagrun for example_branch_python_operator_decorator to 2023-11-16T00:00:00+00:00, run_after=2023-11-17T00:00:00+00:00
[2023-11-17T20:12:35.510+0000] {processor.py:175} INFO - Processing /usr/local/python/3.10.8/lib/python3.10/site-packages/airflow/example_dags/example_branch_operator_decorator.py took 0.112 seconds
[2023-11-17T20:13:14.996+0000] {processor.py:153} INFO - Started process (PID=13637) to work on /usr/local/python/3.10.8/lib/python3.10/site-packages/airflow/example_dags/example_branch_operator_decorator.py
[2023-11-17T20:13:14.997+0000] {processor.py:743} INFO - Processing file /usr/local/python/3.10.8/lib/python3.10/site-packages/airflow/example_dags/example_branch_operator_decorator.py for tasks to queue
[2023-11-17T20:13:14.997+0000] {logging_mixin.py:137} INFO - [2023-11-17T20:13:14.997+0000] {dagbag.py:538} INFO - Filling up the DagBag from /usr/local/python/3.10.8/lib/python3.10/site-packages/airflow/example_dags/example_branch_operator_decorator.py
[2023-11-17T20:13:15.021+0000] {processor.py:753} INFO - DAG(s) dict_keys(['example_branch_python_operator_decorator']) retrieved from /usr/local/python/3.10.8/lib/python3.10/site-packages/airflow/example_dags/example_branch_operator_decorator.py
[2023-11-17T20:13:15.037+0000] {logging_mixin.py:137} INFO - [2023-11-17T20:13:15.037+0000] {dag.py:2690} INFO - Sync 1 DAGs
[2023-11-17T20:13:15.053+0000] {logging_mixin.py:137} INFO - [2023-11-17T20:13:15.053+0000] {dag.py:3437} INFO - Setting next_dagrun for example_branch_python_operator_decorator to 2023-11-16T00:00:00+00:00, run_after=2023-11-17T00:00:00+00:00
[2023-11-17T20:13:15.101+0000] {processor.py:175} INFO - Processing /usr/local/python/3.10.8/lib/python3.10/site-packages/airflow/example_dags/example_branch_operator_decorator.py took 0.107 seconds
[2023-11-17T20:13:53.999+0000] {processor.py:153} INFO - Started process (PID=13930) to work on /usr/local/python/3.10.8/lib/python3.10/site-packages/airflow/example_dags/example_branch_operator_decorator.py
[2023-11-17T20:13:53.999+0000] {processor.py:743} INFO - Processing file /usr/local/python/3.10.8/lib/python3.10/site-packages/airflow/example_dags/example_branch_operator_decorator.py for tasks to queue
[2023-11-17T20:13:54.000+0000] {logging_mixin.py:137} INFO - [2023-11-17T20:13:54.000+0000] {dagbag.py:538} INFO - Filling up the DagBag from /usr/local/python/3.10.8/lib/python3.10/site-packages/airflow/example_dags/example_branch_operator_decorator.py
[2023-11-17T20:13:54.023+0000] {processor.py:753} INFO - DAG(s) dict_keys(['example_branch_python_operator_decorator']) retrieved from /usr/local/python/3.10.8/lib/python3.10/site-packages/airflow/example_dags/example_branch_operator_decorator.py
[2023-11-17T20:13:54.038+0000] {logging_mixin.py:137} INFO - [2023-11-17T20:13:54.038+0000] {dag.py:2690} INFO - Sync 1 DAGs
[2023-11-17T20:13:54.055+0000] {logging_mixin.py:137} INFO - [2023-11-17T20:13:54.055+0000] {dag.py:3437} INFO - Setting next_dagrun for example_branch_python_operator_decorator to 2023-11-16T00:00:00+00:00, run_after=2023-11-17T00:00:00+00:00
[2023-11-17T20:13:54.094+0000] {processor.py:175} INFO - Processing /usr/local/python/3.10.8/lib/python3.10/site-packages/airflow/example_dags/example_branch_operator_decorator.py took 0.097 seconds
[2023-11-17T20:14:35.469+0000] {processor.py:153} INFO - Started process (PID=14292) to work on /usr/local/python/3.10.8/lib/python3.10/site-packages/airflow/example_dags/example_branch_operator_decorator.py
[2023-11-17T20:14:35.469+0000] {processor.py:743} INFO - Processing file /usr/local/python/3.10.8/lib/python3.10/site-packages/airflow/example_dags/example_branch_operator_decorator.py for tasks to queue
[2023-11-17T20:14:35.470+0000] {logging_mixin.py:137} INFO - [2023-11-17T20:14:35.470+0000] {dagbag.py:538} INFO - Filling up the DagBag from /usr/local/python/3.10.8/lib/python3.10/site-packages/airflow/example_dags/example_branch_operator_decorator.py
[2023-11-17T20:14:35.492+0000] {processor.py:753} INFO - DAG(s) dict_keys(['example_branch_python_operator_decorator']) retrieved from /usr/local/python/3.10.8/lib/python3.10/site-packages/airflow/example_dags/example_branch_operator_decorator.py
[2023-11-17T20:14:35.507+0000] {logging_mixin.py:137} INFO - [2023-11-17T20:14:35.507+0000] {dag.py:2690} INFO - Sync 1 DAGs
[2023-11-17T20:14:35.524+0000] {logging_mixin.py:137} INFO - [2023-11-17T20:14:35.524+0000] {dag.py:3437} INFO - Setting next_dagrun for example_branch_python_operator_decorator to 2023-11-16T00:00:00+00:00, run_after=2023-11-17T00:00:00+00:00
[2023-11-17T20:14:35.564+0000] {processor.py:175} INFO - Processing /usr/local/python/3.10.8/lib/python3.10/site-packages/airflow/example_dags/example_branch_operator_decorator.py took 0.097 seconds
[2023-11-17T20:15:17.391+0000] {processor.py:153} INFO - Started process (PID=14712) to work on /usr/local/python/3.10.8/lib/python3.10/site-packages/airflow/example_dags/example_branch_operator_decorator.py
[2023-11-17T20:15:17.391+0000] {processor.py:743} INFO - Processing file /usr/local/python/3.10.8/lib/python3.10/site-packages/airflow/example_dags/example_branch_operator_decorator.py for tasks to queue
[2023-11-17T20:15:17.392+0000] {logging_mixin.py:137} INFO - [2023-11-17T20:15:17.392+0000] {dagbag.py:538} INFO - Filling up the DagBag from /usr/local/python/3.10.8/lib/python3.10/site-packages/airflow/example_dags/example_branch_operator_decorator.py
[2023-11-17T20:15:17.414+0000] {processor.py:753} INFO - DAG(s) dict_keys(['example_branch_python_operator_decorator']) retrieved from /usr/local/python/3.10.8/lib/python3.10/site-packages/airflow/example_dags/example_branch_operator_decorator.py
[2023-11-17T20:15:17.429+0000] {logging_mixin.py:137} INFO - [2023-11-17T20:15:17.429+0000] {dag.py:2690} INFO - Sync 1 DAGs
[2023-11-17T20:15:17.446+0000] {logging_mixin.py:137} INFO - [2023-11-17T20:15:17.446+0000] {dag.py:3437} INFO - Setting next_dagrun for example_branch_python_operator_decorator to 2023-11-16T00:00:00+00:00, run_after=2023-11-17T00:00:00+00:00
[2023-11-17T20:15:17.489+0000] {processor.py:175} INFO - Processing /usr/local/python/3.10.8/lib/python3.10/site-packages/airflow/example_dags/example_branch_operator_decorator.py took 0.100 seconds
[2023-11-17T20:15:58.079+0000] {processor.py:153} INFO - Started process (PID=15083) to work on /usr/local/python/3.10.8/lib/python3.10/site-packages/airflow/example_dags/example_branch_operator_decorator.py
[2023-11-17T20:15:58.079+0000] {processor.py:743} INFO - Processing file /usr/local/python/3.10.8/lib/python3.10/site-packages/airflow/example_dags/example_branch_operator_decorator.py for tasks to queue
[2023-11-17T20:15:58.080+0000] {logging_mixin.py:137} INFO - [2023-11-17T20:15:58.080+0000] {dagbag.py:538} INFO - Filling up the DagBag from /usr/local/python/3.10.8/lib/python3.10/site-packages/airflow/example_dags/example_branch_operator_decorator.py
[2023-11-17T20:15:58.108+0000] {processor.py:753} INFO - DAG(s) dict_keys(['example_branch_python_operator_decorator']) retrieved from /usr/local/python/3.10.8/lib/python3.10/site-packages/airflow/example_dags/example_branch_operator_decorator.py
[2023-11-17T20:15:58.135+0000] {logging_mixin.py:137} INFO - [2023-11-17T20:15:58.134+0000] {dag.py:2690} INFO - Sync 1 DAGs
[2023-11-17T20:15:58.150+0000] {logging_mixin.py:137} INFO - [2023-11-17T20:15:58.150+0000] {dag.py:3437} INFO - Setting next_dagrun for example_branch_python_operator_decorator to 2023-11-16T00:00:00+00:00, run_after=2023-11-17T00:00:00+00:00
[2023-11-17T20:15:58.190+0000] {processor.py:175} INFO - Processing /usr/local/python/3.10.8/lib/python3.10/site-packages/airflow/example_dags/example_branch_operator_decorator.py took 0.114 seconds
[2023-11-17T20:16:36.751+0000] {processor.py:153} INFO - Started process (PID=15551) to work on /usr/local/python/3.10.8/lib/python3.10/site-packages/airflow/example_dags/example_branch_operator_decorator.py
[2023-11-17T20:16:36.751+0000] {processor.py:743} INFO - Processing file /usr/local/python/3.10.8/lib/python3.10/site-packages/airflow/example_dags/example_branch_operator_decorator.py for tasks to queue
[2023-11-17T20:16:36.752+0000] {logging_mixin.py:137} INFO - [2023-11-17T20:16:36.752+0000] {dagbag.py:538} INFO - Filling up the DagBag from /usr/local/python/3.10.8/lib/python3.10/site-packages/airflow/example_dags/example_branch_operator_decorator.py
[2023-11-17T20:16:36.775+0000] {processor.py:753} INFO - DAG(s) dict_keys(['example_branch_python_operator_decorator']) retrieved from /usr/local/python/3.10.8/lib/python3.10/site-packages/airflow/example_dags/example_branch_operator_decorator.py
[2023-11-17T20:16:36.790+0000] {logging_mixin.py:137} INFO - [2023-11-17T20:16:36.790+0000] {dag.py:2690} INFO - Sync 1 DAGs
[2023-11-17T20:16:36.812+0000] {logging_mixin.py:137} INFO - [2023-11-17T20:16:36.812+0000] {dag.py:3437} INFO - Setting next_dagrun for example_branch_python_operator_decorator to 2023-11-16T00:00:00+00:00, run_after=2023-11-17T00:00:00+00:00
[2023-11-17T20:16:36.861+0000] {processor.py:175} INFO - Processing /usr/local/python/3.10.8/lib/python3.10/site-packages/airflow/example_dags/example_branch_operator_decorator.py took 0.112 seconds
[2023-11-17T20:17:17.665+0000] {processor.py:153} INFO - Started process (PID=15963) to work on /usr/local/python/3.10.8/lib/python3.10/site-packages/airflow/example_dags/example_branch_operator_decorator.py
[2023-11-17T20:17:17.665+0000] {processor.py:743} INFO - Processing file /usr/local/python/3.10.8/lib/python3.10/site-packages/airflow/example_dags/example_branch_operator_decorator.py for tasks to queue
[2023-11-17T20:17:17.666+0000] {logging_mixin.py:137} INFO - [2023-11-17T20:17:17.666+0000] {dagbag.py:538} INFO - Filling up the DagBag from /usr/local/python/3.10.8/lib/python3.10/site-packages/airflow/example_dags/example_branch_operator_decorator.py
[2023-11-17T20:17:17.689+0000] {processor.py:753} INFO - DAG(s) dict_keys(['example_branch_python_operator_decorator']) retrieved from /usr/local/python/3.10.8/lib/python3.10/site-packages/airflow/example_dags/example_branch_operator_decorator.py
[2023-11-17T20:17:17.704+0000] {logging_mixin.py:137} INFO - [2023-11-17T20:17:17.703+0000] {dag.py:2690} INFO - Sync 1 DAGs
[2023-11-17T20:17:17.720+0000] {logging_mixin.py:137} INFO - [2023-11-17T20:17:17.720+0000] {dag.py:3437} INFO - Setting next_dagrun for example_branch_python_operator_decorator to 2023-11-16T00:00:00+00:00, run_after=2023-11-17T00:00:00+00:00
[2023-11-17T20:17:17.759+0000] {processor.py:175} INFO - Processing /usr/local/python/3.10.8/lib/python3.10/site-packages/airflow/example_dags/example_branch_operator_decorator.py took 0.096 seconds
