[2023-11-17T20:11:56.372+0000] {processor.py:153} INFO - Started process (PID=13098) to work on /usr/local/python/3.10.8/lib/python3.10/site-packages/airflow/example_dags/example_sensor_decorator.py
[2023-11-17T20:11:56.373+0000] {processor.py:743} INFO - Processing file /usr/local/python/3.10.8/lib/python3.10/site-packages/airflow/example_dags/example_sensor_decorator.py for tasks to queue
[2023-11-17T20:11:56.374+0000] {logging_mixin.py:137} INFO - [2023-11-17T20:11:56.374+0000] {dagbag.py:538} INFO - Filling up the DagBag from /usr/local/python/3.10.8/lib/python3.10/site-packages/airflow/example_dags/example_sensor_decorator.py
[2023-11-17T20:11:56.401+0000] {processor.py:753} INFO - DAG(s) dict_keys(['example_sensor_decorator']) retrieved from /usr/local/python/3.10.8/lib/python3.10/site-packages/airflow/example_dags/example_sensor_decorator.py
[2023-11-17T20:11:57.018+0000] {logging_mixin.py:137} INFO - [2023-11-17T20:11:57.018+0000] {manager.py:504} INFO - Created Permission View: can edit on DAG:example_sensor_decorator
[2023-11-17T20:11:57.066+0000] {logging_mixin.py:137} INFO - [2023-11-17T20:11:57.066+0000] {manager.py:504} INFO - Created Permission View: can delete on DAG:example_sensor_decorator
[2023-11-17T20:11:57.097+0000] {logging_mixin.py:137} INFO - [2023-11-17T20:11:57.097+0000] {manager.py:504} INFO - Created Permission View: can read on DAG:example_sensor_decorator
[2023-11-17T20:11:57.097+0000] {logging_mixin.py:137} INFO - [2023-11-17T20:11:57.097+0000] {dag.py:2690} INFO - Sync 1 DAGs
[2023-11-17T20:11:57.149+0000] {logging_mixin.py:137} INFO - [2023-11-17T20:11:57.149+0000] {dag.py:2711} INFO - Creating ORM DAG for example_sensor_decorator
[2023-11-17T20:11:57.159+0000] {logging_mixin.py:137} INFO - [2023-11-17T20:11:57.158+0000] {dag.py:3437} INFO - Setting next_dagrun for example_sensor_decorator to None, run_after=None
[2023-11-17T20:11:57.206+0000] {processor.py:175} INFO - Processing /usr/local/python/3.10.8/lib/python3.10/site-packages/airflow/example_dags/example_sensor_decorator.py took 0.836 seconds
[2023-11-17T20:12:40.763+0000] {processor.py:153} INFO - Started process (PID=13416) to work on /usr/local/python/3.10.8/lib/python3.10/site-packages/airflow/example_dags/example_sensor_decorator.py
[2023-11-17T20:12:40.763+0000] {processor.py:743} INFO - Processing file /usr/local/python/3.10.8/lib/python3.10/site-packages/airflow/example_dags/example_sensor_decorator.py for tasks to queue
[2023-11-17T20:12:40.764+0000] {logging_mixin.py:137} INFO - [2023-11-17T20:12:40.763+0000] {dagbag.py:538} INFO - Filling up the DagBag from /usr/local/python/3.10.8/lib/python3.10/site-packages/airflow/example_dags/example_sensor_decorator.py
[2023-11-17T20:12:40.784+0000] {processor.py:753} INFO - DAG(s) dict_keys(['example_sensor_decorator']) retrieved from /usr/local/python/3.10.8/lib/python3.10/site-packages/airflow/example_dags/example_sensor_decorator.py
[2023-11-17T20:12:40.803+0000] {logging_mixin.py:137} INFO - [2023-11-17T20:12:40.803+0000] {dag.py:2690} INFO - Sync 1 DAGs
[2023-11-17T20:12:40.818+0000] {logging_mixin.py:137} INFO - [2023-11-17T20:12:40.818+0000] {dag.py:3437} INFO - Setting next_dagrun for example_sensor_decorator to None, run_after=None
[2023-11-17T20:12:40.860+0000] {processor.py:175} INFO - Processing /usr/local/python/3.10.8/lib/python3.10/site-packages/airflow/example_dags/example_sensor_decorator.py took 0.099 seconds
[2023-11-17T20:13:20.849+0000] {processor.py:153} INFO - Started process (PID=13684) to work on /usr/local/python/3.10.8/lib/python3.10/site-packages/airflow/example_dags/example_sensor_decorator.py
[2023-11-17T20:13:20.850+0000] {processor.py:743} INFO - Processing file /usr/local/python/3.10.8/lib/python3.10/site-packages/airflow/example_dags/example_sensor_decorator.py for tasks to queue
[2023-11-17T20:13:20.850+0000] {logging_mixin.py:137} INFO - [2023-11-17T20:13:20.850+0000] {dagbag.py:538} INFO - Filling up the DagBag from /usr/local/python/3.10.8/lib/python3.10/site-packages/airflow/example_dags/example_sensor_decorator.py
[2023-11-17T20:13:20.870+0000] {processor.py:753} INFO - DAG(s) dict_keys(['example_sensor_decorator']) retrieved from /usr/local/python/3.10.8/lib/python3.10/site-packages/airflow/example_dags/example_sensor_decorator.py
[2023-11-17T20:13:20.884+0000] {logging_mixin.py:137} INFO - [2023-11-17T20:13:20.884+0000] {dag.py:2690} INFO - Sync 1 DAGs
[2023-11-17T20:13:20.898+0000] {logging_mixin.py:137} INFO - [2023-11-17T20:13:20.898+0000] {dag.py:3437} INFO - Setting next_dagrun for example_sensor_decorator to None, run_after=None
[2023-11-17T20:13:20.937+0000] {processor.py:175} INFO - Processing /usr/local/python/3.10.8/lib/python3.10/site-packages/airflow/example_dags/example_sensor_decorator.py took 0.090 seconds
[2023-11-17T20:13:59.224+0000] {processor.py:153} INFO - Started process (PID=13986) to work on /usr/local/python/3.10.8/lib/python3.10/site-packages/airflow/example_dags/example_sensor_decorator.py
[2023-11-17T20:13:59.225+0000] {processor.py:743} INFO - Processing file /usr/local/python/3.10.8/lib/python3.10/site-packages/airflow/example_dags/example_sensor_decorator.py for tasks to queue
[2023-11-17T20:13:59.225+0000] {logging_mixin.py:137} INFO - [2023-11-17T20:13:59.225+0000] {dagbag.py:538} INFO - Filling up the DagBag from /usr/local/python/3.10.8/lib/python3.10/site-packages/airflow/example_dags/example_sensor_decorator.py
[2023-11-17T20:13:59.247+0000] {processor.py:753} INFO - DAG(s) dict_keys(['example_sensor_decorator']) retrieved from /usr/local/python/3.10.8/lib/python3.10/site-packages/airflow/example_dags/example_sensor_decorator.py
[2023-11-17T20:13:59.261+0000] {logging_mixin.py:137} INFO - [2023-11-17T20:13:59.261+0000] {dag.py:2690} INFO - Sync 1 DAGs
[2023-11-17T20:13:59.277+0000] {logging_mixin.py:137} INFO - [2023-11-17T20:13:59.277+0000] {dag.py:3437} INFO - Setting next_dagrun for example_sensor_decorator to None, run_after=None
[2023-11-17T20:13:59.316+0000] {processor.py:175} INFO - Processing /usr/local/python/3.10.8/lib/python3.10/site-packages/airflow/example_dags/example_sensor_decorator.py took 0.094 seconds
[2023-11-17T20:14:39.750+0000] {processor.py:153} INFO - Started process (PID=14330) to work on /usr/local/python/3.10.8/lib/python3.10/site-packages/airflow/example_dags/example_sensor_decorator.py
[2023-11-17T20:14:39.751+0000] {processor.py:743} INFO - Processing file /usr/local/python/3.10.8/lib/python3.10/site-packages/airflow/example_dags/example_sensor_decorator.py for tasks to queue
[2023-11-17T20:14:39.751+0000] {logging_mixin.py:137} INFO - [2023-11-17T20:14:39.751+0000] {dagbag.py:538} INFO - Filling up the DagBag from /usr/local/python/3.10.8/lib/python3.10/site-packages/airflow/example_dags/example_sensor_decorator.py
[2023-11-17T20:14:39.770+0000] {processor.py:753} INFO - DAG(s) dict_keys(['example_sensor_decorator']) retrieved from /usr/local/python/3.10.8/lib/python3.10/site-packages/airflow/example_dags/example_sensor_decorator.py
[2023-11-17T20:14:39.784+0000] {logging_mixin.py:137} INFO - [2023-11-17T20:14:39.783+0000] {dag.py:2690} INFO - Sync 1 DAGs
[2023-11-17T20:14:39.799+0000] {logging_mixin.py:137} INFO - [2023-11-17T20:14:39.798+0000] {dag.py:3437} INFO - Setting next_dagrun for example_sensor_decorator to None, run_after=None
[2023-11-17T20:14:39.840+0000] {processor.py:175} INFO - Processing /usr/local/python/3.10.8/lib/python3.10/site-packages/airflow/example_dags/example_sensor_decorator.py took 0.092 seconds
[2023-11-17T20:15:22.488+0000] {processor.py:153} INFO - Started process (PID=14760) to work on /usr/local/python/3.10.8/lib/python3.10/site-packages/airflow/example_dags/example_sensor_decorator.py
[2023-11-17T20:15:22.488+0000] {processor.py:743} INFO - Processing file /usr/local/python/3.10.8/lib/python3.10/site-packages/airflow/example_dags/example_sensor_decorator.py for tasks to queue
[2023-11-17T20:15:22.489+0000] {logging_mixin.py:137} INFO - [2023-11-17T20:15:22.489+0000] {dagbag.py:538} INFO - Filling up the DagBag from /usr/local/python/3.10.8/lib/python3.10/site-packages/airflow/example_dags/example_sensor_decorator.py
[2023-11-17T20:15:22.510+0000] {processor.py:753} INFO - DAG(s) dict_keys(['example_sensor_decorator']) retrieved from /usr/local/python/3.10.8/lib/python3.10/site-packages/airflow/example_dags/example_sensor_decorator.py
[2023-11-17T20:15:22.524+0000] {logging_mixin.py:137} INFO - [2023-11-17T20:15:22.524+0000] {dag.py:2690} INFO - Sync 1 DAGs
[2023-11-17T20:15:22.540+0000] {logging_mixin.py:137} INFO - [2023-11-17T20:15:22.540+0000] {dag.py:3437} INFO - Setting next_dagrun for example_sensor_decorator to None, run_after=None
[2023-11-17T20:15:22.580+0000] {processor.py:175} INFO - Processing /usr/local/python/3.10.8/lib/python3.10/site-packages/airflow/example_dags/example_sensor_decorator.py took 0.094 seconds
[2023-11-17T20:16:02.876+0000] {processor.py:153} INFO - Started process (PID=15145) to work on /usr/local/python/3.10.8/lib/python3.10/site-packages/airflow/example_dags/example_sensor_decorator.py
[2023-11-17T20:16:02.877+0000] {processor.py:743} INFO - Processing file /usr/local/python/3.10.8/lib/python3.10/site-packages/airflow/example_dags/example_sensor_decorator.py for tasks to queue
[2023-11-17T20:16:02.877+0000] {logging_mixin.py:137} INFO - [2023-11-17T20:16:02.877+0000] {dagbag.py:538} INFO - Filling up the DagBag from /usr/local/python/3.10.8/lib/python3.10/site-packages/airflow/example_dags/example_sensor_decorator.py
[2023-11-17T20:16:02.897+0000] {processor.py:753} INFO - DAG(s) dict_keys(['example_sensor_decorator']) retrieved from /usr/local/python/3.10.8/lib/python3.10/site-packages/airflow/example_dags/example_sensor_decorator.py
[2023-11-17T20:16:02.911+0000] {logging_mixin.py:137} INFO - [2023-11-17T20:16:02.911+0000] {dag.py:2690} INFO - Sync 1 DAGs
[2023-11-17T20:16:02.925+0000] {logging_mixin.py:137} INFO - [2023-11-17T20:16:02.925+0000] {dag.py:3437} INFO - Setting next_dagrun for example_sensor_decorator to None, run_after=None
[2023-11-17T20:16:02.973+0000] {processor.py:175} INFO - Processing /usr/local/python/3.10.8/lib/python3.10/site-packages/airflow/example_dags/example_sensor_decorator.py took 0.099 seconds
[2023-11-17T20:16:42.035+0000] {processor.py:153} INFO - Started process (PID=15592) to work on /usr/local/python/3.10.8/lib/python3.10/site-packages/airflow/example_dags/example_sensor_decorator.py
[2023-11-17T20:16:42.036+0000] {processor.py:743} INFO - Processing file /usr/local/python/3.10.8/lib/python3.10/site-packages/airflow/example_dags/example_sensor_decorator.py for tasks to queue
[2023-11-17T20:16:42.036+0000] {logging_mixin.py:137} INFO - [2023-11-17T20:16:42.036+0000] {dagbag.py:538} INFO - Filling up the DagBag from /usr/local/python/3.10.8/lib/python3.10/site-packages/airflow/example_dags/example_sensor_decorator.py
[2023-11-17T20:16:42.064+0000] {processor.py:753} INFO - DAG(s) dict_keys(['example_sensor_decorator']) retrieved from /usr/local/python/3.10.8/lib/python3.10/site-packages/airflow/example_dags/example_sensor_decorator.py
[2023-11-17T20:16:42.078+0000] {logging_mixin.py:137} INFO - [2023-11-17T20:16:42.077+0000] {dag.py:2690} INFO - Sync 1 DAGs
[2023-11-17T20:16:42.093+0000] {logging_mixin.py:137} INFO - [2023-11-17T20:16:42.093+0000] {dag.py:3437} INFO - Setting next_dagrun for example_sensor_decorator to None, run_after=None
[2023-11-17T20:16:42.134+0000] {processor.py:175} INFO - Processing /usr/local/python/3.10.8/lib/python3.10/site-packages/airflow/example_dags/example_sensor_decorator.py took 0.101 seconds
[2023-11-17T20:17:25.341+0000] {processor.py:153} INFO - Started process (PID=16063) to work on /usr/local/python/3.10.8/lib/python3.10/site-packages/airflow/example_dags/example_sensor_decorator.py
[2023-11-17T20:17:25.342+0000] {processor.py:743} INFO - Processing file /usr/local/python/3.10.8/lib/python3.10/site-packages/airflow/example_dags/example_sensor_decorator.py for tasks to queue
[2023-11-17T20:17:25.342+0000] {logging_mixin.py:137} INFO - [2023-11-17T20:17:25.342+0000] {dagbag.py:538} INFO - Filling up the DagBag from /usr/local/python/3.10.8/lib/python3.10/site-packages/airflow/example_dags/example_sensor_decorator.py
[2023-11-17T20:17:25.364+0000] {processor.py:753} INFO - DAG(s) dict_keys(['example_sensor_decorator']) retrieved from /usr/local/python/3.10.8/lib/python3.10/site-packages/airflow/example_dags/example_sensor_decorator.py
[2023-11-17T20:17:25.379+0000] {logging_mixin.py:137} INFO - [2023-11-17T20:17:25.379+0000] {dag.py:2690} INFO - Sync 1 DAGs
[2023-11-17T20:17:25.394+0000] {logging_mixin.py:137} INFO - [2023-11-17T20:17:25.394+0000] {dag.py:3437} INFO - Setting next_dagrun for example_sensor_decorator to None, run_after=None
[2023-11-17T20:17:25.437+0000] {processor.py:175} INFO - Processing /usr/local/python/3.10.8/lib/python3.10/site-packages/airflow/example_dags/example_sensor_decorator.py took 0.097 seconds
