[2023-11-17T20:12:06.342+0000] {processor.py:153} INFO - Started process (PID=13166) to work on /usr/local/python/3.10.8/lib/python3.10/site-packages/airflow/example_dags/example_branch_python_dop_operator_3.py
[2023-11-17T20:12:06.343+0000] {processor.py:743} INFO - Processing file /usr/local/python/3.10.8/lib/python3.10/site-packages/airflow/example_dags/example_branch_python_dop_operator_3.py for tasks to queue
[2023-11-17T20:12:06.343+0000] {logging_mixin.py:137} INFO - [2023-11-17T20:12:06.343+0000] {dagbag.py:538} INFO - Filling up the DagBag from /usr/local/python/3.10.8/lib/python3.10/site-packages/airflow/example_dags/example_branch_python_dop_operator_3.py
[2023-11-17T20:12:06.365+0000] {processor.py:753} INFO - DAG(s) dict_keys(['example_branch_dop_operator_v3']) retrieved from /usr/local/python/3.10.8/lib/python3.10/site-packages/airflow/example_dags/example_branch_python_dop_operator_3.py
[2023-11-17T20:12:06.509+0000] {logging_mixin.py:137} INFO - [2023-11-17T20:12:06.509+0000] {manager.py:504} INFO - Created Permission View: can edit on DAG:example_branch_dop_operator_v3
[2023-11-17T20:12:06.541+0000] {logging_mixin.py:137} INFO - [2023-11-17T20:12:06.541+0000] {manager.py:504} INFO - Created Permission View: can delete on DAG:example_branch_dop_operator_v3
[2023-11-17T20:12:06.572+0000] {logging_mixin.py:137} INFO - [2023-11-17T20:12:06.572+0000] {manager.py:504} INFO - Created Permission View: can read on DAG:example_branch_dop_operator_v3
[2023-11-17T20:12:06.572+0000] {logging_mixin.py:137} INFO - [2023-11-17T20:12:06.572+0000] {dag.py:2690} INFO - Sync 1 DAGs
[2023-11-17T20:12:06.580+0000] {logging_mixin.py:137} INFO - [2023-11-17T20:12:06.580+0000] {dag.py:2711} INFO - Creating ORM DAG for example_branch_dop_operator_v3
[2023-11-17T20:12:06.592+0000] {logging_mixin.py:137} INFO - [2023-11-17T20:12:06.592+0000] {dag.py:3437} INFO - Setting next_dagrun for example_branch_dop_operator_v3 to 2023-11-17T20:11:00+00:00, run_after=2023-11-17T20:12:00+00:00
[2023-11-17T20:12:06.638+0000] {processor.py:175} INFO - Processing /usr/local/python/3.10.8/lib/python3.10/site-packages/airflow/example_dags/example_branch_python_dop_operator_3.py took 0.298 seconds
[2023-11-17T20:12:48.154+0000] {processor.py:153} INFO - Started process (PID=13448) to work on /usr/local/python/3.10.8/lib/python3.10/site-packages/airflow/example_dags/example_branch_python_dop_operator_3.py
[2023-11-17T20:12:48.154+0000] {processor.py:743} INFO - Processing file /usr/local/python/3.10.8/lib/python3.10/site-packages/airflow/example_dags/example_branch_python_dop_operator_3.py for tasks to queue
[2023-11-17T20:12:48.155+0000] {logging_mixin.py:137} INFO - [2023-11-17T20:12:48.155+0000] {dagbag.py:538} INFO - Filling up the DagBag from /usr/local/python/3.10.8/lib/python3.10/site-packages/airflow/example_dags/example_branch_python_dop_operator_3.py
[2023-11-17T20:12:48.178+0000] {processor.py:753} INFO - DAG(s) dict_keys(['example_branch_dop_operator_v3']) retrieved from /usr/local/python/3.10.8/lib/python3.10/site-packages/airflow/example_dags/example_branch_python_dop_operator_3.py
[2023-11-17T20:12:48.192+0000] {logging_mixin.py:137} INFO - [2023-11-17T20:12:48.192+0000] {dag.py:2690} INFO - Sync 1 DAGs
[2023-11-17T20:12:48.211+0000] {logging_mixin.py:137} INFO - [2023-11-17T20:12:48.211+0000] {dag.py:3437} INFO - Setting next_dagrun for example_branch_dop_operator_v3 to 2023-11-17T20:11:00+00:00, run_after=2023-11-17T20:12:00+00:00
[2023-11-17T20:12:48.252+0000] {processor.py:175} INFO - Processing /usr/local/python/3.10.8/lib/python3.10/site-packages/airflow/example_dags/example_branch_python_dop_operator_3.py took 0.101 seconds
[2023-11-17T20:13:27.839+0000] {processor.py:153} INFO - Started process (PID=13727) to work on /usr/local/python/3.10.8/lib/python3.10/site-packages/airflow/example_dags/example_branch_python_dop_operator_3.py
[2023-11-17T20:13:27.840+0000] {processor.py:743} INFO - Processing file /usr/local/python/3.10.8/lib/python3.10/site-packages/airflow/example_dags/example_branch_python_dop_operator_3.py for tasks to queue
[2023-11-17T20:13:27.840+0000] {logging_mixin.py:137} INFO - [2023-11-17T20:13:27.840+0000] {dagbag.py:538} INFO - Filling up the DagBag from /usr/local/python/3.10.8/lib/python3.10/site-packages/airflow/example_dags/example_branch_python_dop_operator_3.py
[2023-11-17T20:13:27.862+0000] {processor.py:753} INFO - DAG(s) dict_keys(['example_branch_dop_operator_v3']) retrieved from /usr/local/python/3.10.8/lib/python3.10/site-packages/airflow/example_dags/example_branch_python_dop_operator_3.py
[2023-11-17T20:13:27.876+0000] {logging_mixin.py:137} INFO - [2023-11-17T20:13:27.876+0000] {dag.py:2690} INFO - Sync 1 DAGs
[2023-11-17T20:13:27.903+0000] {logging_mixin.py:137} INFO - [2023-11-17T20:13:27.903+0000] {dag.py:3437} INFO - Setting next_dagrun for example_branch_dop_operator_v3 to 2023-11-17T20:12:00+00:00, run_after=2023-11-17T20:13:00+00:00
[2023-11-17T20:13:27.944+0000] {processor.py:175} INFO - Processing /usr/local/python/3.10.8/lib/python3.10/site-packages/airflow/example_dags/example_branch_python_dop_operator_3.py took 0.108 seconds
[2023-11-17T20:14:06.804+0000] {processor.py:153} INFO - Started process (PID=14077) to work on /usr/local/python/3.10.8/lib/python3.10/site-packages/airflow/example_dags/example_branch_python_dop_operator_3.py
[2023-11-17T20:14:06.805+0000] {processor.py:743} INFO - Processing file /usr/local/python/3.10.8/lib/python3.10/site-packages/airflow/example_dags/example_branch_python_dop_operator_3.py for tasks to queue
[2023-11-17T20:14:06.805+0000] {logging_mixin.py:137} INFO - [2023-11-17T20:14:06.805+0000] {dagbag.py:538} INFO - Filling up the DagBag from /usr/local/python/3.10.8/lib/python3.10/site-packages/airflow/example_dags/example_branch_python_dop_operator_3.py
[2023-11-17T20:14:06.826+0000] {processor.py:753} INFO - DAG(s) dict_keys(['example_branch_dop_operator_v3']) retrieved from /usr/local/python/3.10.8/lib/python3.10/site-packages/airflow/example_dags/example_branch_python_dop_operator_3.py
[2023-11-17T20:14:06.840+0000] {logging_mixin.py:137} INFO - [2023-11-17T20:14:06.840+0000] {dag.py:2690} INFO - Sync 1 DAGs
[2023-11-17T20:14:06.860+0000] {logging_mixin.py:137} INFO - [2023-11-17T20:14:06.860+0000] {dag.py:3437} INFO - Setting next_dagrun for example_branch_dop_operator_v3 to 2023-11-17T20:13:00+00:00, run_after=2023-11-17T20:14:00+00:00
[2023-11-17T20:14:06.900+0000] {processor.py:175} INFO - Processing /usr/local/python/3.10.8/lib/python3.10/site-packages/airflow/example_dags/example_branch_python_dop_operator_3.py took 0.098 seconds
[2023-11-17T20:14:48.915+0000] {processor.py:153} INFO - Started process (PID=14429) to work on /usr/local/python/3.10.8/lib/python3.10/site-packages/airflow/example_dags/example_branch_python_dop_operator_3.py
[2023-11-17T20:14:48.916+0000] {processor.py:743} INFO - Processing file /usr/local/python/3.10.8/lib/python3.10/site-packages/airflow/example_dags/example_branch_python_dop_operator_3.py for tasks to queue
[2023-11-17T20:14:48.916+0000] {logging_mixin.py:137} INFO - [2023-11-17T20:14:48.916+0000] {dagbag.py:538} INFO - Filling up the DagBag from /usr/local/python/3.10.8/lib/python3.10/site-packages/airflow/example_dags/example_branch_python_dop_operator_3.py
[2023-11-17T20:14:48.938+0000] {processor.py:753} INFO - DAG(s) dict_keys(['example_branch_dop_operator_v3']) retrieved from /usr/local/python/3.10.8/lib/python3.10/site-packages/airflow/example_dags/example_branch_python_dop_operator_3.py
[2023-11-17T20:14:48.952+0000] {logging_mixin.py:137} INFO - [2023-11-17T20:14:48.952+0000] {dag.py:2690} INFO - Sync 1 DAGs
[2023-11-17T20:14:48.971+0000] {logging_mixin.py:137} INFO - [2023-11-17T20:14:48.971+0000] {dag.py:3437} INFO - Setting next_dagrun for example_branch_dop_operator_v3 to 2023-11-17T20:13:00+00:00, run_after=2023-11-17T20:14:00+00:00
[2023-11-17T20:14:49.009+0000] {processor.py:175} INFO - Processing /usr/local/python/3.10.8/lib/python3.10/site-packages/airflow/example_dags/example_branch_python_dop_operator_3.py took 0.096 seconds
[2023-11-17T20:15:31.400+0000] {processor.py:153} INFO - Started process (PID=14838) to work on /usr/local/python/3.10.8/lib/python3.10/site-packages/airflow/example_dags/example_branch_python_dop_operator_3.py
[2023-11-17T20:15:31.401+0000] {processor.py:743} INFO - Processing file /usr/local/python/3.10.8/lib/python3.10/site-packages/airflow/example_dags/example_branch_python_dop_operator_3.py for tasks to queue
[2023-11-17T20:15:31.401+0000] {logging_mixin.py:137} INFO - [2023-11-17T20:15:31.401+0000] {dagbag.py:538} INFO - Filling up the DagBag from /usr/local/python/3.10.8/lib/python3.10/site-packages/airflow/example_dags/example_branch_python_dop_operator_3.py
[2023-11-17T20:15:31.423+0000] {processor.py:753} INFO - DAG(s) dict_keys(['example_branch_dop_operator_v3']) retrieved from /usr/local/python/3.10.8/lib/python3.10/site-packages/airflow/example_dags/example_branch_python_dop_operator_3.py
[2023-11-17T20:15:31.439+0000] {logging_mixin.py:137} INFO - [2023-11-17T20:15:31.439+0000] {dag.py:2690} INFO - Sync 1 DAGs
[2023-11-17T20:15:31.458+0000] {logging_mixin.py:137} INFO - [2023-11-17T20:15:31.458+0000] {dag.py:3437} INFO - Setting next_dagrun for example_branch_dop_operator_v3 to 2023-11-17T20:14:00+00:00, run_after=2023-11-17T20:15:00+00:00
[2023-11-17T20:15:31.512+0000] {processor.py:175} INFO - Processing /usr/local/python/3.10.8/lib/python3.10/site-packages/airflow/example_dags/example_branch_python_dop_operator_3.py took 0.113 seconds
[2023-11-17T20:16:11.877+0000] {processor.py:153} INFO - Started process (PID=15265) to work on /usr/local/python/3.10.8/lib/python3.10/site-packages/airflow/example_dags/example_branch_python_dop_operator_3.py
[2023-11-17T20:16:11.877+0000] {processor.py:743} INFO - Processing file /usr/local/python/3.10.8/lib/python3.10/site-packages/airflow/example_dags/example_branch_python_dop_operator_3.py for tasks to queue
[2023-11-17T20:16:11.878+0000] {logging_mixin.py:137} INFO - [2023-11-17T20:16:11.878+0000] {dagbag.py:538} INFO - Filling up the DagBag from /usr/local/python/3.10.8/lib/python3.10/site-packages/airflow/example_dags/example_branch_python_dop_operator_3.py
[2023-11-17T20:16:11.899+0000] {processor.py:753} INFO - DAG(s) dict_keys(['example_branch_dop_operator_v3']) retrieved from /usr/local/python/3.10.8/lib/python3.10/site-packages/airflow/example_dags/example_branch_python_dop_operator_3.py
[2023-11-17T20:16:11.915+0000] {logging_mixin.py:137} INFO - [2023-11-17T20:16:11.914+0000] {dag.py:2690} INFO - Sync 1 DAGs
[2023-11-17T20:16:11.934+0000] {logging_mixin.py:137} INFO - [2023-11-17T20:16:11.934+0000] {dag.py:3437} INFO - Setting next_dagrun for example_branch_dop_operator_v3 to 2023-11-17T20:15:00+00:00, run_after=2023-11-17T20:16:00+00:00
[2023-11-17T20:16:11.973+0000] {processor.py:175} INFO - Processing /usr/local/python/3.10.8/lib/python3.10/site-packages/airflow/example_dags/example_branch_python_dop_operator_3.py took 0.099 seconds
[2023-11-17T20:16:51.293+0000] {processor.py:153} INFO - Started process (PID=15689) to work on /usr/local/python/3.10.8/lib/python3.10/site-packages/airflow/example_dags/example_branch_python_dop_operator_3.py
[2023-11-17T20:16:51.294+0000] {processor.py:743} INFO - Processing file /usr/local/python/3.10.8/lib/python3.10/site-packages/airflow/example_dags/example_branch_python_dop_operator_3.py for tasks to queue
[2023-11-17T20:16:51.295+0000] {logging_mixin.py:137} INFO - [2023-11-17T20:16:51.294+0000] {dagbag.py:538} INFO - Filling up the DagBag from /usr/local/python/3.10.8/lib/python3.10/site-packages/airflow/example_dags/example_branch_python_dop_operator_3.py
[2023-11-17T20:16:51.326+0000] {processor.py:753} INFO - DAG(s) dict_keys(['example_branch_dop_operator_v3']) retrieved from /usr/local/python/3.10.8/lib/python3.10/site-packages/airflow/example_dags/example_branch_python_dop_operator_3.py
[2023-11-17T20:16:51.344+0000] {logging_mixin.py:137} INFO - [2023-11-17T20:16:51.344+0000] {dag.py:2690} INFO - Sync 1 DAGs
[2023-11-17T20:16:51.363+0000] {logging_mixin.py:137} INFO - [2023-11-17T20:16:51.363+0000] {dag.py:3437} INFO - Setting next_dagrun for example_branch_dop_operator_v3 to 2023-11-17T20:15:00+00:00, run_after=2023-11-17T20:16:00+00:00
[2023-11-17T20:16:53.019+0000] {processor.py:175} INFO - Processing /usr/local/python/3.10.8/lib/python3.10/site-packages/airflow/example_dags/example_branch_python_dop_operator_3.py took 1.730 seconds
[2023-11-17T20:17:39.487+0000] {processor.py:153} INFO - Started process (PID=16197) to work on /usr/local/python/3.10.8/lib/python3.10/site-packages/airflow/example_dags/example_branch_python_dop_operator_3.py
[2023-11-17T20:17:39.487+0000] {processor.py:743} INFO - Processing file /usr/local/python/3.10.8/lib/python3.10/site-packages/airflow/example_dags/example_branch_python_dop_operator_3.py for tasks to queue
[2023-11-17T20:17:39.488+0000] {logging_mixin.py:137} INFO - [2023-11-17T20:17:39.488+0000] {dagbag.py:538} INFO - Filling up the DagBag from /usr/local/python/3.10.8/lib/python3.10/site-packages/airflow/example_dags/example_branch_python_dop_operator_3.py
[2023-11-17T20:17:39.511+0000] {processor.py:753} INFO - DAG(s) dict_keys(['example_branch_dop_operator_v3']) retrieved from /usr/local/python/3.10.8/lib/python3.10/site-packages/airflow/example_dags/example_branch_python_dop_operator_3.py
[2023-11-17T20:17:39.526+0000] {logging_mixin.py:137} INFO - [2023-11-17T20:17:39.526+0000] {dag.py:2690} INFO - Sync 1 DAGs
[2023-11-17T20:17:39.545+0000] {logging_mixin.py:137} INFO - [2023-11-17T20:17:39.545+0000] {dag.py:3437} INFO - Setting next_dagrun for example_branch_dop_operator_v3 to 2023-11-17T20:16:00+00:00, run_after=2023-11-17T20:17:00+00:00
[2023-11-17T20:17:39.587+0000] {processor.py:175} INFO - Processing /usr/local/python/3.10.8/lib/python3.10/site-packages/airflow/example_dags/example_branch_python_dop_operator_3.py took 0.103 seconds
