[2023-11-17T20:11:33.816+0000] {processor.py:153} INFO - Started process (PID=12957) to work on /usr/local/python/3.10.8/lib/python3.10/site-packages/airflow/example_dags/example_sla_dag.py
[2023-11-17T20:11:33.817+0000] {processor.py:743} INFO - Processing file /usr/local/python/3.10.8/lib/python3.10/site-packages/airflow/example_dags/example_sla_dag.py for tasks to queue
[2023-11-17T20:11:33.818+0000] {logging_mixin.py:137} INFO - [2023-11-17T20:11:33.818+0000] {dagbag.py:538} INFO - Filling up the DagBag from /usr/local/python/3.10.8/lib/python3.10/site-packages/airflow/example_dags/example_sla_dag.py
[2023-11-17T20:11:33.851+0000] {processor.py:753} INFO - DAG(s) dict_keys(['example_sla_dag']) retrieved from /usr/local/python/3.10.8/lib/python3.10/site-packages/airflow/example_dags/example_sla_dag.py
[2023-11-17T20:11:33.992+0000] {logging_mixin.py:137} INFO - [2023-11-17T20:11:33.992+0000] {manager.py:504} INFO - Created Permission View: can edit on DAG:example_sla_dag
[2023-11-17T20:11:34.024+0000] {logging_mixin.py:137} INFO - [2023-11-17T20:11:34.024+0000] {manager.py:504} INFO - Created Permission View: can delete on DAG:example_sla_dag
[2023-11-17T20:11:34.055+0000] {logging_mixin.py:137} INFO - [2023-11-17T20:11:34.055+0000] {manager.py:504} INFO - Created Permission View: can read on DAG:example_sla_dag
[2023-11-17T20:11:34.055+0000] {logging_mixin.py:137} INFO - [2023-11-17T20:11:34.055+0000] {dag.py:2690} INFO - Sync 1 DAGs
[2023-11-17T20:11:34.063+0000] {logging_mixin.py:137} INFO - [2023-11-17T20:11:34.063+0000] {dag.py:2711} INFO - Creating ORM DAG for example_sla_dag
[2023-11-17T20:11:34.073+0000] {logging_mixin.py:137} INFO - [2023-11-17T20:11:34.073+0000] {dag.py:3437} INFO - Setting next_dagrun for example_sla_dag to 2023-11-17T20:08:00+00:00, run_after=2023-11-17T20:10:00+00:00
[2023-11-17T20:11:34.117+0000] {processor.py:175} INFO - Processing /usr/local/python/3.10.8/lib/python3.10/site-packages/airflow/example_dags/example_sla_dag.py took 0.304 seconds
[2023-11-17T20:12:22.199+0000] {processor.py:153} INFO - Started process (PID=13281) to work on /usr/local/python/3.10.8/lib/python3.10/site-packages/airflow/example_dags/example_sla_dag.py
[2023-11-17T20:12:22.200+0000] {processor.py:743} INFO - Processing file /usr/local/python/3.10.8/lib/python3.10/site-packages/airflow/example_dags/example_sla_dag.py for tasks to queue
[2023-11-17T20:12:22.201+0000] {logging_mixin.py:137} INFO - [2023-11-17T20:12:22.201+0000] {dagbag.py:538} INFO - Filling up the DagBag from /usr/local/python/3.10.8/lib/python3.10/site-packages/airflow/example_dags/example_sla_dag.py
[2023-11-17T20:12:22.223+0000] {processor.py:753} INFO - DAG(s) dict_keys(['example_sla_dag']) retrieved from /usr/local/python/3.10.8/lib/python3.10/site-packages/airflow/example_dags/example_sla_dag.py
[2023-11-17T20:12:22.237+0000] {logging_mixin.py:137} INFO - [2023-11-17T20:12:22.237+0000] {dag.py:2690} INFO - Sync 1 DAGs
[2023-11-17T20:12:22.255+0000] {logging_mixin.py:137} INFO - [2023-11-17T20:12:22.255+0000] {dag.py:3437} INFO - Setting next_dagrun for example_sla_dag to 2023-11-17T20:10:00+00:00, run_after=2023-11-17T20:12:00+00:00
[2023-11-17T20:12:22.294+0000] {processor.py:175} INFO - Processing /usr/local/python/3.10.8/lib/python3.10/site-packages/airflow/example_dags/example_sla_dag.py took 0.097 seconds
[2023-11-17T20:12:59.862+0000] {processor.py:153} INFO - Started process (PID=13544) to work on /usr/local/python/3.10.8/lib/python3.10/site-packages/airflow/example_dags/example_sla_dag.py
[2023-11-17T20:12:59.862+0000] {processor.py:743} INFO - Processing file /usr/local/python/3.10.8/lib/python3.10/site-packages/airflow/example_dags/example_sla_dag.py for tasks to queue
[2023-11-17T20:12:59.863+0000] {logging_mixin.py:137} INFO - [2023-11-17T20:12:59.863+0000] {dagbag.py:538} INFO - Filling up the DagBag from /usr/local/python/3.10.8/lib/python3.10/site-packages/airflow/example_dags/example_sla_dag.py
[2023-11-17T20:12:59.885+0000] {processor.py:753} INFO - DAG(s) dict_keys(['example_sla_dag']) retrieved from /usr/local/python/3.10.8/lib/python3.10/site-packages/airflow/example_dags/example_sla_dag.py
[2023-11-17T20:12:59.899+0000] {logging_mixin.py:137} INFO - [2023-11-17T20:12:59.899+0000] {dag.py:2690} INFO - Sync 1 DAGs
[2023-11-17T20:12:59.917+0000] {logging_mixin.py:137} INFO - [2023-11-17T20:12:59.917+0000] {dag.py:3437} INFO - Setting next_dagrun for example_sla_dag to 2023-11-17T20:10:00+00:00, run_after=2023-11-17T20:12:00+00:00
[2023-11-17T20:12:59.957+0000] {processor.py:175} INFO - Processing /usr/local/python/3.10.8/lib/python3.10/site-packages/airflow/example_dags/example_sla_dag.py took 0.098 seconds
[2023-11-17T20:13:38.281+0000] {processor.py:153} INFO - Started process (PID=13798) to work on /usr/local/python/3.10.8/lib/python3.10/site-packages/airflow/example_dags/example_sla_dag.py
[2023-11-17T20:13:38.282+0000] {processor.py:743} INFO - Processing file /usr/local/python/3.10.8/lib/python3.10/site-packages/airflow/example_dags/example_sla_dag.py for tasks to queue
[2023-11-17T20:13:38.282+0000] {logging_mixin.py:137} INFO - [2023-11-17T20:13:38.282+0000] {dagbag.py:538} INFO - Filling up the DagBag from /usr/local/python/3.10.8/lib/python3.10/site-packages/airflow/example_dags/example_sla_dag.py
[2023-11-17T20:13:38.305+0000] {processor.py:753} INFO - DAG(s) dict_keys(['example_sla_dag']) retrieved from /usr/local/python/3.10.8/lib/python3.10/site-packages/airflow/example_dags/example_sla_dag.py
[2023-11-17T20:13:38.319+0000] {logging_mixin.py:137} INFO - [2023-11-17T20:13:38.319+0000] {dag.py:2690} INFO - Sync 1 DAGs
[2023-11-17T20:13:38.336+0000] {logging_mixin.py:137} INFO - [2023-11-17T20:13:38.336+0000] {dag.py:3437} INFO - Setting next_dagrun for example_sla_dag to 2023-11-17T20:10:00+00:00, run_after=2023-11-17T20:12:00+00:00
[2023-11-17T20:13:38.379+0000] {processor.py:175} INFO - Processing /usr/local/python/3.10.8/lib/python3.10/site-packages/airflow/example_dags/example_sla_dag.py took 0.099 seconds
[2023-11-17T20:14:18.494+0000] {processor.py:153} INFO - Started process (PID=14169) to work on /usr/local/python/3.10.8/lib/python3.10/site-packages/airflow/example_dags/example_sla_dag.py
[2023-11-17T20:14:18.494+0000] {processor.py:743} INFO - Processing file /usr/local/python/3.10.8/lib/python3.10/site-packages/airflow/example_dags/example_sla_dag.py for tasks to queue
[2023-11-17T20:14:18.495+0000] {logging_mixin.py:137} INFO - [2023-11-17T20:14:18.495+0000] {dagbag.py:538} INFO - Filling up the DagBag from /usr/local/python/3.10.8/lib/python3.10/site-packages/airflow/example_dags/example_sla_dag.py
[2023-11-17T20:14:18.516+0000] {processor.py:753} INFO - DAG(s) dict_keys(['example_sla_dag']) retrieved from /usr/local/python/3.10.8/lib/python3.10/site-packages/airflow/example_dags/example_sla_dag.py
[2023-11-17T20:14:18.530+0000] {logging_mixin.py:137} INFO - [2023-11-17T20:14:18.530+0000] {dag.py:2690} INFO - Sync 1 DAGs
[2023-11-17T20:14:18.548+0000] {logging_mixin.py:137} INFO - [2023-11-17T20:14:18.548+0000] {dag.py:3437} INFO - Setting next_dagrun for example_sla_dag to 2023-11-17T20:12:00+00:00, run_after=2023-11-17T20:14:00+00:00
[2023-11-17T20:14:18.592+0000] {processor.py:175} INFO - Processing /usr/local/python/3.10.8/lib/python3.10/site-packages/airflow/example_dags/example_sla_dag.py took 0.100 seconds
[2023-11-17T20:14:58.320+0000] {processor.py:153} INFO - Started process (PID=14538) to work on /usr/local/python/3.10.8/lib/python3.10/site-packages/airflow/example_dags/example_sla_dag.py
[2023-11-17T20:14:58.320+0000] {processor.py:743} INFO - Processing file /usr/local/python/3.10.8/lib/python3.10/site-packages/airflow/example_dags/example_sla_dag.py for tasks to queue
[2023-11-17T20:14:58.321+0000] {logging_mixin.py:137} INFO - [2023-11-17T20:14:58.321+0000] {dagbag.py:538} INFO - Filling up the DagBag from /usr/local/python/3.10.8/lib/python3.10/site-packages/airflow/example_dags/example_sla_dag.py
[2023-11-17T20:14:58.341+0000] {processor.py:753} INFO - DAG(s) dict_keys(['example_sla_dag']) retrieved from /usr/local/python/3.10.8/lib/python3.10/site-packages/airflow/example_dags/example_sla_dag.py
[2023-11-17T20:14:58.355+0000] {logging_mixin.py:137} INFO - [2023-11-17T20:14:58.355+0000] {dag.py:2690} INFO - Sync 1 DAGs
[2023-11-17T20:14:58.374+0000] {logging_mixin.py:137} INFO - [2023-11-17T20:14:58.373+0000] {dag.py:3437} INFO - Setting next_dagrun for example_sla_dag to 2023-11-17T20:12:00+00:00, run_after=2023-11-17T20:14:00+00:00
[2023-11-17T20:14:58.411+0000] {processor.py:175} INFO - Processing /usr/local/python/3.10.8/lib/python3.10/site-packages/airflow/example_dags/example_sla_dag.py took 0.094 seconds
[2023-11-17T20:15:38.922+0000] {processor.py:153} INFO - Started process (PID=14915) to work on /usr/local/python/3.10.8/lib/python3.10/site-packages/airflow/example_dags/example_sla_dag.py
[2023-11-17T20:15:38.923+0000] {processor.py:743} INFO - Processing file /usr/local/python/3.10.8/lib/python3.10/site-packages/airflow/example_dags/example_sla_dag.py for tasks to queue
[2023-11-17T20:15:38.924+0000] {logging_mixin.py:137} INFO - [2023-11-17T20:15:38.923+0000] {dagbag.py:538} INFO - Filling up the DagBag from /usr/local/python/3.10.8/lib/python3.10/site-packages/airflow/example_dags/example_sla_dag.py
[2023-11-17T20:15:38.944+0000] {processor.py:753} INFO - DAG(s) dict_keys(['example_sla_dag']) retrieved from /usr/local/python/3.10.8/lib/python3.10/site-packages/airflow/example_dags/example_sla_dag.py
[2023-11-17T20:15:38.959+0000] {logging_mixin.py:137} INFO - [2023-11-17T20:15:38.959+0000] {dag.py:2690} INFO - Sync 1 DAGs
[2023-11-17T20:15:38.977+0000] {logging_mixin.py:137} INFO - [2023-11-17T20:15:38.977+0000] {dag.py:3437} INFO - Setting next_dagrun for example_sla_dag to 2023-11-17T20:12:00+00:00, run_after=2023-11-17T20:14:00+00:00
[2023-11-17T20:15:39.015+0000] {processor.py:175} INFO - Processing /usr/local/python/3.10.8/lib/python3.10/site-packages/airflow/example_dags/example_sla_dag.py took 0.094 seconds
[2023-11-17T20:16:20.875+0000] {processor.py:153} INFO - Started process (PID=15380) to work on /usr/local/python/3.10.8/lib/python3.10/site-packages/airflow/example_dags/example_sla_dag.py
[2023-11-17T20:16:20.878+0000] {processor.py:743} INFO - Processing file /usr/local/python/3.10.8/lib/python3.10/site-packages/airflow/example_dags/example_sla_dag.py for tasks to queue
[2023-11-17T20:16:20.879+0000] {logging_mixin.py:137} INFO - [2023-11-17T20:16:20.879+0000] {dagbag.py:538} INFO - Filling up the DagBag from /usr/local/python/3.10.8/lib/python3.10/site-packages/airflow/example_dags/example_sla_dag.py
[2023-11-17T20:16:20.900+0000] {processor.py:753} INFO - DAG(s) dict_keys(['example_sla_dag']) retrieved from /usr/local/python/3.10.8/lib/python3.10/site-packages/airflow/example_dags/example_sla_dag.py
[2023-11-17T20:16:20.914+0000] {logging_mixin.py:137} INFO - [2023-11-17T20:16:20.913+0000] {dag.py:2690} INFO - Sync 1 DAGs
[2023-11-17T20:16:20.931+0000] {logging_mixin.py:137} INFO - [2023-11-17T20:16:20.931+0000] {dag.py:3437} INFO - Setting next_dagrun for example_sla_dag to 2023-11-17T20:14:00+00:00, run_after=2023-11-17T20:16:00+00:00
[2023-11-17T20:16:20.968+0000] {processor.py:175} INFO - Processing /usr/local/python/3.10.8/lib/python3.10/site-packages/airflow/example_dags/example_sla_dag.py took 0.095 seconds
[2023-11-17T20:17:00.471+0000] {processor.py:153} INFO - Started process (PID=15795) to work on /usr/local/python/3.10.8/lib/python3.10/site-packages/airflow/example_dags/example_sla_dag.py
[2023-11-17T20:17:00.472+0000] {processor.py:743} INFO - Processing file /usr/local/python/3.10.8/lib/python3.10/site-packages/airflow/example_dags/example_sla_dag.py for tasks to queue
[2023-11-17T20:17:00.473+0000] {logging_mixin.py:137} INFO - [2023-11-17T20:17:00.473+0000] {dagbag.py:538} INFO - Filling up the DagBag from /usr/local/python/3.10.8/lib/python3.10/site-packages/airflow/example_dags/example_sla_dag.py
[2023-11-17T20:17:00.494+0000] {processor.py:753} INFO - DAG(s) dict_keys(['example_sla_dag']) retrieved from /usr/local/python/3.10.8/lib/python3.10/site-packages/airflow/example_dags/example_sla_dag.py
[2023-11-17T20:17:00.508+0000] {logging_mixin.py:137} INFO - [2023-11-17T20:17:00.508+0000] {dag.py:2690} INFO - Sync 1 DAGs
[2023-11-17T20:17:00.526+0000] {logging_mixin.py:137} INFO - [2023-11-17T20:17:00.526+0000] {dag.py:3437} INFO - Setting next_dagrun for example_sla_dag to 2023-11-17T20:14:00+00:00, run_after=2023-11-17T20:16:00+00:00
[2023-11-17T20:17:00.563+0000] {processor.py:175} INFO - Processing /usr/local/python/3.10.8/lib/python3.10/site-packages/airflow/example_dags/example_sla_dag.py took 0.094 seconds
[2023-11-17T20:17:35.880+0000] {processor.py:153} INFO - Started process (PID=16176) to work on /usr/local/python/3.10.8/lib/python3.10/site-packages/airflow/example_dags/example_sla_dag.py
[2023-11-17T20:17:35.880+0000] {processor.py:743} INFO - Processing file /usr/local/python/3.10.8/lib/python3.10/site-packages/airflow/example_dags/example_sla_dag.py for tasks to queue
[2023-11-17T20:17:35.881+0000] {logging_mixin.py:137} INFO - [2023-11-17T20:17:35.881+0000] {dagbag.py:538} INFO - Filling up the DagBag from /usr/local/python/3.10.8/lib/python3.10/site-packages/airflow/example_dags/example_sla_dag.py
[2023-11-17T20:17:35.902+0000] {processor.py:753} INFO - DAG(s) dict_keys(['example_sla_dag']) retrieved from /usr/local/python/3.10.8/lib/python3.10/site-packages/airflow/example_dags/example_sla_dag.py
[2023-11-17T20:17:35.916+0000] {logging_mixin.py:137} INFO - [2023-11-17T20:17:35.916+0000] {dag.py:2690} INFO - Sync 1 DAGs
[2023-11-17T20:17:35.935+0000] {logging_mixin.py:137} INFO - [2023-11-17T20:17:35.934+0000] {dag.py:3437} INFO - Setting next_dagrun for example_sla_dag to 2023-11-17T20:14:00+00:00, run_after=2023-11-17T20:16:00+00:00
[2023-11-17T20:17:35.986+0000] {processor.py:175} INFO - Processing /usr/local/python/3.10.8/lib/python3.10/site-packages/airflow/example_dags/example_sla_dag.py took 0.109 seconds
