[2023-11-17T20:11:54.053+0000] {processor.py:153} INFO - Started process (PID=13090) to work on /usr/local/python/3.10.8/lib/python3.10/site-packages/airflow/example_dags/example_dynamic_task_mapping.py
[2023-11-17T20:11:54.054+0000] {processor.py:743} INFO - Processing file /usr/local/python/3.10.8/lib/python3.10/site-packages/airflow/example_dags/example_dynamic_task_mapping.py for tasks to queue
[2023-11-17T20:11:54.054+0000] {logging_mixin.py:137} INFO - [2023-11-17T20:11:54.054+0000] {dagbag.py:538} INFO - Filling up the DagBag from /usr/local/python/3.10.8/lib/python3.10/site-packages/airflow/example_dags/example_dynamic_task_mapping.py
[2023-11-17T20:11:54.075+0000] {processor.py:753} INFO - DAG(s) dict_keys(['example_dynamic_task_mapping']) retrieved from /usr/local/python/3.10.8/lib/python3.10/site-packages/airflow/example_dags/example_dynamic_task_mapping.py
[2023-11-17T20:11:54.220+0000] {logging_mixin.py:137} INFO - [2023-11-17T20:11:54.220+0000] {manager.py:504} INFO - Created Permission View: can edit on DAG:example_dynamic_task_mapping
[2023-11-17T20:11:54.250+0000] {logging_mixin.py:137} INFO - [2023-11-17T20:11:54.250+0000] {manager.py:504} INFO - Created Permission View: can delete on DAG:example_dynamic_task_mapping
[2023-11-17T20:11:54.278+0000] {logging_mixin.py:137} INFO - [2023-11-17T20:11:54.278+0000] {manager.py:504} INFO - Created Permission View: can read on DAG:example_dynamic_task_mapping
[2023-11-17T20:11:54.279+0000] {logging_mixin.py:137} INFO - [2023-11-17T20:11:54.279+0000] {dag.py:2690} INFO - Sync 1 DAGs
[2023-11-17T20:11:54.287+0000] {logging_mixin.py:137} INFO - [2023-11-17T20:11:54.287+0000] {dag.py:2711} INFO - Creating ORM DAG for example_dynamic_task_mapping
[2023-11-17T20:11:54.294+0000] {logging_mixin.py:137} INFO - [2023-11-17T20:11:54.294+0000] {dag.py:3437} INFO - Setting next_dagrun for example_dynamic_task_mapping to 2022-03-04T00:00:00+00:00, run_after=2022-03-05T00:00:00+00:00
[2023-11-17T20:11:54.335+0000] {processor.py:175} INFO - Processing /usr/local/python/3.10.8/lib/python3.10/site-packages/airflow/example_dags/example_dynamic_task_mapping.py took 0.284 seconds
[2023-11-17T20:12:39.154+0000] {processor.py:153} INFO - Started process (PID=13402) to work on /usr/local/python/3.10.8/lib/python3.10/site-packages/airflow/example_dags/example_dynamic_task_mapping.py
[2023-11-17T20:12:39.155+0000] {processor.py:743} INFO - Processing file /usr/local/python/3.10.8/lib/python3.10/site-packages/airflow/example_dags/example_dynamic_task_mapping.py for tasks to queue
[2023-11-17T20:12:39.155+0000] {logging_mixin.py:137} INFO - [2023-11-17T20:12:39.155+0000] {dagbag.py:538} INFO - Filling up the DagBag from /usr/local/python/3.10.8/lib/python3.10/site-packages/airflow/example_dags/example_dynamic_task_mapping.py
[2023-11-17T20:12:39.178+0000] {processor.py:753} INFO - DAG(s) dict_keys(['example_dynamic_task_mapping']) retrieved from /usr/local/python/3.10.8/lib/python3.10/site-packages/airflow/example_dags/example_dynamic_task_mapping.py
[2023-11-17T20:12:39.192+0000] {logging_mixin.py:137} INFO - [2023-11-17T20:12:39.191+0000] {dag.py:2690} INFO - Sync 1 DAGs
[2023-11-17T20:12:39.206+0000] {logging_mixin.py:137} INFO - [2023-11-17T20:12:39.206+0000] {dag.py:3437} INFO - Setting next_dagrun for example_dynamic_task_mapping to 2022-03-04T00:00:00+00:00, run_after=2022-03-05T00:00:00+00:00
[2023-11-17T20:12:39.246+0000] {processor.py:175} INFO - Processing /usr/local/python/3.10.8/lib/python3.10/site-packages/airflow/example_dags/example_dynamic_task_mapping.py took 0.094 seconds
[2023-11-17T20:13:18.576+0000] {processor.py:153} INFO - Started process (PID=13658) to work on /usr/local/python/3.10.8/lib/python3.10/site-packages/airflow/example_dags/example_dynamic_task_mapping.py
[2023-11-17T20:13:18.577+0000] {processor.py:743} INFO - Processing file /usr/local/python/3.10.8/lib/python3.10/site-packages/airflow/example_dags/example_dynamic_task_mapping.py for tasks to queue
[2023-11-17T20:13:18.577+0000] {logging_mixin.py:137} INFO - [2023-11-17T20:13:18.577+0000] {dagbag.py:538} INFO - Filling up the DagBag from /usr/local/python/3.10.8/lib/python3.10/site-packages/airflow/example_dags/example_dynamic_task_mapping.py
[2023-11-17T20:13:18.598+0000] {processor.py:753} INFO - DAG(s) dict_keys(['example_dynamic_task_mapping']) retrieved from /usr/local/python/3.10.8/lib/python3.10/site-packages/airflow/example_dags/example_dynamic_task_mapping.py
[2023-11-17T20:13:18.611+0000] {logging_mixin.py:137} INFO - [2023-11-17T20:13:18.611+0000] {dag.py:2690} INFO - Sync 1 DAGs
[2023-11-17T20:13:18.627+0000] {logging_mixin.py:137} INFO - [2023-11-17T20:13:18.627+0000] {dag.py:3437} INFO - Setting next_dagrun for example_dynamic_task_mapping to 2022-03-04T00:00:00+00:00, run_after=2022-03-05T00:00:00+00:00
[2023-11-17T20:13:18.669+0000] {processor.py:175} INFO - Processing /usr/local/python/3.10.8/lib/python3.10/site-packages/airflow/example_dags/example_dynamic_task_mapping.py took 0.095 seconds
[2023-11-17T20:13:57.765+0000] {processor.py:153} INFO - Started process (PID=13972) to work on /usr/local/python/3.10.8/lib/python3.10/site-packages/airflow/example_dags/example_dynamic_task_mapping.py
[2023-11-17T20:13:57.766+0000] {processor.py:743} INFO - Processing file /usr/local/python/3.10.8/lib/python3.10/site-packages/airflow/example_dags/example_dynamic_task_mapping.py for tasks to queue
[2023-11-17T20:13:57.767+0000] {logging_mixin.py:137} INFO - [2023-11-17T20:13:57.766+0000] {dagbag.py:538} INFO - Filling up the DagBag from /usr/local/python/3.10.8/lib/python3.10/site-packages/airflow/example_dags/example_dynamic_task_mapping.py
[2023-11-17T20:13:57.786+0000] {processor.py:753} INFO - DAG(s) dict_keys(['example_dynamic_task_mapping']) retrieved from /usr/local/python/3.10.8/lib/python3.10/site-packages/airflow/example_dags/example_dynamic_task_mapping.py
[2023-11-17T20:13:57.800+0000] {logging_mixin.py:137} INFO - [2023-11-17T20:13:57.800+0000] {dag.py:2690} INFO - Sync 1 DAGs
[2023-11-17T20:13:57.816+0000] {logging_mixin.py:137} INFO - [2023-11-17T20:13:57.816+0000] {dag.py:3437} INFO - Setting next_dagrun for example_dynamic_task_mapping to 2022-03-04T00:00:00+00:00, run_after=2022-03-05T00:00:00+00:00
[2023-11-17T20:13:57.857+0000] {processor.py:175} INFO - Processing /usr/local/python/3.10.8/lib/python3.10/site-packages/airflow/example_dags/example_dynamic_task_mapping.py took 0.094 seconds
[2023-11-17T20:14:38.469+0000] {processor.py:153} INFO - Started process (PID=14325) to work on /usr/local/python/3.10.8/lib/python3.10/site-packages/airflow/example_dags/example_dynamic_task_mapping.py
[2023-11-17T20:14:38.470+0000] {processor.py:743} INFO - Processing file /usr/local/python/3.10.8/lib/python3.10/site-packages/airflow/example_dags/example_dynamic_task_mapping.py for tasks to queue
[2023-11-17T20:14:38.470+0000] {logging_mixin.py:137} INFO - [2023-11-17T20:14:38.470+0000] {dagbag.py:538} INFO - Filling up the DagBag from /usr/local/python/3.10.8/lib/python3.10/site-packages/airflow/example_dags/example_dynamic_task_mapping.py
[2023-11-17T20:14:38.490+0000] {processor.py:753} INFO - DAG(s) dict_keys(['example_dynamic_task_mapping']) retrieved from /usr/local/python/3.10.8/lib/python3.10/site-packages/airflow/example_dags/example_dynamic_task_mapping.py
[2023-11-17T20:14:38.505+0000] {logging_mixin.py:137} INFO - [2023-11-17T20:14:38.504+0000] {dag.py:2690} INFO - Sync 1 DAGs
[2023-11-17T20:14:38.520+0000] {logging_mixin.py:137} INFO - [2023-11-17T20:14:38.520+0000] {dag.py:3437} INFO - Setting next_dagrun for example_dynamic_task_mapping to 2022-03-04T00:00:00+00:00, run_after=2022-03-05T00:00:00+00:00
[2023-11-17T20:14:38.559+0000] {processor.py:175} INFO - Processing /usr/local/python/3.10.8/lib/python3.10/site-packages/airflow/example_dags/example_dynamic_task_mapping.py took 0.092 seconds
[2023-11-17T20:15:20.217+0000] {processor.py:153} INFO - Started process (PID=14733) to work on /usr/local/python/3.10.8/lib/python3.10/site-packages/airflow/example_dags/example_dynamic_task_mapping.py
[2023-11-17T20:15:20.217+0000] {processor.py:743} INFO - Processing file /usr/local/python/3.10.8/lib/python3.10/site-packages/airflow/example_dags/example_dynamic_task_mapping.py for tasks to queue
[2023-11-17T20:15:20.218+0000] {logging_mixin.py:137} INFO - [2023-11-17T20:15:20.218+0000] {dagbag.py:538} INFO - Filling up the DagBag from /usr/local/python/3.10.8/lib/python3.10/site-packages/airflow/example_dags/example_dynamic_task_mapping.py
[2023-11-17T20:15:20.238+0000] {processor.py:753} INFO - DAG(s) dict_keys(['example_dynamic_task_mapping']) retrieved from /usr/local/python/3.10.8/lib/python3.10/site-packages/airflow/example_dags/example_dynamic_task_mapping.py
[2023-11-17T20:15:20.252+0000] {logging_mixin.py:137} INFO - [2023-11-17T20:15:20.252+0000] {dag.py:2690} INFO - Sync 1 DAGs
[2023-11-17T20:15:20.271+0000] {logging_mixin.py:137} INFO - [2023-11-17T20:15:20.271+0000] {dag.py:3437} INFO - Setting next_dagrun for example_dynamic_task_mapping to 2022-03-04T00:00:00+00:00, run_after=2022-03-05T00:00:00+00:00
[2023-11-17T20:15:20.307+0000] {processor.py:175} INFO - Processing /usr/local/python/3.10.8/lib/python3.10/site-packages/airflow/example_dags/example_dynamic_task_mapping.py took 0.093 seconds
[2023-11-17T20:16:00.503+0000] {processor.py:153} INFO - Started process (PID=15122) to work on /usr/local/python/3.10.8/lib/python3.10/site-packages/airflow/example_dags/example_dynamic_task_mapping.py
[2023-11-17T20:16:00.504+0000] {processor.py:743} INFO - Processing file /usr/local/python/3.10.8/lib/python3.10/site-packages/airflow/example_dags/example_dynamic_task_mapping.py for tasks to queue
[2023-11-17T20:16:00.505+0000] {logging_mixin.py:137} INFO - [2023-11-17T20:16:00.505+0000] {dagbag.py:538} INFO - Filling up the DagBag from /usr/local/python/3.10.8/lib/python3.10/site-packages/airflow/example_dags/example_dynamic_task_mapping.py
[2023-11-17T20:16:00.530+0000] {processor.py:753} INFO - DAG(s) dict_keys(['example_dynamic_task_mapping']) retrieved from /usr/local/python/3.10.8/lib/python3.10/site-packages/airflow/example_dags/example_dynamic_task_mapping.py
[2023-11-17T20:16:00.545+0000] {logging_mixin.py:137} INFO - [2023-11-17T20:16:00.544+0000] {dag.py:2690} INFO - Sync 1 DAGs
[2023-11-17T20:16:00.560+0000] {logging_mixin.py:137} INFO - [2023-11-17T20:16:00.560+0000] {dag.py:3437} INFO - Setting next_dagrun for example_dynamic_task_mapping to 2022-03-04T00:00:00+00:00, run_after=2022-03-05T00:00:00+00:00
[2023-11-17T20:16:00.598+0000] {processor.py:175} INFO - Processing /usr/local/python/3.10.8/lib/python3.10/site-packages/airflow/example_dags/example_dynamic_task_mapping.py took 0.098 seconds
[2023-11-17T20:16:40.412+0000] {processor.py:153} INFO - Started process (PID=15575) to work on /usr/local/python/3.10.8/lib/python3.10/site-packages/airflow/example_dags/example_dynamic_task_mapping.py
[2023-11-17T20:16:40.414+0000] {processor.py:743} INFO - Processing file /usr/local/python/3.10.8/lib/python3.10/site-packages/airflow/example_dags/example_dynamic_task_mapping.py for tasks to queue
[2023-11-17T20:16:40.417+0000] {logging_mixin.py:137} INFO - [2023-11-17T20:16:40.417+0000] {dagbag.py:538} INFO - Filling up the DagBag from /usr/local/python/3.10.8/lib/python3.10/site-packages/airflow/example_dags/example_dynamic_task_mapping.py
[2023-11-17T20:16:40.451+0000] {processor.py:753} INFO - DAG(s) dict_keys(['example_dynamic_task_mapping']) retrieved from /usr/local/python/3.10.8/lib/python3.10/site-packages/airflow/example_dags/example_dynamic_task_mapping.py
[2023-11-17T20:16:40.473+0000] {logging_mixin.py:137} INFO - [2023-11-17T20:16:40.473+0000] {dag.py:2690} INFO - Sync 1 DAGs
[2023-11-17T20:16:40.496+0000] {logging_mixin.py:137} INFO - [2023-11-17T20:16:40.496+0000] {dag.py:3437} INFO - Setting next_dagrun for example_dynamic_task_mapping to 2022-03-04T00:00:00+00:00, run_after=2022-03-05T00:00:00+00:00
[2023-11-17T20:16:40.540+0000] {processor.py:175} INFO - Processing /usr/local/python/3.10.8/lib/python3.10/site-packages/airflow/example_dags/example_dynamic_task_mapping.py took 0.132 seconds
[2023-11-17T20:17:23.578+0000] {processor.py:153} INFO - Started process (PID=16019) to work on /usr/local/python/3.10.8/lib/python3.10/site-packages/airflow/example_dags/example_dynamic_task_mapping.py
[2023-11-17T20:17:23.579+0000] {processor.py:743} INFO - Processing file /usr/local/python/3.10.8/lib/python3.10/site-packages/airflow/example_dags/example_dynamic_task_mapping.py for tasks to queue
[2023-11-17T20:17:23.580+0000] {logging_mixin.py:137} INFO - [2023-11-17T20:17:23.580+0000] {dagbag.py:538} INFO - Filling up the DagBag from /usr/local/python/3.10.8/lib/python3.10/site-packages/airflow/example_dags/example_dynamic_task_mapping.py
[2023-11-17T20:17:23.601+0000] {processor.py:753} INFO - DAG(s) dict_keys(['example_dynamic_task_mapping']) retrieved from /usr/local/python/3.10.8/lib/python3.10/site-packages/airflow/example_dags/example_dynamic_task_mapping.py
[2023-11-17T20:17:23.615+0000] {logging_mixin.py:137} INFO - [2023-11-17T20:17:23.615+0000] {dag.py:2690} INFO - Sync 1 DAGs
[2023-11-17T20:17:23.630+0000] {logging_mixin.py:137} INFO - [2023-11-17T20:17:23.630+0000] {dag.py:3437} INFO - Setting next_dagrun for example_dynamic_task_mapping to 2022-03-04T00:00:00+00:00, run_after=2022-03-05T00:00:00+00:00
[2023-11-17T20:17:23.670+0000] {processor.py:175} INFO - Processing /usr/local/python/3.10.8/lib/python3.10/site-packages/airflow/example_dags/example_dynamic_task_mapping.py took 0.095 seconds
