[2023-11-17T20:11:41.838+0000] {processor.py:153} INFO - Started process (PID=13008) to work on /usr/local/python/3.10.8/lib/python3.10/site-packages/airflow/example_dags/example_trigger_controller_dag.py
[2023-11-17T20:11:41.838+0000] {processor.py:743} INFO - Processing file /usr/local/python/3.10.8/lib/python3.10/site-packages/airflow/example_dags/example_trigger_controller_dag.py for tasks to queue
[2023-11-17T20:11:41.839+0000] {logging_mixin.py:137} INFO - [2023-11-17T20:11:41.839+0000] {dagbag.py:538} INFO - Filling up the DagBag from /usr/local/python/3.10.8/lib/python3.10/site-packages/airflow/example_dags/example_trigger_controller_dag.py
[2023-11-17T20:11:41.848+0000] {processor.py:753} INFO - DAG(s) dict_keys(['example_trigger_controller_dag']) retrieved from /usr/local/python/3.10.8/lib/python3.10/site-packages/airflow/example_dags/example_trigger_controller_dag.py
[2023-11-17T20:11:42.030+0000] {logging_mixin.py:137} INFO - [2023-11-17T20:11:42.030+0000] {manager.py:504} INFO - Created Permission View: can edit on DAG:example_trigger_controller_dag
[2023-11-17T20:11:42.063+0000] {logging_mixin.py:137} INFO - [2023-11-17T20:11:42.063+0000] {manager.py:504} INFO - Created Permission View: can delete on DAG:example_trigger_controller_dag
[2023-11-17T20:11:42.092+0000] {logging_mixin.py:137} INFO - [2023-11-17T20:11:42.092+0000] {manager.py:504} INFO - Created Permission View: can read on DAG:example_trigger_controller_dag
[2023-11-17T20:11:42.092+0000] {logging_mixin.py:137} INFO - [2023-11-17T20:11:42.092+0000] {dag.py:2690} INFO - Sync 1 DAGs
[2023-11-17T20:11:42.100+0000] {logging_mixin.py:137} INFO - [2023-11-17T20:11:42.100+0000] {dag.py:2711} INFO - Creating ORM DAG for example_trigger_controller_dag
[2023-11-17T20:11:42.106+0000] {logging_mixin.py:137} INFO - [2023-11-17T20:11:42.106+0000] {dag.py:3437} INFO - Setting next_dagrun for example_trigger_controller_dag to 2021-01-01T00:00:00+00:00, run_after=2021-01-01T00:00:00+00:00
[2023-11-17T20:11:42.156+0000] {processor.py:175} INFO - Processing /usr/local/python/3.10.8/lib/python3.10/site-packages/airflow/example_dags/example_trigger_controller_dag.py took 0.321 seconds
[2023-11-17T20:12:29.486+0000] {processor.py:153} INFO - Started process (PID=13333) to work on /usr/local/python/3.10.8/lib/python3.10/site-packages/airflow/example_dags/example_trigger_controller_dag.py
[2023-11-17T20:12:29.487+0000] {processor.py:743} INFO - Processing file /usr/local/python/3.10.8/lib/python3.10/site-packages/airflow/example_dags/example_trigger_controller_dag.py for tasks to queue
[2023-11-17T20:12:29.488+0000] {logging_mixin.py:137} INFO - [2023-11-17T20:12:29.487+0000] {dagbag.py:538} INFO - Filling up the DagBag from /usr/local/python/3.10.8/lib/python3.10/site-packages/airflow/example_dags/example_trigger_controller_dag.py
[2023-11-17T20:12:29.500+0000] {processor.py:753} INFO - DAG(s) dict_keys(['example_trigger_controller_dag']) retrieved from /usr/local/python/3.10.8/lib/python3.10/site-packages/airflow/example_dags/example_trigger_controller_dag.py
[2023-11-17T20:12:29.520+0000] {logging_mixin.py:137} INFO - [2023-11-17T20:12:29.520+0000] {dag.py:2690} INFO - Sync 1 DAGs
[2023-11-17T20:12:29.541+0000] {logging_mixin.py:137} INFO - [2023-11-17T20:12:29.540+0000] {dag.py:3437} INFO - Setting next_dagrun for example_trigger_controller_dag to 2021-01-01T00:00:00+00:00, run_after=2021-01-01T00:00:00+00:00
[2023-11-17T20:12:29.582+0000] {processor.py:175} INFO - Processing /usr/local/python/3.10.8/lib/python3.10/site-packages/airflow/example_dags/example_trigger_controller_dag.py took 0.098 seconds
[2023-11-17T20:13:08.534+0000] {processor.py:153} INFO - Started process (PID=13589) to work on /usr/local/python/3.10.8/lib/python3.10/site-packages/airflow/example_dags/example_trigger_controller_dag.py
[2023-11-17T20:13:08.535+0000] {processor.py:743} INFO - Processing file /usr/local/python/3.10.8/lib/python3.10/site-packages/airflow/example_dags/example_trigger_controller_dag.py for tasks to queue
[2023-11-17T20:13:08.536+0000] {logging_mixin.py:137} INFO - [2023-11-17T20:13:08.536+0000] {dagbag.py:538} INFO - Filling up the DagBag from /usr/local/python/3.10.8/lib/python3.10/site-packages/airflow/example_dags/example_trigger_controller_dag.py
[2023-11-17T20:13:08.547+0000] {processor.py:753} INFO - DAG(s) dict_keys(['example_trigger_controller_dag']) retrieved from /usr/local/python/3.10.8/lib/python3.10/site-packages/airflow/example_dags/example_trigger_controller_dag.py
[2023-11-17T20:13:08.560+0000] {logging_mixin.py:137} INFO - [2023-11-17T20:13:08.560+0000] {dag.py:2690} INFO - Sync 1 DAGs
[2023-11-17T20:13:08.575+0000] {logging_mixin.py:137} INFO - [2023-11-17T20:13:08.575+0000] {dag.py:3437} INFO - Setting next_dagrun for example_trigger_controller_dag to 2021-01-01T00:00:00+00:00, run_after=2021-01-01T00:00:00+00:00
[2023-11-17T20:13:08.629+0000] {processor.py:175} INFO - Processing /usr/local/python/3.10.8/lib/python3.10/site-packages/airflow/example_dags/example_trigger_controller_dag.py took 0.097 seconds
[2023-11-17T20:13:48.833+0000] {processor.py:153} INFO - Started process (PID=13872) to work on /usr/local/python/3.10.8/lib/python3.10/site-packages/airflow/example_dags/example_trigger_controller_dag.py
[2023-11-17T20:13:48.834+0000] {processor.py:743} INFO - Processing file /usr/local/python/3.10.8/lib/python3.10/site-packages/airflow/example_dags/example_trigger_controller_dag.py for tasks to queue
[2023-11-17T20:13:48.834+0000] {logging_mixin.py:137} INFO - [2023-11-17T20:13:48.834+0000] {dagbag.py:538} INFO - Filling up the DagBag from /usr/local/python/3.10.8/lib/python3.10/site-packages/airflow/example_dags/example_trigger_controller_dag.py
[2023-11-17T20:13:48.844+0000] {processor.py:753} INFO - DAG(s) dict_keys(['example_trigger_controller_dag']) retrieved from /usr/local/python/3.10.8/lib/python3.10/site-packages/airflow/example_dags/example_trigger_controller_dag.py
[2023-11-17T20:13:48.861+0000] {logging_mixin.py:137} INFO - [2023-11-17T20:13:48.861+0000] {dag.py:2690} INFO - Sync 1 DAGs
[2023-11-17T20:13:48.882+0000] {logging_mixin.py:137} INFO - [2023-11-17T20:13:48.882+0000] {dag.py:3437} INFO - Setting next_dagrun for example_trigger_controller_dag to 2021-01-01T00:00:00+00:00, run_after=2021-01-01T00:00:00+00:00
[2023-11-17T20:13:48.923+0000] {processor.py:175} INFO - Processing /usr/local/python/3.10.8/lib/python3.10/site-packages/airflow/example_dags/example_trigger_controller_dag.py took 0.094 seconds
[2023-11-17T20:14:28.713+0000] {processor.py:153} INFO - Started process (PID=14242) to work on /usr/local/python/3.10.8/lib/python3.10/site-packages/airflow/example_dags/example_trigger_controller_dag.py
[2023-11-17T20:14:28.714+0000] {processor.py:743} INFO - Processing file /usr/local/python/3.10.8/lib/python3.10/site-packages/airflow/example_dags/example_trigger_controller_dag.py for tasks to queue
[2023-11-17T20:14:28.714+0000] {logging_mixin.py:137} INFO - [2023-11-17T20:14:28.714+0000] {dagbag.py:538} INFO - Filling up the DagBag from /usr/local/python/3.10.8/lib/python3.10/site-packages/airflow/example_dags/example_trigger_controller_dag.py
[2023-11-17T20:14:28.724+0000] {processor.py:753} INFO - DAG(s) dict_keys(['example_trigger_controller_dag']) retrieved from /usr/local/python/3.10.8/lib/python3.10/site-packages/airflow/example_dags/example_trigger_controller_dag.py
[2023-11-17T20:14:28.739+0000] {logging_mixin.py:137} INFO - [2023-11-17T20:14:28.739+0000] {dag.py:2690} INFO - Sync 1 DAGs
[2023-11-17T20:14:28.755+0000] {logging_mixin.py:137} INFO - [2023-11-17T20:14:28.755+0000] {dag.py:3437} INFO - Setting next_dagrun for example_trigger_controller_dag to 2021-01-01T00:00:00+00:00, run_after=2021-01-01T00:00:00+00:00
[2023-11-17T20:14:28.795+0000] {processor.py:175} INFO - Processing /usr/local/python/3.10.8/lib/python3.10/site-packages/airflow/example_dags/example_trigger_controller_dag.py took 0.084 seconds
[2023-11-17T20:15:08.848+0000] {processor.py:153} INFO - Started process (PID=14649) to work on /usr/local/python/3.10.8/lib/python3.10/site-packages/airflow/example_dags/example_trigger_controller_dag.py
[2023-11-17T20:15:08.849+0000] {processor.py:743} INFO - Processing file /usr/local/python/3.10.8/lib/python3.10/site-packages/airflow/example_dags/example_trigger_controller_dag.py for tasks to queue
[2023-11-17T20:15:08.849+0000] {logging_mixin.py:137} INFO - [2023-11-17T20:15:08.849+0000] {dagbag.py:538} INFO - Filling up the DagBag from /usr/local/python/3.10.8/lib/python3.10/site-packages/airflow/example_dags/example_trigger_controller_dag.py
[2023-11-17T20:15:08.859+0000] {processor.py:753} INFO - DAG(s) dict_keys(['example_trigger_controller_dag']) retrieved from /usr/local/python/3.10.8/lib/python3.10/site-packages/airflow/example_dags/example_trigger_controller_dag.py
[2023-11-17T20:15:08.873+0000] {logging_mixin.py:137} INFO - [2023-11-17T20:15:08.873+0000] {dag.py:2690} INFO - Sync 1 DAGs
[2023-11-17T20:15:08.888+0000] {logging_mixin.py:137} INFO - [2023-11-17T20:15:08.888+0000] {dag.py:3437} INFO - Setting next_dagrun for example_trigger_controller_dag to 2021-01-01T00:00:00+00:00, run_after=2021-01-01T00:00:00+00:00
[2023-11-17T20:15:08.944+0000] {processor.py:175} INFO - Processing /usr/local/python/3.10.8/lib/python3.10/site-packages/airflow/example_dags/example_trigger_controller_dag.py took 0.098 seconds
[2023-11-17T20:15:50.531+0000] {processor.py:153} INFO - Started process (PID=15012) to work on /usr/local/python/3.10.8/lib/python3.10/site-packages/airflow/example_dags/example_trigger_controller_dag.py
[2023-11-17T20:15:50.532+0000] {processor.py:743} INFO - Processing file /usr/local/python/3.10.8/lib/python3.10/site-packages/airflow/example_dags/example_trigger_controller_dag.py for tasks to queue
[2023-11-17T20:15:50.532+0000] {logging_mixin.py:137} INFO - [2023-11-17T20:15:50.532+0000] {dagbag.py:538} INFO - Filling up the DagBag from /usr/local/python/3.10.8/lib/python3.10/site-packages/airflow/example_dags/example_trigger_controller_dag.py
[2023-11-17T20:15:50.542+0000] {processor.py:753} INFO - DAG(s) dict_keys(['example_trigger_controller_dag']) retrieved from /usr/local/python/3.10.8/lib/python3.10/site-packages/airflow/example_dags/example_trigger_controller_dag.py
[2023-11-17T20:15:50.556+0000] {logging_mixin.py:137} INFO - [2023-11-17T20:15:50.556+0000] {dag.py:2690} INFO - Sync 1 DAGs
[2023-11-17T20:15:50.571+0000] {logging_mixin.py:137} INFO - [2023-11-17T20:15:50.571+0000] {dag.py:3437} INFO - Setting next_dagrun for example_trigger_controller_dag to 2021-01-01T00:00:00+00:00, run_after=2021-01-01T00:00:00+00:00
[2023-11-17T20:15:50.610+0000] {processor.py:175} INFO - Processing /usr/local/python/3.10.8/lib/python3.10/site-packages/airflow/example_dags/example_trigger_controller_dag.py took 0.081 seconds
[2023-11-17T20:16:31.013+0000] {processor.py:153} INFO - Started process (PID=15495) to work on /usr/local/python/3.10.8/lib/python3.10/site-packages/airflow/example_dags/example_trigger_controller_dag.py
[2023-11-17T20:16:31.014+0000] {processor.py:743} INFO - Processing file /usr/local/python/3.10.8/lib/python3.10/site-packages/airflow/example_dags/example_trigger_controller_dag.py for tasks to queue
[2023-11-17T20:16:31.014+0000] {logging_mixin.py:137} INFO - [2023-11-17T20:16:31.014+0000] {dagbag.py:538} INFO - Filling up the DagBag from /usr/local/python/3.10.8/lib/python3.10/site-packages/airflow/example_dags/example_trigger_controller_dag.py
[2023-11-17T20:16:31.025+0000] {processor.py:753} INFO - DAG(s) dict_keys(['example_trigger_controller_dag']) retrieved from /usr/local/python/3.10.8/lib/python3.10/site-packages/airflow/example_dags/example_trigger_controller_dag.py
[2023-11-17T20:16:31.040+0000] {logging_mixin.py:137} INFO - [2023-11-17T20:16:31.039+0000] {dag.py:2690} INFO - Sync 1 DAGs
[2023-11-17T20:16:31.054+0000] {logging_mixin.py:137} INFO - [2023-11-17T20:16:31.054+0000] {dag.py:3437} INFO - Setting next_dagrun for example_trigger_controller_dag to 2021-01-01T00:00:00+00:00, run_after=2021-01-01T00:00:00+00:00
[2023-11-17T20:16:31.095+0000] {processor.py:175} INFO - Processing /usr/local/python/3.10.8/lib/python3.10/site-packages/airflow/example_dags/example_trigger_controller_dag.py took 0.084 seconds
[2023-11-17T20:17:13.209+0000] {processor.py:153} INFO - Started process (PID=15907) to work on /usr/local/python/3.10.8/lib/python3.10/site-packages/airflow/example_dags/example_trigger_controller_dag.py
[2023-11-17T20:17:13.210+0000] {processor.py:743} INFO - Processing file /usr/local/python/3.10.8/lib/python3.10/site-packages/airflow/example_dags/example_trigger_controller_dag.py for tasks to queue
[2023-11-17T20:17:13.211+0000] {logging_mixin.py:137} INFO - [2023-11-17T20:17:13.211+0000] {dagbag.py:538} INFO - Filling up the DagBag from /usr/local/python/3.10.8/lib/python3.10/site-packages/airflow/example_dags/example_trigger_controller_dag.py
[2023-11-17T20:17:13.221+0000] {processor.py:753} INFO - DAG(s) dict_keys(['example_trigger_controller_dag']) retrieved from /usr/local/python/3.10.8/lib/python3.10/site-packages/airflow/example_dags/example_trigger_controller_dag.py
[2023-11-17T20:17:13.236+0000] {logging_mixin.py:137} INFO - [2023-11-17T20:17:13.236+0000] {dag.py:2690} INFO - Sync 1 DAGs
[2023-11-17T20:17:13.253+0000] {logging_mixin.py:137} INFO - [2023-11-17T20:17:13.253+0000] {dag.py:3437} INFO - Setting next_dagrun for example_trigger_controller_dag to 2021-01-01T00:00:00+00:00, run_after=2021-01-01T00:00:00+00:00
[2023-11-17T20:17:13.289+0000] {processor.py:175} INFO - Processing /usr/local/python/3.10.8/lib/python3.10/site-packages/airflow/example_dags/example_trigger_controller_dag.py took 0.082 seconds
[2023-11-17T20:17:49.180+0000] {processor.py:153} INFO - Started process (PID=16288) to work on /usr/local/python/3.10.8/lib/python3.10/site-packages/airflow/example_dags/example_trigger_controller_dag.py
[2023-11-17T20:17:49.181+0000] {processor.py:743} INFO - Processing file /usr/local/python/3.10.8/lib/python3.10/site-packages/airflow/example_dags/example_trigger_controller_dag.py for tasks to queue
[2023-11-17T20:17:49.182+0000] {logging_mixin.py:137} INFO - [2023-11-17T20:17:49.181+0000] {dagbag.py:538} INFO - Filling up the DagBag from /usr/local/python/3.10.8/lib/python3.10/site-packages/airflow/example_dags/example_trigger_controller_dag.py
[2023-11-17T20:17:49.191+0000] {processor.py:753} INFO - DAG(s) dict_keys(['example_trigger_controller_dag']) retrieved from /usr/local/python/3.10.8/lib/python3.10/site-packages/airflow/example_dags/example_trigger_controller_dag.py
[2023-11-17T20:17:49.205+0000] {logging_mixin.py:137} INFO - [2023-11-17T20:17:49.205+0000] {dag.py:2690} INFO - Sync 1 DAGs
[2023-11-17T20:17:49.220+0000] {logging_mixin.py:137} INFO - [2023-11-17T20:17:49.220+0000] {dag.py:3437} INFO - Setting next_dagrun for example_trigger_controller_dag to 2021-01-01T00:00:00+00:00, run_after=2021-01-01T00:00:00+00:00
[2023-11-17T20:17:49.261+0000] {processor.py:175} INFO - Processing /usr/local/python/3.10.8/lib/python3.10/site-packages/airflow/example_dags/example_trigger_controller_dag.py took 0.082 seconds
