[2023-11-17T20:11:43.304+0000] {processor.py:153} INFO - Started process (PID=13021) to work on /usr/local/python/3.10.8/lib/python3.10/site-packages/airflow/example_dags/tutorial_dag.py
[2023-11-17T20:11:43.305+0000] {processor.py:743} INFO - Processing file /usr/local/python/3.10.8/lib/python3.10/site-packages/airflow/example_dags/tutorial_dag.py for tasks to queue
[2023-11-17T20:11:43.305+0000] {logging_mixin.py:137} INFO - [2023-11-17T20:11:43.305+0000] {dagbag.py:538} INFO - Filling up the DagBag from /usr/local/python/3.10.8/lib/python3.10/site-packages/airflow/example_dags/tutorial_dag.py
[2023-11-17T20:11:43.316+0000] {processor.py:753} INFO - DAG(s) dict_keys(['tutorial_dag']) retrieved from /usr/local/python/3.10.8/lib/python3.10/site-packages/airflow/example_dags/tutorial_dag.py
[2023-11-17T20:11:43.454+0000] {logging_mixin.py:137} INFO - [2023-11-17T20:11:43.454+0000] {manager.py:504} INFO - Created Permission View: can edit on DAG:tutorial_dag
[2023-11-17T20:11:43.488+0000] {logging_mixin.py:137} INFO - [2023-11-17T20:11:43.488+0000] {manager.py:504} INFO - Created Permission View: can delete on DAG:tutorial_dag
[2023-11-17T20:11:43.520+0000] {logging_mixin.py:137} INFO - [2023-11-17T20:11:43.520+0000] {manager.py:504} INFO - Created Permission View: can read on DAG:tutorial_dag
[2023-11-17T20:11:43.520+0000] {logging_mixin.py:137} INFO - [2023-11-17T20:11:43.520+0000] {dag.py:2690} INFO - Sync 1 DAGs
[2023-11-17T20:11:43.528+0000] {logging_mixin.py:137} INFO - [2023-11-17T20:11:43.528+0000] {dag.py:2711} INFO - Creating ORM DAG for tutorial_dag
[2023-11-17T20:11:43.535+0000] {logging_mixin.py:137} INFO - [2023-11-17T20:11:43.535+0000] {dag.py:3437} INFO - Setting next_dagrun for tutorial_dag to None, run_after=None
[2023-11-17T20:11:43.580+0000] {processor.py:175} INFO - Processing /usr/local/python/3.10.8/lib/python3.10/site-packages/airflow/example_dags/tutorial_dag.py took 0.278 seconds
[2023-11-17T20:12:30.231+0000] {processor.py:153} INFO - Started process (PID=13346) to work on /usr/local/python/3.10.8/lib/python3.10/site-packages/airflow/example_dags/tutorial_dag.py
[2023-11-17T20:12:30.232+0000] {processor.py:743} INFO - Processing file /usr/local/python/3.10.8/lib/python3.10/site-packages/airflow/example_dags/tutorial_dag.py for tasks to queue
[2023-11-17T20:12:30.232+0000] {logging_mixin.py:137} INFO - [2023-11-17T20:12:30.232+0000] {dagbag.py:538} INFO - Filling up the DagBag from /usr/local/python/3.10.8/lib/python3.10/site-packages/airflow/example_dags/tutorial_dag.py
[2023-11-17T20:12:30.244+0000] {processor.py:753} INFO - DAG(s) dict_keys(['tutorial_dag']) retrieved from /usr/local/python/3.10.8/lib/python3.10/site-packages/airflow/example_dags/tutorial_dag.py
[2023-11-17T20:12:30.260+0000] {logging_mixin.py:137} INFO - [2023-11-17T20:12:30.260+0000] {dag.py:2690} INFO - Sync 1 DAGs
[2023-11-17T20:12:30.276+0000] {logging_mixin.py:137} INFO - [2023-11-17T20:12:30.276+0000] {dag.py:3437} INFO - Setting next_dagrun for tutorial_dag to None, run_after=None
[2023-11-17T20:12:30.315+0000] {processor.py:175} INFO - Processing /usr/local/python/3.10.8/lib/python3.10/site-packages/airflow/example_dags/tutorial_dag.py took 0.086 seconds
[2023-11-17T20:13:09.675+0000] {processor.py:153} INFO - Started process (PID=13614) to work on /usr/local/python/3.10.8/lib/python3.10/site-packages/airflow/example_dags/tutorial_dag.py
[2023-11-17T20:13:09.676+0000] {processor.py:743} INFO - Processing file /usr/local/python/3.10.8/lib/python3.10/site-packages/airflow/example_dags/tutorial_dag.py for tasks to queue
[2023-11-17T20:13:09.676+0000] {logging_mixin.py:137} INFO - [2023-11-17T20:13:09.676+0000] {dagbag.py:538} INFO - Filling up the DagBag from /usr/local/python/3.10.8/lib/python3.10/site-packages/airflow/example_dags/tutorial_dag.py
[2023-11-17T20:13:09.688+0000] {processor.py:753} INFO - DAG(s) dict_keys(['tutorial_dag']) retrieved from /usr/local/python/3.10.8/lib/python3.10/site-packages/airflow/example_dags/tutorial_dag.py
[2023-11-17T20:13:09.702+0000] {logging_mixin.py:137} INFO - [2023-11-17T20:13:09.702+0000] {dag.py:2690} INFO - Sync 1 DAGs
[2023-11-17T20:13:09.719+0000] {logging_mixin.py:137} INFO - [2023-11-17T20:13:09.718+0000] {dag.py:3437} INFO - Setting next_dagrun for tutorial_dag to None, run_after=None
[2023-11-17T20:13:09.758+0000] {processor.py:175} INFO - Processing /usr/local/python/3.10.8/lib/python3.10/site-packages/airflow/example_dags/tutorial_dag.py took 0.085 seconds
[2023-11-17T20:13:49.091+0000] {processor.py:153} INFO - Started process (PID=13873) to work on /usr/local/python/3.10.8/lib/python3.10/site-packages/airflow/example_dags/tutorial_dag.py
[2023-11-17T20:13:49.092+0000] {processor.py:743} INFO - Processing file /usr/local/python/3.10.8/lib/python3.10/site-packages/airflow/example_dags/tutorial_dag.py for tasks to queue
[2023-11-17T20:13:49.092+0000] {logging_mixin.py:137} INFO - [2023-11-17T20:13:49.092+0000] {dagbag.py:538} INFO - Filling up the DagBag from /usr/local/python/3.10.8/lib/python3.10/site-packages/airflow/example_dags/tutorial_dag.py
[2023-11-17T20:13:49.103+0000] {processor.py:753} INFO - DAG(s) dict_keys(['tutorial_dag']) retrieved from /usr/local/python/3.10.8/lib/python3.10/site-packages/airflow/example_dags/tutorial_dag.py
[2023-11-17T20:13:49.118+0000] {logging_mixin.py:137} INFO - [2023-11-17T20:13:49.118+0000] {dag.py:2690} INFO - Sync 1 DAGs
[2023-11-17T20:13:49.132+0000] {logging_mixin.py:137} INFO - [2023-11-17T20:13:49.132+0000] {dag.py:3437} INFO - Setting next_dagrun for tutorial_dag to None, run_after=None
[2023-11-17T20:13:49.172+0000] {processor.py:175} INFO - Processing /usr/local/python/3.10.8/lib/python3.10/site-packages/airflow/example_dags/tutorial_dag.py took 0.085 seconds
[2023-11-17T20:14:29.504+0000] {processor.py:153} INFO - Started process (PID=14243) to work on /usr/local/python/3.10.8/lib/python3.10/site-packages/airflow/example_dags/tutorial_dag.py
[2023-11-17T20:14:29.505+0000] {processor.py:743} INFO - Processing file /usr/local/python/3.10.8/lib/python3.10/site-packages/airflow/example_dags/tutorial_dag.py for tasks to queue
[2023-11-17T20:14:29.506+0000] {logging_mixin.py:137} INFO - [2023-11-17T20:14:29.506+0000] {dagbag.py:538} INFO - Filling up the DagBag from /usr/local/python/3.10.8/lib/python3.10/site-packages/airflow/example_dags/tutorial_dag.py
[2023-11-17T20:14:29.521+0000] {processor.py:753} INFO - DAG(s) dict_keys(['tutorial_dag']) retrieved from /usr/local/python/3.10.8/lib/python3.10/site-packages/airflow/example_dags/tutorial_dag.py
[2023-11-17T20:14:29.539+0000] {logging_mixin.py:137} INFO - [2023-11-17T20:14:29.539+0000] {dag.py:2690} INFO - Sync 1 DAGs
[2023-11-17T20:14:29.559+0000] {logging_mixin.py:137} INFO - [2023-11-17T20:14:29.559+0000] {dag.py:3437} INFO - Setting next_dagrun for tutorial_dag to None, run_after=None
[2023-11-17T20:14:29.602+0000] {processor.py:175} INFO - Processing /usr/local/python/3.10.8/lib/python3.10/site-packages/airflow/example_dags/tutorial_dag.py took 0.101 seconds
[2023-11-17T20:15:10.082+0000] {processor.py:153} INFO - Started process (PID=14659) to work on /usr/local/python/3.10.8/lib/python3.10/site-packages/airflow/example_dags/tutorial_dag.py
[2023-11-17T20:15:10.082+0000] {processor.py:743} INFO - Processing file /usr/local/python/3.10.8/lib/python3.10/site-packages/airflow/example_dags/tutorial_dag.py for tasks to queue
[2023-11-17T20:15:10.083+0000] {logging_mixin.py:137} INFO - [2023-11-17T20:15:10.083+0000] {dagbag.py:538} INFO - Filling up the DagBag from /usr/local/python/3.10.8/lib/python3.10/site-packages/airflow/example_dags/tutorial_dag.py
[2023-11-17T20:15:10.094+0000] {processor.py:753} INFO - DAG(s) dict_keys(['tutorial_dag']) retrieved from /usr/local/python/3.10.8/lib/python3.10/site-packages/airflow/example_dags/tutorial_dag.py
[2023-11-17T20:15:10.108+0000] {logging_mixin.py:137} INFO - [2023-11-17T20:15:10.108+0000] {dag.py:2690} INFO - Sync 1 DAGs
[2023-11-17T20:15:10.124+0000] {logging_mixin.py:137} INFO - [2023-11-17T20:15:10.124+0000] {dag.py:3437} INFO - Setting next_dagrun for tutorial_dag to None, run_after=None
[2023-11-17T20:15:10.164+0000] {processor.py:175} INFO - Processing /usr/local/python/3.10.8/lib/python3.10/site-packages/airflow/example_dags/tutorial_dag.py took 0.085 seconds
[2023-11-17T20:15:51.668+0000] {processor.py:153} INFO - Started process (PID=15019) to work on /usr/local/python/3.10.8/lib/python3.10/site-packages/airflow/example_dags/tutorial_dag.py
[2023-11-17T20:15:51.669+0000] {processor.py:743} INFO - Processing file /usr/local/python/3.10.8/lib/python3.10/site-packages/airflow/example_dags/tutorial_dag.py for tasks to queue
[2023-11-17T20:15:51.669+0000] {logging_mixin.py:137} INFO - [2023-11-17T20:15:51.669+0000] {dagbag.py:538} INFO - Filling up the DagBag from /usr/local/python/3.10.8/lib/python3.10/site-packages/airflow/example_dags/tutorial_dag.py
[2023-11-17T20:15:51.680+0000] {processor.py:753} INFO - DAG(s) dict_keys(['tutorial_dag']) retrieved from /usr/local/python/3.10.8/lib/python3.10/site-packages/airflow/example_dags/tutorial_dag.py
[2023-11-17T20:15:51.694+0000] {logging_mixin.py:137} INFO - [2023-11-17T20:15:51.694+0000] {dag.py:2690} INFO - Sync 1 DAGs
[2023-11-17T20:15:51.709+0000] {logging_mixin.py:137} INFO - [2023-11-17T20:15:51.709+0000] {dag.py:3437} INFO - Setting next_dagrun for tutorial_dag to None, run_after=None
[2023-11-17T20:15:51.748+0000] {processor.py:175} INFO - Processing /usr/local/python/3.10.8/lib/python3.10/site-packages/airflow/example_dags/tutorial_dag.py took 0.082 seconds
[2023-11-17T20:16:31.581+0000] {processor.py:153} INFO - Started process (PID=15496) to work on /usr/local/python/3.10.8/lib/python3.10/site-packages/airflow/example_dags/tutorial_dag.py
[2023-11-17T20:16:31.582+0000] {processor.py:743} INFO - Processing file /usr/local/python/3.10.8/lib/python3.10/site-packages/airflow/example_dags/tutorial_dag.py for tasks to queue
[2023-11-17T20:16:31.582+0000] {logging_mixin.py:137} INFO - [2023-11-17T20:16:31.582+0000] {dagbag.py:538} INFO - Filling up the DagBag from /usr/local/python/3.10.8/lib/python3.10/site-packages/airflow/example_dags/tutorial_dag.py
[2023-11-17T20:16:31.594+0000] {processor.py:753} INFO - DAG(s) dict_keys(['tutorial_dag']) retrieved from /usr/local/python/3.10.8/lib/python3.10/site-packages/airflow/example_dags/tutorial_dag.py
[2023-11-17T20:16:31.609+0000] {logging_mixin.py:137} INFO - [2023-11-17T20:16:31.608+0000] {dag.py:2690} INFO - Sync 1 DAGs
[2023-11-17T20:16:31.624+0000] {logging_mixin.py:137} INFO - [2023-11-17T20:16:31.623+0000] {dag.py:3437} INFO - Setting next_dagrun for tutorial_dag to None, run_after=None
[2023-11-17T20:16:31.661+0000] {processor.py:175} INFO - Processing /usr/local/python/3.10.8/lib/python3.10/site-packages/airflow/example_dags/tutorial_dag.py took 0.082 seconds
[2023-11-17T20:17:13.436+0000] {processor.py:153} INFO - Started process (PID=15908) to work on /usr/local/python/3.10.8/lib/python3.10/site-packages/airflow/example_dags/tutorial_dag.py
[2023-11-17T20:17:13.438+0000] {processor.py:743} INFO - Processing file /usr/local/python/3.10.8/lib/python3.10/site-packages/airflow/example_dags/tutorial_dag.py for tasks to queue
[2023-11-17T20:17:13.439+0000] {logging_mixin.py:137} INFO - [2023-11-17T20:17:13.439+0000] {dagbag.py:538} INFO - Filling up the DagBag from /usr/local/python/3.10.8/lib/python3.10/site-packages/airflow/example_dags/tutorial_dag.py
[2023-11-17T20:17:13.456+0000] {processor.py:753} INFO - DAG(s) dict_keys(['tutorial_dag']) retrieved from /usr/local/python/3.10.8/lib/python3.10/site-packages/airflow/example_dags/tutorial_dag.py
[2023-11-17T20:17:13.472+0000] {logging_mixin.py:137} INFO - [2023-11-17T20:17:13.472+0000] {dag.py:2690} INFO - Sync 1 DAGs
[2023-11-17T20:17:13.488+0000] {logging_mixin.py:137} INFO - [2023-11-17T20:17:13.488+0000] {dag.py:3437} INFO - Setting next_dagrun for tutorial_dag to None, run_after=None
[2023-11-17T20:17:13.527+0000] {processor.py:175} INFO - Processing /usr/local/python/3.10.8/lib/python3.10/site-packages/airflow/example_dags/tutorial_dag.py took 0.093 seconds
[2023-11-17T20:17:50.322+0000] {processor.py:153} INFO - Started process (PID=16307) to work on /usr/local/python/3.10.8/lib/python3.10/site-packages/airflow/example_dags/tutorial_dag.py
[2023-11-17T20:17:50.322+0000] {processor.py:743} INFO - Processing file /usr/local/python/3.10.8/lib/python3.10/site-packages/airflow/example_dags/tutorial_dag.py for tasks to queue
[2023-11-17T20:17:50.323+0000] {logging_mixin.py:137} INFO - [2023-11-17T20:17:50.323+0000] {dagbag.py:538} INFO - Filling up the DagBag from /usr/local/python/3.10.8/lib/python3.10/site-packages/airflow/example_dags/tutorial_dag.py
[2023-11-17T20:17:50.334+0000] {processor.py:753} INFO - DAG(s) dict_keys(['tutorial_dag']) retrieved from /usr/local/python/3.10.8/lib/python3.10/site-packages/airflow/example_dags/tutorial_dag.py
[2023-11-17T20:17:50.350+0000] {logging_mixin.py:137} INFO - [2023-11-17T20:17:50.350+0000] {dag.py:2690} INFO - Sync 1 DAGs
[2023-11-17T20:17:50.364+0000] {logging_mixin.py:137} INFO - [2023-11-17T20:17:50.364+0000] {dag.py:3437} INFO - Setting next_dagrun for tutorial_dag to None, run_after=None
[2023-11-17T20:17:50.405+0000] {processor.py:175} INFO - Processing /usr/local/python/3.10.8/lib/python3.10/site-packages/airflow/example_dags/tutorial_dag.py took 0.085 seconds
