[2023-11-17T20:11:40.615+0000] {processor.py:153} INFO - Started process (PID=13006) to work on /usr/local/python/3.10.8/lib/python3.10/site-packages/airflow/example_dags/tutorial_taskflow_api_virtualenv.py
[2023-11-17T20:11:40.615+0000] {processor.py:743} INFO - Processing file /usr/local/python/3.10.8/lib/python3.10/site-packages/airflow/example_dags/tutorial_taskflow_api_virtualenv.py for tasks to queue
[2023-11-17T20:11:40.616+0000] {logging_mixin.py:137} INFO - [2023-11-17T20:11:40.616+0000] {dagbag.py:538} INFO - Filling up the DagBag from /usr/local/python/3.10.8/lib/python3.10/site-packages/airflow/example_dags/tutorial_taskflow_api_virtualenv.py
[2023-11-17T20:11:40.639+0000] {processor.py:753} INFO - DAG(s) dict_keys(['tutorial_taskflow_api_virtualenv']) retrieved from /usr/local/python/3.10.8/lib/python3.10/site-packages/airflow/example_dags/tutorial_taskflow_api_virtualenv.py
[2023-11-17T20:11:40.780+0000] {logging_mixin.py:137} INFO - [2023-11-17T20:11:40.780+0000] {manager.py:504} INFO - Created Permission View: can edit on DAG:tutorial_taskflow_api_virtualenv
[2023-11-17T20:11:40.812+0000] {logging_mixin.py:137} INFO - [2023-11-17T20:11:40.812+0000] {manager.py:504} INFO - Created Permission View: can delete on DAG:tutorial_taskflow_api_virtualenv
[2023-11-17T20:11:40.842+0000] {logging_mixin.py:137} INFO - [2023-11-17T20:11:40.842+0000] {manager.py:504} INFO - Created Permission View: can read on DAG:tutorial_taskflow_api_virtualenv
[2023-11-17T20:11:40.843+0000] {logging_mixin.py:137} INFO - [2023-11-17T20:11:40.843+0000] {dag.py:2690} INFO - Sync 1 DAGs
[2023-11-17T20:11:40.850+0000] {logging_mixin.py:137} INFO - [2023-11-17T20:11:40.850+0000] {dag.py:2711} INFO - Creating ORM DAG for tutorial_taskflow_api_virtualenv
[2023-11-17T20:11:40.857+0000] {logging_mixin.py:137} INFO - [2023-11-17T20:11:40.857+0000] {dag.py:3437} INFO - Setting next_dagrun for tutorial_taskflow_api_virtualenv to None, run_after=None
[2023-11-17T20:11:40.902+0000] {processor.py:175} INFO - Processing /usr/local/python/3.10.8/lib/python3.10/site-packages/airflow/example_dags/tutorial_taskflow_api_virtualenv.py took 0.290 seconds
[2023-11-17T20:12:27.899+0000] {processor.py:153} INFO - Started process (PID=13324) to work on /usr/local/python/3.10.8/lib/python3.10/site-packages/airflow/example_dags/tutorial_taskflow_api_virtualenv.py
[2023-11-17T20:12:27.899+0000] {processor.py:743} INFO - Processing file /usr/local/python/3.10.8/lib/python3.10/site-packages/airflow/example_dags/tutorial_taskflow_api_virtualenv.py for tasks to queue
[2023-11-17T20:12:27.900+0000] {logging_mixin.py:137} INFO - [2023-11-17T20:12:27.900+0000] {dagbag.py:538} INFO - Filling up the DagBag from /usr/local/python/3.10.8/lib/python3.10/site-packages/airflow/example_dags/tutorial_taskflow_api_virtualenv.py
[2023-11-17T20:12:27.922+0000] {processor.py:753} INFO - DAG(s) dict_keys(['tutorial_taskflow_api_virtualenv']) retrieved from /usr/local/python/3.10.8/lib/python3.10/site-packages/airflow/example_dags/tutorial_taskflow_api_virtualenv.py
[2023-11-17T20:12:27.942+0000] {logging_mixin.py:137} INFO - [2023-11-17T20:12:27.942+0000] {dag.py:2690} INFO - Sync 1 DAGs
[2023-11-17T20:12:27.963+0000] {logging_mixin.py:137} INFO - [2023-11-17T20:12:27.963+0000] {dag.py:3437} INFO - Setting next_dagrun for tutorial_taskflow_api_virtualenv to None, run_after=None
[2023-11-17T20:12:28.003+0000] {processor.py:175} INFO - Processing /usr/local/python/3.10.8/lib/python3.10/site-packages/airflow/example_dags/tutorial_taskflow_api_virtualenv.py took 0.107 seconds
[2023-11-17T20:13:06.914+0000] {processor.py:153} INFO - Started process (PID=13581) to work on /usr/local/python/3.10.8/lib/python3.10/site-packages/airflow/example_dags/tutorial_taskflow_api_virtualenv.py
[2023-11-17T20:13:06.915+0000] {processor.py:743} INFO - Processing file /usr/local/python/3.10.8/lib/python3.10/site-packages/airflow/example_dags/tutorial_taskflow_api_virtualenv.py for tasks to queue
[2023-11-17T20:13:06.915+0000] {logging_mixin.py:137} INFO - [2023-11-17T20:13:06.915+0000] {dagbag.py:538} INFO - Filling up the DagBag from /usr/local/python/3.10.8/lib/python3.10/site-packages/airflow/example_dags/tutorial_taskflow_api_virtualenv.py
[2023-11-17T20:13:06.942+0000] {processor.py:753} INFO - DAG(s) dict_keys(['tutorial_taskflow_api_virtualenv']) retrieved from /usr/local/python/3.10.8/lib/python3.10/site-packages/airflow/example_dags/tutorial_taskflow_api_virtualenv.py
[2023-11-17T20:13:06.960+0000] {logging_mixin.py:137} INFO - [2023-11-17T20:13:06.960+0000] {dag.py:2690} INFO - Sync 1 DAGs
[2023-11-17T20:13:06.984+0000] {logging_mixin.py:137} INFO - [2023-11-17T20:13:06.984+0000] {dag.py:3437} INFO - Setting next_dagrun for tutorial_taskflow_api_virtualenv to None, run_after=None
[2023-11-17T20:13:07.036+0000] {processor.py:175} INFO - Processing /usr/local/python/3.10.8/lib/python3.10/site-packages/airflow/example_dags/tutorial_taskflow_api_virtualenv.py took 0.125 seconds
[2023-11-17T20:13:46.518+0000] {processor.py:153} INFO - Started process (PID=13858) to work on /usr/local/python/3.10.8/lib/python3.10/site-packages/airflow/example_dags/tutorial_taskflow_api_virtualenv.py
[2023-11-17T20:13:46.518+0000] {processor.py:743} INFO - Processing file /usr/local/python/3.10.8/lib/python3.10/site-packages/airflow/example_dags/tutorial_taskflow_api_virtualenv.py for tasks to queue
[2023-11-17T20:13:46.519+0000] {logging_mixin.py:137} INFO - [2023-11-17T20:13:46.519+0000] {dagbag.py:538} INFO - Filling up the DagBag from /usr/local/python/3.10.8/lib/python3.10/site-packages/airflow/example_dags/tutorial_taskflow_api_virtualenv.py
[2023-11-17T20:13:46.540+0000] {processor.py:753} INFO - DAG(s) dict_keys(['tutorial_taskflow_api_virtualenv']) retrieved from /usr/local/python/3.10.8/lib/python3.10/site-packages/airflow/example_dags/tutorial_taskflow_api_virtualenv.py
[2023-11-17T20:13:46.554+0000] {logging_mixin.py:137} INFO - [2023-11-17T20:13:46.553+0000] {dag.py:2690} INFO - Sync 1 DAGs
[2023-11-17T20:13:46.568+0000] {logging_mixin.py:137} INFO - [2023-11-17T20:13:46.568+0000] {dag.py:3437} INFO - Setting next_dagrun for tutorial_taskflow_api_virtualenv to None, run_after=None
[2023-11-17T20:13:46.613+0000] {processor.py:175} INFO - Processing /usr/local/python/3.10.8/lib/python3.10/site-packages/airflow/example_dags/tutorial_taskflow_api_virtualenv.py took 0.097 seconds
[2023-11-17T20:14:26.342+0000] {processor.py:153} INFO - Started process (PID=14234) to work on /usr/local/python/3.10.8/lib/python3.10/site-packages/airflow/example_dags/tutorial_taskflow_api_virtualenv.py
[2023-11-17T20:14:26.343+0000] {processor.py:743} INFO - Processing file /usr/local/python/3.10.8/lib/python3.10/site-packages/airflow/example_dags/tutorial_taskflow_api_virtualenv.py for tasks to queue
[2023-11-17T20:14:26.343+0000] {logging_mixin.py:137} INFO - [2023-11-17T20:14:26.343+0000] {dagbag.py:538} INFO - Filling up the DagBag from /usr/local/python/3.10.8/lib/python3.10/site-packages/airflow/example_dags/tutorial_taskflow_api_virtualenv.py
[2023-11-17T20:14:26.363+0000] {processor.py:753} INFO - DAG(s) dict_keys(['tutorial_taskflow_api_virtualenv']) retrieved from /usr/local/python/3.10.8/lib/python3.10/site-packages/airflow/example_dags/tutorial_taskflow_api_virtualenv.py
[2023-11-17T20:14:26.379+0000] {logging_mixin.py:137} INFO - [2023-11-17T20:14:26.379+0000] {dag.py:2690} INFO - Sync 1 DAGs
[2023-11-17T20:14:26.394+0000] {logging_mixin.py:137} INFO - [2023-11-17T20:14:26.394+0000] {dag.py:3437} INFO - Setting next_dagrun for tutorial_taskflow_api_virtualenv to None, run_after=None
[2023-11-17T20:14:26.438+0000] {processor.py:175} INFO - Processing /usr/local/python/3.10.8/lib/python3.10/site-packages/airflow/example_dags/tutorial_taskflow_api_virtualenv.py took 0.098 seconds
[2023-11-17T20:15:06.990+0000] {processor.py:153} INFO - Started process (PID=14623) to work on /usr/local/python/3.10.8/lib/python3.10/site-packages/airflow/example_dags/tutorial_taskflow_api_virtualenv.py
[2023-11-17T20:15:06.990+0000] {processor.py:743} INFO - Processing file /usr/local/python/3.10.8/lib/python3.10/site-packages/airflow/example_dags/tutorial_taskflow_api_virtualenv.py for tasks to queue
[2023-11-17T20:15:06.991+0000] {logging_mixin.py:137} INFO - [2023-11-17T20:15:06.991+0000] {dagbag.py:538} INFO - Filling up the DagBag from /usr/local/python/3.10.8/lib/python3.10/site-packages/airflow/example_dags/tutorial_taskflow_api_virtualenv.py
[2023-11-17T20:15:07.011+0000] {processor.py:753} INFO - DAG(s) dict_keys(['tutorial_taskflow_api_virtualenv']) retrieved from /usr/local/python/3.10.8/lib/python3.10/site-packages/airflow/example_dags/tutorial_taskflow_api_virtualenv.py
[2023-11-17T20:15:07.025+0000] {logging_mixin.py:137} INFO - [2023-11-17T20:15:07.025+0000] {dag.py:2690} INFO - Sync 1 DAGs
[2023-11-17T20:15:07.041+0000] {logging_mixin.py:137} INFO - [2023-11-17T20:15:07.041+0000] {dag.py:3437} INFO - Setting next_dagrun for tutorial_taskflow_api_virtualenv to None, run_after=None
[2023-11-17T20:15:07.097+0000] {processor.py:175} INFO - Processing /usr/local/python/3.10.8/lib/python3.10/site-packages/airflow/example_dags/tutorial_taskflow_api_virtualenv.py took 0.110 seconds
[2023-11-17T20:15:48.768+0000] {processor.py:153} INFO - Started process (PID=14991) to work on /usr/local/python/3.10.8/lib/python3.10/site-packages/airflow/example_dags/tutorial_taskflow_api_virtualenv.py
[2023-11-17T20:15:48.769+0000] {processor.py:743} INFO - Processing file /usr/local/python/3.10.8/lib/python3.10/site-packages/airflow/example_dags/tutorial_taskflow_api_virtualenv.py for tasks to queue
[2023-11-17T20:15:48.769+0000] {logging_mixin.py:137} INFO - [2023-11-17T20:15:48.769+0000] {dagbag.py:538} INFO - Filling up the DagBag from /usr/local/python/3.10.8/lib/python3.10/site-packages/airflow/example_dags/tutorial_taskflow_api_virtualenv.py
[2023-11-17T20:15:48.790+0000] {processor.py:753} INFO - DAG(s) dict_keys(['tutorial_taskflow_api_virtualenv']) retrieved from /usr/local/python/3.10.8/lib/python3.10/site-packages/airflow/example_dags/tutorial_taskflow_api_virtualenv.py
[2023-11-17T20:15:48.806+0000] {logging_mixin.py:137} INFO - [2023-11-17T20:15:48.806+0000] {dag.py:2690} INFO - Sync 1 DAGs
[2023-11-17T20:15:48.821+0000] {logging_mixin.py:137} INFO - [2023-11-17T20:15:48.821+0000] {dag.py:3437} INFO - Setting next_dagrun for tutorial_taskflow_api_virtualenv to None, run_after=None
[2023-11-17T20:15:48.862+0000] {processor.py:175} INFO - Processing /usr/local/python/3.10.8/lib/python3.10/site-packages/airflow/example_dags/tutorial_taskflow_api_virtualenv.py took 0.097 seconds
[2023-11-17T20:16:29.097+0000] {processor.py:153} INFO - Started process (PID=15487) to work on /usr/local/python/3.10.8/lib/python3.10/site-packages/airflow/example_dags/tutorial_taskflow_api_virtualenv.py
[2023-11-17T20:16:29.098+0000] {processor.py:743} INFO - Processing file /usr/local/python/3.10.8/lib/python3.10/site-packages/airflow/example_dags/tutorial_taskflow_api_virtualenv.py for tasks to queue
[2023-11-17T20:16:29.098+0000] {logging_mixin.py:137} INFO - [2023-11-17T20:16:29.098+0000] {dagbag.py:538} INFO - Filling up the DagBag from /usr/local/python/3.10.8/lib/python3.10/site-packages/airflow/example_dags/tutorial_taskflow_api_virtualenv.py
[2023-11-17T20:16:29.119+0000] {processor.py:753} INFO - DAG(s) dict_keys(['tutorial_taskflow_api_virtualenv']) retrieved from /usr/local/python/3.10.8/lib/python3.10/site-packages/airflow/example_dags/tutorial_taskflow_api_virtualenv.py
[2023-11-17T20:16:29.133+0000] {logging_mixin.py:137} INFO - [2023-11-17T20:16:29.133+0000] {dag.py:2690} INFO - Sync 1 DAGs
[2023-11-17T20:16:29.148+0000] {logging_mixin.py:137} INFO - [2023-11-17T20:16:29.147+0000] {dag.py:3437} INFO - Setting next_dagrun for tutorial_taskflow_api_virtualenv to None, run_after=None
[2023-11-17T20:16:29.205+0000] {processor.py:175} INFO - Processing /usr/local/python/3.10.8/lib/python3.10/site-packages/airflow/example_dags/tutorial_taskflow_api_virtualenv.py took 0.110 seconds
[2023-11-17T20:17:10.742+0000] {processor.py:153} INFO - Started process (PID=15899) to work on /usr/local/python/3.10.8/lib/python3.10/site-packages/airflow/example_dags/tutorial_taskflow_api_virtualenv.py
[2023-11-17T20:17:10.743+0000] {processor.py:743} INFO - Processing file /usr/local/python/3.10.8/lib/python3.10/site-packages/airflow/example_dags/tutorial_taskflow_api_virtualenv.py for tasks to queue
[2023-11-17T20:17:10.743+0000] {logging_mixin.py:137} INFO - [2023-11-17T20:17:10.743+0000] {dagbag.py:538} INFO - Filling up the DagBag from /usr/local/python/3.10.8/lib/python3.10/site-packages/airflow/example_dags/tutorial_taskflow_api_virtualenv.py
[2023-11-17T20:17:10.764+0000] {processor.py:753} INFO - DAG(s) dict_keys(['tutorial_taskflow_api_virtualenv']) retrieved from /usr/local/python/3.10.8/lib/python3.10/site-packages/airflow/example_dags/tutorial_taskflow_api_virtualenv.py
[2023-11-17T20:17:10.778+0000] {logging_mixin.py:137} INFO - [2023-11-17T20:17:10.778+0000] {dag.py:2690} INFO - Sync 1 DAGs
[2023-11-17T20:17:10.793+0000] {logging_mixin.py:137} INFO - [2023-11-17T20:17:10.793+0000] {dag.py:3437} INFO - Setting next_dagrun for tutorial_taskflow_api_virtualenv to None, run_after=None
[2023-11-17T20:17:10.848+0000] {processor.py:175} INFO - Processing /usr/local/python/3.10.8/lib/python3.10/site-packages/airflow/example_dags/tutorial_taskflow_api_virtualenv.py took 0.108 seconds
[2023-11-17T20:17:46.802+0000] {processor.py:153} INFO - Started process (PID=16268) to work on /usr/local/python/3.10.8/lib/python3.10/site-packages/airflow/example_dags/tutorial_taskflow_api_virtualenv.py
[2023-11-17T20:17:46.803+0000] {processor.py:743} INFO - Processing file /usr/local/python/3.10.8/lib/python3.10/site-packages/airflow/example_dags/tutorial_taskflow_api_virtualenv.py for tasks to queue
[2023-11-17T20:17:46.804+0000] {logging_mixin.py:137} INFO - [2023-11-17T20:17:46.803+0000] {dagbag.py:538} INFO - Filling up the DagBag from /usr/local/python/3.10.8/lib/python3.10/site-packages/airflow/example_dags/tutorial_taskflow_api_virtualenv.py
[2023-11-17T20:17:46.824+0000] {processor.py:753} INFO - DAG(s) dict_keys(['tutorial_taskflow_api_virtualenv']) retrieved from /usr/local/python/3.10.8/lib/python3.10/site-packages/airflow/example_dags/tutorial_taskflow_api_virtualenv.py
[2023-11-17T20:17:46.839+0000] {logging_mixin.py:137} INFO - [2023-11-17T20:17:46.839+0000] {dag.py:2690} INFO - Sync 1 DAGs
[2023-11-17T20:17:46.856+0000] {logging_mixin.py:137} INFO - [2023-11-17T20:17:46.856+0000] {dag.py:3437} INFO - Setting next_dagrun for tutorial_taskflow_api_virtualenv to None, run_after=None
[2023-11-17T20:17:46.898+0000] {processor.py:175} INFO - Processing /usr/local/python/3.10.8/lib/python3.10/site-packages/airflow/example_dags/tutorial_taskflow_api_virtualenv.py took 0.097 seconds
