[2023-11-17T20:11:35.247+0000] {processor.py:153} INFO - Started process (PID=12958) to work on /usr/local/python/3.10.8/lib/python3.10/site-packages/airflow/example_dags/tutorial_taskflow_api.py
[2023-11-17T20:11:35.247+0000] {processor.py:743} INFO - Processing file /usr/local/python/3.10.8/lib/python3.10/site-packages/airflow/example_dags/tutorial_taskflow_api.py for tasks to queue
[2023-11-17T20:11:35.248+0000] {logging_mixin.py:137} INFO - [2023-11-17T20:11:35.248+0000] {dagbag.py:538} INFO - Filling up the DagBag from /usr/local/python/3.10.8/lib/python3.10/site-packages/airflow/example_dags/tutorial_taskflow_api.py
[2023-11-17T20:11:35.266+0000] {processor.py:753} INFO - DAG(s) dict_keys(['tutorial_taskflow_api']) retrieved from /usr/local/python/3.10.8/lib/python3.10/site-packages/airflow/example_dags/tutorial_taskflow_api.py
[2023-11-17T20:11:35.402+0000] {logging_mixin.py:137} INFO - [2023-11-17T20:11:35.402+0000] {manager.py:504} INFO - Created Permission View: can edit on DAG:tutorial_taskflow_api
[2023-11-17T20:11:35.435+0000] {logging_mixin.py:137} INFO - [2023-11-17T20:11:35.435+0000] {manager.py:504} INFO - Created Permission View: can delete on DAG:tutorial_taskflow_api
[2023-11-17T20:11:35.465+0000] {logging_mixin.py:137} INFO - [2023-11-17T20:11:35.465+0000] {manager.py:504} INFO - Created Permission View: can read on DAG:tutorial_taskflow_api
[2023-11-17T20:11:35.465+0000] {logging_mixin.py:137} INFO - [2023-11-17T20:11:35.465+0000] {dag.py:2690} INFO - Sync 1 DAGs
[2023-11-17T20:11:35.478+0000] {logging_mixin.py:137} INFO - [2023-11-17T20:11:35.477+0000] {dag.py:2711} INFO - Creating ORM DAG for tutorial_taskflow_api
[2023-11-17T20:11:35.488+0000] {logging_mixin.py:137} INFO - [2023-11-17T20:11:35.488+0000] {dag.py:3437} INFO - Setting next_dagrun for tutorial_taskflow_api to None, run_after=None
[2023-11-17T20:11:35.543+0000] {processor.py:175} INFO - Processing /usr/local/python/3.10.8/lib/python3.10/site-packages/airflow/example_dags/tutorial_taskflow_api.py took 0.298 seconds
[2023-11-17T20:12:23.339+0000] {processor.py:153} INFO - Started process (PID=13282) to work on /usr/local/python/3.10.8/lib/python3.10/site-packages/airflow/example_dags/tutorial_taskflow_api.py
[2023-11-17T20:12:23.340+0000] {processor.py:743} INFO - Processing file /usr/local/python/3.10.8/lib/python3.10/site-packages/airflow/example_dags/tutorial_taskflow_api.py for tasks to queue
[2023-11-17T20:12:23.340+0000] {logging_mixin.py:137} INFO - [2023-11-17T20:12:23.340+0000] {dagbag.py:538} INFO - Filling up the DagBag from /usr/local/python/3.10.8/lib/python3.10/site-packages/airflow/example_dags/tutorial_taskflow_api.py
[2023-11-17T20:12:23.367+0000] {processor.py:753} INFO - DAG(s) dict_keys(['tutorial_taskflow_api']) retrieved from /usr/local/python/3.10.8/lib/python3.10/site-packages/airflow/example_dags/tutorial_taskflow_api.py
[2023-11-17T20:12:23.387+0000] {logging_mixin.py:137} INFO - [2023-11-17T20:12:23.386+0000] {dag.py:2690} INFO - Sync 1 DAGs
[2023-11-17T20:12:23.408+0000] {logging_mixin.py:137} INFO - [2023-11-17T20:12:23.408+0000] {dag.py:3437} INFO - Setting next_dagrun for tutorial_taskflow_api to None, run_after=None
[2023-11-17T20:12:23.455+0000] {processor.py:175} INFO - Processing /usr/local/python/3.10.8/lib/python3.10/site-packages/airflow/example_dags/tutorial_taskflow_api.py took 0.118 seconds
[2023-11-17T20:13:01.095+0000] {processor.py:153} INFO - Started process (PID=13551) to work on /usr/local/python/3.10.8/lib/python3.10/site-packages/airflow/example_dags/tutorial_taskflow_api.py
[2023-11-17T20:13:01.096+0000] {processor.py:743} INFO - Processing file /usr/local/python/3.10.8/lib/python3.10/site-packages/airflow/example_dags/tutorial_taskflow_api.py for tasks to queue
[2023-11-17T20:13:01.096+0000] {logging_mixin.py:137} INFO - [2023-11-17T20:13:01.096+0000] {dagbag.py:538} INFO - Filling up the DagBag from /usr/local/python/3.10.8/lib/python3.10/site-packages/airflow/example_dags/tutorial_taskflow_api.py
[2023-11-17T20:13:01.117+0000] {processor.py:753} INFO - DAG(s) dict_keys(['tutorial_taskflow_api']) retrieved from /usr/local/python/3.10.8/lib/python3.10/site-packages/airflow/example_dags/tutorial_taskflow_api.py
[2023-11-17T20:13:01.131+0000] {logging_mixin.py:137} INFO - [2023-11-17T20:13:01.131+0000] {dag.py:2690} INFO - Sync 1 DAGs
[2023-11-17T20:13:01.147+0000] {logging_mixin.py:137} INFO - [2023-11-17T20:13:01.147+0000] {dag.py:3437} INFO - Setting next_dagrun for tutorial_taskflow_api to None, run_after=None
[2023-11-17T20:13:01.190+0000] {processor.py:175} INFO - Processing /usr/local/python/3.10.8/lib/python3.10/site-packages/airflow/example_dags/tutorial_taskflow_api.py took 0.097 seconds
[2023-11-17T20:13:38.950+0000] {processor.py:153} INFO - Started process (PID=13799) to work on /usr/local/python/3.10.8/lib/python3.10/site-packages/airflow/example_dags/tutorial_taskflow_api.py
[2023-11-17T20:13:38.951+0000] {processor.py:743} INFO - Processing file /usr/local/python/3.10.8/lib/python3.10/site-packages/airflow/example_dags/tutorial_taskflow_api.py for tasks to queue
[2023-11-17T20:13:38.951+0000] {logging_mixin.py:137} INFO - [2023-11-17T20:13:38.951+0000] {dagbag.py:538} INFO - Filling up the DagBag from /usr/local/python/3.10.8/lib/python3.10/site-packages/airflow/example_dags/tutorial_taskflow_api.py
[2023-11-17T20:13:38.971+0000] {processor.py:753} INFO - DAG(s) dict_keys(['tutorial_taskflow_api']) retrieved from /usr/local/python/3.10.8/lib/python3.10/site-packages/airflow/example_dags/tutorial_taskflow_api.py
[2023-11-17T20:13:38.985+0000] {logging_mixin.py:137} INFO - [2023-11-17T20:13:38.985+0000] {dag.py:2690} INFO - Sync 1 DAGs
[2023-11-17T20:13:38.999+0000] {logging_mixin.py:137} INFO - [2023-11-17T20:13:38.999+0000] {dag.py:3437} INFO - Setting next_dagrun for tutorial_taskflow_api to None, run_after=None
[2023-11-17T20:13:39.044+0000] {processor.py:175} INFO - Processing /usr/local/python/3.10.8/lib/python3.10/site-packages/airflow/example_dags/tutorial_taskflow_api.py took 0.096 seconds
[2023-11-17T20:14:19.411+0000] {processor.py:153} INFO - Started process (PID=14170) to work on /usr/local/python/3.10.8/lib/python3.10/site-packages/airflow/example_dags/tutorial_taskflow_api.py
[2023-11-17T20:14:19.412+0000] {processor.py:743} INFO - Processing file /usr/local/python/3.10.8/lib/python3.10/site-packages/airflow/example_dags/tutorial_taskflow_api.py for tasks to queue
[2023-11-17T20:14:19.412+0000] {logging_mixin.py:137} INFO - [2023-11-17T20:14:19.412+0000] {dagbag.py:538} INFO - Filling up the DagBag from /usr/local/python/3.10.8/lib/python3.10/site-packages/airflow/example_dags/tutorial_taskflow_api.py
[2023-11-17T20:14:19.432+0000] {processor.py:753} INFO - DAG(s) dict_keys(['tutorial_taskflow_api']) retrieved from /usr/local/python/3.10.8/lib/python3.10/site-packages/airflow/example_dags/tutorial_taskflow_api.py
[2023-11-17T20:14:19.446+0000] {logging_mixin.py:137} INFO - [2023-11-17T20:14:19.446+0000] {dag.py:2690} INFO - Sync 1 DAGs
[2023-11-17T20:14:19.463+0000] {logging_mixin.py:137} INFO - [2023-11-17T20:14:19.463+0000] {dag.py:3437} INFO - Setting next_dagrun for tutorial_taskflow_api to None, run_after=None
[2023-11-17T20:14:19.503+0000] {processor.py:175} INFO - Processing /usr/local/python/3.10.8/lib/python3.10/site-packages/airflow/example_dags/tutorial_taskflow_api.py took 0.094 seconds
[2023-11-17T20:14:59.458+0000] {processor.py:153} INFO - Started process (PID=14554) to work on /usr/local/python/3.10.8/lib/python3.10/site-packages/airflow/example_dags/tutorial_taskflow_api.py
[2023-11-17T20:14:59.458+0000] {processor.py:743} INFO - Processing file /usr/local/python/3.10.8/lib/python3.10/site-packages/airflow/example_dags/tutorial_taskflow_api.py for tasks to queue
[2023-11-17T20:14:59.459+0000] {logging_mixin.py:137} INFO - [2023-11-17T20:14:59.459+0000] {dagbag.py:538} INFO - Filling up the DagBag from /usr/local/python/3.10.8/lib/python3.10/site-packages/airflow/example_dags/tutorial_taskflow_api.py
[2023-11-17T20:14:59.478+0000] {processor.py:753} INFO - DAG(s) dict_keys(['tutorial_taskflow_api']) retrieved from /usr/local/python/3.10.8/lib/python3.10/site-packages/airflow/example_dags/tutorial_taskflow_api.py
[2023-11-17T20:14:59.494+0000] {logging_mixin.py:137} INFO - [2023-11-17T20:14:59.494+0000] {dag.py:2690} INFO - Sync 1 DAGs
[2023-11-17T20:14:59.515+0000] {logging_mixin.py:137} INFO - [2023-11-17T20:14:59.515+0000] {dag.py:3437} INFO - Setting next_dagrun for tutorial_taskflow_api to None, run_after=None
[2023-11-17T20:14:59.557+0000] {processor.py:175} INFO - Processing /usr/local/python/3.10.8/lib/python3.10/site-packages/airflow/example_dags/tutorial_taskflow_api.py took 0.102 seconds
[2023-11-17T20:15:40.095+0000] {processor.py:153} INFO - Started process (PID=14922) to work on /usr/local/python/3.10.8/lib/python3.10/site-packages/airflow/example_dags/tutorial_taskflow_api.py
[2023-11-17T20:15:40.096+0000] {processor.py:743} INFO - Processing file /usr/local/python/3.10.8/lib/python3.10/site-packages/airflow/example_dags/tutorial_taskflow_api.py for tasks to queue
[2023-11-17T20:15:40.096+0000] {logging_mixin.py:137} INFO - [2023-11-17T20:15:40.096+0000] {dagbag.py:538} INFO - Filling up the DagBag from /usr/local/python/3.10.8/lib/python3.10/site-packages/airflow/example_dags/tutorial_taskflow_api.py
[2023-11-17T20:15:40.115+0000] {processor.py:753} INFO - DAG(s) dict_keys(['tutorial_taskflow_api']) retrieved from /usr/local/python/3.10.8/lib/python3.10/site-packages/airflow/example_dags/tutorial_taskflow_api.py
[2023-11-17T20:15:40.129+0000] {logging_mixin.py:137} INFO - [2023-11-17T20:15:40.129+0000] {dag.py:2690} INFO - Sync 1 DAGs
[2023-11-17T20:15:40.144+0000] {logging_mixin.py:137} INFO - [2023-11-17T20:15:40.144+0000] {dag.py:3437} INFO - Setting next_dagrun for tutorial_taskflow_api to None, run_after=None
[2023-11-17T20:15:40.186+0000] {processor.py:175} INFO - Processing /usr/local/python/3.10.8/lib/python3.10/site-packages/airflow/example_dags/tutorial_taskflow_api.py took 0.092 seconds
[2023-11-17T20:16:21.098+0000] {processor.py:153} INFO - Started process (PID=15381) to work on /usr/local/python/3.10.8/lib/python3.10/site-packages/airflow/example_dags/tutorial_taskflow_api.py
[2023-11-17T20:16:21.099+0000] {processor.py:743} INFO - Processing file /usr/local/python/3.10.8/lib/python3.10/site-packages/airflow/example_dags/tutorial_taskflow_api.py for tasks to queue
[2023-11-17T20:16:21.099+0000] {logging_mixin.py:137} INFO - [2023-11-17T20:16:21.099+0000] {dagbag.py:538} INFO - Filling up the DagBag from /usr/local/python/3.10.8/lib/python3.10/site-packages/airflow/example_dags/tutorial_taskflow_api.py
[2023-11-17T20:16:21.118+0000] {processor.py:753} INFO - DAG(s) dict_keys(['tutorial_taskflow_api']) retrieved from /usr/local/python/3.10.8/lib/python3.10/site-packages/airflow/example_dags/tutorial_taskflow_api.py
[2023-11-17T20:16:21.132+0000] {logging_mixin.py:137} INFO - [2023-11-17T20:16:21.132+0000] {dag.py:2690} INFO - Sync 1 DAGs
[2023-11-17T20:16:21.147+0000] {logging_mixin.py:137} INFO - [2023-11-17T20:16:21.147+0000] {dag.py:3437} INFO - Setting next_dagrun for tutorial_taskflow_api to None, run_after=None
[2023-11-17T20:16:21.192+0000] {processor.py:175} INFO - Processing /usr/local/python/3.10.8/lib/python3.10/site-packages/airflow/example_dags/tutorial_taskflow_api.py took 0.096 seconds
[2023-11-17T20:17:01.292+0000] {processor.py:153} INFO - Started process (PID=15796) to work on /usr/local/python/3.10.8/lib/python3.10/site-packages/airflow/example_dags/tutorial_taskflow_api.py
[2023-11-17T20:17:01.293+0000] {processor.py:743} INFO - Processing file /usr/local/python/3.10.8/lib/python3.10/site-packages/airflow/example_dags/tutorial_taskflow_api.py for tasks to queue
[2023-11-17T20:17:01.294+0000] {logging_mixin.py:137} INFO - [2023-11-17T20:17:01.294+0000] {dagbag.py:538} INFO - Filling up the DagBag from /usr/local/python/3.10.8/lib/python3.10/site-packages/airflow/example_dags/tutorial_taskflow_api.py
[2023-11-17T20:17:01.316+0000] {processor.py:753} INFO - DAG(s) dict_keys(['tutorial_taskflow_api']) retrieved from /usr/local/python/3.10.8/lib/python3.10/site-packages/airflow/example_dags/tutorial_taskflow_api.py
[2023-11-17T20:17:01.333+0000] {logging_mixin.py:137} INFO - [2023-11-17T20:17:01.333+0000] {dag.py:2690} INFO - Sync 1 DAGs
[2023-11-17T20:17:01.348+0000] {logging_mixin.py:137} INFO - [2023-11-17T20:17:01.348+0000] {dag.py:3437} INFO - Setting next_dagrun for tutorial_taskflow_api to None, run_after=None
[2023-11-17T20:17:01.394+0000] {processor.py:175} INFO - Processing /usr/local/python/3.10.8/lib/python3.10/site-packages/airflow/example_dags/tutorial_taskflow_api.py took 0.104 seconds
[2023-11-17T20:17:37.113+0000] {processor.py:153} INFO - Started process (PID=16186) to work on /usr/local/python/3.10.8/lib/python3.10/site-packages/airflow/example_dags/tutorial_taskflow_api.py
[2023-11-17T20:17:37.113+0000] {processor.py:743} INFO - Processing file /usr/local/python/3.10.8/lib/python3.10/site-packages/airflow/example_dags/tutorial_taskflow_api.py for tasks to queue
[2023-11-17T20:17:37.114+0000] {logging_mixin.py:137} INFO - [2023-11-17T20:17:37.114+0000] {dagbag.py:538} INFO - Filling up the DagBag from /usr/local/python/3.10.8/lib/python3.10/site-packages/airflow/example_dags/tutorial_taskflow_api.py
[2023-11-17T20:17:37.132+0000] {processor.py:753} INFO - DAG(s) dict_keys(['tutorial_taskflow_api']) retrieved from /usr/local/python/3.10.8/lib/python3.10/site-packages/airflow/example_dags/tutorial_taskflow_api.py
[2023-11-17T20:17:37.146+0000] {logging_mixin.py:137} INFO - [2023-11-17T20:17:37.146+0000] {dag.py:2690} INFO - Sync 1 DAGs
[2023-11-17T20:17:37.161+0000] {logging_mixin.py:137} INFO - [2023-11-17T20:17:37.161+0000] {dag.py:3437} INFO - Setting next_dagrun for tutorial_taskflow_api to None, run_after=None
[2023-11-17T20:17:37.212+0000] {processor.py:175} INFO - Processing /usr/local/python/3.10.8/lib/python3.10/site-packages/airflow/example_dags/tutorial_taskflow_api.py took 0.101 seconds
