[2023-11-17T20:11:26.070+0000] {processor.py:153} INFO - Started process (PID=12886) to work on /usr/local/python/3.10.8/lib/python3.10/site-packages/airflow/example_dags/subdags/subdag.py
[2023-11-17T20:11:26.071+0000] {processor.py:743} INFO - Processing file /usr/local/python/3.10.8/lib/python3.10/site-packages/airflow/example_dags/subdags/subdag.py for tasks to queue
[2023-11-17T20:11:26.071+0000] {logging_mixin.py:137} INFO - [2023-11-17T20:11:26.071+0000] {dagbag.py:538} INFO - Filling up the DagBag from /usr/local/python/3.10.8/lib/python3.10/site-packages/airflow/example_dags/subdags/subdag.py
[2023-11-17T20:11:26.074+0000] {processor.py:755} WARNING - No viable dags retrieved from /usr/local/python/3.10.8/lib/python3.10/site-packages/airflow/example_dags/subdags/subdag.py
[2023-11-17T20:11:26.080+0000] {processor.py:175} INFO - Processing /usr/local/python/3.10.8/lib/python3.10/site-packages/airflow/example_dags/subdags/subdag.py took 0.013 seconds
[2023-11-17T20:12:15.799+0000] {processor.py:153} INFO - Started process (PID=13233) to work on /usr/local/python/3.10.8/lib/python3.10/site-packages/airflow/example_dags/subdags/subdag.py
[2023-11-17T20:12:15.800+0000] {processor.py:743} INFO - Processing file /usr/local/python/3.10.8/lib/python3.10/site-packages/airflow/example_dags/subdags/subdag.py for tasks to queue
[2023-11-17T20:12:15.801+0000] {logging_mixin.py:137} INFO - [2023-11-17T20:12:15.801+0000] {dagbag.py:538} INFO - Filling up the DagBag from /usr/local/python/3.10.8/lib/python3.10/site-packages/airflow/example_dags/subdags/subdag.py
[2023-11-17T20:12:15.804+0000] {processor.py:755} WARNING - No viable dags retrieved from /usr/local/python/3.10.8/lib/python3.10/site-packages/airflow/example_dags/subdags/subdag.py
[2023-11-17T20:12:15.810+0000] {processor.py:175} INFO - Processing /usr/local/python/3.10.8/lib/python3.10/site-packages/airflow/example_dags/subdags/subdag.py took 0.014 seconds
[2023-11-17T20:12:54.736+0000] {processor.py:153} INFO - Started process (PID=13502) to work on /usr/local/python/3.10.8/lib/python3.10/site-packages/airflow/example_dags/subdags/subdag.py
[2023-11-17T20:12:54.737+0000] {processor.py:743} INFO - Processing file /usr/local/python/3.10.8/lib/python3.10/site-packages/airflow/example_dags/subdags/subdag.py for tasks to queue
[2023-11-17T20:12:54.737+0000] {logging_mixin.py:137} INFO - [2023-11-17T20:12:54.737+0000] {dagbag.py:538} INFO - Filling up the DagBag from /usr/local/python/3.10.8/lib/python3.10/site-packages/airflow/example_dags/subdags/subdag.py
[2023-11-17T20:12:54.740+0000] {processor.py:755} WARNING - No viable dags retrieved from /usr/local/python/3.10.8/lib/python3.10/site-packages/airflow/example_dags/subdags/subdag.py
[2023-11-17T20:12:54.747+0000] {processor.py:175} INFO - Processing /usr/local/python/3.10.8/lib/python3.10/site-packages/airflow/example_dags/subdags/subdag.py took 0.013 seconds
[2023-11-17T20:13:32.516+0000] {processor.py:153} INFO - Started process (PID=13762) to work on /usr/local/python/3.10.8/lib/python3.10/site-packages/airflow/example_dags/subdags/subdag.py
[2023-11-17T20:13:32.517+0000] {processor.py:743} INFO - Processing file /usr/local/python/3.10.8/lib/python3.10/site-packages/airflow/example_dags/subdags/subdag.py for tasks to queue
[2023-11-17T20:13:32.518+0000] {logging_mixin.py:137} INFO - [2023-11-17T20:13:32.517+0000] {dagbag.py:538} INFO - Filling up the DagBag from /usr/local/python/3.10.8/lib/python3.10/site-packages/airflow/example_dags/subdags/subdag.py
[2023-11-17T20:13:32.521+0000] {processor.py:755} WARNING - No viable dags retrieved from /usr/local/python/3.10.8/lib/python3.10/site-packages/airflow/example_dags/subdags/subdag.py
[2023-11-17T20:13:32.533+0000] {processor.py:175} INFO - Processing /usr/local/python/3.10.8/lib/python3.10/site-packages/airflow/example_dags/subdags/subdag.py took 0.020 seconds
[2023-11-17T20:14:11.981+0000] {processor.py:153} INFO - Started process (PID=14139) to work on /usr/local/python/3.10.8/lib/python3.10/site-packages/airflow/example_dags/subdags/subdag.py
[2023-11-17T20:14:11.982+0000] {processor.py:743} INFO - Processing file /usr/local/python/3.10.8/lib/python3.10/site-packages/airflow/example_dags/subdags/subdag.py for tasks to queue
[2023-11-17T20:14:11.982+0000] {logging_mixin.py:137} INFO - [2023-11-17T20:14:11.982+0000] {dagbag.py:538} INFO - Filling up the DagBag from /usr/local/python/3.10.8/lib/python3.10/site-packages/airflow/example_dags/subdags/subdag.py
[2023-11-17T20:14:11.985+0000] {processor.py:755} WARNING - No viable dags retrieved from /usr/local/python/3.10.8/lib/python3.10/site-packages/airflow/example_dags/subdags/subdag.py
[2023-11-17T20:14:11.991+0000] {processor.py:175} INFO - Processing /usr/local/python/3.10.8/lib/python3.10/site-packages/airflow/example_dags/subdags/subdag.py took 0.013 seconds
[2023-11-17T20:14:43.647+0000] {processor.py:153} INFO - Started process (PID=14373) to work on /usr/local/python/3.10.8/lib/python3.10/site-packages/airflow/example_dags/subdags/subdag.py
[2023-11-17T20:14:43.647+0000] {processor.py:743} INFO - Processing file /usr/local/python/3.10.8/lib/python3.10/site-packages/airflow/example_dags/subdags/subdag.py for tasks to queue
[2023-11-17T20:14:43.648+0000] {logging_mixin.py:137} INFO - [2023-11-17T20:14:43.648+0000] {dagbag.py:538} INFO - Filling up the DagBag from /usr/local/python/3.10.8/lib/python3.10/site-packages/airflow/example_dags/subdags/subdag.py
[2023-11-17T20:14:43.651+0000] {processor.py:755} WARNING - No viable dags retrieved from /usr/local/python/3.10.8/lib/python3.10/site-packages/airflow/example_dags/subdags/subdag.py
[2023-11-17T20:14:43.658+0000] {processor.py:175} INFO - Processing /usr/local/python/3.10.8/lib/python3.10/site-packages/airflow/example_dags/subdags/subdag.py took 0.013 seconds
[2023-11-17T20:15:15.122+0000] {processor.py:153} INFO - Started process (PID=14704) to work on /usr/local/python/3.10.8/lib/python3.10/site-packages/airflow/example_dags/subdags/subdag.py
[2023-11-17T20:15:15.123+0000] {processor.py:743} INFO - Processing file /usr/local/python/3.10.8/lib/python3.10/site-packages/airflow/example_dags/subdags/subdag.py for tasks to queue
[2023-11-17T20:15:15.123+0000] {logging_mixin.py:137} INFO - [2023-11-17T20:15:15.123+0000] {dagbag.py:538} INFO - Filling up the DagBag from /usr/local/python/3.10.8/lib/python3.10/site-packages/airflow/example_dags/subdags/subdag.py
[2023-11-17T20:15:15.126+0000] {processor.py:755} WARNING - No viable dags retrieved from /usr/local/python/3.10.8/lib/python3.10/site-packages/airflow/example_dags/subdags/subdag.py
[2023-11-17T20:15:15.133+0000] {processor.py:175} INFO - Processing /usr/local/python/3.10.8/lib/python3.10/site-packages/airflow/example_dags/subdags/subdag.py took 0.013 seconds
[2023-11-17T20:15:46.502+0000] {processor.py:153} INFO - Started process (PID=14974) to work on /usr/local/python/3.10.8/lib/python3.10/site-packages/airflow/example_dags/subdags/subdag.py
[2023-11-17T20:15:46.502+0000] {processor.py:743} INFO - Processing file /usr/local/python/3.10.8/lib/python3.10/site-packages/airflow/example_dags/subdags/subdag.py for tasks to queue
[2023-11-17T20:15:46.503+0000] {logging_mixin.py:137} INFO - [2023-11-17T20:15:46.503+0000] {dagbag.py:538} INFO - Filling up the DagBag from /usr/local/python/3.10.8/lib/python3.10/site-packages/airflow/example_dags/subdags/subdag.py
[2023-11-17T20:15:46.506+0000] {processor.py:755} WARNING - No viable dags retrieved from /usr/local/python/3.10.8/lib/python3.10/site-packages/airflow/example_dags/subdags/subdag.py
[2023-11-17T20:15:46.513+0000] {processor.py:175} INFO - Processing /usr/local/python/3.10.8/lib/python3.10/site-packages/airflow/example_dags/subdags/subdag.py took 0.014 seconds
[2023-11-17T20:16:18.243+0000] {processor.py:153} INFO - Started process (PID=15365) to work on /usr/local/python/3.10.8/lib/python3.10/site-packages/airflow/example_dags/subdags/subdag.py
[2023-11-17T20:16:18.244+0000] {processor.py:743} INFO - Processing file /usr/local/python/3.10.8/lib/python3.10/site-packages/airflow/example_dags/subdags/subdag.py for tasks to queue
[2023-11-17T20:16:18.244+0000] {logging_mixin.py:137} INFO - [2023-11-17T20:16:18.244+0000] {dagbag.py:538} INFO - Filling up the DagBag from /usr/local/python/3.10.8/lib/python3.10/site-packages/airflow/example_dags/subdags/subdag.py
[2023-11-17T20:16:18.249+0000] {processor.py:755} WARNING - No viable dags retrieved from /usr/local/python/3.10.8/lib/python3.10/site-packages/airflow/example_dags/subdags/subdag.py
[2023-11-17T20:16:18.257+0000] {processor.py:175} INFO - Processing /usr/local/python/3.10.8/lib/python3.10/site-packages/airflow/example_dags/subdags/subdag.py took 0.017 seconds
[2023-11-17T20:16:57.762+0000] {processor.py:153} INFO - Started process (PID=15768) to work on /usr/local/python/3.10.8/lib/python3.10/site-packages/airflow/example_dags/subdags/subdag.py
[2023-11-17T20:16:57.763+0000] {processor.py:743} INFO - Processing file /usr/local/python/3.10.8/lib/python3.10/site-packages/airflow/example_dags/subdags/subdag.py for tasks to queue
[2023-11-17T20:16:57.763+0000] {logging_mixin.py:137} INFO - [2023-11-17T20:16:57.763+0000] {dagbag.py:538} INFO - Filling up the DagBag from /usr/local/python/3.10.8/lib/python3.10/site-packages/airflow/example_dags/subdags/subdag.py
[2023-11-17T20:16:57.766+0000] {processor.py:755} WARNING - No viable dags retrieved from /usr/local/python/3.10.8/lib/python3.10/site-packages/airflow/example_dags/subdags/subdag.py
[2023-11-17T20:16:57.773+0000] {processor.py:175} INFO - Processing /usr/local/python/3.10.8/lib/python3.10/site-packages/airflow/example_dags/subdags/subdag.py took 0.013 seconds
[2023-11-17T20:17:32.804+0000] {processor.py:153} INFO - Started process (PID=16130) to work on /usr/local/python/3.10.8/lib/python3.10/site-packages/airflow/example_dags/subdags/subdag.py
[2023-11-17T20:17:32.805+0000] {processor.py:743} INFO - Processing file /usr/local/python/3.10.8/lib/python3.10/site-packages/airflow/example_dags/subdags/subdag.py for tasks to queue
[2023-11-17T20:17:32.805+0000] {logging_mixin.py:137} INFO - [2023-11-17T20:17:32.805+0000] {dagbag.py:538} INFO - Filling up the DagBag from /usr/local/python/3.10.8/lib/python3.10/site-packages/airflow/example_dags/subdags/subdag.py
[2023-11-17T20:17:32.808+0000] {processor.py:755} WARNING - No viable dags retrieved from /usr/local/python/3.10.8/lib/python3.10/site-packages/airflow/example_dags/subdags/subdag.py
[2023-11-17T20:17:32.815+0000] {processor.py:175} INFO - Processing /usr/local/python/3.10.8/lib/python3.10/site-packages/airflow/example_dags/subdags/subdag.py took 0.013 seconds
